<?xml version="1.0" encoding="UTF-8"?>
<testsuite xmlns:xsi="http://www.w3.org/2001/XMLSchema-instance" xsi:noNamespaceSchemaLocation="https://maven.apache.org/surefire/maven-surefire-plugin/xsd/surefire-test-report-3.0.xsd" version="3.0" name="TestSuite" time="14,983.954" tests="213" errors="0" skipped="0" failures="48">
  <properties>
    <property name="java.specification.version" value="19"/>
    <property name="sun.jnu.encoding" value="UTF-8"/>
    <property name="org.uncommons.reportng.escape-output" value="false"/>
    <property name="java.class.path" value="/Users/admin/Desktop/Plai_Mobile_Auto/target/test-classes:/Users/admin/Desktop/Plai_Mobile_Auto/target/classes:/Users/admin/.m2/repository/org/slf4j/slf4j-api/1.7.5/slf4j-api-1.7.5.jar:/Users/admin/.m2/repository/org/slf4j/slf4j-simple/2.0.3/slf4j-simple-2.0.3.jar:/Users/admin/.m2/repository/org/testng/testng/7.4.0/testng-7.4.0.jar:/Users/admin/.m2/repository/com/beust/jcommander/1.78/jcommander-1.78.jar:/Users/admin/.m2/repository/org/webjars/jquery/3.5.1/jquery-3.5.1.jar:/Users/admin/.m2/repository/io/appium/java-client/7.4.1/java-client-7.4.1.jar:/Users/admin/.m2/repository/org/seleniumhq/selenium/selenium-java/3.141.59/selenium-java-3.141.59.jar:/Users/admin/.m2/repository/org/seleniumhq/selenium/selenium-chrome-driver/3.141.59/selenium-chrome-driver-3.141.59.jar:/Users/admin/.m2/repository/org/seleniumhq/selenium/selenium-edge-driver/3.141.59/selenium-edge-driver-3.141.59.jar:/Users/admin/.m2/repository/org/seleniumhq/selenium/selenium-firefox-driver/3.141.59/selenium-firefox-driver-3.141.59.jar:/Users/admin/.m2/repository/org/seleniumhq/selenium/selenium-ie-driver/3.141.59/selenium-ie-driver-3.141.59.jar:/Users/admin/.m2/repository/org/seleniumhq/selenium/selenium-opera-driver/3.141.59/selenium-opera-driver-3.141.59.jar:/Users/admin/.m2/repository/org/seleniumhq/selenium/selenium-remote-driver/3.141.59/selenium-remote-driver-3.141.59.jar:/Users/admin/.m2/repository/org/seleniumhq/selenium/selenium-safari-driver/3.141.59/selenium-safari-driver-3.141.59.jar:/Users/admin/.m2/repository/net/bytebuddy/byte-buddy/1.8.15/byte-buddy-1.8.15.jar:/Users/admin/.m2/repository/org/apache/commons/commons-exec/1.3/commons-exec-1.3.jar:/Users/admin/.m2/repository/com/squareup/okhttp3/okhttp/3.11.0/okhttp-3.11.0.jar:/Users/admin/.m2/repository/com/squareup/okio/okio/1.14.0/okio-1.14.0.jar:/Users/admin/.m2/repository/org/seleniumhq/selenium/selenium-support/3.141.59/selenium-support-3.141.59.jar:/Users/admin/.m2/repository/org/seleniumhq/selenium/selenium-api/3.141.59/selenium-api-3.141.59.jar:/Users/admin/.m2/repository/com/google/code/gson/gson/2.8.6/gson-2.8.6.jar:/Users/admin/.m2/repository/org/apache/httpcomponents/httpclient/4.5.13/httpclient-4.5.13.jar:/Users/admin/.m2/repository/org/apache/httpcomponents/httpcore/4.4.13/httpcore-4.4.13.jar:/Users/admin/.m2/repository/commons-logging/commons-logging/1.2/commons-logging-1.2.jar:/Users/admin/.m2/repository/cglib/cglib/3.3.0/cglib-3.3.0.jar:/Users/admin/.m2/repository/org/ow2/asm/asm/7.1/asm-7.1.jar:/Users/admin/.m2/repository/commons-validator/commons-validator/1.7/commons-validator-1.7.jar:/Users/admin/.m2/repository/commons-beanutils/commons-beanutils/1.9.4/commons-beanutils-1.9.4.jar:/Users/admin/.m2/repository/commons-digester/commons-digester/2.1/commons-digester-2.1.jar:/Users/admin/.m2/repository/commons-collections/commons-collections/3.2.2/commons-collections-3.2.2.jar:/Users/admin/.m2/repository/org/apache/commons/commons-lang3/3.11/commons-lang3-3.11.jar:/Users/admin/.m2/repository/commons-io/commons-io/2.8.0/commons-io-2.8.0.jar:/Users/admin/.m2/repository/org/springframework/spring-context/5.3.1/spring-context-5.3.1.jar:/Users/admin/.m2/repository/org/springframework/spring-aop/5.3.1/spring-aop-5.3.1.jar:/Users/admin/.m2/repository/org/springframework/spring-beans/5.3.1/spring-beans-5.3.1.jar:/Users/admin/.m2/repository/org/springframework/spring-core/5.3.1/spring-core-5.3.1.jar:/Users/admin/.m2/repository/org/springframework/spring-jcl/5.3.1/spring-jcl-5.3.1.jar:/Users/admin/.m2/repository/org/springframework/spring-expression/5.3.1/spring-expression-5.3.1.jar:/Users/admin/.m2/repository/org/aspectj/aspectjweaver/1.9.6/aspectjweaver-1.9.6.jar:/Users/admin/.m2/repository/xml-apis/xml-apis/1.4.01/xml-apis-1.4.01.jar:/Users/admin/.m2/repository/com/google/guava/guava/30.1-jre/guava-30.1-jre.jar:/Users/admin/.m2/repository/com/google/guava/failureaccess/1.0.1/failureaccess-1.0.1.jar:/Users/admin/.m2/repository/com/google/guava/listenablefuture/9999.0-empty-to-avoid-conflict-with-guava/listenablefuture-9999.0-empty-to-avoid-conflict-with-guava.jar:/Users/admin/.m2/repository/com/google/code/findbugs/jsr305/3.0.2/jsr305-3.0.2.jar:/Users/admin/.m2/repository/org/checkerframework/checker-qual/3.5.0/checker-qual-3.5.0.jar:/Users/admin/.m2/repository/com/google/errorprone/error_prone_annotations/2.3.4/error_prone_annotations-2.3.4.jar:/Users/admin/.m2/repository/com/google/j2objc/j2objc-annotations/1.3/j2objc-annotations-1.3.jar:/Users/admin/.m2/repository/org/apache/poi/poi/5.2.0/poi-5.2.0.jar:/Users/admin/.m2/repository/commons-codec/commons-codec/1.15/commons-codec-1.15.jar:/Users/admin/.m2/repository/org/apache/commons/commons-math3/3.6.1/commons-math3-3.6.1.jar:/Users/admin/.m2/repository/com/zaxxer/SparseBitSet/1.2/SparseBitSet-1.2.jar:/Users/admin/.m2/repository/org/apache/logging/log4j/log4j-api/2.17.1/log4j-api-2.17.1.jar:/Users/admin/.m2/repository/org/apache/poi/poi-ooxml/5.2.0/poi-ooxml-5.2.0.jar:/Users/admin/.m2/repository/org/apache/poi/poi-ooxml-lite/5.2.0/poi-ooxml-lite-5.2.0.jar:/Users/admin/.m2/repository/org/apache/commons/commons-compress/1.21/commons-compress-1.21.jar:/Users/admin/.m2/repository/com/github/virtuald/curvesapi/1.06/curvesapi-1.06.jar:/Users/admin/.m2/repository/org/apache/logging/log4j/log4j-core/2.17.1/log4j-core-2.17.1.jar:/Users/admin/.m2/repository/org/apache/xmlbeans/xmlbeans/5.0.3/xmlbeans-5.0.3.jar:/Users/admin/.m2/repository/org/apache/commons/commons-collections4/4.4/commons-collections4-4.4.jar:/Users/admin/.m2/repository/com/googlecode/json-simple/json-simple/1.1.1/json-simple-1.1.1.jar:/Users/admin/.m2/repository/junit/junit/4.10/junit-4.10.jar:/Users/admin/.m2/repository/org/hamcrest/hamcrest-core/1.1/hamcrest-core-1.1.jar:/Users/admin/.m2/repository/org/uncommons/reportng/1.1.4/reportng-1.1.4.jar:/Users/admin/.m2/repository/velocity/velocity/1.4/velocity-1.4.jar:/Users/admin/.m2/repository/velocity/velocity-dep/1.4/velocity-dep-1.4.jar:/Users/admin/.m2/repository/org/apache/maven/surefire/maven-surefire-common/3.0.0-M4/maven-surefire-common-3.0.0-M4.jar:/Users/admin/.m2/repository/org/apache/maven/surefire/surefire-api/3.0.0-M4/surefire-api-3.0.0-M4.jar:/Users/admin/.m2/repository/org/apache/maven/surefire/surefire-logger-api/3.0.0-M4/surefire-logger-api-3.0.0-M4.jar:/Users/admin/.m2/repository/org/apache/maven/surefire/surefire-extensions-api/3.0.0-M4/surefire-extensions-api-3.0.0-M4.jar:/Users/admin/.m2/repository/org/apache/maven/surefire/surefire-booter/3.0.0-M4/surefire-booter-3.0.0-M4.jar:/Users/admin/.m2/repository/org/apache/maven/maven-toolchain/3.0-alpha-2/maven-toolchain-3.0-alpha-2.jar:/Users/admin/.m2/repository/org/apache/maven/shared/maven-artifact-transfer/0.11.0/maven-artifact-transfer-0.11.0.jar:/Users/admin/.m2/repository/org/apache/maven/shared/maven-common-artifact-filters/3.0.1/maven-common-artifact-filters-3.0.1.jar:/Users/admin/.m2/repository/org/apache/maven/maven-model/3.0/maven-model-3.0.jar:/Users/admin/.m2/repository/org/apache/maven/maven-plugin-api/3.0/maven-plugin-api-3.0.jar:/Users/admin/.m2/repository/org/sonatype/sisu/sisu-inject-plexus/1.4.2/sisu-inject-plexus-1.4.2.jar:/Users/admin/.m2/repository/org/codehaus/plexus/plexus-classworlds/2.2.3/plexus-classworlds-2.2.3.jar:/Users/admin/.m2/repository/org/sonatype/sisu/sisu-inject-bean/1.4.2/sisu-inject-bean-1.4.2.jar:/Users/admin/.m2/repository/org/sonatype/sisu/sisu-guice/2.1.7/sisu-guice-2.1.7-noaop.jar:/Users/admin/.m2/repository/org/apache/maven/shared/maven-shared-utils/3.1.0/maven-shared-utils-3.1.0.jar:/Users/admin/.m2/repository/org/codehaus/plexus/plexus-java/1.0.3/plexus-java-1.0.3.jar:/Users/admin/.m2/repository/com/thoughtworks/qdox/qdox/2.0-M9/qdox-2.0-M9.jar:"/>
    <property name="java.vm.vendor" value="Homebrew"/>
    <property name="sun.arch.data.model" value="64"/>
    <property name="java.vendor.url" value="https://github.com/Homebrew/homebrew-core/issues"/>
    <property name="user.timezone" value="Asia/Kolkata"/>
    <property name="os.name" value="Mac OS X"/>
    <property name="java.vm.specification.version" value="19"/>
    <property name="sun.java.launcher" value="SUN_STANDARD"/>
    <property name="user.country" value="GB"/>
    <property name="sun.boot.library.path" value="/usr/local/Cellar/openjdk/19.0.1/libexec/openjdk.jdk/Contents/Home/lib"/>
    <property name="sun.java.command" value="/Users/admin/Desktop/Plai_Mobile_Auto/target/surefire/surefirebooter17260617368862816129.jar /Users/admin/Desktop/Plai_Mobile_Auto/target/surefire 2023-01-03T19-14-59_427-jvmRun1 surefire11159486325040114005tmp surefire_07338122854438381636tmp"/>
    <property name="http.nonProxyHosts" value="local|*.local|169.254/16|*.169.254/16"/>
    <property name="jdk.debug" value="release"/>
    <property name="surefire.test.class.path" value="/Users/admin/Desktop/Plai_Mobile_Auto/target/test-classes:/Users/admin/Desktop/Plai_Mobile_Auto/target/classes:/Users/admin/.m2/repository/org/slf4j/slf4j-api/1.7.5/slf4j-api-1.7.5.jar:/Users/admin/.m2/repository/org/slf4j/slf4j-simple/2.0.3/slf4j-simple-2.0.3.jar:/Users/admin/.m2/repository/org/testng/testng/7.4.0/testng-7.4.0.jar:/Users/admin/.m2/repository/com/beust/jcommander/1.78/jcommander-1.78.jar:/Users/admin/.m2/repository/org/webjars/jquery/3.5.1/jquery-3.5.1.jar:/Users/admin/.m2/repository/io/appium/java-client/7.4.1/java-client-7.4.1.jar:/Users/admin/.m2/repository/org/seleniumhq/selenium/selenium-java/3.141.59/selenium-java-3.141.59.jar:/Users/admin/.m2/repository/org/seleniumhq/selenium/selenium-chrome-driver/3.141.59/selenium-chrome-driver-3.141.59.jar:/Users/admin/.m2/repository/org/seleniumhq/selenium/selenium-edge-driver/3.141.59/selenium-edge-driver-3.141.59.jar:/Users/admin/.m2/repository/org/seleniumhq/selenium/selenium-firefox-driver/3.141.59/selenium-firefox-driver-3.141.59.jar:/Users/admin/.m2/repository/org/seleniumhq/selenium/selenium-ie-driver/3.141.59/selenium-ie-driver-3.141.59.jar:/Users/admin/.m2/repository/org/seleniumhq/selenium/selenium-opera-driver/3.141.59/selenium-opera-driver-3.141.59.jar:/Users/admin/.m2/repository/org/seleniumhq/selenium/selenium-remote-driver/3.141.59/selenium-remote-driver-3.141.59.jar:/Users/admin/.m2/repository/org/seleniumhq/selenium/selenium-safari-driver/3.141.59/selenium-safari-driver-3.141.59.jar:/Users/admin/.m2/repository/net/bytebuddy/byte-buddy/1.8.15/byte-buddy-1.8.15.jar:/Users/admin/.m2/repository/org/apache/commons/commons-exec/1.3/commons-exec-1.3.jar:/Users/admin/.m2/repository/com/squareup/okhttp3/okhttp/3.11.0/okhttp-3.11.0.jar:/Users/admin/.m2/repository/com/squareup/okio/okio/1.14.0/okio-1.14.0.jar:/Users/admin/.m2/repository/org/seleniumhq/selenium/selenium-support/3.141.59/selenium-support-3.141.59.jar:/Users/admin/.m2/repository/org/seleniumhq/selenium/selenium-api/3.141.59/selenium-api-3.141.59.jar:/Users/admin/.m2/repository/com/google/code/gson/gson/2.8.6/gson-2.8.6.jar:/Users/admin/.m2/repository/org/apache/httpcomponents/httpclient/4.5.13/httpclient-4.5.13.jar:/Users/admin/.m2/repository/org/apache/httpcomponents/httpcore/4.4.13/httpcore-4.4.13.jar:/Users/admin/.m2/repository/commons-logging/commons-logging/1.2/commons-logging-1.2.jar:/Users/admin/.m2/repository/cglib/cglib/3.3.0/cglib-3.3.0.jar:/Users/admin/.m2/repository/org/ow2/asm/asm/7.1/asm-7.1.jar:/Users/admin/.m2/repository/commons-validator/commons-validator/1.7/commons-validator-1.7.jar:/Users/admin/.m2/repository/commons-beanutils/commons-beanutils/1.9.4/commons-beanutils-1.9.4.jar:/Users/admin/.m2/repository/commons-digester/commons-digester/2.1/commons-digester-2.1.jar:/Users/admin/.m2/repository/commons-collections/commons-collections/3.2.2/commons-collections-3.2.2.jar:/Users/admin/.m2/repository/org/apache/commons/commons-lang3/3.11/commons-lang3-3.11.jar:/Users/admin/.m2/repository/commons-io/commons-io/2.8.0/commons-io-2.8.0.jar:/Users/admin/.m2/repository/org/springframework/spring-context/5.3.1/spring-context-5.3.1.jar:/Users/admin/.m2/repository/org/springframework/spring-aop/5.3.1/spring-aop-5.3.1.jar:/Users/admin/.m2/repository/org/springframework/spring-beans/5.3.1/spring-beans-5.3.1.jar:/Users/admin/.m2/repository/org/springframework/spring-core/5.3.1/spring-core-5.3.1.jar:/Users/admin/.m2/repository/org/springframework/spring-jcl/5.3.1/spring-jcl-5.3.1.jar:/Users/admin/.m2/repository/org/springframework/spring-expression/5.3.1/spring-expression-5.3.1.jar:/Users/admin/.m2/repository/org/aspectj/aspectjweaver/1.9.6/aspectjweaver-1.9.6.jar:/Users/admin/.m2/repository/xml-apis/xml-apis/1.4.01/xml-apis-1.4.01.jar:/Users/admin/.m2/repository/com/google/guava/guava/30.1-jre/guava-30.1-jre.jar:/Users/admin/.m2/repository/com/google/guava/failureaccess/1.0.1/failureaccess-1.0.1.jar:/Users/admin/.m2/repository/com/google/guava/listenablefuture/9999.0-empty-to-avoid-conflict-with-guava/listenablefuture-9999.0-empty-to-avoid-conflict-with-guava.jar:/Users/admin/.m2/repository/com/google/code/findbugs/jsr305/3.0.2/jsr305-3.0.2.jar:/Users/admin/.m2/repository/org/checkerframework/checker-qual/3.5.0/checker-qual-3.5.0.jar:/Users/admin/.m2/repository/com/google/errorprone/error_prone_annotations/2.3.4/error_prone_annotations-2.3.4.jar:/Users/admin/.m2/repository/com/google/j2objc/j2objc-annotations/1.3/j2objc-annotations-1.3.jar:/Users/admin/.m2/repository/org/apache/poi/poi/5.2.0/poi-5.2.0.jar:/Users/admin/.m2/repository/commons-codec/commons-codec/1.15/commons-codec-1.15.jar:/Users/admin/.m2/repository/org/apache/commons/commons-math3/3.6.1/commons-math3-3.6.1.jar:/Users/admin/.m2/repository/com/zaxxer/SparseBitSet/1.2/SparseBitSet-1.2.jar:/Users/admin/.m2/repository/org/apache/logging/log4j/log4j-api/2.17.1/log4j-api-2.17.1.jar:/Users/admin/.m2/repository/org/apache/poi/poi-ooxml/5.2.0/poi-ooxml-5.2.0.jar:/Users/admin/.m2/repository/org/apache/poi/poi-ooxml-lite/5.2.0/poi-ooxml-lite-5.2.0.jar:/Users/admin/.m2/repository/org/apache/commons/commons-compress/1.21/commons-compress-1.21.jar:/Users/admin/.m2/repository/com/github/virtuald/curvesapi/1.06/curvesapi-1.06.jar:/Users/admin/.m2/repository/org/apache/logging/log4j/log4j-core/2.17.1/log4j-core-2.17.1.jar:/Users/admin/.m2/repository/org/apache/xmlbeans/xmlbeans/5.0.3/xmlbeans-5.0.3.jar:/Users/admin/.m2/repository/org/apache/commons/commons-collections4/4.4/commons-collections4-4.4.jar:/Users/admin/.m2/repository/com/googlecode/json-simple/json-simple/1.1.1/json-simple-1.1.1.jar:/Users/admin/.m2/repository/junit/junit/4.10/junit-4.10.jar:/Users/admin/.m2/repository/org/hamcrest/hamcrest-core/1.1/hamcrest-core-1.1.jar:/Users/admin/.m2/repository/org/uncommons/reportng/1.1.4/reportng-1.1.4.jar:/Users/admin/.m2/repository/velocity/velocity/1.4/velocity-1.4.jar:/Users/admin/.m2/repository/velocity/velocity-dep/1.4/velocity-dep-1.4.jar:/Users/admin/.m2/repository/org/apache/maven/surefire/maven-surefire-common/3.0.0-M4/maven-surefire-common-3.0.0-M4.jar:/Users/admin/.m2/repository/org/apache/maven/surefire/surefire-api/3.0.0-M4/surefire-api-3.0.0-M4.jar:/Users/admin/.m2/repository/org/apache/maven/surefire/surefire-logger-api/3.0.0-M4/surefire-logger-api-3.0.0-M4.jar:/Users/admin/.m2/repository/org/apache/maven/surefire/surefire-extensions-api/3.0.0-M4/surefire-extensions-api-3.0.0-M4.jar:/Users/admin/.m2/repository/org/apache/maven/surefire/surefire-booter/3.0.0-M4/surefire-booter-3.0.0-M4.jar:/Users/admin/.m2/repository/org/apache/maven/maven-toolchain/3.0-alpha-2/maven-toolchain-3.0-alpha-2.jar:/Users/admin/.m2/repository/org/apache/maven/shared/maven-artifact-transfer/0.11.0/maven-artifact-transfer-0.11.0.jar:/Users/admin/.m2/repository/org/apache/maven/shared/maven-common-artifact-filters/3.0.1/maven-common-artifact-filters-3.0.1.jar:/Users/admin/.m2/repository/org/apache/maven/maven-model/3.0/maven-model-3.0.jar:/Users/admin/.m2/repository/org/apache/maven/maven-plugin-api/3.0/maven-plugin-api-3.0.jar:/Users/admin/.m2/repository/org/sonatype/sisu/sisu-inject-plexus/1.4.2/sisu-inject-plexus-1.4.2.jar:/Users/admin/.m2/repository/org/codehaus/plexus/plexus-classworlds/2.2.3/plexus-classworlds-2.2.3.jar:/Users/admin/.m2/repository/org/sonatype/sisu/sisu-inject-bean/1.4.2/sisu-inject-bean-1.4.2.jar:/Users/admin/.m2/repository/org/sonatype/sisu/sisu-guice/2.1.7/sisu-guice-2.1.7-noaop.jar:/Users/admin/.m2/repository/org/apache/maven/shared/maven-shared-utils/3.1.0/maven-shared-utils-3.1.0.jar:/Users/admin/.m2/repository/org/codehaus/plexus/plexus-java/1.0.3/plexus-java-1.0.3.jar:/Users/admin/.m2/repository/com/thoughtworks/qdox/qdox/2.0-M9/qdox-2.0-M9.jar:"/>
    <property name="sun.cpu.endian" value="little"/>
    <property name="user.home" value="/Users/admin"/>
    <property name="user.language" value="en"/>
    <property name="java.specification.vendor" value="Oracle Corporation"/>
    <property name="java.version.date" value="2022-10-18"/>
    <property name="java.home" value="/usr/local/Cellar/openjdk/19.0.1/libexec/openjdk.jdk/Contents/Home"/>
    <property name="file.separator" value="/"/>
    <property name="basedir" value="/Users/admin/Desktop/Plai_Mobile_Auto"/>
    <property name="java.vm.compressedOopsMode" value="Zero based"/>
    <property name="line.separator" value="&#10;"/>
    <property name="java.vm.specification.vendor" value="Oracle Corporation"/>
    <property name="java.specification.name" value="Java Platform API Specification"/>
    <property name="apple.awt.application.name" value="ForkedBooter"/>
    <property name="surefire.real.class.path" value="/Users/admin/Desktop/Plai_Mobile_Auto/target/surefire/surefirebooter17260617368862816129.jar"/>
    <property name="sun.management.compiler" value="HotSpot 64-Bit Tiered Compilers"/>
    <property name="ftp.nonProxyHosts" value="local|*.local|169.254/16|*.169.254/16"/>
    <property name="java.runtime.version" value="19.0.1"/>
    <property name="user.name" value="admin"/>
    <property name="stdout.encoding" value="UTF-8"/>
    <property name="path.separator" value=":"/>
    <property name="os.version" value="12.4"/>
    <property name="java.runtime.name" value="OpenJDK Runtime Environment"/>
    <property name="file.encoding" value="UTF-8"/>
    <property name="java.vm.name" value="OpenJDK 64-Bit Server VM"/>
    <property name="java.vendor.version" value="Homebrew"/>
    <property name="localRepository" value="/Users/admin/.m2/repository"/>
    <property name="java.vendor.url.bug" value="https://github.com/Homebrew/homebrew-core/issues"/>
    <property name="java.io.tmpdir" value="/var/folders/hp/vyp7btcx4s99xvv07dnn9rq00000gn/T/"/>
    <property name="java.version" value="19.0.1"/>
    <property name="user.dir" value="/Users/admin/Desktop/Plai_Mobile_Auto"/>
    <property name="os.arch" value="x86_64"/>
    <property name="java.vm.specification.name" value="Java Virtual Machine Specification"/>
    <property name="native.encoding" value="UTF-8"/>
    <property name="java.library.path" value="/Users/admin/Library/Java/Extensions:/Library/Java/Extensions:/Network/Library/Java/Extensions:/System/Library/Java/Extensions:/usr/lib/java:."/>
    <property name="java.vm.info" value="mixed mode, sharing"/>
    <property name="stderr.encoding" value="UTF-8"/>
    <property name="java.vendor" value="Homebrew"/>
    <property name="java.vm.version" value="19.0.1"/>
    <property name="sun.io.unicode.encoding" value="UnicodeBig"/>
    <property name="org.uncommons.reportng.failures-only" value="true"/>
    <property name="socksNonProxyHosts" value="local|*.local|169.254/16|*.169.254/16"/>
    <property name="java.class.version" value="63.0"/>
  </properties>
  <testcase name="Launch_Application" classname="Tests.LaunchAppTests" time="37.558">
    <failure message="An element could not be located on the page using the given search parameters.&#10;For documentation on this error, please visit: https://www.seleniumhq.org/exceptions/no_such_element.html&#10;Build info: version: &apos;3.141.59&apos;, revision: &apos;e82be7d358&apos;, time: &apos;2018-11-14T08:17:03&apos;&#10;System info: host: &apos;Admins-MacBook-Pro.local&apos;, ip: &apos;fe80:0:0:0:8f:c148:5c9e:6494%en0&apos;, os.name: &apos;Mac OS X&apos;, os.arch: &apos;x86_64&apos;, os.version: &apos;12.4&apos;, java.version: &apos;19.0.1&apos;&#10;Driver info: io.appium.java_client.android.AndroidDriver&#10;Capabilities {app: /Users/admin/Desktop/Plai_M..., appPackage: com.app.plaisports, autoAcceptAlerts: true, autoGrantPermissions: true, automationName: UiAutomator2, databaseEnabled: false, desired: {app: /Users/admin/Desktop/Plai_M..., autoAcceptAlerts: true, autoGrantPermissions: true, automationName: UiAutomator2, deviceName: 25e4e5308f0d7ece, platformName: android, platformVersion: 10, resetKeyboard: false, unicodeKeyboard: false}, deviceApiLevel: 29, deviceManufacturer: samsung, deviceModel: SM-N960F, deviceName: 25e4e5308f0d7ece, deviceScreenDensity: 420, deviceScreenSize: 1080x2220, deviceUDID: 25e4e5308f0d7ece, javascriptEnabled: true, locationContextEnabled: false, networkConnectionEnabled: true, pixelRatio: 2.625, platform: LINUX, platformName: android, platformVersion: 10, resetKeyboard: false, statBarHeight: 63, takesScreenshot: true, unicodeKeyboard: false, viewportRect: {height: 2031, left: 0, top: 63, width: 1080}, warnings: {}, webStorageEnabled: false}&#10;Session ID: ab73d8bd-6769-4498-89a4-23487416a821&#10;*** Element info: {Using=xpath, value=//android.widget.ImageView[@content-desc=&quot;Logo&quot;]}" type="org.openqa.selenium.NoSuchElementException"><![CDATA[org.openqa.selenium.NoSuchElementException: 
An element could not be located on the page using the given search parameters.
For documentation on this error, please visit: https://www.seleniumhq.org/exceptions/no_such_element.html
Build info: version: '3.141.59', revision: 'e82be7d358', time: '2018-11-14T08:17:03'
System info: host: 'Admins-MacBook-Pro.local', ip: 'fe80:0:0:0:8f:c148:5c9e:6494%en0', os.name: 'Mac OS X', os.arch: 'x86_64', os.version: '12.4', java.version: '19.0.1'
Driver info: io.appium.java_client.android.AndroidDriver
Capabilities {app: /Users/admin/Desktop/Plai_M..., appPackage: com.app.plaisports, autoAcceptAlerts: true, autoGrantPermissions: true, automationName: UiAutomator2, databaseEnabled: false, desired: {app: /Users/admin/Desktop/Plai_M..., autoAcceptAlerts: true, autoGrantPermissions: true, automationName: UiAutomator2, deviceName: 25e4e5308f0d7ece, platformName: android, platformVersion: 10, resetKeyboard: false, unicodeKeyboard: false}, deviceApiLevel: 29, deviceManufacturer: samsung, deviceModel: SM-N960F, deviceName: 25e4e5308f0d7ece, deviceScreenDensity: 420, deviceScreenSize: 1080x2220, deviceUDID: 25e4e5308f0d7ece, javascriptEnabled: true, locationContextEnabled: false, networkConnectionEnabled: true, pixelRatio: 2.625, platform: LINUX, platformName: android, platformVersion: 10, resetKeyboard: false, statBarHeight: 63, takesScreenshot: true, unicodeKeyboard: false, viewportRect: {height: 2031, left: 0, top: 63, width: 1080}, warnings: {}, webStorageEnabled: false}
Session ID: ab73d8bd-6769-4498-89a4-23487416a821
*** Element info: {Using=xpath, value=//android.widget.ImageView[@content-desc="Logo"]}
	at Tests.LaunchAppTests.Launch_Application(LaunchAppTests.java:14)
]]></failure>
    <system-out><![CDATA[Application Launched.
]]></system-out>
    <system-err><![CDATA[Jan 03, 2023 7:15:15 PM io.appium.java_client.remote.AppiumCommandExecutor$1 lambda$0
INFO: Detected dialect: W3C
]]></system-err>
  </testcase>
  <testcase name="Verify_the_UI_of_Sign_Up_screen" classname="Tests.SignUpTests" time="58.579">
    <system-out><![CDATA[FAILED: Launch_Application
org.openqa.selenium.NoSuchElementException: An element could not be located on the page using the given search parameters.
For documentation on this error, please visit: https://www.seleniumhq.org/exceptions/no_such_element.html
Build info: version: '3.141.59', revision: 'e82be7d358', time: '2018-11-14T08:17:03'
System info: host: 'Admins-MacBook-Pro.local', ip: 'fe80:0:0:0:8f:c148:5c9e:6494%en0', os.name: 'Mac OS X', os.arch: 'x86_64', os.version: '12.4', java.version: '19.0.1'
Driver info: io.appium.java_client.android.AndroidDriver
Capabilities {app: /Users/admin/Desktop/Plai_M..., appPackage: com.app.plaisports, autoAcceptAlerts: true, autoGrantPermissions: true, automationName: UiAutomator2, databaseEnabled: false, desired: {app: /Users/admin/Desktop/Plai_M..., autoAcceptAlerts: true, autoGrantPermissions: true, automationName: UiAutomator2, deviceName: 25e4e5308f0d7ece, platformName: android, platformVersion: 10, resetKeyboard: false, unicodeKeyboard: false}, deviceApiLevel: 29, deviceManufacturer: samsung, deviceModel: SM-N960F, deviceName: 25e4e5308f0d7ece, deviceScreenDensity: 420, deviceScreenSize: 1080x2220, deviceUDID: 25e4e5308f0d7ece, javascriptEnabled: true, locationContextEnabled: false, networkConnectionEnabled: true, pixelRatio: 2.625, platform: LINUX, platformName: android, platformVersion: 10, resetKeyboard: false, statBarHeight: 63, takesScreenshot: true, unicodeKeyboard: false, viewportRect: {height: 2031, left: 0, top: 63, width: 1080}, warnings: {}, webStorageEnabled: false}
Session ID: ab73d8bd-6769-4498-89a4-23487416a821
*** Element info: {Using=xpath, value=//android.widget.ImageView[@content-desc="Logo"]}
	at java.base/jdk.internal.reflect.DirectConstructorHandleAccessor.newInstance(DirectConstructorHandleAccessor.java:67)
	at java.base/java.lang.reflect.Constructor.newInstanceWithCaller(Constructor.java:500)
	at java.base/java.lang.reflect.Constructor.newInstance(Constructor.java:484)
	at org.openqa.selenium.remote.http.W3CHttpResponseCodec.createException(W3CHttpResponseCodec.java:187)
	at org.openqa.selenium.remote.http.W3CHttpResponseCodec.decode(W3CHttpResponseCodec.java:122)
	at org.openqa.selenium.remote.http.W3CHttpResponseCodec.decode(W3CHttpResponseCodec.java:49)
	at org.openqa.selenium.remote.HttpCommandExecutor.execute(HttpCommandExecutor.java:158)
	at io.appium.java_client.remote.AppiumCommandExecutor.execute(AppiumCommandExecutor.java:247)
	at org.openqa.selenium.remote.RemoteWebDriver.execute(RemoteWebDriver.java:552)
	at io.appium.java_client.DefaultGenericMobileDriver.execute(DefaultGenericMobileDriver.java:41)
	at io.appium.java_client.AppiumDriver.execute(AppiumDriver.java:1)
	at io.appium.java_client.android.AndroidDriver.execute(AndroidDriver.java:1)
	at org.openqa.selenium.remote.RemoteWebDriver.findElement(RemoteWebDriver.java:323)
	at io.appium.java_client.DefaultGenericMobileDriver.findElement(DefaultGenericMobileDriver.java:61)
	at io.appium.java_client.AppiumDriver.findElement(AppiumDriver.java:1)
	at io.appium.java_client.android.AndroidDriver.findElement(AndroidDriver.java:1)
	at org.openqa.selenium.remote.RemoteWebDriver.findElementByXPath(RemoteWebDriver.java:428)
	at io.appium.java_client.DefaultGenericMobileDriver.findElementByXPath(DefaultGenericMobileDriver.java:151)
	at io.appium.java_client.AppiumDriver.findElementByXPath(AppiumDriver.java:1)
	at io.appium.java_client.android.AndroidDriver.findElementByXPath(AndroidDriver.java:1)
	at org.openqa.selenium.By$ByXPath.findElement(By.java:353)
	at org.openqa.selenium.remote.RemoteWebDriver.findElement(RemoteWebDriver.java:315)
	at io.appium.java_client.DefaultGenericMobileDriver.findElement(DefaultGenericMobileDriver.java:57)
	at io.appium.java_client.AppiumDriver.findElement(AppiumDriver.java:1)
	at io.appium.java_client.android.AndroidDriver.findElement(AndroidDriver.java:1)
	at Pages.LaunchAppPage.logo_verification(LaunchAppPage.java:25)
	at Tests.LaunchAppTests.Launch_Application(LaunchAppTests.java:14)
	at java.base/jdk.internal.reflect.DirectMethodHandleAccessor.invoke(DirectMethodHandleAccessor.java:104)
	at java.base/java.lang.reflect.Method.invoke(Method.java:578)
	at org.testng.internal.MethodInvocationHelper.invokeMethod(MethodInvocationHelper.java:133)
	at org.testng.internal.TestInvoker.invokeMethod(TestInvoker.java:598)
	at org.testng.internal.TestInvoker.invokeTestMethod(TestInvoker.java:173)
	at org.testng.internal.MethodRunner.runInSequence(MethodRunner.java:46)
	at org.testng.internal.TestInvoker$MethodInvocationAgent.invoke(TestInvoker.java:824)
	at org.testng.internal.TestInvoker.invokeTestMethods(TestInvoker.java:146)
	at org.testng.internal.TestMethodWorker.invokeTestMethods(TestMethodWorker.java:146)
	at org.testng.internal.TestMethodWorker.run(TestMethodWorker.java:128)
	at java.base/java.util.ArrayList.forEach(ArrayList.java:1511)
	at org.testng.TestRunner.privateRun(TestRunner.java:794)
	at org.testng.TestRunner.run(TestRunner.java:596)
	at org.testng.SuiteRunner.runTest(SuiteRunner.java:377)
	at org.testng.SuiteRunner.runSequentially(SuiteRunner.java:371)
	at org.testng.SuiteRunner.privateRun(SuiteRunner.java:332)
	at org.testng.SuiteRunner.run(SuiteRunner.java:276)
	at org.testng.SuiteRunnerWorker.runSuite(SuiteRunnerWorker.java:53)
	at org.testng.SuiteRunnerWorker.run(SuiteRunnerWorker.java:96)
	at org.testng.TestNG.runSuitesSequentially(TestNG.java:1212)
	at org.testng.TestNG.runSuitesLocally(TestNG.java:1134)
	at org.testng.TestNG.runSuites(TestNG.java:1063)
	at org.testng.TestNG.run(TestNG.java:1031)
	at org.apache.maven.surefire.testng.TestNGExecutor.run(TestNGExecutor.java:284)
	at org.apache.maven.surefire.testng.TestNGXmlTestSuite.execute(TestNGXmlTestSuite.java:75)
	at org.apache.maven.surefire.testng.TestNGProvider.invoke(TestNGProvider.java:119)
	at org.apache.maven.surefire.booter.ForkedBooter.runSuitesInProcess(ForkedBooter.java:428)
	at org.apache.maven.surefire.booter.ForkedBooter.execute(ForkedBooter.java:162)
	at org.apache.maven.surefire.booter.ForkedBooter.run(ForkedBooter.java:562)
	at org.apache.maven.surefire.booter.ForkedBooter.main(ForkedBooter.java:548)


===============================================
    Launch Application : Verify Application is launched
    Tests run: 1, Failures: 1, Skips: 0
===============================================

Application Launched.
Logo is verified.
Clicked on skip button.
Clicked on next button.
Clicked on signup button.
Back icon is verified.
First name field is verified.
Last name field is verified.
Email field is verified.
Password field is verified.
Eye icon is verified.
Confirm password field is verified.
Eye icon is verified.
Terms and condition text is verified.
Next button is verified.
Login link is verified.
]]></system-out>
    <system-err><![CDATA[Jan 03, 2023 7:15:53 PM org.openqa.selenium.remote.Augmenter extractRemoteWebDriver
WARNING: Augmenter should be applied to the instances of @Augmentable classes or previously augmented instances only (instance class was: class io.appium.java_client.android.AndroidDriver)
Jan 03, 2023 7:16:03 PM io.appium.java_client.remote.AppiumCommandExecutor$1 lambda$0
INFO: Detected dialect: W3C
]]></system-err>
  </testcase>
  <testcase name="Verify_the_navigation_by_clicking_on_Back_icon" classname="Tests.SignUpTests" time="40.719">
    <system-out><![CDATA[PASS : Verify_the_UI_of_Sign_Up_screen<br><br>---------------------------------------------------------------------------<br><br>
Application Launched.
Logo is verified.
Clicked on skip button.
Clicked on next button.
Clicked on signup button.
Back icon is verified.
Back icon is clicked.
Login text is verified
]]></system-out>
    <system-err><![CDATA[Jan 03, 2023 7:17:11 PM io.appium.java_client.remote.AppiumCommandExecutor$1 lambda$0
INFO: Detected dialect: W3C
]]></system-err>
  </testcase>
  <testcase name="Verify_the_Next_button_without_entering_data_in_mandatory_fields" classname="Tests.SignUpTests" time="32.878">
    <system-out><![CDATA[PASS : Verify_the_navigation_by_clicking_on_Back_icon<br><br>---------------------------------------------------------------------------<br><br>
Application Launched.
Clicked on skip button.
Clicked on next button.
Clicked on signup button.
Next button is clicked.
validation message is verified
]]></system-out>
    <system-err><![CDATA[Jan 03, 2023 7:18:00 PM io.appium.java_client.remote.AppiumCommandExecutor$1 lambda$0
INFO: Detected dialect: W3C
]]></system-err>
  </testcase>
  <testcase name="Verify_the_Next_button_after_entering_data_in_First_Name_and_Last_Name" classname="Tests.SignUpTests" time="46.134">
    <system-out><![CDATA[PASS : Verify_the_Next_button_without_entering_data_in_mandatory_fields<br><br>---------------------------------------------------------------------------<br><br>
Application Launched.
Clicked on skip button.
Clicked on next button.
Clicked on signup button.
Clicked on first name field.
Entered first name:-giiio.
Clicked on last name field.
Entered last name:-fsskr.
Next button is clicked.
Email validation message is verified
]]></system-out>
    <system-err><![CDATA[Jan 03, 2023 7:18:41 PM io.appium.java_client.remote.AppiumCommandExecutor$1 lambda$0
INFO: Detected dialect: W3C
]]></system-err>
  </testcase>
  <testcase name="Verify_the_Enter_your_email_field_with_invalid_email_id" classname="Tests.SignUpTests" time="56.276">
    <system-out><![CDATA[PASS : Verify_the_Next_button_after_entering_data_in_First_Name_and_Last_Name<br><br>---------------------------------------------------------------------------<br><br>
Application Launched.
Clicked on skip button.
Clicked on next button.
Clicked on signup button.
Clicked on first name field.
Entered first name:-sfsvi.
Clicked on last name field.
Entered last name:-nfgnr.
Entered invalid email:-.cibxd@gmail.cibxd
Entered password:-Test@123
Entered confirm password.Test@123
Next button is clicked.
Logo is verified.
]]></system-out>
    <system-err><![CDATA[Jan 03, 2023 7:19:36 PM io.appium.java_client.remote.AppiumCommandExecutor$1 lambda$0
INFO: Detected dialect: W3C
]]></system-err>
  </testcase>
  <testcase name="Verify_the_Enter_your_email_field_with_valid_email_id" classname="Tests.SignUpTests" time="47.727">
    <system-out><![CDATA[PASS : Verify_the_Enter_your_email_field_with_invalid_email_id<br><br>---------------------------------------------------------------------------<br><br>
Application Launched.
Clicked on skip button.
Clicked on next button.
Clicked on signup button.
Clicked on first name field.
Entered first name:-jffkf.
Clicked on last name field.
Entered last name:-digqx.
Entered valid email:-.xxnx@gmail.com
Next button is clicked.
Password validation message is verified
]]></system-out>
    <system-err><![CDATA[Jan 03, 2023 7:20:41 PM io.appium.java_client.remote.AppiumCommandExecutor$1 lambda$0
INFO: Detected dialect: W3C
]]></system-err>
  </testcase>
  <testcase name="Verify_the_Password_field_by_entering_7_characters" classname="Tests.SignUpTests" time="51.64">
    <system-out><![CDATA[PASS : Verify_the_Enter_your_email_field_with_valid_email_id<br><br>---------------------------------------------------------------------------<br><br>
Application Launched.
Clicked on skip button.
Clicked on next button.
Clicked on signup button.
Clicked on first name field.
Entered first name:-rkirc.
Clicked on last name field.
Entered last name:-qrpcd.
Entered valid email:-.ymru@gmail.com
Entered 7char password:-rqgbrkf
Next button is clicked.
Password validation message is verified
]]></system-out>
    <system-err><![CDATA[Jan 03, 2023 7:21:37 PM io.appium.java_client.remote.AppiumCommandExecutor$1 lambda$0
INFO: Detected dialect: W3C
]]></system-err>
  </testcase>
  <testcase name="Verify_the_Password_field_by_entering_8_characters" classname="Tests.SignUpTests" time="37.155">
    <failure message="An element could not be located on the page using the given search parameters.&#10;For documentation on this error, please visit: https://www.seleniumhq.org/exceptions/no_such_element.html&#10;Build info: version: &apos;3.141.59&apos;, revision: &apos;e82be7d358&apos;, time: &apos;2018-11-14T08:17:03&apos;&#10;System info: host: &apos;Admins-MacBook-Pro.local&apos;, ip: &apos;fe80:0:0:0:8f:c148:5c9e:6494%en0&apos;, os.name: &apos;Mac OS X&apos;, os.arch: &apos;x86_64&apos;, os.version: &apos;12.4&apos;, java.version: &apos;19.0.1&apos;&#10;Driver info: io.appium.java_client.android.AndroidDriver&#10;Capabilities {app: /Users/admin/Desktop/Plai_M..., appPackage: com.app.plaisports, autoAcceptAlerts: true, autoGrantPermissions: true, automationName: UiAutomator2, databaseEnabled: false, desired: {app: /Users/admin/Desktop/Plai_M..., autoAcceptAlerts: true, autoGrantPermissions: true, automationName: UiAutomator2, deviceName: 25e4e5308f0d7ece, platformName: android, platformVersion: 10, resetKeyboard: false, unicodeKeyboard: false}, deviceApiLevel: 29, deviceManufacturer: samsung, deviceModel: SM-N960F, deviceName: 25e4e5308f0d7ece, deviceScreenDensity: 420, deviceScreenSize: 1080x2220, deviceUDID: 25e4e5308f0d7ece, javascriptEnabled: true, locationContextEnabled: false, networkConnectionEnabled: true, pixelRatio: 2.625, platform: LINUX, platformName: android, platformVersion: 10, resetKeyboard: false, statBarHeight: 63, takesScreenshot: true, unicodeKeyboard: false, viewportRect: {height: 2031, left: 0, top: 63, width: 1080}, warnings: {}, webStorageEnabled: false}&#10;Session ID: f7313d4a-a0b3-4bda-b2b9-e0d3a0e65b01&#10;*** Element info: {Using=xpath, value=//android.view.View/android.view.View[2]/android.widget.Button}" type="org.openqa.selenium.NoSuchElementException"><![CDATA[org.openqa.selenium.NoSuchElementException: 
An element could not be located on the page using the given search parameters.
For documentation on this error, please visit: https://www.seleniumhq.org/exceptions/no_such_element.html
Build info: version: '3.141.59', revision: 'e82be7d358', time: '2018-11-14T08:17:03'
System info: host: 'Admins-MacBook-Pro.local', ip: 'fe80:0:0:0:8f:c148:5c9e:6494%en0', os.name: 'Mac OS X', os.arch: 'x86_64', os.version: '12.4', java.version: '19.0.1'
Driver info: io.appium.java_client.android.AndroidDriver
Capabilities {app: /Users/admin/Desktop/Plai_M..., appPackage: com.app.plaisports, autoAcceptAlerts: true, autoGrantPermissions: true, automationName: UiAutomator2, databaseEnabled: false, desired: {app: /Users/admin/Desktop/Plai_M..., autoAcceptAlerts: true, autoGrantPermissions: true, automationName: UiAutomator2, deviceName: 25e4e5308f0d7ece, platformName: android, platformVersion: 10, resetKeyboard: false, unicodeKeyboard: false}, deviceApiLevel: 29, deviceManufacturer: samsung, deviceModel: SM-N960F, deviceName: 25e4e5308f0d7ece, deviceScreenDensity: 420, deviceScreenSize: 1080x2220, deviceUDID: 25e4e5308f0d7ece, javascriptEnabled: true, locationContextEnabled: false, networkConnectionEnabled: true, pixelRatio: 2.625, platform: LINUX, platformName: android, platformVersion: 10, resetKeyboard: false, statBarHeight: 63, takesScreenshot: true, unicodeKeyboard: false, viewportRect: {height: 2031, left: 0, top: 63, width: 1080}, warnings: {}, webStorageEnabled: false}
Session ID: f7313d4a-a0b3-4bda-b2b9-e0d3a0e65b01
*** Element info: {Using=xpath, value=//android.view.View/android.view.View[2]/android.widget.Button}
	at Tests.SignUpTests.Verify_the_Password_field_by_entering_8_characters(SignUpTests.java:139)
]]></failure>
    <system-out><![CDATA[PASS : Verify_the_Password_field_by_entering_7_characters<br><br>---------------------------------------------------------------------------<br><br>
Application Launched.
]]></system-out>
    <system-err><![CDATA[Jan 03, 2023 7:22:37 PM io.appium.java_client.remote.AppiumCommandExecutor$1 lambda$0
INFO: Detected dialect: W3C
]]></system-err>
  </testcase>
  <testcase name="Verify_the_Password_field_by_entering_password_which_contain_8_character_including_1_uppercase_and_1_number" classname="Tests.SignUpTests" time="51.719">
    <system-out><![CDATA[Application Launched.
Clicked on skip button.
Clicked on next button.
Clicked on signup button.
Clicked on first name field.
Entered first name:-cdirv.
Clicked on last name field.
Entered last name:-gforo.
Entered valid email:-.inrv@gmail.com
Entered 8char password with 1uppercase and 1number:-Adizvpd1
Text in red/green colour is verified
]]></system-out>
    <system-err><![CDATA[Jan 03, 2023 7:23:15 PM org.openqa.selenium.remote.Augmenter extractRemoteWebDriver
WARNING: Augmenter should be applied to the instances of @Augmentable classes or previously augmented instances only (instance class was: class io.appium.java_client.android.AndroidDriver)
Jan 03, 2023 7:23:25 PM io.appium.java_client.remote.AppiumCommandExecutor$1 lambda$0
INFO: Detected dialect: W3C
]]></system-err>
  </testcase>
  <testcase name="Verify_the_Password_field_by_entering_password_which_contain_8_character_including_1_uppercase_and_1_number_special_symbol" classname="Tests.SignUpTests" time="56.628">
    <system-out><![CDATA[PASS : Verify_the_Password_field_by_entering_password_which_contain_8_character_including_1_uppercase_and_1_number<br><br>---------------------------------------------------------------------------<br><br>
Application Launched.
Clicked on skip button.
Clicked on next button.
Clicked on signup button.
Clicked on first name field.
Entered first name:-qfvkf.
Clicked on last name field.
Entered last name:-dfcgg.
Entered valid email:-.vkfx@gmail.com
Entered 8char password with 1uppercase and 1number:-Aujjfi@1
Text in red/green colour is verified
]]></system-out>
    <system-err><![CDATA[Jan 03, 2023 7:24:25 PM io.appium.java_client.remote.AppiumCommandExecutor$1 lambda$0
INFO: Detected dialect: W3C
]]></system-err>
  </testcase>
  <testcase name="Verify_the_Password_field_by_entering_9_characters_including_uppercase_and_number" classname="Tests.SignUpTests" time="52.792">
    <system-out><![CDATA[PASS : Verify_the_Password_field_by_entering_password_which_contain_8_character_including_1_uppercase_and_1_number_special_symbol<br><br>---------------------------------------------------------------------------<br><br>
Application Launched.
Clicked on skip button.
Clicked on next button.
Clicked on signup button.
Clicked on first name field.
Entered first name:-pyjog.
Clicked on last name field.
Entered last name:-fimnc.
Entered valid email:-.rnmi@gmail.com
Entered 8char password with 1uppercase and 1number:-Afipkpum1
Next button is clicked.
Text in red/green colour is verified
]]></system-out>
    <system-err><![CDATA[Jan 03, 2023 7:25:31 PM io.appium.java_client.remote.AppiumCommandExecutor$1 lambda$0
INFO: Detected dialect: W3C
]]></system-err>
  </testcase>
  <testcase name="Verify_the_Eye_icon_functionality_for_Password_field" classname="Tests.SignUpTests" time="54.75">
    <system-out><![CDATA[PASS : Verify_the_Password_field_by_entering_9_characters_including_uppercase_and_number<br><br>---------------------------------------------------------------------------<br><br>
Application Launched.
Clicked on skip button.
Clicked on next button.
Clicked on signup button.
Clicked on first name field.
Entered first name:-dutbe.
Clicked on last name field.
Entered last name:-fjtrn.
Entered valid email:-.mibt@gmail.com
Entered password:-Test@123
Password is verified when 1st click on eye icon.
Password is verified when 2st click on eye icon.
Eye icon functionality is verified.
]]></system-out>
    <system-err><![CDATA[Jan 03, 2023 7:26:32 PM io.appium.java_client.remote.AppiumCommandExecutor$1 lambda$0
INFO: Detected dialect: W3C
]]></system-err>
  </testcase>
  <testcase name="Verify_the_Confirm_Password_field_by_entering_different_password_then_Password_field" classname="Tests.SignUpTests" time="55.809">
    <system-out><![CDATA[PASS : Verify_the_Eye_icon_functionality_for_Password_field<br><br>---------------------------------------------------------------------------<br><br>
Application Launched.
Clicked on skip button.
Clicked on next button.
Clicked on signup button.
Clicked on first name field.
Entered first name:-drffi.
Clicked on last name field.
Entered last name:-gjycg.
Entered valid email:-.mouf@gmail.com
Entered password:-Test@123
Entered confirm password.pfifbmji
Next button is clicked.
Password validation message is verified
]]></system-out>
    <system-err><![CDATA[Jan 03, 2023 7:27:36 PM io.appium.java_client.remote.AppiumCommandExecutor$1 lambda$0
INFO: Detected dialect: W3C
]]></system-err>
  </testcase>
  <testcase name="Verify_the_Confirm_Password_field_by_entering_same_password_as_Password_field" classname="Tests.SignUpTests" time="56.744">
    <system-out><![CDATA[PASS : Verify_the_Confirm_Password_field_by_entering_different_password_then_Password_field<br><br>---------------------------------------------------------------------------<br><br>
Application Launched.
Clicked on skip button.
Clicked on next button.
Clicked on signup button.
Clicked on first name field.
Entered first name:-ijyro.
Clicked on last name field.
Entered last name:-iqxnf.
Entered valid email:-.cjff@gmail.com
Entered password:-Test@123
Entered confirm password.Test@123
Next button is clicked.
Logo is verified.
]]></system-out>
    <system-err><![CDATA[Jan 03, 2023 7:28:40 PM io.appium.java_client.remote.AppiumCommandExecutor$1 lambda$0
INFO: Detected dialect: W3C
]]></system-err>
  </testcase>
  <testcase name="Verify_Terms_of_use_link" classname="Tests.SignUpTests" time="35.729">
    <system-out><![CDATA[PASS : Verify_the_Confirm_Password_field_by_entering_same_password_as_Password_field<br><br>---------------------------------------------------------------------------<br><br>
Application Launched.
Clicked on skip button.
Clicked on next button.
Clicked on signup button.
Clicked onTerms and condition link.
Terms and condition page is verified with back icon
]]></system-out>
    <system-err><![CDATA[Jan 03, 2023 7:29:46 PM io.appium.java_client.remote.AppiumCommandExecutor$1 lambda$0
INFO: Detected dialect: W3C
]]></system-err>
  </testcase>
  <testcase name="Verify_navigation_by_click_on_Back_icon_of_Terms_of_use_screen" classname="Tests.SignUpTests" time="41.169">
    <system-out><![CDATA[PASS : Verify_Terms_of_use_link<br><br>---------------------------------------------------------------------------<br><br>
Application Launched.
Clicked on skip button.
Clicked on next button.
Clicked on signup button.
Clicked onTerms and condition link.
Terms and condition page is verified with back icon
Back icon is clicked.
]]></system-out>
    <system-err><![CDATA[Jan 03, 2023 7:30:30 PM io.appium.java_client.remote.AppiumCommandExecutor$1 lambda$0
INFO: Detected dialect: W3C
]]></system-err>
  </testcase>
  <testcase name="Verify_Next_button_after_entering_valid_data_in_all_mandatory_fields" classname="Tests.SignUpTests" time="60.875">
    <system-out><![CDATA[PASS : Verify_navigation_by_click_on_Back_icon_of_Terms_of_use_screen<br><br>---------------------------------------------------------------------------<br><br>
Application Launched.
Clicked on skip button.
Clicked on next button.
Clicked on signup button.
Clicked on first name field.
Entered first name:-dxduj.
Clicked on last name field.
Entered last name:-rdvfz.
Entered valid email:-.ford@gmail.com
Entered password:-Test@123
Entered confirm password.Test@123
Next button is clicked.
Logo is verified.
Country is verified.
Mobile number field is verified.
DOB field is verified.
]]></system-out>
    <system-err><![CDATA[Jan 03, 2023 7:31:20 PM io.appium.java_client.remote.AppiumCommandExecutor$1 lambda$0
INFO: Detected dialect: W3C
]]></system-err>
  </testcase>
  <testcase name="Verify_the_Country_field" classname="Tests.SignUpTests" time="66.002">
    <system-out><![CDATA[PASS : Verify_Next_button_after_entering_valid_data_in_all_mandatory_fields<br><br>---------------------------------------------------------------------------<br><br>
Application Launched.
Clicked on skip button.
Clicked on next button.
Clicked on signup button.
Clicked on first name field.
Entered first name:-xrveo.
Clicked on last name field.
Entered last name:-fkisv.
Entered valid email:-.frei@gmail.com
Entered password:-Test@123
Entered confirm password.Test@123
Next button is clicked.
Logo is verified.
Country is verified.
Done link is verified.
Search bar is verified.
Default country is:-Andorra
Country is verified with dropdown.
]]></system-out>
    <system-err><![CDATA[Jan 03, 2023 7:32:29 PM io.appium.java_client.remote.AppiumCommandExecutor$1 lambda$0
INFO: Detected dialect: W3C
]]></system-err>
  </testcase>
  <testcase name="Verify_the_Country_field_by_tap_on_Dropdown_icon" classname="Tests.SignUpTests" time="61.195">
    <system-out><![CDATA[PASS : Verify_the_Country_field<br><br>---------------------------------------------------------------------------<br><br>
Application Launched.
Clicked on skip button.
Clicked on next button.
Clicked on signup button.
Clicked on first name field.
Entered first name:-vgfii.
Clicked on last name field.
Entered last name:-qfoqo.
Entered valid email:-.ztpo@gmail.com
Entered password:-Test@123
Entered confirm password.Test@123
Next button is clicked.
Logo is verified.
Country is verified.
List for the country doesn't open by tapping on 'Dropdown' icon
]]></system-out>
    <system-err><![CDATA[Jan 03, 2023 7:33:44 PM io.appium.java_client.remote.AppiumCommandExecutor$1 lambda$0
INFO: Detected dialect: W3C
]]></system-err>
  </testcase>
  <testcase name="Verify_Done_link_without_selecting_country" classname="Tests.SignUpTests" time="63.635">
    <system-out><![CDATA[PASS : Verify_the_Country_field_by_tap_on_Dropdown_icon<br><br>---------------------------------------------------------------------------<br><br>
Application Launched.
Clicked on skip button.
Clicked on next button.
Clicked on signup button.
Clicked on first name field.
Entered first name:-iinrs.
Clicked on last name field.
Entered last name:-sfsmd.
Entered valid email:-.odui@gmail.com
Entered password:-Test@123
Entered confirm password.Test@123
Next button is clicked.
Logo is verified.
Clicked on country field.
Unchecked selected country.
Clicked on done link.
Go to latest build.
]]></system-out>
    <system-err><![CDATA[Jan 03, 2023 7:34:54 PM io.appium.java_client.remote.AppiumCommandExecutor$1 lambda$0
INFO: Detected dialect: W3C
]]></system-err>
  </testcase>
  <testcase name="Verify_Done_link_after_selecting_country" classname="Tests.SignUpTests" time="75.076">
    <system-out><![CDATA[PASS : Verify_Done_link_without_selecting_country<br><br>---------------------------------------------------------------------------<br><br>
Application Launched.
Clicked on skip button.
Clicked on next button.
Clicked on signup button.
Clicked on first name field.
Entered first name:-zcqfd.
Clicked on last name field.
Entered last name:-kfxuk.
Entered valid email:-.dcdn@gmail.com
Entered password:-Test@123
Entered confirm password.Test@123
Next button is clicked.
Logo is verified.
Country is verified.
Clicked on country field.
checked selected country.
Clicked on done link.
Default country is:-United Arab Emirates (UAE)
Country is verified with dropdown.
]]></system-out>
    <system-err><![CDATA[Jan 03, 2023 7:36:06 PM io.appium.java_client.remote.AppiumCommandExecutor$1 lambda$0
INFO: Detected dialect: W3C
]]></system-err>
  </testcase>
  <testcase name="Verify_the_functionality_of_Search_bar" classname="Tests.SignUpTests" time="64.596">
    <failure message="androidx.test.uiautomator.StaleObjectException&#10;For documentation on this error, please visit: https://www.seleniumhq.org/exceptions/stale_element_reference.html&#10;Build info: version: &apos;3.141.59&apos;, revision: &apos;e82be7d358&apos;, time: &apos;2018-11-14T08:17:03&apos;&#10;System info: host: &apos;Admins-MacBook-Pro.local&apos;, ip: &apos;fe80:0:0:0:8f:c148:5c9e:6494%en0&apos;, os.name: &apos;Mac OS X&apos;, os.arch: &apos;x86_64&apos;, os.version: &apos;12.4&apos;, java.version: &apos;19.0.1&apos;&#10;Driver info: io.appium.java_client.android.AndroidDriver&#10;Capabilities {app: /Users/admin/Desktop/Plai_M..., appPackage: com.app.plaisports, autoAcceptAlerts: true, autoGrantPermissions: true, automationName: UiAutomator2, databaseEnabled: false, desired: {app: /Users/admin/Desktop/Plai_M..., autoAcceptAlerts: true, autoGrantPermissions: true, automationName: UiAutomator2, deviceName: 25e4e5308f0d7ece, platformName: android, platformVersion: 10, resetKeyboard: false, unicodeKeyboard: false}, deviceApiLevel: 29, deviceManufacturer: samsung, deviceModel: SM-N960F, deviceName: 25e4e5308f0d7ece, deviceScreenDensity: 420, deviceScreenSize: 1080x2220, deviceUDID: 25e4e5308f0d7ece, javascriptEnabled: true, locationContextEnabled: false, networkConnectionEnabled: true, pixelRatio: 2.625, platform: LINUX, platformName: android, platformVersion: 10, resetKeyboard: false, statBarHeight: 63, takesScreenshot: true, unicodeKeyboard: false, viewportRect: {height: 2031, left: 0, top: 63, width: 1080}, warnings: {}, webStorageEnabled: false}&#10;Session ID: 55d6a09d-304d-4429-9c5b-2e129fe93b21" type="org.openqa.selenium.StaleElementReferenceException"><![CDATA[org.openqa.selenium.StaleElementReferenceException: 
androidx.test.uiautomator.StaleObjectException
For documentation on this error, please visit: https://www.seleniumhq.org/exceptions/stale_element_reference.html
Build info: version: '3.141.59', revision: 'e82be7d358', time: '2018-11-14T08:17:03'
System info: host: 'Admins-MacBook-Pro.local', ip: 'fe80:0:0:0:8f:c148:5c9e:6494%en0', os.name: 'Mac OS X', os.arch: 'x86_64', os.version: '12.4', java.version: '19.0.1'
Driver info: io.appium.java_client.android.AndroidDriver
Capabilities {app: /Users/admin/Desktop/Plai_M..., appPackage: com.app.plaisports, autoAcceptAlerts: true, autoGrantPermissions: true, automationName: UiAutomator2, databaseEnabled: false, desired: {app: /Users/admin/Desktop/Plai_M..., autoAcceptAlerts: true, autoGrantPermissions: true, automationName: UiAutomator2, deviceName: 25e4e5308f0d7ece, platformName: android, platformVersion: 10, resetKeyboard: false, unicodeKeyboard: false}, deviceApiLevel: 29, deviceManufacturer: samsung, deviceModel: SM-N960F, deviceName: 25e4e5308f0d7ece, deviceScreenDensity: 420, deviceScreenSize: 1080x2220, deviceUDID: 25e4e5308f0d7ece, javascriptEnabled: true, locationContextEnabled: false, networkConnectionEnabled: true, pixelRatio: 2.625, platform: LINUX, platformName: android, platformVersion: 10, resetKeyboard: false, statBarHeight: 63, takesScreenshot: true, unicodeKeyboard: false, viewportRect: {height: 2031, left: 0, top: 63, width: 1080}, warnings: {}, webStorageEnabled: false}
Session ID: 55d6a09d-304d-4429-9c5b-2e129fe93b21
	at Tests.SignUpTests.Verify_the_functionality_of_Search_bar(SignUpTests.java:391)
]]></failure>
    <system-out><![CDATA[PASS : Verify_Done_link_after_selecting_country<br><br>---------------------------------------------------------------------------<br><br>
Application Launched.
Clicked on skip button.
Clicked on next button.
Clicked on signup button.
Clicked on first name field.
Entered first name:-ffijd.
Clicked on last name field.
Entered last name:-fvcpq.
Entered valid email:-.cfri@gmail.com
Entered password:-Test@123
Entered confirm password.Test@123
Next button is clicked.
Clicked on country field.
]]></system-out>
    <system-err><![CDATA[Jan 03, 2023 7:37:30 PM io.appium.java_client.remote.AppiumCommandExecutor$1 lambda$0
INFO: Detected dialect: W3C
]]></system-err>
  </testcase>
  <testcase name="Verify_the_Country_Code_dropdown_list_of_Mobile_Number_field" classname="Tests.SignUpTests" time="62.412">
    <system-out><![CDATA[Application Launched.
Clicked on skip button.
Clicked on next button.
Clicked on signup button.
Clicked on first name field.
Entered first name:-sjvji.
Clicked on last name field.
Entered last name:-jiirz.
Entered valid email:-.ysve@gmail.com
Entered password:-Test@123
Entered confirm password.Test@123
Next button is clicked.
Clicked on company code drop down.
Back icon is verified.
Search icon is verified.
Country_name_with_flag is verified.
]]></system-out>
    <system-err><![CDATA[Jan 03, 2023 7:38:35 PM org.openqa.selenium.remote.Augmenter extractRemoteWebDriver
WARNING: Augmenter should be applied to the instances of @Augmentable classes or previously augmented instances only (instance class was: class io.appium.java_client.android.AndroidDriver)
Jan 03, 2023 7:38:44 PM io.appium.java_client.remote.AppiumCommandExecutor$1 lambda$0
INFO: Detected dialect: W3C
]]></system-err>
  </testcase>
  <testcase name="Verify_the_navigation_by_clicking_on_Back_icon_of_Search_Country_screen" classname="Tests.SignUpTests" time="65.81">
    <system-out><![CDATA[PASS : Verify_the_Country_Code_dropdown_list_of_Mobile_Number_field<br><br>---------------------------------------------------------------------------<br><br>
Application Launched.
Clicked on skip button.
Clicked on next button.
Clicked on signup button.
Clicked on first name field.
Entered first name:-nqkex.
Clicked on last name field.
Entered last name:-rzffm.
Entered valid email:-.fsfv@gmail.com
Entered password:-Test@123
Entered confirm password.Test@123
Next button is clicked.
Clicked on company code drop down.
Back icon is clicked.
Logo is verified.
]]></system-out>
    <system-err><![CDATA[Jan 03, 2023 7:39:55 PM io.appium.java_client.remote.AppiumCommandExecutor$1 lambda$0
INFO: Detected dialect: W3C
]]></system-err>
  </testcase>
  <testcase name="Verify_the_Search_icon_of_Select_Country" classname="Tests.SignUpTests" time="63.871">
    <system-out><![CDATA[PASS : Verify_the_navigation_by_clicking_on_Back_icon_of_Search_Country_screen<br><br>---------------------------------------------------------------------------<br><br>
Application Launched.
Clicked on skip button.
Clicked on next button.
Clicked on signup button.
Clicked on first name field.
Entered first name:-zforf.
Clicked on last name field.
Entered last name:-crydi.
Entered valid email:-.ivov@gmail.com
Entered password:-Test@123
Entered confirm password.Test@123
Next button is clicked.
Clicked on company code drop down.
Clicked on Search icon.
Verified search bar.
]]></system-out>
    <system-err><![CDATA[Jan 03, 2023 7:41:09 PM io.appium.java_client.remote.AppiumCommandExecutor$1 lambda$0
INFO: Detected dialect: W3C
]]></system-err>
  </testcase>
  <testcase name="Verify_the_functionality_of_Search_bar_country_code" classname="Tests.SignUpTests" time="62.887">
    <system-out><![CDATA[PASS : Verify_the_Search_icon_of_Select_Country<br><br>---------------------------------------------------------------------------<br><br>
Application Launched.
Clicked on skip button.
Clicked on next button.
Clicked on signup button.
Clicked on first name field.
Entered first name:-dicjc.
Clicked on last name field.
Entered last name:-vvopj.
Entered valid email:-.xfsj@gmail.com
Entered password:-Test@123
Entered confirm password.Test@123
Next button is clicked.
Clicked on company code drop down.
Clicked on Search icon.
Clicked on search bar.
Country name is displayed.
]]></system-out>
    <system-err><![CDATA[Jan 03, 2023 7:42:22 PM io.appium.java_client.remote.AppiumCommandExecutor$1 lambda$0
INFO: Detected dialect: W3C
]]></system-err>
  </testcase>
  <testcase name="Verify_the_list_of_country_by_selecting_any_country" classname="Tests.SignUpTests" time="68.003">
    <system-out><![CDATA[PASS : Verify_the_functionality_of_Search_bar_country_code<br><br>---------------------------------------------------------------------------<br><br>
Application Launched.
Clicked on skip button.
Clicked on next button.
Clicked on signup button.
Clicked on first name field.
Entered first name:-egibm.
Clicked on last name field.
Entered last name:-cfivm.
Entered valid email:-.cfvb@gmail.com
Entered password:-Test@123
Entered confirm password.Test@123
Next button is clicked.
Clicked on company code drop down.
Clicked on Search icon.
Clicked on search bar.
Country name is displayed.
Country code is verified
]]></system-out>
    <system-err><![CDATA[Jan 03, 2023 7:43:33 PM io.appium.java_client.remote.AppiumCommandExecutor$1 lambda$0
INFO: Detected dialect: W3C
]]></system-err>
  </testcase>
  <testcase name="Verify_the_Mobile_Number_field" classname="Tests.SignUpTests" time="61.135">
    <system-out><![CDATA[PASS : Verify_the_list_of_country_by_selecting_any_country<br><br>---------------------------------------------------------------------------<br><br>
Application Launched.
Clicked on skip button.
Clicked on next button.
Clicked on signup button.
Clicked on first name field.
Entered first name:-rvdxd.
Clicked on last name field.
Entered last name:-fqirj.
Entered valid email:-.cinc@gmail.com
Entered password:-Test@123
Entered confirm password.Test@123
Next button is clicked.
Logo is verified.
Clicked on Mobile number field.
Keyboard is verified.
]]></system-out>
    <system-err><![CDATA[Jan 03, 2023 7:44:50 PM io.appium.java_client.remote.AppiumCommandExecutor$1 lambda$0
INFO: Detected dialect: W3C
]]></system-err>
  </testcase>
  <testcase name="Verify_the_Mobile_Number_field_by_entering_more_than_10_digit_number" classname="Tests.SignUpTests" time="70.223">
    <system-out><![CDATA[PASS : Verify_the_Mobile_Number_field<br><br>---------------------------------------------------------------------------<br><br>
Application Launched.
Clicked on skip button.
Clicked on next button.
Clicked on signup button.
Clicked on first name field.
Entered first name:-xefcf.
Clicked on last name field.
Entered last name:-ffnzg.
Entered valid email:-.itsk@gmail.com
Entered password:-Test@123
Entered confirm password.Test@123
Next button is clicked.
Clicked on Mobile number field.
Entered mobile number is:--660878284
]]></system-out>
    <system-err><![CDATA[Jan 03, 2023 7:46:00 PM io.appium.java_client.remote.AppiumCommandExecutor$1 lambda$0
INFO: Detected dialect: W3C
]]></system-err>
  </testcase>
  <testcase name="Verify_the_Mobile_Number_field_by_entering_10_digit_number" classname="Tests.SignUpTests" time="75.189">
    <system-out><![CDATA[PASS : Verify_the_Mobile_Number_field_by_entering_more_than_10_digit_number<br><br>---------------------------------------------------------------------------<br><br>
Application Launched.
Clicked on skip button.
Clicked on next button.
Clicked on signup button.
Clicked on first name field.
Entered first name:-ntsqf.
Clicked on last name field.
Entered last name:-vsnfq.
Entered valid email:-.igfx@gmail.com
Entered password:-Test@123
Entered confirm password.Test@123
Next button is clicked.
Clicked on Mobile number field.
Entered mobile number is:-9432673481
Next button is clicked.
validation message is verified
]]></system-out>
    <system-err><![CDATA[Jan 03, 2023 7:47:18 PM io.appium.java_client.remote.AppiumCommandExecutor$1 lambda$0
INFO: Detected dialect: W3C
]]></system-err>
  </testcase>
  <testcase name="Verify_the_Date_of_Birth_field" classname="Tests.SignUpTests" time="60.964">
    <system-out><![CDATA[PASS : Verify_the_Mobile_Number_field_by_entering_10_digit_number<br><br>---------------------------------------------------------------------------<br><br>
Application Launched.
Clicked on skip button.
Clicked on next button.
Clicked on signup button.
Clicked on first name field.
Entered first name:-fcycj.
Clicked on last name field.
Entered last name:-vixpf.
Entered valid email:-.nbfz@gmail.com
Entered password:-Test@123
Entered confirm password.Test@123
Next button is clicked.
Clicked on DOB field.
By default year is verified.
By default day and month is verified.
]]></system-out>
    <system-err><![CDATA[Jan 03, 2023 7:48:42 PM io.appium.java_client.remote.AppiumCommandExecutor$1 lambda$0
INFO: Detected dialect: W3C
]]></system-err>
  </testcase>
  <testcase name="Verify_the_Year_by_click_on_it" classname="Tests.SignUpTests" time="64.377">
    <system-out><![CDATA[PASS : Verify_the_Date_of_Birth_field<br><br>---------------------------------------------------------------------------<br><br>
Application Launched.
Clicked on skip button.
Clicked on next button.
Clicked on signup button.
Clicked on first name field.
Entered first name:-rjcrb.
Clicked on last name field.
Entered last name:-ksxvj.
Entered valid email:-.fdfu@gmail.com
Entered password:-Test@123
Entered confirm password.Test@123
Next button is clicked.
Clicked on DOB field.
Clicked on by default year.
_______________________years are displayed in year page_______________________________
1999
2000
2001
2002
2003
2004
2005
]]></system-out>
    <system-err><![CDATA[Jan 03, 2023 7:49:52 PM io.appium.java_client.remote.AppiumCommandExecutor$1 lambda$0
INFO: Detected dialect: W3C
]]></system-err>
  </testcase>
  <testcase name="Verify_the_cancel_button_of_Calendar" classname="Tests.SignUpTests" time="63.02">
    <system-out><![CDATA[PASS : Verify_the_Year_by_click_on_it<br><br>---------------------------------------------------------------------------<br><br>
Application Launched.
Clicked on skip button.
Clicked on next button.
Clicked on signup button.
Clicked on first name field.
Entered first name:-rirrd.
Clicked on last name field.
Entered last name:-cfvdk.
Entered valid email:-.effv@gmail.com
Entered password:-Test@123
Entered confirm password.Test@123
Next button is clicked.
Clicked on DOB field.
Clicked on cancel button.
Calender is closed.
]]></system-out>
    <system-err><![CDATA[Jan 03, 2023 7:51:05 PM io.appium.java_client.remote.AppiumCommandExecutor$1 lambda$0
INFO: Detected dialect: W3C
]]></system-err>
  </testcase>
  <testcase name="Verify_the_ok_button_of_Calendar" classname="Tests.SignUpTests" time="62.96">
    <system-out><![CDATA[PASS : Verify_the_cancel_button_of_Calendar<br><br>---------------------------------------------------------------------------<br><br>
Application Launched.
Clicked on skip button.
Clicked on next button.
Clicked on signup button.
Clicked on first name field.
Entered first name:-mjrrz.
Clicked on last name field.
Entered last name:-vdogf.
Entered valid email:-.oitr@gmail.com
Entered password:-Test@123
Entered confirm password.Test@123
Next button is clicked.
Clicked on DOB field.
Clicked on cancel button.
Calender is closed.
Dob is:-03 Jan 2005
]]></system-out>
    <system-err><![CDATA[Jan 03, 2023 7:52:17 PM io.appium.java_client.remote.AppiumCommandExecutor$1 lambda$0
INFO: Detected dialect: W3C
]]></system-err>
  </testcase>
  <testcase name="Verify_the_Next_button_before_entering_data_in_fields" classname="Tests.SignUpTests" time="63.405">
    <system-out><![CDATA[PASS : Verify_the_ok_button_of_Calendar<br><br>---------------------------------------------------------------------------<br><br>
Application Launched.
Clicked on skip button.
Clicked on next button.
Clicked on signup button.
Clicked on first name field.
Entered first name:-oddtx.
Clicked on last name field.
Entered last name:-xncgn.
Entered valid email:-.dffc@gmail.com
Entered password:-Test@123
Entered confirm password.Test@123
Next button is clicked.
Next button is clicked.
validation message is verified
]]></system-out>
    <system-err><![CDATA[Jan 03, 2023 7:53:28 PM io.appium.java_client.remote.AppiumCommandExecutor$1 lambda$0
INFO: Detected dialect: W3C
]]></system-err>
  </testcase>
  <testcase name="Verify_the_Next_button_after_entering_data_in_all_mandatory_fields" classname="Tests.SignUpTests" time="88.912">
    <system-out><![CDATA[PASS : Verify_the_Next_button_before_entering_data_in_fields<br><br>---------------------------------------------------------------------------<br><br>
Application Launched.
Clicked on skip button.
Clicked on next button.
Clicked on signup button.
Clicked on first name field.
Entered first name:-ijonu.
Clicked on last name field.
Entered last name:-xfffu.
Entered valid email:-.pktj@gmail.com
Entered password:-Test@123
Entered confirm password.Test@123
Next button is clicked.
Done link is verified.
Search bar is verified.
Default country is:-Andorra
Country is verified with dropdown.
Clicked on Mobile number field.
Entered mobile number is:-9432673481
Clicked on DOB field.
Clicked on cancel button.
Calender is closed.
Next button is clicked.
Sport that you play text is verified.
]]></system-out>
    <system-err><![CDATA[Jan 03, 2023 7:54:40 PM io.appium.java_client.remote.AppiumCommandExecutor$1 lambda$0
INFO: Detected dialect: W3C
]]></system-err>
  </testcase>
  <testcase name="Verify_the_fields_display_on_SPORT_THAT_YOU_PLAY_screen" classname="Tests.SignUpTests" time="114.68">
    <system-out><![CDATA[PASS : Verify_the_Next_button_after_entering_data_in_all_mandatory_fields<br><br>---------------------------------------------------------------------------<br><br>
Application Launched.
Clicked on skip button.
Clicked on next button.
Clicked on signup button.
Clicked on first name field.
Entered first name:-fifcb.
Clicked on last name field.
Entered last name:-ufvdf.
Entered valid email:-.fddx@gmail.com
Entered password:-Test@123
Entered confirm password.Test@123
Next button is clicked.
Done link is verified.
Search bar is verified.
Default country is:-Andorra
Country is verified with dropdown.
Clicked on Mobile number field.
Entered mobile number is:-9432673481
Clicked on DOB field.
Clicked on cancel button.
Calender is closed.
Next button is clicked.
Sport that you play text is verified.
Back icon is verified.
Verified search bar.
 Cricket is verified
 Airsoft is verified
]]></system-out>
    <system-err><![CDATA[Jan 03, 2023 7:56:18 PM io.appium.java_client.remote.AppiumCommandExecutor$1 lambda$0
INFO: Detected dialect: W3C
]]></system-err>
  </testcase>
  <testcase name="Verify_navigation_by_click_on_Back_icon" classname="Tests.SignUpTests" time="99.268">
    <system-out><![CDATA[PASS : Verify_the_fields_display_on_SPORT_THAT_YOU_PLAY_screen<br><br>---------------------------------------------------------------------------<br><br>
Application Launched.
Clicked on skip button.
Clicked on next button.
Clicked on signup button.
Clicked on first name field.
Entered first name:-ojbff.
Clicked on last name field.
Entered last name:-cjvie.
Entered valid email:-.ijmc@gmail.com
Entered password:-Test@123
Entered confirm password.Test@123
Next button is clicked.
Done link is verified.
Search bar is verified.
Default country is:-Andorra
Country is verified with dropdown.
Clicked on Mobile number field.
Entered mobile number is:-9432673481
Clicked on DOB field.
Clicked on cancel button.
Calender is closed.
Next button is clicked.
Sport that you play text is verified.
Back icon is verified.
Back icon is clicked.
Logo is verified.
]]></system-out>
    <system-err><![CDATA[Jan 03, 2023 7:58:22 PM io.appium.java_client.remote.AppiumCommandExecutor$1 lambda$0
INFO: Detected dialect: W3C
]]></system-err>
  </testcase>
  <testcase name="Verify_the_list_of_sports_by_selecting_one_or_more_sports" classname="Tests.SignUpTests" time="98.818">
    <system-out><![CDATA[PASS : Verify_navigation_by_click_on_Back_icon<br><br>---------------------------------------------------------------------------<br><br>
Application Launched.
Clicked on skip button.
Clicked on next button.
Clicked on signup button.
Clicked on first name field.
Entered first name:-sufms.
Clicked on last name field.
Entered last name:-drvtc.
Entered valid email:-.ridn@gmail.com
Entered password:-Test@123
Entered confirm password.Test@123
Next button is clicked.
Done link is verified.
Search bar is verified.
Default country is:-Andorra
Country is verified with dropdown.
Clicked on Mobile number field.
Entered mobile number is:-9432673481
Clicked on DOB field.
Clicked on cancel button.
Calender is closed.
Next button is clicked.
 Baseball is verified
Verify one sport from dropdown.
]]></system-out>
    <system-err><![CDATA[Jan 03, 2023 8:00:10 PM io.appium.java_client.remote.AppiumCommandExecutor$1 lambda$0
INFO: Detected dialect: W3C
]]></system-err>
  </testcase>
  <testcase name="Verify_the_functionality_of_Next_button_of_sport_page" classname="Tests.SignUpTests" time="95.085">
    <system-out><![CDATA[PASS : Verify_the_list_of_sports_by_selecting_one_or_more_sports<br><br>---------------------------------------------------------------------------<br><br>
Application Launched.
Clicked on skip button.
Clicked on next button.
Clicked on signup button.
Clicked on first name field.
Entered first name:-rgpoo.
Clicked on last name field.
Entered last name:-dqfir.
Entered valid email:-.fotp@gmail.com
Entered password:-Test@123
Entered confirm password.Test@123
Next button is clicked.
Done link is verified.
Search bar is verified.
Default country is:-Andorra
Country is verified with dropdown.
Clicked on Mobile number field.
Entered mobile number is:-9432673481
Clicked on DOB field.
Clicked on cancel button.
Calender is closed.
Next button is clicked.
Verify one sport from dropdown.
Next button is clicked.
UPLOAD PHOTO button is verified.
Male button is verified.
Female button is verified.
Prefer not to say button is verified.
SIGN UP button is verified.
]]></system-out>
    <system-err><![CDATA[Jan 03, 2023 8:01:57 PM io.appium.java_client.remote.AppiumCommandExecutor$1 lambda$0
INFO: Detected dialect: W3C
]]></system-err>
  </testcase>
  <testcase name="Verify_the_Upload_Photo_button" classname="Tests.SignUpTests" time="92.15">
    <system-out><![CDATA[PASS : Verify_the_functionality_of_Next_button_of_sport_page<br><br>---------------------------------------------------------------------------<br><br>
Application Launched.
Clicked on skip button.
Clicked on next button.
Clicked on signup button.
Clicked on first name field.
Entered first name:-pdofc.
Clicked on last name field.
Entered last name:-gorbz.
Entered valid email:-.mffi@gmail.com
Entered password:-Test@123
Entered confirm password.Test@123
Next button is clicked.
Done link is verified.
Search bar is verified.
Default country is:-Andorra
Country is verified with dropdown.
Clicked on Mobile number field.
Entered mobile number is:-9432673481
Clicked on DOB field.
Clicked on cancel button.
Calender is closed.
Next button is clicked.
Verify one sport from dropdown.
Next button is clicked.
UPLOAD PHOTO button is verified.
Clicked on upload photo button.
]]></system-out>
    <system-err><![CDATA[Jan 03, 2023 8:03:41 PM io.appium.java_client.remote.AppiumCommandExecutor$1 lambda$0
INFO: Detected dialect: W3C
]]></system-err>
  </testcase>
  <testcase name="Verify_the_Camera_Option" classname="Tests.SignUpTests" time="94.313">
    <system-out><![CDATA[PASS : Verify_the_Upload_Photo_button<br><br>---------------------------------------------------------------------------<br><br>
Application Launched.
Clicked on skip button.
Clicked on next button.
Clicked on signup button.
Clicked on first name field.
Entered first name:-rnvgx.
Clicked on last name field.
Entered last name:-fpkvj.
Entered valid email:-.dfmm@gmail.com
Entered password:-Test@123
Entered confirm password.Test@123
Next button is clicked.
Done link is verified.
Search bar is verified.
Default country is:-Andorra
Country is verified with dropdown.
Clicked on Mobile number field.
Entered mobile number is:-9432673481
Clicked on DOB field.
Clicked on cancel button.
Calender is closed.
Next button is clicked.
Verify one sport from dropdown.
Next button is clicked.
UPLOAD PHOTO button is verified.
Clicked on upload photo button.
Clicked on camera button.
Camera Application Opened
]]></system-out>
    <system-err><![CDATA[Jan 03, 2023 8:05:22 PM io.appium.java_client.remote.AppiumCommandExecutor$1 lambda$0
INFO: Detected dialect: W3C
]]></system-err>
  </testcase>
  <testcase name="Verify_the_Gallery_option" classname="Tests.SignUpTests" time="109.627">
    <failure message="An element could not be located on the page using the given search parameters.&#10;For documentation on this error, please visit: https://www.seleniumhq.org/exceptions/no_such_element.html&#10;Build info: version: &apos;3.141.59&apos;, revision: &apos;e82be7d358&apos;, time: &apos;2018-11-14T08:17:03&apos;&#10;System info: host: &apos;Admins-MacBook-Pro.local&apos;, ip: &apos;fe80:0:0:0:8f:c148:5c9e:6494%en0&apos;, os.name: &apos;Mac OS X&apos;, os.arch: &apos;x86_64&apos;, os.version: &apos;12.4&apos;, java.version: &apos;19.0.1&apos;&#10;Driver info: io.appium.java_client.android.AndroidDriver&#10;Capabilities {app: /Users/admin/Desktop/Plai_M..., appPackage: com.app.plaisports, autoAcceptAlerts: true, autoGrantPermissions: true, automationName: UiAutomator2, databaseEnabled: false, desired: {app: /Users/admin/Desktop/Plai_M..., autoAcceptAlerts: true, autoGrantPermissions: true, automationName: UiAutomator2, deviceName: 25e4e5308f0d7ece, platformName: android, platformVersion: 10, resetKeyboard: false, unicodeKeyboard: false}, deviceApiLevel: 29, deviceManufacturer: samsung, deviceModel: SM-N960F, deviceName: 25e4e5308f0d7ece, deviceScreenDensity: 420, deviceScreenSize: 1080x2220, deviceUDID: 25e4e5308f0d7ece, javascriptEnabled: true, locationContextEnabled: false, networkConnectionEnabled: true, pixelRatio: 2.625, platform: LINUX, platformName: android, platformVersion: 10, resetKeyboard: false, statBarHeight: 63, takesScreenshot: true, unicodeKeyboard: false, viewportRect: {height: 2031, left: 0, top: 63, width: 1080}, warnings: {}, webStorageEnabled: false}&#10;Session ID: a6790a50-11df-474c-96ce-ae9d08a280da&#10;*** Element info: {Using=xpath, value=//android.widget.LinearLayout[@content-desc=&quot;Test.jpg, 3.75 MB, 21 Dec&quot;]}" type="org.openqa.selenium.NoSuchElementException"><![CDATA[org.openqa.selenium.NoSuchElementException: 
An element could not be located on the page using the given search parameters.
For documentation on this error, please visit: https://www.seleniumhq.org/exceptions/no_such_element.html
Build info: version: '3.141.59', revision: 'e82be7d358', time: '2018-11-14T08:17:03'
System info: host: 'Admins-MacBook-Pro.local', ip: 'fe80:0:0:0:8f:c148:5c9e:6494%en0', os.name: 'Mac OS X', os.arch: 'x86_64', os.version: '12.4', java.version: '19.0.1'
Driver info: io.appium.java_client.android.AndroidDriver
Capabilities {app: /Users/admin/Desktop/Plai_M..., appPackage: com.app.plaisports, autoAcceptAlerts: true, autoGrantPermissions: true, automationName: UiAutomator2, databaseEnabled: false, desired: {app: /Users/admin/Desktop/Plai_M..., autoAcceptAlerts: true, autoGrantPermissions: true, automationName: UiAutomator2, deviceName: 25e4e5308f0d7ece, platformName: android, platformVersion: 10, resetKeyboard: false, unicodeKeyboard: false}, deviceApiLevel: 29, deviceManufacturer: samsung, deviceModel: SM-N960F, deviceName: 25e4e5308f0d7ece, deviceScreenDensity: 420, deviceScreenSize: 1080x2220, deviceUDID: 25e4e5308f0d7ece, javascriptEnabled: true, locationContextEnabled: false, networkConnectionEnabled: true, pixelRatio: 2.625, platform: LINUX, platformName: android, platformVersion: 10, resetKeyboard: false, statBarHeight: 63, takesScreenshot: true, unicodeKeyboard: false, viewportRect: {height: 2031, left: 0, top: 63, width: 1080}, warnings: {}, webStorageEnabled: false}
Session ID: a6790a50-11df-474c-96ce-ae9d08a280da
*** Element info: {Using=xpath, value=//android.widget.LinearLayout[@content-desc="Test.jpg, 3.75 MB, 21 Dec"]}
	at Tests.SignUpTests.Verify_the_Gallery_option(SignUpTests.java:886)
]]></failure>
    <system-out><![CDATA[PASS : Verify_the_Camera_Option<br><br>---------------------------------------------------------------------------<br><br>
Application Launched.
Clicked on skip button.
Clicked on next button.
Clicked on signup button.
Clicked on first name field.
Entered first name:-douip.
Clicked on last name field.
Entered last name:-yybfr.
Entered valid email:-.xptj@gmail.com
Entered password:-Test@123
Entered confirm password.Test@123
Next button is clicked.
Done link is verified.
Search bar is verified.
Default country is:-Andorra
Country is verified with dropdown.
Clicked on Mobile number field.
Entered mobile number is:-9432673481
Clicked on DOB field.
Clicked on cancel button.
Calender is closed.
Next button is clicked.
Verify one sport from dropdown.
Next button is clicked.
UPLOAD PHOTO button is verified.
Clicked on upload photo button.
Clicked on gallery button.
]]></system-out>
    <system-err><![CDATA[Jan 03, 2023 8:07:05 PM io.appium.java_client.remote.AppiumCommandExecutor$1 lambda$0
INFO: Detected dialect: W3C
]]></system-err>
  </testcase>
  <testcase name="Verify_the_screen_after_photo_select_from_Gallery" classname="Tests.SignUpTests" time="107.174">
    <failure message="An element could not be located on the page using the given search parameters.&#10;For documentation on this error, please visit: https://www.seleniumhq.org/exceptions/no_such_element.html&#10;Build info: version: &apos;3.141.59&apos;, revision: &apos;e82be7d358&apos;, time: &apos;2018-11-14T08:17:03&apos;&#10;System info: host: &apos;Admins-MacBook-Pro.local&apos;, ip: &apos;fe80:0:0:0:8f:c148:5c9e:6494%en0&apos;, os.name: &apos;Mac OS X&apos;, os.arch: &apos;x86_64&apos;, os.version: &apos;12.4&apos;, java.version: &apos;19.0.1&apos;&#10;Driver info: io.appium.java_client.android.AndroidDriver&#10;Capabilities {app: /Users/admin/Desktop/Plai_M..., appPackage: com.app.plaisports, autoAcceptAlerts: true, autoGrantPermissions: true, automationName: UiAutomator2, databaseEnabled: false, desired: {app: /Users/admin/Desktop/Plai_M..., autoAcceptAlerts: true, autoGrantPermissions: true, automationName: UiAutomator2, deviceName: 25e4e5308f0d7ece, platformName: android, platformVersion: 10, resetKeyboard: false, unicodeKeyboard: false}, deviceApiLevel: 29, deviceManufacturer: samsung, deviceModel: SM-N960F, deviceName: 25e4e5308f0d7ece, deviceScreenDensity: 420, deviceScreenSize: 1080x2220, deviceUDID: 25e4e5308f0d7ece, javascriptEnabled: true, locationContextEnabled: false, networkConnectionEnabled: true, pixelRatio: 2.625, platform: LINUX, platformName: android, platformVersion: 10, resetKeyboard: false, statBarHeight: 63, takesScreenshot: true, unicodeKeyboard: false, viewportRect: {height: 2031, left: 0, top: 63, width: 1080}, warnings: {}, webStorageEnabled: false}&#10;Session ID: 827582cd-2474-486f-8e05-1614eee070cc&#10;*** Element info: {Using=xpath, value=//android.widget.LinearLayout[@content-desc=&quot;Test.jpg, 3.75 MB, 21 Dec&quot;]}" type="org.openqa.selenium.NoSuchElementException"><![CDATA[org.openqa.selenium.NoSuchElementException: 
An element could not be located on the page using the given search parameters.
For documentation on this error, please visit: https://www.seleniumhq.org/exceptions/no_such_element.html
Build info: version: '3.141.59', revision: 'e82be7d358', time: '2018-11-14T08:17:03'
System info: host: 'Admins-MacBook-Pro.local', ip: 'fe80:0:0:0:8f:c148:5c9e:6494%en0', os.name: 'Mac OS X', os.arch: 'x86_64', os.version: '12.4', java.version: '19.0.1'
Driver info: io.appium.java_client.android.AndroidDriver
Capabilities {app: /Users/admin/Desktop/Plai_M..., appPackage: com.app.plaisports, autoAcceptAlerts: true, autoGrantPermissions: true, automationName: UiAutomator2, databaseEnabled: false, desired: {app: /Users/admin/Desktop/Plai_M..., autoAcceptAlerts: true, autoGrantPermissions: true, automationName: UiAutomator2, deviceName: 25e4e5308f0d7ece, platformName: android, platformVersion: 10, resetKeyboard: false, unicodeKeyboard: false}, deviceApiLevel: 29, deviceManufacturer: samsung, deviceModel: SM-N960F, deviceName: 25e4e5308f0d7ece, deviceScreenDensity: 420, deviceScreenSize: 1080x2220, deviceUDID: 25e4e5308f0d7ece, javascriptEnabled: true, locationContextEnabled: false, networkConnectionEnabled: true, pixelRatio: 2.625, platform: LINUX, platformName: android, platformVersion: 10, resetKeyboard: false, statBarHeight: 63, takesScreenshot: true, unicodeKeyboard: false, viewportRect: {height: 2031, left: 0, top: 63, width: 1080}, warnings: {}, webStorageEnabled: false}
Session ID: 827582cd-2474-486f-8e05-1614eee070cc
*** Element info: {Using=xpath, value=//android.widget.LinearLayout[@content-desc="Test.jpg, 3.75 MB, 21 Dec"]}
	at Tests.SignUpTests.Verify_the_screen_after_photo_select_from_Gallery(SignUpTests.java:914)
]]></failure>
    <system-out><![CDATA[Application Launched.
Clicked on skip button.
Clicked on next button.
Clicked on signup button.
Clicked on first name field.
Entered first name:-vbdjc.
Clicked on last name field.
Entered last name:-ocirn.
Entered valid email:-.ryxv@gmail.com
Entered password:-Test@123
Entered confirm password.Test@123
Next button is clicked.
Done link is verified.
Search bar is verified.
Default country is:-Andorra
Country is verified with dropdown.
Clicked on Mobile number field.
Entered mobile number is:-9432673481
Clicked on DOB field.
Clicked on cancel button.
Calender is closed.
Next button is clicked.
Verify one sport from dropdown.
Next button is clicked.
UPLOAD PHOTO button is verified.
Clicked on upload photo button.
Clicked on gallery button.
]]></system-out>
    <system-err><![CDATA[Jan 03, 2023 8:08:55 PM org.openqa.selenium.remote.Augmenter extractRemoteWebDriver
WARNING: Augmenter should be applied to the instances of @Augmentable classes or previously augmented instances only (instance class was: class io.appium.java_client.android.AndroidDriver)
Jan 03, 2023 8:09:05 PM io.appium.java_client.remote.AppiumCommandExecutor$1 lambda$0
INFO: Detected dialect: W3C
]]></system-err>
  </testcase>
  <testcase name="Verify_the_functionality_of_Rotation_icon" classname="Tests.SignUpTests" time="114.583">
    <failure message="An element could not be located on the page using the given search parameters.&#10;For documentation on this error, please visit: https://www.seleniumhq.org/exceptions/no_such_element.html&#10;Build info: version: &apos;3.141.59&apos;, revision: &apos;e82be7d358&apos;, time: &apos;2018-11-14T08:17:03&apos;&#10;System info: host: &apos;Admins-MacBook-Pro.local&apos;, ip: &apos;fe80:0:0:0:8f:c148:5c9e:6494%en0&apos;, os.name: &apos;Mac OS X&apos;, os.arch: &apos;x86_64&apos;, os.version: &apos;12.4&apos;, java.version: &apos;19.0.1&apos;&#10;Driver info: io.appium.java_client.android.AndroidDriver&#10;Capabilities {app: /Users/admin/Desktop/Plai_M..., appPackage: com.app.plaisports, autoAcceptAlerts: true, autoGrantPermissions: true, automationName: UiAutomator2, databaseEnabled: false, desired: {app: /Users/admin/Desktop/Plai_M..., autoAcceptAlerts: true, autoGrantPermissions: true, automationName: UiAutomator2, deviceName: 25e4e5308f0d7ece, platformName: android, platformVersion: 10, resetKeyboard: false, unicodeKeyboard: false}, deviceApiLevel: 29, deviceManufacturer: samsung, deviceModel: SM-N960F, deviceName: 25e4e5308f0d7ece, deviceScreenDensity: 420, deviceScreenSize: 1080x2220, deviceUDID: 25e4e5308f0d7ece, javascriptEnabled: true, locationContextEnabled: false, networkConnectionEnabled: true, pixelRatio: 2.625, platform: LINUX, platformName: android, platformVersion: 10, resetKeyboard: false, statBarHeight: 63, takesScreenshot: true, unicodeKeyboard: false, viewportRect: {height: 2031, left: 0, top: 63, width: 1080}, warnings: {}, webStorageEnabled: false}&#10;Session ID: 2a21d3a0-7c42-4f1e-814b-43e470b6e57a&#10;*** Element info: {Using=xpath, value=//android.widget.LinearLayout[@content-desc=&quot;Test.jpg, 3.75 MB, 21 Dec&quot;]}" type="org.openqa.selenium.NoSuchElementException"><![CDATA[org.openqa.selenium.NoSuchElementException: 
An element could not be located on the page using the given search parameters.
For documentation on this error, please visit: https://www.seleniumhq.org/exceptions/no_such_element.html
Build info: version: '3.141.59', revision: 'e82be7d358', time: '2018-11-14T08:17:03'
System info: host: 'Admins-MacBook-Pro.local', ip: 'fe80:0:0:0:8f:c148:5c9e:6494%en0', os.name: 'Mac OS X', os.arch: 'x86_64', os.version: '12.4', java.version: '19.0.1'
Driver info: io.appium.java_client.android.AndroidDriver
Capabilities {app: /Users/admin/Desktop/Plai_M..., appPackage: com.app.plaisports, autoAcceptAlerts: true, autoGrantPermissions: true, automationName: UiAutomator2, databaseEnabled: false, desired: {app: /Users/admin/Desktop/Plai_M..., autoAcceptAlerts: true, autoGrantPermissions: true, automationName: UiAutomator2, deviceName: 25e4e5308f0d7ece, platformName: android, platformVersion: 10, resetKeyboard: false, unicodeKeyboard: false}, deviceApiLevel: 29, deviceManufacturer: samsung, deviceModel: SM-N960F, deviceName: 25e4e5308f0d7ece, deviceScreenDensity: 420, deviceScreenSize: 1080x2220, deviceUDID: 25e4e5308f0d7ece, javascriptEnabled: true, locationContextEnabled: false, networkConnectionEnabled: true, pixelRatio: 2.625, platform: LINUX, platformName: android, platformVersion: 10, resetKeyboard: false, statBarHeight: 63, takesScreenshot: true, unicodeKeyboard: false, viewportRect: {height: 2031, left: 0, top: 63, width: 1080}, warnings: {}, webStorageEnabled: false}
Session ID: 2a21d3a0-7c42-4f1e-814b-43e470b6e57a
*** Element info: {Using=xpath, value=//android.widget.LinearLayout[@content-desc="Test.jpg, 3.75 MB, 21 Dec"]}
	at Tests.SignUpTests.Verify_the_functionality_of_Rotation_icon(SignUpTests.java:945)
]]></failure>
    <system-out><![CDATA[Application Launched.
Clicked on skip button.
Clicked on next button.
Clicked on signup button.
Clicked on first name field.
Entered first name:-mfibr.
Clicked on last name field.
Entered last name:-xjvpi.
Entered valid email:-.offc@gmail.com
Entered password:-Test@123
Entered confirm password.Test@123
Next button is clicked.
Done link is verified.
Search bar is verified.
Default country is:-Andorra
Country is verified with dropdown.
Clicked on Mobile number field.
Entered mobile number is:-9432673481
Clicked on DOB field.
Clicked on cancel button.
Calender is closed.
Next button is clicked.
Verify one sport from dropdown.
Next button is clicked.
UPLOAD PHOTO button is verified.
Clicked on upload photo button.
Clicked on gallery button.
]]></system-out>
    <system-err><![CDATA[Jan 03, 2023 8:10:52 PM org.openqa.selenium.remote.Augmenter extractRemoteWebDriver
WARNING: Augmenter should be applied to the instances of @Augmentable classes or previously augmented instances only (instance class was: class io.appium.java_client.android.AndroidDriver)
Jan 03, 2023 8:11:02 PM io.appium.java_client.remote.AppiumCommandExecutor$1 lambda$0
INFO: Detected dialect: W3C
]]></system-err>
  </testcase>
  <testcase name="Verify_the_functionality_of_Flip_icon" classname="Tests.SignUpTests" time="113.096">
    <failure message="An element could not be located on the page using the given search parameters.&#10;For documentation on this error, please visit: https://www.seleniumhq.org/exceptions/no_such_element.html&#10;Build info: version: &apos;3.141.59&apos;, revision: &apos;e82be7d358&apos;, time: &apos;2018-11-14T08:17:03&apos;&#10;System info: host: &apos;Admins-MacBook-Pro.local&apos;, ip: &apos;fe80:0:0:0:8f:c148:5c9e:6494%en0&apos;, os.name: &apos;Mac OS X&apos;, os.arch: &apos;x86_64&apos;, os.version: &apos;12.4&apos;, java.version: &apos;19.0.1&apos;&#10;Driver info: io.appium.java_client.android.AndroidDriver&#10;Capabilities {app: /Users/admin/Desktop/Plai_M..., appPackage: com.app.plaisports, autoAcceptAlerts: true, autoGrantPermissions: true, automationName: UiAutomator2, databaseEnabled: false, desired: {app: /Users/admin/Desktop/Plai_M..., autoAcceptAlerts: true, autoGrantPermissions: true, automationName: UiAutomator2, deviceName: 25e4e5308f0d7ece, platformName: android, platformVersion: 10, resetKeyboard: false, unicodeKeyboard: false}, deviceApiLevel: 29, deviceManufacturer: samsung, deviceModel: SM-N960F, deviceName: 25e4e5308f0d7ece, deviceScreenDensity: 420, deviceScreenSize: 1080x2220, deviceUDID: 25e4e5308f0d7ece, javascriptEnabled: true, locationContextEnabled: false, networkConnectionEnabled: true, pixelRatio: 2.625, platform: LINUX, platformName: android, platformVersion: 10, resetKeyboard: false, statBarHeight: 63, takesScreenshot: true, unicodeKeyboard: false, viewportRect: {height: 2031, left: 0, top: 63, width: 1080}, warnings: {}, webStorageEnabled: false}&#10;Session ID: b5dda2b9-f94a-490a-bfc9-c9c8d2fd3c8f&#10;*** Element info: {Using=xpath, value=//android.widget.LinearLayout[@content-desc=&quot;Test.jpg, 3.75 MB, 21 Dec&quot;]}" type="org.openqa.selenium.NoSuchElementException"><![CDATA[org.openqa.selenium.NoSuchElementException: 
An element could not be located on the page using the given search parameters.
For documentation on this error, please visit: https://www.seleniumhq.org/exceptions/no_such_element.html
Build info: version: '3.141.59', revision: 'e82be7d358', time: '2018-11-14T08:17:03'
System info: host: 'Admins-MacBook-Pro.local', ip: 'fe80:0:0:0:8f:c148:5c9e:6494%en0', os.name: 'Mac OS X', os.arch: 'x86_64', os.version: '12.4', java.version: '19.0.1'
Driver info: io.appium.java_client.android.AndroidDriver
Capabilities {app: /Users/admin/Desktop/Plai_M..., appPackage: com.app.plaisports, autoAcceptAlerts: true, autoGrantPermissions: true, automationName: UiAutomator2, databaseEnabled: false, desired: {app: /Users/admin/Desktop/Plai_M..., autoAcceptAlerts: true, autoGrantPermissions: true, automationName: UiAutomator2, deviceName: 25e4e5308f0d7ece, platformName: android, platformVersion: 10, resetKeyboard: false, unicodeKeyboard: false}, deviceApiLevel: 29, deviceManufacturer: samsung, deviceModel: SM-N960F, deviceName: 25e4e5308f0d7ece, deviceScreenDensity: 420, deviceScreenSize: 1080x2220, deviceUDID: 25e4e5308f0d7ece, javascriptEnabled: true, locationContextEnabled: false, networkConnectionEnabled: true, pixelRatio: 2.625, platform: LINUX, platformName: android, platformVersion: 10, resetKeyboard: false, statBarHeight: 63, takesScreenshot: true, unicodeKeyboard: false, viewportRect: {height: 2031, left: 0, top: 63, width: 1080}, warnings: {}, webStorageEnabled: false}
Session ID: b5dda2b9-f94a-490a-bfc9-c9c8d2fd3c8f
*** Element info: {Using=xpath, value=//android.widget.LinearLayout[@content-desc="Test.jpg, 3.75 MB, 21 Dec"]}
	at Tests.SignUpTests.Verify_the_functionality_of_Flip_icon(SignUpTests.java:976)
]]></failure>
    <system-out><![CDATA[Application Launched.
Clicked on skip button.
Clicked on next button.
Clicked on signup button.
Clicked on first name field.
Entered first name:-snsqk.
Clicked on last name field.
Entered last name:-pcrkq.
Entered valid email:-.fczj@gmail.com
Entered password:-Test@123
Entered confirm password.Test@123
Next button is clicked.
Done link is verified.
Search bar is verified.
Default country is:-Andorra
Country is verified with dropdown.
Clicked on Mobile number field.
Entered mobile number is:-9432673481
Clicked on DOB field.
Clicked on cancel button.
Calender is closed.
Next button is clicked.
Verify one sport from dropdown.
Next button is clicked.
UPLOAD PHOTO button is verified.
Clicked on upload photo button.
Clicked on gallery button.
]]></system-out>
    <system-err><![CDATA[Jan 03, 2023 8:12:57 PM org.openqa.selenium.remote.Augmenter extractRemoteWebDriver
WARNING: Augmenter should be applied to the instances of @Augmentable classes or previously augmented instances only (instance class was: class io.appium.java_client.android.AndroidDriver)
Jan 03, 2023 8:13:07 PM io.appium.java_client.remote.AppiumCommandExecutor$1 lambda$0
INFO: Detected dialect: W3C
]]></system-err>
  </testcase>
  <testcase name="Verify_the_functionality_of_Crop_link" classname="Tests.SignUpTests" time="114.445">
    <failure message="An element could not be located on the page using the given search parameters.&#10;For documentation on this error, please visit: https://www.seleniumhq.org/exceptions/no_such_element.html&#10;Build info: version: &apos;3.141.59&apos;, revision: &apos;e82be7d358&apos;, time: &apos;2018-11-14T08:17:03&apos;&#10;System info: host: &apos;Admins-MacBook-Pro.local&apos;, ip: &apos;fe80:0:0:0:8f:c148:5c9e:6494%en0&apos;, os.name: &apos;Mac OS X&apos;, os.arch: &apos;x86_64&apos;, os.version: &apos;12.4&apos;, java.version: &apos;19.0.1&apos;&#10;Driver info: io.appium.java_client.android.AndroidDriver&#10;Capabilities {app: /Users/admin/Desktop/Plai_M..., appPackage: com.app.plaisports, autoAcceptAlerts: true, autoGrantPermissions: true, automationName: UiAutomator2, databaseEnabled: false, desired: {app: /Users/admin/Desktop/Plai_M..., autoAcceptAlerts: true, autoGrantPermissions: true, automationName: UiAutomator2, deviceName: 25e4e5308f0d7ece, platformName: android, platformVersion: 10, resetKeyboard: false, unicodeKeyboard: false}, deviceApiLevel: 29, deviceManufacturer: samsung, deviceModel: SM-N960F, deviceName: 25e4e5308f0d7ece, deviceScreenDensity: 420, deviceScreenSize: 1080x2220, deviceUDID: 25e4e5308f0d7ece, javascriptEnabled: true, locationContextEnabled: false, networkConnectionEnabled: true, pixelRatio: 2.625, platform: LINUX, platformName: android, platformVersion: 10, resetKeyboard: false, statBarHeight: 63, takesScreenshot: true, unicodeKeyboard: false, viewportRect: {height: 2031, left: 0, top: 63, width: 1080}, warnings: {}, webStorageEnabled: false}&#10;Session ID: 43c25f9b-97c4-446c-9779-ff3d29800f13&#10;*** Element info: {Using=xpath, value=//android.widget.LinearLayout[@content-desc=&quot;Test.jpg, 3.75 MB, 21 Dec&quot;]}" type="org.openqa.selenium.NoSuchElementException"><![CDATA[org.openqa.selenium.NoSuchElementException: 
An element could not be located on the page using the given search parameters.
For documentation on this error, please visit: https://www.seleniumhq.org/exceptions/no_such_element.html
Build info: version: '3.141.59', revision: 'e82be7d358', time: '2018-11-14T08:17:03'
System info: host: 'Admins-MacBook-Pro.local', ip: 'fe80:0:0:0:8f:c148:5c9e:6494%en0', os.name: 'Mac OS X', os.arch: 'x86_64', os.version: '12.4', java.version: '19.0.1'
Driver info: io.appium.java_client.android.AndroidDriver
Capabilities {app: /Users/admin/Desktop/Plai_M..., appPackage: com.app.plaisports, autoAcceptAlerts: true, autoGrantPermissions: true, automationName: UiAutomator2, databaseEnabled: false, desired: {app: /Users/admin/Desktop/Plai_M..., autoAcceptAlerts: true, autoGrantPermissions: true, automationName: UiAutomator2, deviceName: 25e4e5308f0d7ece, platformName: android, platformVersion: 10, resetKeyboard: false, unicodeKeyboard: false}, deviceApiLevel: 29, deviceManufacturer: samsung, deviceModel: SM-N960F, deviceName: 25e4e5308f0d7ece, deviceScreenDensity: 420, deviceScreenSize: 1080x2220, deviceUDID: 25e4e5308f0d7ece, javascriptEnabled: true, locationContextEnabled: false, networkConnectionEnabled: true, pixelRatio: 2.625, platform: LINUX, platformName: android, platformVersion: 10, resetKeyboard: false, statBarHeight: 63, takesScreenshot: true, unicodeKeyboard: false, viewportRect: {height: 2031, left: 0, top: 63, width: 1080}, warnings: {}, webStorageEnabled: false}
Session ID: 43c25f9b-97c4-446c-9779-ff3d29800f13
*** Element info: {Using=xpath, value=//android.widget.LinearLayout[@content-desc="Test.jpg, 3.75 MB, 21 Dec"]}
	at Tests.SignUpTests.Verify_the_functionality_of_Crop_link(SignUpTests.java:1007)
]]></failure>
    <system-out><![CDATA[Application Launched.
Clicked on skip button.
Clicked on next button.
Clicked on signup button.
Clicked on first name field.
Entered first name:-nsfcn.
Clicked on last name field.
Entered last name:-djqiu.
Entered valid email:-.qjpu@gmail.com
Entered password:-Test@123
Entered confirm password.Test@123
Next button is clicked.
Done link is verified.
Search bar is verified.
Default country is:-Andorra
Country is verified with dropdown.
Clicked on Mobile number field.
Entered mobile number is:-9432673481
Clicked on DOB field.
Clicked on cancel button.
Calender is closed.
Next button is clicked.
Verify one sport from dropdown.
Next button is clicked.
UPLOAD PHOTO button is verified.
Clicked on upload photo button.
Clicked on gallery button.
]]></system-out>
    <system-err><![CDATA[Jan 03, 2023 8:15:00 PM org.openqa.selenium.remote.Augmenter extractRemoteWebDriver
WARNING: Augmenter should be applied to the instances of @Augmentable classes or previously augmented instances only (instance class was: class io.appium.java_client.android.AndroidDriver)
Jan 03, 2023 8:15:10 PM io.appium.java_client.remote.AppiumCommandExecutor$1 lambda$0
INFO: Detected dialect: W3C
]]></system-err>
  </testcase>
  <testcase name="Verify_the_Select_Gender_field" classname="Tests.SignUpTests" time="91.095">
    <system-out><![CDATA[Application Launched.
Clicked on skip button.
Clicked on next button.
Clicked on signup button.
Clicked on first name field.
Entered first name:-nrfoi.
Clicked on last name field.
Entered last name:-jkdfb.
Entered valid email:-.dfdf@gmail.com
Entered password:-Test@123
Entered confirm password.Test@123
Next button is clicked.
Done link is verified.
Search bar is verified.
Default country is:-Andorra
Country is verified with dropdown.
Clicked on Mobile number field.
Entered mobile number is:-9432673481
Clicked on DOB field.
Clicked on cancel button.
Calender is closed.
Next button is clicked.
Verify one sport from dropdown.
Next button is clicked.
Selected Gender 'Male' not Highlighted
]]></system-out>
    <system-err><![CDATA[Jan 03, 2023 8:17:04 PM org.openqa.selenium.remote.Augmenter extractRemoteWebDriver
WARNING: Augmenter should be applied to the instances of @Augmentable classes or previously augmented instances only (instance class was: class io.appium.java_client.android.AndroidDriver)
Jan 03, 2023 8:17:14 PM io.appium.java_client.remote.AppiumCommandExecutor$1 lambda$0
INFO: Detected dialect: W3C
]]></system-err>
  </testcase>
  <testcase name="Verify_Prefer_not_to_say_checkbox" classname="Tests.SignUpTests" time="90.187">
    <system-out><![CDATA[PASS : Verify_the_Select_Gender_field<br><br>---------------------------------------------------------------------------<br><br>
Application Launched.
Clicked on skip button.
Clicked on next button.
Clicked on signup button.
Clicked on first name field.
Entered first name:-dffsi.
Clicked on last name field.
Entered last name:-ofcny.
Entered valid email:-.foix@gmail.com
Entered password:-Test@123
Entered confirm password.Test@123
Next button is clicked.
Done link is verified.
Search bar is verified.
Default country is:-Andorra
Country is verified with dropdown.
Clicked on Mobile number field.
Entered mobile number is:-9432673481
Clicked on DOB field.
Clicked on cancel button.
Calender is closed.
Next button is clicked.
Verify one sport from dropdown.
Next button is clicked.
Clicked On Prefer Not to Say Checkbox
]]></system-out>
    <system-err><![CDATA[Jan 03, 2023 8:18:54 PM io.appium.java_client.remote.AppiumCommandExecutor$1 lambda$0
INFO: Detected dialect: W3C
]]></system-err>
  </testcase>
  <testcase name="Verify_the_functionality_of_Sign_Up_button" classname="Tests.SignUpTests" time="95.749">
    <system-out><![CDATA[PASS : Verify_Prefer_not_to_say_checkbox<br><br>---------------------------------------------------------------------------<br><br>
Application Launched.
Clicked on skip button.
Clicked on next button.
Clicked on signup button.
Clicked on first name field.
Entered first name:-vfppj.
Clicked on last name field.
Entered last name:-kmfif.
Entered valid email:-.kjvi@gmail.com
Entered password:-Test@123
Entered confirm password.Test@123
Next button is clicked.
Done link is verified.
Search bar is verified.
Default country is:-Andorra
Country is verified with dropdown.
Clicked on Mobile number field.
Entered mobile number is:-9432673481
Clicked on DOB field.
Clicked on cancel button.
Calender is closed.
Next button is clicked.
Verify one sport from dropdown.
Next button is clicked.
Clicked On Prefer Not to Say Checkbox
Clicked on sign up button.
Clicked On Sign Up Button
Mail Verification Popup Displayed with message :- An email has been sent to kjvi@gmail.com, please click the link to verify your account.
]]></system-out>
    <system-err><![CDATA[Jan 03, 2023 8:20:33 PM io.appium.java_client.remote.AppiumCommandExecutor$1 lambda$0
INFO: Detected dialect: W3C
]]></system-err>
  </testcase>
  <testcase name="Verify_the_Close_button" classname="Tests.SignUpTests" time="97.419">
    <system-out><![CDATA[PASS : Verify_the_functionality_of_Sign_Up_button<br><br>---------------------------------------------------------------------------<br><br>
Application Launched.
Clicked on skip button.
Clicked on next button.
Clicked on signup button.
Clicked on first name field.
Entered first name:-ujftr.
Clicked on last name field.
Entered last name:-pbrqq.
Entered valid email:-.xxjb@gmail.com
Entered password:-Test@123
Entered confirm password.Test@123
Next button is clicked.
Done link is verified.
Search bar is verified.
Default country is:-Andorra
Country is verified with dropdown.
Clicked on Mobile number field.
Entered mobile number is:-9432673481
Clicked on DOB field.
Clicked on cancel button.
Calender is closed.
Next button is clicked.
Verify one sport from dropdown.
Next button is clicked.
Clicked On Prefer Not to Say Checkbox
Clicked on sign up button.
Clicked On Sign Up Button
Mail Verification Popup Displayed with message :- An email has been sent to xxjb@gmail.com, please click the link to verify your account.
Clicked on close button.
Clicked On Close Button Popup
]]></system-out>
    <system-err><![CDATA[Jan 03, 2023 8:22:17 PM io.appium.java_client.remote.AppiumCommandExecutor$1 lambda$0
INFO: Detected dialect: W3C
]]></system-err>
  </testcase>
  <testcase name="Verify_the_fields_display_on_Login_screen" classname="Tests.LoginTests" time="27.571">
    <system-out><![CDATA[PASS : Verify_the_Close_button<br><br>---------------------------------------------------------------------------<br><br>
PASSED: Verify_the_functionality_of_Sign_Up_button
PASSED: Verify_the_Next_button_before_entering_data_in_fields
PASSED: Verify_navigation_by_click_on_Back_icon_of_Terms_of_use_screen
PASSED: Verify_the_Year_by_click_on_it
PASSED: Verify_the_Next_button_after_entering_data_in_First_Name_and_Last_Name
PASSED: Verify_the_fields_display_on_SPORT_THAT_YOU_PLAY_screen
PASSED: Verify_the_functionality_of_Next_button_of_sport_page
PASSED: Verify_the_Country_field_by_tap_on_Dropdown_icon
PASSED: Verify_Next_button_after_entering_valid_data_in_all_mandatory_fields
PASSED: Verify_the_Confirm_Password_field_by_entering_same_password_as_Password_field
PASSED: Verify_the_Next_button_after_entering_data_in_all_mandatory_fields
PASSED: Verify_the_Close_button
PASSED: Verify_the_Password_field_by_entering_9_characters_including_uppercase_and_number
PASSED: Verify_the_Select_Gender_field
PASSED: Verify_the_ok_button_of_Calendar
PASSED: Verify_the_navigation_by_clicking_on_Back_icon
PASSED: Verify_the_Country_Code_dropdown_list_of_Mobile_Number_field
PASSED: Verify_navigation_by_click_on_Back_icon
PASSED: Verify_Prefer_not_to_say_checkbox
PASSED: Verify_the_Mobile_Number_field_by_entering_10_digit_number
PASSED: Verify_the_Camera_Option
PASSED: Verify_the_Password_field_by_entering_password_which_contain_8_character_including_1_uppercase_and_1_number_special_symbol
PASSED: Verify_the_Date_of_Birth_field
PASSED: Verify_the_Confirm_Password_field_by_entering_different_password_then_Password_field
PASSED: Verify_the_Enter_your_email_field_with_invalid_email_id
PASSED: Verify_the_Password_field_by_entering_7_characters
PASSED: Verify_the_Country_field
PASSED: Verify_the_Next_button_without_entering_data_in_mandatory_fields
PASSED: Verify_the_Mobile_Number_field_by_entering_more_than_10_digit_number
PASSED: Verify_the_list_of_sports_by_selecting_one_or_more_sports
PASSED: Verify_the_Password_field_by_entering_password_which_contain_8_character_including_1_uppercase_and_1_number
PASSED: Verify_the_Mobile_Number_field
PASSED: Verify_the_functionality_of_Search_bar_country_code
PASSED: Verify_the_UI_of_Sign_Up_screen
PASSED: Verify_the_Enter_your_email_field_with_valid_email_id
PASSED: Verify_the_Search_icon_of_Select_Country
PASSED: Verify_Done_link_after_selecting_country
PASSED: Verify_the_Eye_icon_functionality_for_Password_field
PASSED: Verify_the_navigation_by_clicking_on_Back_icon_of_Search_Country_screen
PASSED: Verify_Done_link_without_selecting_country
PASSED: Verify_Terms_of_use_link
PASSED: Verify_the_list_of_country_by_selecting_any_country
PASSED: Verify_the_Upload_Photo_button
PASSED: Verify_the_cancel_button_of_Calendar
FAILED: Verify_the_Gallery_option
org.openqa.selenium.NoSuchElementException: An element could not be located on the page using the given search parameters.
For documentation on this error, please visit: https://www.seleniumhq.org/exceptions/no_such_element.html
Build info: version: '3.141.59', revision: 'e82be7d358', time: '2018-11-14T08:17:03'
System info: host: 'Admins-MacBook-Pro.local', ip: 'fe80:0:0:0:8f:c148:5c9e:6494%en0', os.name: 'Mac OS X', os.arch: 'x86_64', os.version: '12.4', java.version: '19.0.1'
Driver info: io.appium.java_client.android.AndroidDriver
Capabilities {app: /Users/admin/Desktop/Plai_M..., appPackage: com.app.plaisports, autoAcceptAlerts: true, autoGrantPermissions: true, automationName: UiAutomator2, databaseEnabled: false, desired: {app: /Users/admin/Desktop/Plai_M..., autoAcceptAlerts: true, autoGrantPermissions: true, automationName: UiAutomator2, deviceName: 25e4e5308f0d7ece, platformName: android, platformVersion: 10, resetKeyboard: false, unicodeKeyboard: false}, deviceApiLevel: 29, deviceManufacturer: samsung, deviceModel: SM-N960F, deviceName: 25e4e5308f0d7ece, deviceScreenDensity: 420, deviceScreenSize: 1080x2220, deviceUDID: 25e4e5308f0d7ece, javascriptEnabled: true, locationContextEnabled: false, networkConnectionEnabled: true, pixelRatio: 2.625, platform: LINUX, platformName: android, platformVersion: 10, resetKeyboard: false, statBarHeight: 63, takesScreenshot: true, unicodeKeyboard: false, viewportRect: {height: 2031, left: 0, top: 63, width: 1080}, warnings: {}, webStorageEnabled: false}
Session ID: a6790a50-11df-474c-96ce-ae9d08a280da
*** Element info: {Using=xpath, value=//android.widget.LinearLayout[@content-desc="Test.jpg, 3.75 MB, 21 Dec"]}
	at java.base/jdk.internal.reflect.DirectConstructorHandleAccessor.newInstance(DirectConstructorHandleAccessor.java:67)
	at java.base/java.lang.reflect.Constructor.newInstanceWithCaller(Constructor.java:500)
	at java.base/java.lang.reflect.Constructor.newInstance(Constructor.java:484)
	at org.openqa.selenium.remote.http.W3CHttpResponseCodec.createException(W3CHttpResponseCodec.java:187)
	at org.openqa.selenium.remote.http.W3CHttpResponseCodec.decode(W3CHttpResponseCodec.java:122)
	at org.openqa.selenium.remote.http.W3CHttpResponseCodec.decode(W3CHttpResponseCodec.java:49)
	at org.openqa.selenium.remote.HttpCommandExecutor.execute(HttpCommandExecutor.java:158)
	at io.appium.java_client.remote.AppiumCommandExecutor.execute(AppiumCommandExecutor.java:247)
	at org.openqa.selenium.remote.RemoteWebDriver.execute(RemoteWebDriver.java:552)
	at io.appium.java_client.DefaultGenericMobileDriver.execute(DefaultGenericMobileDriver.java:41)
	at io.appium.java_client.AppiumDriver.execute(AppiumDriver.java:1)
	at io.appium.java_client.android.AndroidDriver.execute(AndroidDriver.java:1)
	at org.openqa.selenium.remote.RemoteWebDriver.findElement(RemoteWebDriver.java:323)
	at io.appium.java_client.DefaultGenericMobileDriver.findElement(DefaultGenericMobileDriver.java:61)
	at io.appium.java_client.AppiumDriver.findElement(AppiumDriver.java:1)
	at io.appium.java_client.android.AndroidDriver.findElement(AndroidDriver.java:1)
	at org.openqa.selenium.remote.RemoteWebDriver.findElementByXPath(RemoteWebDriver.java:428)
	at io.appium.java_client.DefaultGenericMobileDriver.findElementByXPath(DefaultGenericMobileDriver.java:151)
	at io.appium.java_client.AppiumDriver.findElementByXPath(AppiumDriver.java:1)
	at io.appium.java_client.android.AndroidDriver.findElementByXPath(AndroidDriver.java:1)
	at org.openqa.selenium.By$ByXPath.findElement(By.java:353)
	at org.openqa.selenium.remote.RemoteWebDriver.findElement(RemoteWebDriver.java:315)
	at io.appium.java_client.DefaultGenericMobileDriver.findElement(DefaultGenericMobileDriver.java:57)
	at io.appium.java_client.AppiumDriver.findElement(AppiumDriver.java:1)
	at io.appium.java_client.android.AndroidDriver.findElement(AndroidDriver.java:1)
	at Pages.SignUpPage.Verify_Gallery_App_Opened(SignUpPage.java:768)
	at Tests.SignUpTests.Verify_the_Gallery_option(SignUpTests.java:886)
	at java.base/jdk.internal.reflect.DirectMethodHandleAccessor.invoke(DirectMethodHandleAccessor.java:104)
	at java.base/java.lang.reflect.Method.invoke(Method.java:578)
	at org.testng.internal.MethodInvocationHelper.invokeMethod(MethodInvocationHelper.java:133)
	at org.testng.internal.TestInvoker.invokeMethod(TestInvoker.java:598)
	at org.testng.internal.TestInvoker.invokeTestMethod(TestInvoker.java:173)
	at org.testng.internal.MethodRunner.runInSequence(MethodRunner.java:46)
	at org.testng.internal.TestInvoker$MethodInvocationAgent.invoke(TestInvoker.java:824)
	at org.testng.internal.TestInvoker.invokeTestMethods(TestInvoker.java:146)
	at org.testng.internal.TestMethodWorker.invokeTestMethods(TestMethodWorker.java:146)
	at org.testng.internal.TestMethodWorker.run(TestMethodWorker.java:128)
	at java.base/java.util.ArrayList.forEach(ArrayList.java:1511)
	at org.testng.TestRunner.privateRun(TestRunner.java:794)
	at org.testng.TestRunner.run(TestRunner.java:596)
	at org.testng.SuiteRunner.runTest(SuiteRunner.java:377)
	at org.testng.SuiteRunner.runSequentially(SuiteRunner.java:371)
	at org.testng.SuiteRunner.privateRun(SuiteRunner.java:332)
	at org.testng.SuiteRunner.run(SuiteRunner.java:276)
	at org.testng.SuiteRunnerWorker.runSuite(SuiteRunnerWorker.java:53)
	at org.testng.SuiteRunnerWorker.run(SuiteRunnerWorker.java:96)
	at org.testng.TestNG.runSuitesSequentially(TestNG.java:1212)
	at org.testng.TestNG.runSuitesLocally(TestNG.java:1134)
	at org.testng.TestNG.runSuites(TestNG.java:1063)
	at org.testng.TestNG.run(TestNG.java:1031)
	at org.apache.maven.surefire.testng.TestNGExecutor.run(TestNGExecutor.java:284)
	at org.apache.maven.surefire.testng.TestNGXmlTestSuite.execute(TestNGXmlTestSuite.java:75)
	at org.apache.maven.surefire.testng.TestNGProvider.invoke(TestNGProvider.java:119)
	at org.apache.maven.surefire.booter.ForkedBooter.runSuitesInProcess(ForkedBooter.java:428)
	at org.apache.maven.surefire.booter.ForkedBooter.execute(ForkedBooter.java:162)
	at org.apache.maven.surefire.booter.ForkedBooter.run(ForkedBooter.java:562)
	at org.apache.maven.surefire.booter.ForkedBooter.main(ForkedBooter.java:548)

FAILED: Verify_the_Password_field_by_entering_8_characters
org.openqa.selenium.NoSuchElementException: An element could not be located on the page using the given search parameters.
For documentation on this error, please visit: https://www.seleniumhq.org/exceptions/no_such_element.html
Build info: version: '3.141.59', revision: 'e82be7d358', time: '2018-11-14T08:17:03'
System info: host: 'Admins-MacBook-Pro.local', ip: 'fe80:0:0:0:8f:c148:5c9e:6494%en0', os.name: 'Mac OS X', os.arch: 'x86_64', os.version: '12.4', java.version: '19.0.1'
Driver info: io.appium.java_client.android.AndroidDriver
Capabilities {app: /Users/admin/Desktop/Plai_M..., appPackage: com.app.plaisports, autoAcceptAlerts: true, autoGrantPermissions: true, automationName: UiAutomator2, databaseEnabled: false, desired: {app: /Users/admin/Desktop/Plai_M..., autoAcceptAlerts: true, autoGrantPermissions: true, automationName: UiAutomator2, deviceName: 25e4e5308f0d7ece, platformName: android, platformVersion: 10, resetKeyboard: false, unicodeKeyboard: false}, deviceApiLevel: 29, deviceManufacturer: samsung, deviceModel: SM-N960F, deviceName: 25e4e5308f0d7ece, deviceScreenDensity: 420, deviceScreenSize: 1080x2220, deviceUDID: 25e4e5308f0d7ece, javascriptEnabled: true, locationContextEnabled: false, networkConnectionEnabled: true, pixelRatio: 2.625, platform: LINUX, platformName: android, platformVersion: 10, resetKeyboard: false, statBarHeight: 63, takesScreenshot: true, unicodeKeyboard: false, viewportRect: {height: 2031, left: 0, top: 63, width: 1080}, warnings: {}, webStorageEnabled: false}
Session ID: f7313d4a-a0b3-4bda-b2b9-e0d3a0e65b01
*** Element info: {Using=xpath, value=//android.view.View/android.view.View[2]/android.widget.Button}
	at java.base/jdk.internal.reflect.DirectConstructorHandleAccessor.newInstance(DirectConstructorHandleAccessor.java:67)
	at java.base/java.lang.reflect.Constructor.newInstanceWithCaller(Constructor.java:500)
	at java.base/java.lang.reflect.Constructor.newInstance(Constructor.java:484)
	at org.openqa.selenium.remote.http.W3CHttpResponseCodec.createException(W3CHttpResponseCodec.java:187)
	at org.openqa.selenium.remote.http.W3CHttpResponseCodec.decode(W3CHttpResponseCodec.java:122)
	at org.openqa.selenium.remote.http.W3CHttpResponseCodec.decode(W3CHttpResponseCodec.java:49)
	at org.openqa.selenium.remote.HttpCommandExecutor.execute(HttpCommandExecutor.java:158)
	at io.appium.java_client.remote.AppiumCommandExecutor.execute(AppiumCommandExecutor.java:247)
	at org.openqa.selenium.remote.RemoteWebDriver.execute(RemoteWebDriver.java:552)
	at io.appium.java_client.DefaultGenericMobileDriver.execute(DefaultGenericMobileDriver.java:41)
	at io.appium.java_client.AppiumDriver.execute(AppiumDriver.java:1)
	at io.appium.java_client.android.AndroidDriver.execute(AndroidDriver.java:1)
	at org.openqa.selenium.remote.RemoteWebDriver.findElement(RemoteWebDriver.java:323)
	at io.appium.java_client.DefaultGenericMobileDriver.findElement(DefaultGenericMobileDriver.java:61)
	at io.appium.java_client.AppiumDriver.findElement(AppiumDriver.java:1)
	at io.appium.java_client.android.AndroidDriver.findElement(AndroidDriver.java:1)
	at org.openqa.selenium.remote.RemoteWebDriver.findElementByXPath(RemoteWebDriver.java:428)
	at io.appium.java_client.DefaultGenericMobileDriver.findElementByXPath(DefaultGenericMobileDriver.java:151)
	at io.appium.java_client.AppiumDriver.findElementByXPath(AppiumDriver.java:1)
	at io.appium.java_client.android.AndroidDriver.findElementByXPath(AndroidDriver.java:1)
	at org.openqa.selenium.By$ByXPath.findElement(By.java:353)
	at org.openqa.selenium.remote.RemoteWebDriver.findElement(RemoteWebDriver.java:315)
	at io.appium.java_client.DefaultGenericMobileDriver.findElement(DefaultGenericMobileDriver.java:57)
	at io.appium.java_client.AppiumDriver.findElement(AppiumDriver.java:1)
	at io.appium.java_client.android.AndroidDriver.findElement(AndroidDriver.java:1)
	at Pages.LaunchAppPage.click_on_skip_button(LaunchAppPage.java:33)
	at Tests.SignUpTests.Verify_the_Password_field_by_entering_8_characters(SignUpTests.java:139)
	at java.base/jdk.internal.reflect.DirectMethodHandleAccessor.invoke(DirectMethodHandleAccessor.java:104)
	at java.base/java.lang.reflect.Method.invoke(Method.java:578)
	at org.testng.internal.MethodInvocationHelper.invokeMethod(MethodInvocationHelper.java:133)
	at org.testng.internal.TestInvoker.invokeMethod(TestInvoker.java:598)
	at org.testng.internal.TestInvoker.invokeTestMethod(TestInvoker.java:173)
	at org.testng.internal.MethodRunner.runInSequence(MethodRunner.java:46)
	at org.testng.internal.TestInvoker$MethodInvocationAgent.invoke(TestInvoker.java:824)
	at org.testng.internal.TestInvoker.invokeTestMethods(TestInvoker.java:146)
	at org.testng.internal.TestMethodWorker.invokeTestMethods(TestMethodWorker.java:146)
	at org.testng.internal.TestMethodWorker.run(TestMethodWorker.java:128)
	at java.base/java.util.ArrayList.forEach(ArrayList.java:1511)
	at org.testng.TestRunner.privateRun(TestRunner.java:794)
	at org.testng.TestRunner.run(TestRunner.java:596)
	at org.testng.SuiteRunner.runTest(SuiteRunner.java:377)
	at org.testng.SuiteRunner.runSequentially(SuiteRunner.java:371)
	at org.testng.SuiteRunner.privateRun(SuiteRunner.java:332)
	at org.testng.SuiteRunner.run(SuiteRunner.java:276)
	at org.testng.SuiteRunnerWorker.runSuite(SuiteRunnerWorker.java:53)
	at org.testng.SuiteRunnerWorker.run(SuiteRunnerWorker.java:96)
	at org.testng.TestNG.runSuitesSequentially(TestNG.java:1212)
	at org.testng.TestNG.runSuitesLocally(TestNG.java:1134)
	at org.testng.TestNG.runSuites(TestNG.java:1063)
	at org.testng.TestNG.run(TestNG.java:1031)
	at org.apache.maven.surefire.testng.TestNGExecutor.run(TestNGExecutor.java:284)
	at org.apache.maven.surefire.testng.TestNGXmlTestSuite.execute(TestNGXmlTestSuite.java:75)
	at org.apache.maven.surefire.testng.TestNGProvider.invoke(TestNGProvider.java:119)
	at org.apache.maven.surefire.booter.ForkedBooter.runSuitesInProcess(ForkedBooter.java:428)
	at org.apache.maven.surefire.booter.ForkedBooter.execute(ForkedBooter.java:162)
	at org.apache.maven.surefire.booter.ForkedBooter.run(ForkedBooter.java:562)
	at org.apache.maven.surefire.booter.ForkedBooter.main(ForkedBooter.java:548)

FAILED: Verify_the_functionality_of_Flip_icon
org.openqa.selenium.NoSuchElementException: An element could not be located on the page using the given search parameters.
For documentation on this error, please visit: https://www.seleniumhq.org/exceptions/no_such_element.html
Build info: version: '3.141.59', revision: 'e82be7d358', time: '2018-11-14T08:17:03'
System info: host: 'Admins-MacBook-Pro.local', ip: 'fe80:0:0:0:8f:c148:5c9e:6494%en0', os.name: 'Mac OS X', os.arch: 'x86_64', os.version: '12.4', java.version: '19.0.1'
Driver info: io.appium.java_client.android.AndroidDriver
Capabilities {app: /Users/admin/Desktop/Plai_M..., appPackage: com.app.plaisports, autoAcceptAlerts: true, autoGrantPermissions: true, automationName: UiAutomator2, databaseEnabled: false, desired: {app: /Users/admin/Desktop/Plai_M..., autoAcceptAlerts: true, autoGrantPermissions: true, automationName: UiAutomator2, deviceName: 25e4e5308f0d7ece, platformName: android, platformVersion: 10, resetKeyboard: false, unicodeKeyboard: false}, deviceApiLevel: 29, deviceManufacturer: samsung, deviceModel: SM-N960F, deviceName: 25e4e5308f0d7ece, deviceScreenDensity: 420, deviceScreenSize: 1080x2220, deviceUDID: 25e4e5308f0d7ece, javascriptEnabled: true, locationContextEnabled: false, networkConnectionEnabled: true, pixelRatio: 2.625, platform: LINUX, platformName: android, platformVersion: 10, resetKeyboard: false, statBarHeight: 63, takesScreenshot: true, unicodeKeyboard: false, viewportRect: {height: 2031, left: 0, top: 63, width: 1080}, warnings: {}, webStorageEnabled: false}
Session ID: b5dda2b9-f94a-490a-bfc9-c9c8d2fd3c8f
*** Element info: {Using=xpath, value=//android.widget.LinearLayout[@content-desc="Test.jpg, 3.75 MB, 21 Dec"]}
	at java.base/jdk.internal.reflect.DirectConstructorHandleAccessor.newInstance(DirectConstructorHandleAccessor.java:67)
	at java.base/java.lang.reflect.Constructor.newInstanceWithCaller(Constructor.java:500)
	at java.base/java.lang.reflect.Constructor.newInstance(Constructor.java:484)
	at org.openqa.selenium.remote.http.W3CHttpResponseCodec.createException(W3CHttpResponseCodec.java:187)
	at org.openqa.selenium.remote.http.W3CHttpResponseCodec.decode(W3CHttpResponseCodec.java:122)
	at org.openqa.selenium.remote.http.W3CHttpResponseCodec.decode(W3CHttpResponseCodec.java:49)
	at org.openqa.selenium.remote.HttpCommandExecutor.execute(HttpCommandExecutor.java:158)
	at io.appium.java_client.remote.AppiumCommandExecutor.execute(AppiumCommandExecutor.java:247)
	at org.openqa.selenium.remote.RemoteWebDriver.execute(RemoteWebDriver.java:552)
	at io.appium.java_client.DefaultGenericMobileDriver.execute(DefaultGenericMobileDriver.java:41)
	at io.appium.java_client.AppiumDriver.execute(AppiumDriver.java:1)
	at io.appium.java_client.android.AndroidDriver.execute(AndroidDriver.java:1)
	at org.openqa.selenium.remote.RemoteWebDriver.findElement(RemoteWebDriver.java:323)
	at io.appium.java_client.DefaultGenericMobileDriver.findElement(DefaultGenericMobileDriver.java:61)
	at io.appium.java_client.AppiumDriver.findElement(AppiumDriver.java:1)
	at io.appium.java_client.android.AndroidDriver.findElement(AndroidDriver.java:1)
	at org.openqa.selenium.remote.RemoteWebDriver.findElementByXPath(RemoteWebDriver.java:428)
	at io.appium.java_client.DefaultGenericMobileDriver.findElementByXPath(DefaultGenericMobileDriver.java:151)
	at io.appium.java_client.AppiumDriver.findElementByXPath(AppiumDriver.java:1)
	at io.appium.java_client.android.AndroidDriver.findElementByXPath(AndroidDriver.java:1)
	at org.openqa.selenium.By$ByXPath.findElement(By.java:353)
	at org.openqa.selenium.remote.RemoteWebDriver.findElement(RemoteWebDriver.java:315)
	at io.appium.java_client.DefaultGenericMobileDriver.findElement(DefaultGenericMobileDriver.java:57)
	at io.appium.java_client.AppiumDriver.findElement(AppiumDriver.java:1)
	at io.appium.java_client.android.AndroidDriver.findElement(AndroidDriver.java:1)
	at Pages.SignUpPage.Verify_Gallery_App_Opened(SignUpPage.java:768)
	at Tests.SignUpTests.Verify_the_functionality_of_Flip_icon(SignUpTests.java:976)
	at java.base/jdk.internal.reflect.DirectMethodHandleAccessor.invoke(DirectMethodHandleAccessor.java:104)
	at java.base/java.lang.reflect.Method.invoke(Method.java:578)
	at org.testng.internal.MethodInvocationHelper.invokeMethod(MethodInvocationHelper.java:133)
	at org.testng.internal.TestInvoker.invokeMethod(TestInvoker.java:598)
	at org.testng.internal.TestInvoker.invokeTestMethod(TestInvoker.java:173)
	at org.testng.internal.MethodRunner.runInSequence(MethodRunner.java:46)
	at org.testng.internal.TestInvoker$MethodInvocationAgent.invoke(TestInvoker.java:824)
	at org.testng.internal.TestInvoker.invokeTestMethods(TestInvoker.java:146)
	at org.testng.internal.TestMethodWorker.invokeTestMethods(TestMethodWorker.java:146)
	at org.testng.internal.TestMethodWorker.run(TestMethodWorker.java:128)
	at java.base/java.util.ArrayList.forEach(ArrayList.java:1511)
	at org.testng.TestRunner.privateRun(TestRunner.java:794)
	at org.testng.TestRunner.run(TestRunner.java:596)
	at org.testng.SuiteRunner.runTest(SuiteRunner.java:377)
	at org.testng.SuiteRunner.runSequentially(SuiteRunner.java:371)
	at org.testng.SuiteRunner.privateRun(SuiteRunner.java:332)
	at org.testng.SuiteRunner.run(SuiteRunner.java:276)
	at org.testng.SuiteRunnerWorker.runSuite(SuiteRunnerWorker.java:53)
	at org.testng.SuiteRunnerWorker.run(SuiteRunnerWorker.java:96)
	at org.testng.TestNG.runSuitesSequentially(TestNG.java:1212)
	at org.testng.TestNG.runSuitesLocally(TestNG.java:1134)
	at org.testng.TestNG.runSuites(TestNG.java:1063)
	at org.testng.TestNG.run(TestNG.java:1031)
	at org.apache.maven.surefire.testng.TestNGExecutor.run(TestNGExecutor.java:284)
	at org.apache.maven.surefire.testng.TestNGXmlTestSuite.execute(TestNGXmlTestSuite.java:75)
	at org.apache.maven.surefire.testng.TestNGProvider.invoke(TestNGProvider.java:119)
	at org.apache.maven.surefire.booter.ForkedBooter.runSuitesInProcess(ForkedBooter.java:428)
	at org.apache.maven.surefire.booter.ForkedBooter.execute(ForkedBooter.java:162)
	at org.apache.maven.surefire.booter.ForkedBooter.run(ForkedBooter.java:562)
	at org.apache.maven.surefire.booter.ForkedBooter.main(ForkedBooter.java:548)

FAILED: Verify_the_functionality_of_Rotation_icon
org.openqa.selenium.NoSuchElementException: An element could not be located on the page using the given search parameters.
For documentation on this error, please visit: https://www.seleniumhq.org/exceptions/no_such_element.html
Build info: version: '3.141.59', revision: 'e82be7d358', time: '2018-11-14T08:17:03'
System info: host: 'Admins-MacBook-Pro.local', ip: 'fe80:0:0:0:8f:c148:5c9e:6494%en0', os.name: 'Mac OS X', os.arch: 'x86_64', os.version: '12.4', java.version: '19.0.1'
Driver info: io.appium.java_client.android.AndroidDriver
Capabilities {app: /Users/admin/Desktop/Plai_M..., appPackage: com.app.plaisports, autoAcceptAlerts: true, autoGrantPermissions: true, automationName: UiAutomator2, databaseEnabled: false, desired: {app: /Users/admin/Desktop/Plai_M..., autoAcceptAlerts: true, autoGrantPermissions: true, automationName: UiAutomator2, deviceName: 25e4e5308f0d7ece, platformName: android, platformVersion: 10, resetKeyboard: false, unicodeKeyboard: false}, deviceApiLevel: 29, deviceManufacturer: samsung, deviceModel: SM-N960F, deviceName: 25e4e5308f0d7ece, deviceScreenDensity: 420, deviceScreenSize: 1080x2220, deviceUDID: 25e4e5308f0d7ece, javascriptEnabled: true, locationContextEnabled: false, networkConnectionEnabled: true, pixelRatio: 2.625, platform: LINUX, platformName: android, platformVersion: 10, resetKeyboard: false, statBarHeight: 63, takesScreenshot: true, unicodeKeyboard: false, viewportRect: {height: 2031, left: 0, top: 63, width: 1080}, warnings: {}, webStorageEnabled: false}
Session ID: 2a21d3a0-7c42-4f1e-814b-43e470b6e57a
*** Element info: {Using=xpath, value=//android.widget.LinearLayout[@content-desc="Test.jpg, 3.75 MB, 21 Dec"]}
	at java.base/jdk.internal.reflect.DirectConstructorHandleAccessor.newInstance(DirectConstructorHandleAccessor.java:67)
	at java.base/java.lang.reflect.Constructor.newInstanceWithCaller(Constructor.java:500)
	at java.base/java.lang.reflect.Constructor.newInstance(Constructor.java:484)
	at org.openqa.selenium.remote.http.W3CHttpResponseCodec.createException(W3CHttpResponseCodec.java:187)
	at org.openqa.selenium.remote.http.W3CHttpResponseCodec.decode(W3CHttpResponseCodec.java:122)
	at org.openqa.selenium.remote.http.W3CHttpResponseCodec.decode(W3CHttpResponseCodec.java:49)
	at org.openqa.selenium.remote.HttpCommandExecutor.execute(HttpCommandExecutor.java:158)
	at io.appium.java_client.remote.AppiumCommandExecutor.execute(AppiumCommandExecutor.java:247)
	at org.openqa.selenium.remote.RemoteWebDriver.execute(RemoteWebDriver.java:552)
	at io.appium.java_client.DefaultGenericMobileDriver.execute(DefaultGenericMobileDriver.java:41)
	at io.appium.java_client.AppiumDriver.execute(AppiumDriver.java:1)
	at io.appium.java_client.android.AndroidDriver.execute(AndroidDriver.java:1)
	at org.openqa.selenium.remote.RemoteWebDriver.findElement(RemoteWebDriver.java:323)
	at io.appium.java_client.DefaultGenericMobileDriver.findElement(DefaultGenericMobileDriver.java:61)
	at io.appium.java_client.AppiumDriver.findElement(AppiumDriver.java:1)
	at io.appium.java_client.android.AndroidDriver.findElement(AndroidDriver.java:1)
	at org.openqa.selenium.remote.RemoteWebDriver.findElementByXPath(RemoteWebDriver.java:428)
	at io.appium.java_client.DefaultGenericMobileDriver.findElementByXPath(DefaultGenericMobileDriver.java:151)
	at io.appium.java_client.AppiumDriver.findElementByXPath(AppiumDriver.java:1)
	at io.appium.java_client.android.AndroidDriver.findElementByXPath(AndroidDriver.java:1)
	at org.openqa.selenium.By$ByXPath.findElement(By.java:353)
	at org.openqa.selenium.remote.RemoteWebDriver.findElement(RemoteWebDriver.java:315)
	at io.appium.java_client.DefaultGenericMobileDriver.findElement(DefaultGenericMobileDriver.java:57)
	at io.appium.java_client.AppiumDriver.findElement(AppiumDriver.java:1)
	at io.appium.java_client.android.AndroidDriver.findElement(AndroidDriver.java:1)
	at Pages.SignUpPage.Verify_Gallery_App_Opened(SignUpPage.java:768)
	at Tests.SignUpTests.Verify_the_functionality_of_Rotation_icon(SignUpTests.java:945)
	at java.base/jdk.internal.reflect.DirectMethodHandleAccessor.invoke(DirectMethodHandleAccessor.java:104)
	at java.base/java.lang.reflect.Method.invoke(Method.java:578)
	at org.testng.internal.MethodInvocationHelper.invokeMethod(MethodInvocationHelper.java:133)
	at org.testng.internal.TestInvoker.invokeMethod(TestInvoker.java:598)
	at org.testng.internal.TestInvoker.invokeTestMethod(TestInvoker.java:173)
	at org.testng.internal.MethodRunner.runInSequence(MethodRunner.java:46)
	at org.testng.internal.TestInvoker$MethodInvocationAgent.invoke(TestInvoker.java:824)
	at org.testng.internal.TestInvoker.invokeTestMethods(TestInvoker.java:146)
	at org.testng.internal.TestMethodWorker.invokeTestMethods(TestMethodWorker.java:146)
	at org.testng.internal.TestMethodWorker.run(TestMethodWorker.java:128)
	at java.base/java.util.ArrayList.forEach(ArrayList.java:1511)
	at org.testng.TestRunner.privateRun(TestRunner.java:794)
	at org.testng.TestRunner.run(TestRunner.java:596)
	at org.testng.SuiteRunner.runTest(SuiteRunner.java:377)
	at org.testng.SuiteRunner.runSequentially(SuiteRunner.java:371)
	at org.testng.SuiteRunner.privateRun(SuiteRunner.java:332)
	at org.testng.SuiteRunner.run(SuiteRunner.java:276)
	at org.testng.SuiteRunnerWorker.runSuite(SuiteRunnerWorker.java:53)
	at org.testng.SuiteRunnerWorker.run(SuiteRunnerWorker.java:96)
	at org.testng.TestNG.runSuitesSequentially(TestNG.java:1212)
	at org.testng.TestNG.runSuitesLocally(TestNG.java:1134)
	at org.testng.TestNG.runSuites(TestNG.java:1063)
	at org.testng.TestNG.run(TestNG.java:1031)
	at org.apache.maven.surefire.testng.TestNGExecutor.run(TestNGExecutor.java:284)
	at org.apache.maven.surefire.testng.TestNGXmlTestSuite.execute(TestNGXmlTestSuite.java:75)
	at org.apache.maven.surefire.testng.TestNGProvider.invoke(TestNGProvider.java:119)
	at org.apache.maven.surefire.booter.ForkedBooter.runSuitesInProcess(ForkedBooter.java:428)
	at org.apache.maven.surefire.booter.ForkedBooter.execute(ForkedBooter.java:162)
	at org.apache.maven.surefire.booter.ForkedBooter.run(ForkedBooter.java:562)
	at org.apache.maven.surefire.booter.ForkedBooter.main(ForkedBooter.java:548)

FAILED: Verify_the_functionality_of_Crop_link
org.openqa.selenium.NoSuchElementException: An element could not be located on the page using the given search parameters.
For documentation on this error, please visit: https://www.seleniumhq.org/exceptions/no_such_element.html
Build info: version: '3.141.59', revision: 'e82be7d358', time: '2018-11-14T08:17:03'
System info: host: 'Admins-MacBook-Pro.local', ip: 'fe80:0:0:0:8f:c148:5c9e:6494%en0', os.name: 'Mac OS X', os.arch: 'x86_64', os.version: '12.4', java.version: '19.0.1'
Driver info: io.appium.java_client.android.AndroidDriver
Capabilities {app: /Users/admin/Desktop/Plai_M..., appPackage: com.app.plaisports, autoAcceptAlerts: true, autoGrantPermissions: true, automationName: UiAutomator2, databaseEnabled: false, desired: {app: /Users/admin/Desktop/Plai_M..., autoAcceptAlerts: true, autoGrantPermissions: true, automationName: UiAutomator2, deviceName: 25e4e5308f0d7ece, platformName: android, platformVersion: 10, resetKeyboard: false, unicodeKeyboard: false}, deviceApiLevel: 29, deviceManufacturer: samsung, deviceModel: SM-N960F, deviceName: 25e4e5308f0d7ece, deviceScreenDensity: 420, deviceScreenSize: 1080x2220, deviceUDID: 25e4e5308f0d7ece, javascriptEnabled: true, locationContextEnabled: false, networkConnectionEnabled: true, pixelRatio: 2.625, platform: LINUX, platformName: android, platformVersion: 10, resetKeyboard: false, statBarHeight: 63, takesScreenshot: true, unicodeKeyboard: false, viewportRect: {height: 2031, left: 0, top: 63, width: 1080}, warnings: {}, webStorageEnabled: false}
Session ID: 43c25f9b-97c4-446c-9779-ff3d29800f13
*** Element info: {Using=xpath, value=//android.widget.LinearLayout[@content-desc="Test.jpg, 3.75 MB, 21 Dec"]}
	at java.base/jdk.internal.reflect.DirectConstructorHandleAccessor.newInstance(DirectConstructorHandleAccessor.java:67)
	at java.base/java.lang.reflect.Constructor.newInstanceWithCaller(Constructor.java:500)
	at java.base/java.lang.reflect.Constructor.newInstance(Constructor.java:484)
	at org.openqa.selenium.remote.http.W3CHttpResponseCodec.createException(W3CHttpResponseCodec.java:187)
	at org.openqa.selenium.remote.http.W3CHttpResponseCodec.decode(W3CHttpResponseCodec.java:122)
	at org.openqa.selenium.remote.http.W3CHttpResponseCodec.decode(W3CHttpResponseCodec.java:49)
	at org.openqa.selenium.remote.HttpCommandExecutor.execute(HttpCommandExecutor.java:158)
	at io.appium.java_client.remote.AppiumCommandExecutor.execute(AppiumCommandExecutor.java:247)
	at org.openqa.selenium.remote.RemoteWebDriver.execute(RemoteWebDriver.java:552)
	at io.appium.java_client.DefaultGenericMobileDriver.execute(DefaultGenericMobileDriver.java:41)
	at io.appium.java_client.AppiumDriver.execute(AppiumDriver.java:1)
	at io.appium.java_client.android.AndroidDriver.execute(AndroidDriver.java:1)
	at org.openqa.selenium.remote.RemoteWebDriver.findElement(RemoteWebDriver.java:323)
	at io.appium.java_client.DefaultGenericMobileDriver.findElement(DefaultGenericMobileDriver.java:61)
	at io.appium.java_client.AppiumDriver.findElement(AppiumDriver.java:1)
	at io.appium.java_client.android.AndroidDriver.findElement(AndroidDriver.java:1)
	at org.openqa.selenium.remote.RemoteWebDriver.findElementByXPath(RemoteWebDriver.java:428)
	at io.appium.java_client.DefaultGenericMobileDriver.findElementByXPath(DefaultGenericMobileDriver.java:151)
	at io.appium.java_client.AppiumDriver.findElementByXPath(AppiumDriver.java:1)
	at io.appium.java_client.android.AndroidDriver.findElementByXPath(AndroidDriver.java:1)
	at org.openqa.selenium.By$ByXPath.findElement(By.java:353)
	at org.openqa.selenium.remote.RemoteWebDriver.findElement(RemoteWebDriver.java:315)
	at io.appium.java_client.DefaultGenericMobileDriver.findElement(DefaultGenericMobileDriver.java:57)
	at io.appium.java_client.AppiumDriver.findElement(AppiumDriver.java:1)
	at io.appium.java_client.android.AndroidDriver.findElement(AndroidDriver.java:1)
	at Pages.SignUpPage.Verify_Gallery_App_Opened(SignUpPage.java:768)
	at Tests.SignUpTests.Verify_the_functionality_of_Crop_link(SignUpTests.java:1007)
	at java.base/jdk.internal.reflect.DirectMethodHandleAccessor.invoke(DirectMethodHandleAccessor.java:104)
	at java.base/java.lang.reflect.Method.invoke(Method.java:578)
	at org.testng.internal.MethodInvocationHelper.invokeMethod(MethodInvocationHelper.java:133)
	at org.testng.internal.TestInvoker.invokeMethod(TestInvoker.java:598)
	at org.testng.internal.TestInvoker.invokeTestMethod(TestInvoker.java:173)
	at org.testng.internal.MethodRunner.runInSequence(MethodRunner.java:46)
	at org.testng.internal.TestInvoker$MethodInvocationAgent.invoke(TestInvoker.java:824)
	at org.testng.internal.TestInvoker.invokeTestMethods(TestInvoker.java:146)
	at org.testng.internal.TestMethodWorker.invokeTestMethods(TestMethodWorker.java:146)
	at org.testng.internal.TestMethodWorker.run(TestMethodWorker.java:128)
	at java.base/java.util.ArrayList.forEach(ArrayList.java:1511)
	at org.testng.TestRunner.privateRun(TestRunner.java:794)
	at org.testng.TestRunner.run(TestRunner.java:596)
	at org.testng.SuiteRunner.runTest(SuiteRunner.java:377)
	at org.testng.SuiteRunner.runSequentially(SuiteRunner.java:371)
	at org.testng.SuiteRunner.privateRun(SuiteRunner.java:332)
	at org.testng.SuiteRunner.run(SuiteRunner.java:276)
	at org.testng.SuiteRunnerWorker.runSuite(SuiteRunnerWorker.java:53)
	at org.testng.SuiteRunnerWorker.run(SuiteRunnerWorker.java:96)
	at org.testng.TestNG.runSuitesSequentially(TestNG.java:1212)
	at org.testng.TestNG.runSuitesLocally(TestNG.java:1134)
	at org.testng.TestNG.runSuites(TestNG.java:1063)
	at org.testng.TestNG.run(TestNG.java:1031)
	at org.apache.maven.surefire.testng.TestNGExecutor.run(TestNGExecutor.java:284)
	at org.apache.maven.surefire.testng.TestNGXmlTestSuite.execute(TestNGXmlTestSuite.java:75)
	at org.apache.maven.surefire.testng.TestNGProvider.invoke(TestNGProvider.java:119)
	at org.apache.maven.surefire.booter.ForkedBooter.runSuitesInProcess(ForkedBooter.java:428)
	at org.apache.maven.surefire.booter.ForkedBooter.execute(ForkedBooter.java:162)
	at org.apache.maven.surefire.booter.ForkedBooter.run(ForkedBooter.java:562)
	at org.apache.maven.surefire.booter.ForkedBooter.main(ForkedBooter.java:548)

FAILED: Verify_the_screen_after_photo_select_from_Gallery
org.openqa.selenium.NoSuchElementException: An element could not be located on the page using the given search parameters.
For documentation on this error, please visit: https://www.seleniumhq.org/exceptions/no_such_element.html
Build info: version: '3.141.59', revision: 'e82be7d358', time: '2018-11-14T08:17:03'
System info: host: 'Admins-MacBook-Pro.local', ip: 'fe80:0:0:0:8f:c148:5c9e:6494%en0', os.name: 'Mac OS X', os.arch: 'x86_64', os.version: '12.4', java.version: '19.0.1'
Driver info: io.appium.java_client.android.AndroidDriver
Capabilities {app: /Users/admin/Desktop/Plai_M..., appPackage: com.app.plaisports, autoAcceptAlerts: true, autoGrantPermissions: true, automationName: UiAutomator2, databaseEnabled: false, desired: {app: /Users/admin/Desktop/Plai_M..., autoAcceptAlerts: true, autoGrantPermissions: true, automationName: UiAutomator2, deviceName: 25e4e5308f0d7ece, platformName: android, platformVersion: 10, resetKeyboard: false, unicodeKeyboard: false}, deviceApiLevel: 29, deviceManufacturer: samsung, deviceModel: SM-N960F, deviceName: 25e4e5308f0d7ece, deviceScreenDensity: 420, deviceScreenSize: 1080x2220, deviceUDID: 25e4e5308f0d7ece, javascriptEnabled: true, locationContextEnabled: false, networkConnectionEnabled: true, pixelRatio: 2.625, platform: LINUX, platformName: android, platformVersion: 10, resetKeyboard: false, statBarHeight: 63, takesScreenshot: true, unicodeKeyboard: false, viewportRect: {height: 2031, left: 0, top: 63, width: 1080}, warnings: {}, webStorageEnabled: false}
Session ID: 827582cd-2474-486f-8e05-1614eee070cc
*** Element info: {Using=xpath, value=//android.widget.LinearLayout[@content-desc="Test.jpg, 3.75 MB, 21 Dec"]}
	at java.base/jdk.internal.reflect.DirectConstructorHandleAccessor.newInstance(DirectConstructorHandleAccessor.java:67)
	at java.base/java.lang.reflect.Constructor.newInstanceWithCaller(Constructor.java:500)
	at java.base/java.lang.reflect.Constructor.newInstance(Constructor.java:484)
	at org.openqa.selenium.remote.http.W3CHttpResponseCodec.createException(W3CHttpResponseCodec.java:187)
	at org.openqa.selenium.remote.http.W3CHttpResponseCodec.decode(W3CHttpResponseCodec.java:122)
	at org.openqa.selenium.remote.http.W3CHttpResponseCodec.decode(W3CHttpResponseCodec.java:49)
	at org.openqa.selenium.remote.HttpCommandExecutor.execute(HttpCommandExecutor.java:158)
	at io.appium.java_client.remote.AppiumCommandExecutor.execute(AppiumCommandExecutor.java:247)
	at org.openqa.selenium.remote.RemoteWebDriver.execute(RemoteWebDriver.java:552)
	at io.appium.java_client.DefaultGenericMobileDriver.execute(DefaultGenericMobileDriver.java:41)
	at io.appium.java_client.AppiumDriver.execute(AppiumDriver.java:1)
	at io.appium.java_client.android.AndroidDriver.execute(AndroidDriver.java:1)
	at org.openqa.selenium.remote.RemoteWebDriver.findElement(RemoteWebDriver.java:323)
	at io.appium.java_client.DefaultGenericMobileDriver.findElement(DefaultGenericMobileDriver.java:61)
	at io.appium.java_client.AppiumDriver.findElement(AppiumDriver.java:1)
	at io.appium.java_client.android.AndroidDriver.findElement(AndroidDriver.java:1)
	at org.openqa.selenium.remote.RemoteWebDriver.findElementByXPath(RemoteWebDriver.java:428)
	at io.appium.java_client.DefaultGenericMobileDriver.findElementByXPath(DefaultGenericMobileDriver.java:151)
	at io.appium.java_client.AppiumDriver.findElementByXPath(AppiumDriver.java:1)
	at io.appium.java_client.android.AndroidDriver.findElementByXPath(AndroidDriver.java:1)
	at org.openqa.selenium.By$ByXPath.findElement(By.java:353)
	at org.openqa.selenium.remote.RemoteWebDriver.findElement(RemoteWebDriver.java:315)
	at io.appium.java_client.DefaultGenericMobileDriver.findElement(DefaultGenericMobileDriver.java:57)
	at io.appium.java_client.AppiumDriver.findElement(AppiumDriver.java:1)
	at io.appium.java_client.android.AndroidDriver.findElement(AndroidDriver.java:1)
	at Pages.SignUpPage.Verify_Gallery_App_Opened(SignUpPage.java:768)
	at Tests.SignUpTests.Verify_the_screen_after_photo_select_from_Gallery(SignUpTests.java:914)
	at java.base/jdk.internal.reflect.DirectMethodHandleAccessor.invoke(DirectMethodHandleAccessor.java:104)
	at java.base/java.lang.reflect.Method.invoke(Method.java:578)
	at org.testng.internal.MethodInvocationHelper.invokeMethod(MethodInvocationHelper.java:133)
	at org.testng.internal.TestInvoker.invokeMethod(TestInvoker.java:598)
	at org.testng.internal.TestInvoker.invokeTestMethod(TestInvoker.java:173)
	at org.testng.internal.MethodRunner.runInSequence(MethodRunner.java:46)
	at org.testng.internal.TestInvoker$MethodInvocationAgent.invoke(TestInvoker.java:824)
	at org.testng.internal.TestInvoker.invokeTestMethods(TestInvoker.java:146)
	at org.testng.internal.TestMethodWorker.invokeTestMethods(TestMethodWorker.java:146)
	at org.testng.internal.TestMethodWorker.run(TestMethodWorker.java:128)
	at java.base/java.util.ArrayList.forEach(ArrayList.java:1511)
	at org.testng.TestRunner.privateRun(TestRunner.java:794)
	at org.testng.TestRunner.run(TestRunner.java:596)
	at org.testng.SuiteRunner.runTest(SuiteRunner.java:377)
	at org.testng.SuiteRunner.runSequentially(SuiteRunner.java:371)
	at org.testng.SuiteRunner.privateRun(SuiteRunner.java:332)
	at org.testng.SuiteRunner.run(SuiteRunner.java:276)
	at org.testng.SuiteRunnerWorker.runSuite(SuiteRunnerWorker.java:53)
	at org.testng.SuiteRunnerWorker.run(SuiteRunnerWorker.java:96)
	at org.testng.TestNG.runSuitesSequentially(TestNG.java:1212)
	at org.testng.TestNG.runSuitesLocally(TestNG.java:1134)
	at org.testng.TestNG.runSuites(TestNG.java:1063)
	at org.testng.TestNG.run(TestNG.java:1031)
	at org.apache.maven.surefire.testng.TestNGExecutor.run(TestNGExecutor.java:284)
	at org.apache.maven.surefire.testng.TestNGXmlTestSuite.execute(TestNGXmlTestSuite.java:75)
	at org.apache.maven.surefire.testng.TestNGProvider.invoke(TestNGProvider.java:119)
	at org.apache.maven.surefire.booter.ForkedBooter.runSuitesInProcess(ForkedBooter.java:428)
	at org.apache.maven.surefire.booter.ForkedBooter.execute(ForkedBooter.java:162)
	at org.apache.maven.surefire.booter.ForkedBooter.run(ForkedBooter.java:562)
	at org.apache.maven.surefire.booter.ForkedBooter.main(ForkedBooter.java:548)

FAILED: Verify_the_functionality_of_Search_bar
org.openqa.selenium.StaleElementReferenceException: androidx.test.uiautomator.StaleObjectException
For documentation on this error, please visit: https://www.seleniumhq.org/exceptions/stale_element_reference.html
Build info: version: '3.141.59', revision: 'e82be7d358', time: '2018-11-14T08:17:03'
System info: host: 'Admins-MacBook-Pro.local', ip: 'fe80:0:0:0:8f:c148:5c9e:6494%en0', os.name: 'Mac OS X', os.arch: 'x86_64', os.version: '12.4', java.version: '19.0.1'
Driver info: io.appium.java_client.android.AndroidDriver
Capabilities {app: /Users/admin/Desktop/Plai_M..., appPackage: com.app.plaisports, autoAcceptAlerts: true, autoGrantPermissions: true, automationName: UiAutomator2, databaseEnabled: false, desired: {app: /Users/admin/Desktop/Plai_M..., autoAcceptAlerts: true, autoGrantPermissions: true, automationName: UiAutomator2, deviceName: 25e4e5308f0d7ece, platformName: android, platformVersion: 10, resetKeyboard: false, unicodeKeyboard: false}, deviceApiLevel: 29, deviceManufacturer: samsung, deviceModel: SM-N960F, deviceName: 25e4e5308f0d7ece, deviceScreenDensity: 420, deviceScreenSize: 1080x2220, deviceUDID: 25e4e5308f0d7ece, javascriptEnabled: true, locationContextEnabled: false, networkConnectionEnabled: true, pixelRatio: 2.625, platform: LINUX, platformName: android, platformVersion: 10, resetKeyboard: false, statBarHeight: 63, takesScreenshot: true, unicodeKeyboard: false, viewportRect: {height: 2031, left: 0, top: 63, width: 1080}, warnings: {}, webStorageEnabled: false}
Session ID: 55d6a09d-304d-4429-9c5b-2e129fe93b21
	at java.base/jdk.internal.reflect.DirectConstructorHandleAccessor.newInstance(DirectConstructorHandleAccessor.java:67)
	at java.base/java.lang.reflect.Constructor.newInstanceWithCaller(Constructor.java:500)
	at java.base/java.lang.reflect.Constructor.newInstance(Constructor.java:484)
	at org.openqa.selenium.remote.http.W3CHttpResponseCodec.createException(W3CHttpResponseCodec.java:187)
	at org.openqa.selenium.remote.http.W3CHttpResponseCodec.decode(W3CHttpResponseCodec.java:122)
	at org.openqa.selenium.remote.http.W3CHttpResponseCodec.decode(W3CHttpResponseCodec.java:49)
	at org.openqa.selenium.remote.HttpCommandExecutor.execute(HttpCommandExecutor.java:158)
	at io.appium.java_client.remote.AppiumCommandExecutor.execute(AppiumCommandExecutor.java:247)
	at org.openqa.selenium.remote.RemoteWebDriver.execute(RemoteWebDriver.java:552)
	at io.appium.java_client.DefaultGenericMobileDriver.execute(DefaultGenericMobileDriver.java:41)
	at io.appium.java_client.AppiumDriver.execute(AppiumDriver.java:1)
	at io.appium.java_client.android.AndroidDriver.execute(AndroidDriver.java:1)
	at org.openqa.selenium.remote.RemoteWebElement.execute(RemoteWebElement.java:285)
	at io.appium.java_client.DefaultGenericMobileElement.execute(DefaultGenericMobileElement.java:45)
	at io.appium.java_client.MobileElement.execute(MobileElement.java:1)
	at io.appium.java_client.android.AndroidElement.execute(AndroidElement.java:1)
	at org.openqa.selenium.remote.RemoteWebElement.click(RemoteWebElement.java:84)
	at Pages.SignUpPage.click_on_searchbar(SignUpPage.java:367)
	at Tests.SignUpTests.Verify_the_functionality_of_Search_bar(SignUpTests.java:391)
	at java.base/jdk.internal.reflect.DirectMethodHandleAccessor.invoke(DirectMethodHandleAccessor.java:104)
	at java.base/java.lang.reflect.Method.invoke(Method.java:578)
	at org.testng.internal.MethodInvocationHelper.invokeMethod(MethodInvocationHelper.java:133)
	at org.testng.internal.TestInvoker.invokeMethod(TestInvoker.java:598)
	at org.testng.internal.TestInvoker.invokeTestMethod(TestInvoker.java:173)
	at org.testng.internal.MethodRunner.runInSequence(MethodRunner.java:46)
	at org.testng.internal.TestInvoker$MethodInvocationAgent.invoke(TestInvoker.java:824)
	at org.testng.internal.TestInvoker.invokeTestMethods(TestInvoker.java:146)
	at org.testng.internal.TestMethodWorker.invokeTestMethods(TestMethodWorker.java:146)
	at org.testng.internal.TestMethodWorker.run(TestMethodWorker.java:128)
	at java.base/java.util.ArrayList.forEach(ArrayList.java:1511)
	at org.testng.TestRunner.privateRun(TestRunner.java:794)
	at org.testng.TestRunner.run(TestRunner.java:596)
	at org.testng.SuiteRunner.runTest(SuiteRunner.java:377)
	at org.testng.SuiteRunner.runSequentially(SuiteRunner.java:371)
	at org.testng.SuiteRunner.privateRun(SuiteRunner.java:332)
	at org.testng.SuiteRunner.run(SuiteRunner.java:276)
	at org.testng.SuiteRunnerWorker.runSuite(SuiteRunnerWorker.java:53)
	at org.testng.SuiteRunnerWorker.run(SuiteRunnerWorker.java:96)
	at org.testng.TestNG.runSuitesSequentially(TestNG.java:1212)
	at org.testng.TestNG.runSuitesLocally(TestNG.java:1134)
	at org.testng.TestNG.runSuites(TestNG.java:1063)
	at org.testng.TestNG.run(TestNG.java:1031)
	at org.apache.maven.surefire.testng.TestNGExecutor.run(TestNGExecutor.java:284)
	at org.apache.maven.surefire.testng.TestNGXmlTestSuite.execute(TestNGXmlTestSuite.java:75)
	at org.apache.maven.surefire.testng.TestNGProvider.invoke(TestNGProvider.java:119)
	at org.apache.maven.surefire.booter.ForkedBooter.runSuitesInProcess(ForkedBooter.java:428)
	at org.apache.maven.surefire.booter.ForkedBooter.execute(ForkedBooter.java:162)
	at org.apache.maven.surefire.booter.ForkedBooter.run(ForkedBooter.java:562)
	at org.apache.maven.surefire.booter.ForkedBooter.main(ForkedBooter.java:548)


===============================================
    SignUp Functionality : Verify user signup
    Tests run: 51, Failures: 7, Skips: 0
===============================================

Application Launched.
Clicked on skip button.
Clicked on next button.
Email Text field is displayed
Password Text field is displayed
Show Password Icon is displayed
Forgot Password Link is displayed
Login Button is displayed
SignUp Button is displayed
]]></system-out>
    <system-err><![CDATA[Jan 03, 2023 8:24:04 PM io.appium.java_client.remote.AppiumCommandExecutor$1 lambda$0
INFO: Detected dialect: W3C
]]></system-err>
  </testcase>
  <testcase name="Verify_the_navigation_by_clicking_on_Back_icon" classname="Tests.LoginTests" time="31.839">
    <system-out><![CDATA[PASS : Verify_the_fields_display_on_Login_screen<br><br>---------------------------------------------------------------------------<br><br>
Application Launched.
Clicked on skip button.
Clicked on next button.
Back icon is verified.
]]></system-out>
    <system-err><![CDATA[Jan 03, 2023 8:24:40 PM io.appium.java_client.remote.AppiumCommandExecutor$1 lambda$0
INFO: Detected dialect: W3C
]]></system-err>
  </testcase>
  <testcase name="Verify_login_without_any_credential" classname="Tests.LoginTests" time="28.777">
    <system-out><![CDATA[PASS : Verify_the_navigation_by_clicking_on_Back_icon<br><br>---------------------------------------------------------------------------<br><br>
Application Launched.
Clicked on skip button.
Clicked on next button.
Clicked On Login Button
Verified Toast Alert for Login without entering credentials
Alert :- Please enter email address
]]></system-out>
    <system-err><![CDATA[Jan 03, 2023 8:25:20 PM io.appium.java_client.remote.AppiumCommandExecutor$1 lambda$0
INFO: Detected dialect: W3C
]]></system-err>
  </testcase>
  <testcase name="Verify_Enter_your_email_field_by_entering_invalid_email_id" classname="Tests.LoginTests" time="28.905">
    <system-out><![CDATA[PASS : Verify_login_without_any_credential<br><br>---------------------------------------------------------------------------<br><br>
Application Launched.
Clicked on skip button.
Clicked on next button.
Email Text field is displayed
Clicked On Login Button
Verify Toast Alert Message For Invalid Email Address
Alert :- Please enter valid email address
]]></system-out>
    <system-err><![CDATA[Jan 03, 2023 8:25:58 PM io.appium.java_client.remote.AppiumCommandExecutor$1 lambda$0
INFO: Detected dialect: W3C
]]></system-err>
  </testcase>
  <testcase name="Verify_Enter_your_email_field_by_entering_valid_email_id" classname="Tests.LoginTests" time="28.886">
    <system-out><![CDATA[PASS : Verify_Enter_your_email_field_by_entering_invalid_email_id<br><br>---------------------------------------------------------------------------<br><br>
Application Launched.
Clicked on skip button.
Clicked on next button.
Entered Email
Clicked On Login Button
Verify Toast Alert Message For Login Without Entering Password
Alert :- Please enter password
]]></system-out>
    <system-err><![CDATA[Jan 03, 2023 8:26:35 PM io.appium.java_client.remote.AppiumCommandExecutor$1 lambda$0
INFO: Detected dialect: W3C
]]></system-err>
  </testcase>
  <testcase name="Verify_login_by_only_entering_password" classname="Tests.LoginTests" time="29.47">
    <system-out><![CDATA[PASS : Verify_Enter_your_email_field_by_entering_valid_email_id<br><br>---------------------------------------------------------------------------<br><br>
Application Launched.
Clicked on skip button.
Clicked on next button.
Directly Entered Password
Clicked On Login Button
Verify Toast Alert Message For Login Without Entering Email
Alert :- Please enter email address
]]></system-out>
    <system-err><![CDATA[Jan 03, 2023 8:27:13 PM io.appium.java_client.remote.AppiumCommandExecutor$1 lambda$0
INFO: Detected dialect: W3C
]]></system-err>
  </testcase>
  <testcase name="Verify_login_with_valid_email_Id_and_invalid_password" classname="Tests.LoginTests" time="32.008">
    <system-out><![CDATA[PASS : Verify_login_by_only_entering_password<br><br>---------------------------------------------------------------------------<br><br>
Application Launched.
Clicked on skip button.
Clicked on next button.
Entered Email
Entered Invalid Password
Clicked On Login Button
Verify Toast Alert Message For Valid Email but Invalid Password
Alert :- Incorrect username or password.
]]></system-out>
    <system-err><![CDATA[Jan 03, 2023 8:27:51 PM io.appium.java_client.remote.AppiumCommandExecutor$1 lambda$0
INFO: Detected dialect: W3C
]]></system-err>
  </testcase>
  <testcase name="Verify_login_with_valid_credentials" classname="Tests.LoginTests" time="30.138">
    <system-out><![CDATA[PASS : Verify_login_with_valid_email_Id_and_invalid_password<br><br>---------------------------------------------------------------------------<br><br>
Application Launched.
Clicked on skip button.
Clicked on next button.
Entered Email
Entered Invalid Password
Clicked On Login Button
Verify Toast Alert Message For Valid Email but Invalid Password
Alert :- Incorrect username or password.
]]></system-out>
    <system-err><![CDATA[Jan 03, 2023 8:28:32 PM io.appium.java_client.remote.AppiumCommandExecutor$1 lambda$0
INFO: Detected dialect: W3C
]]></system-err>
  </testcase>
  <testcase name="Verify_Forgot_Password_link" classname="Tests.LoginTests" time="28.062">
    <system-out><![CDATA[PASS : Verify_login_with_valid_credentials<br><br>---------------------------------------------------------------------------<br><br>
Application Launched.
Clicked on skip button.
Clicked on next button.
Clicked On Forgot Password Link
Forgot Password page is Opened
]]></system-out>
    <system-err><![CDATA[Jan 03, 2023 8:29:10 PM io.appium.java_client.remote.AppiumCommandExecutor$1 lambda$0
INFO: Detected dialect: W3C
]]></system-err>
  </testcase>
  <testcase name="Verify_submit_button_without_entering_email_id" classname="Tests.LoginTests" time="29.634">
    <system-out><![CDATA[PASS : Verify_Forgot_Password_link<br><br>---------------------------------------------------------------------------<br><br>
Application Launched.
Clicked on skip button.
Clicked on next button.
Clicked On Forgot Password Link
Forgot Password page is Opened
toast:Please enter email address
Toast msg to enter email address verified
]]></system-out>
    <system-err><![CDATA[Jan 03, 2023 8:29:47 PM io.appium.java_client.remote.AppiumCommandExecutor$1 lambda$0
INFO: Detected dialect: W3C
]]></system-err>
  </testcase>
  <testcase name="Verify_Enter_your_email_field_by_entering_non_registered_email_id" classname="Tests.LoginTests" time="31.937">
    <system-out><![CDATA[PASS : Verify_submit_button_without_entering_email_id<br><br>---------------------------------------------------------------------------<br><br>
Application Launched.
Clicked on skip button.
Clicked on next button.
Clicked On Forgot Password Link
Forgot Password page is Opened
Entered non registered Email
Verify Toast Alert Message For Forgot Password Submission with non registered Email ID
Alert :- Entered email address is not registered. Please enter your registered email address.
]]></system-out>
    <system-err><![CDATA[Jan 03, 2023 8:30:25 PM io.appium.java_client.remote.AppiumCommandExecutor$1 lambda$0
INFO: Detected dialect: W3C
]]></system-err>
  </testcase>
  <testcase name="Verify_Enter_your_email_field" classname="Tests.LoginTests" time="29.512">
    <system-out><![CDATA[PASS : Verify_Enter_your_email_field_by_entering_non_registered_email_id<br><br>---------------------------------------------------------------------------<br><br>
Application Launched.
Clicked on skip button.
Clicked on next button.
Clicked On Forgot Password Link
Forgot Password page is Opened
Entered registered Email
Clicked On Submit Button
Reset Password Screen Is Visible
]]></system-out>
    <system-err><![CDATA[Jan 03, 2023 8:31:06 PM io.appium.java_client.remote.AppiumCommandExecutor$1 lambda$0
INFO: Detected dialect: W3C
]]></system-err>
  </testcase>
  <testcase name="Verify_the_fields_display_on_reset_password_screen" classname="Tests.LoginTests" time="29.312">
    <system-out><![CDATA[PASS : Verify_Enter_your_email_field<br><br>---------------------------------------------------------------------------<br><br>
Application Launched.
Clicked on skip button.
Clicked on next button.
Clicked On Forgot Password Link
Forgot Password page is Opened
Entered registered Email
Clicked On Submit Button
Reset Password Screen Is Visible
Verified Code Sent Message
OTP Field is Visible
New Password Field is Visible
New Password Eye Icon is Visible
Confirm Password Field is Visible
Confirm Password Eye Icon is Visible
Resend OTP Link is Visible
]]></system-out>
    <system-err><![CDATA[Jan 03, 2023 8:31:44 PM io.appium.java_client.remote.AppiumCommandExecutor$1 lambda$0
INFO: Detected dialect: W3C
]]></system-err>
  </testcase>
  <testcase name="Verify_the_Eye_icon_functionality_for_New_Password_field" classname="Tests.LoginTests" time="32.076">
    <system-out><![CDATA[PASS : Verify_the_fields_display_on_reset_password_screen<br><br>---------------------------------------------------------------------------<br><br>
Application Launched.
Clicked on skip button.
Clicked on next button.
Clicked On Forgot Password Link
Forgot Password page is Opened
Entered registered Email
Clicked On Submit Button
Reset Password Screen Is Visible
Verified Code Sent Message
OTP Field is Visible
New Password Field is Visible
New Password Eye Icon is Visible
Confirm Password Field is Visible
Confirm Password Eye Icon is Visible
Resend OTP Link is Visible
Clicked On Eye Icon to Show Password of New Password Field
Clicked On Eye Icon to Hide Password of New Password Field
]]></system-out>
    <system-err><![CDATA[Jan 03, 2023 8:32:21 PM io.appium.java_client.remote.AppiumCommandExecutor$1 lambda$0
INFO: Detected dialect: W3C
]]></system-err>
  </testcase>
  <testcase name="Verify_the_Confirm_Password_field_by_entering_different_password_than_New_Password_field" classname="Tests.LoginTests" time="32.315">
    <system-out><![CDATA[PASS : Verify_the_Eye_icon_functionality_for_New_Password_field<br><br>---------------------------------------------------------------------------<br><br>
Application Launched.
Clicked on skip button.
Clicked on next button.
Clicked On Forgot Password Link
Forgot Password page is Opened
Entered registered Email
Clicked On Submit Button
Reset Password Screen Is Visible
Verified Code Sent Message
OTP Field is Visible
New Password Field is Visible
New Password Eye Icon is Visible
Confirm Password Field is Visible
Confirm Password Eye Icon is Visible
Resend OTP Link is Visible
Entered OTP
Entered New Password
Entered wrong Confirm Password
Clicked Submit button to reset password
Verify Validation message for mismatched password
Alert :- Please verification code
]]></system-out>
    <system-err><![CDATA[Jan 03, 2023 8:33:02 PM io.appium.java_client.remote.AppiumCommandExecutor$1 lambda$0
INFO: Detected dialect: W3C
]]></system-err>
  </testcase>
  <testcase name="Verify_the_Resend_OTP_link" classname="Tests.LoginTests" time="32.47">
    <system-out><![CDATA[PASS : Verify_the_Confirm_Password_field_by_entering_different_password_than_New_Password_field<br><br>---------------------------------------------------------------------------<br><br>
Application Launched.
Clicked on skip button.
Clicked on next button.
Clicked On Forgot Password Link
Forgot Password page is Opened
Entered registered Email
Clicked On Submit Button
Reset Password Screen Is Visible
Verified Code Sent Message
OTP Field is Visible
New Password Field is Visible
New Password Eye Icon is Visible
Confirm Password Field is Visible
Confirm Password Eye Icon is Visible
Resend OTP Link is Visible
Clicked button to resend OTP
Verify Toast Alert Message for OTP Resend :-
Alert :- Something wrong in Code send.
]]></system-out>
    <system-err><![CDATA[Jan 03, 2023 8:33:43 PM io.appium.java_client.remote.AppiumCommandExecutor$1 lambda$0
INFO: Detected dialect: W3C
]]></system-err>
  </testcase>
  <testcase name="Verify_the_6_digit_code_field_by_entering_wrong_code" classname="Tests.LoginTests" time="44.807">
    <failure message="An element could not be located on the page using the given search parameters.&#10;For documentation on this error, please visit: https://www.seleniumhq.org/exceptions/no_such_element.html&#10;Build info: version: &apos;3.141.59&apos;, revision: &apos;e82be7d358&apos;, time: &apos;2018-11-14T08:17:03&apos;&#10;System info: host: &apos;Admins-MacBook-Pro.local&apos;, ip: &apos;fe80:0:0:0:8f:c148:5c9e:6494%en0&apos;, os.name: &apos;Mac OS X&apos;, os.arch: &apos;x86_64&apos;, os.version: &apos;12.4&apos;, java.version: &apos;19.0.1&apos;&#10;Driver info: io.appium.java_client.android.AndroidDriver&#10;Capabilities {app: /Users/admin/Desktop/Plai_M..., appPackage: com.app.plaisports, autoAcceptAlerts: true, autoGrantPermissions: true, automationName: UiAutomator2, databaseEnabled: false, desired: {app: /Users/admin/Desktop/Plai_M..., autoAcceptAlerts: true, autoGrantPermissions: true, automationName: UiAutomator2, deviceName: 25e4e5308f0d7ece, platformName: android, platformVersion: 10, resetKeyboard: false, unicodeKeyboard: false}, deviceApiLevel: 29, deviceManufacturer: samsung, deviceModel: SM-N960F, deviceName: 25e4e5308f0d7ece, deviceScreenDensity: 420, deviceScreenSize: 1080x2220, deviceUDID: 25e4e5308f0d7ece, javascriptEnabled: true, locationContextEnabled: false, networkConnectionEnabled: true, pixelRatio: 2.625, platform: LINUX, platformName: android, platformVersion: 10, resetKeyboard: false, statBarHeight: 63, takesScreenshot: true, unicodeKeyboard: false, viewportRect: {height: 2031, left: 0, top: 63, width: 1080}, warnings: {}, webStorageEnabled: false}&#10;Session ID: 9590d6c7-13ee-49de-aa88-d46f48346c6e&#10;*** Element info: {Using=xpath, value=//android.widget.EditText[2]}" type="org.openqa.selenium.NoSuchElementException"><![CDATA[org.openqa.selenium.NoSuchElementException: 
An element could not be located on the page using the given search parameters.
For documentation on this error, please visit: https://www.seleniumhq.org/exceptions/no_such_element.html
Build info: version: '3.141.59', revision: 'e82be7d358', time: '2018-11-14T08:17:03'
System info: host: 'Admins-MacBook-Pro.local', ip: 'fe80:0:0:0:8f:c148:5c9e:6494%en0', os.name: 'Mac OS X', os.arch: 'x86_64', os.version: '12.4', java.version: '19.0.1'
Driver info: io.appium.java_client.android.AndroidDriver
Capabilities {app: /Users/admin/Desktop/Plai_M..., appPackage: com.app.plaisports, autoAcceptAlerts: true, autoGrantPermissions: true, automationName: UiAutomator2, databaseEnabled: false, desired: {app: /Users/admin/Desktop/Plai_M..., autoAcceptAlerts: true, autoGrantPermissions: true, automationName: UiAutomator2, deviceName: 25e4e5308f0d7ece, platformName: android, platformVersion: 10, resetKeyboard: false, unicodeKeyboard: false}, deviceApiLevel: 29, deviceManufacturer: samsung, deviceModel: SM-N960F, deviceName: 25e4e5308f0d7ece, deviceScreenDensity: 420, deviceScreenSize: 1080x2220, deviceUDID: 25e4e5308f0d7ece, javascriptEnabled: true, locationContextEnabled: false, networkConnectionEnabled: true, pixelRatio: 2.625, platform: LINUX, platformName: android, platformVersion: 10, resetKeyboard: false, statBarHeight: 63, takesScreenshot: true, unicodeKeyboard: false, viewportRect: {height: 2031, left: 0, top: 63, width: 1080}, warnings: {}, webStorageEnabled: false}
Session ID: 9590d6c7-13ee-49de-aa88-d46f48346c6e
*** Element info: {Using=xpath, value=//android.widget.EditText[2]}
	at Tests.LoginTests.Verify_the_6_digit_code_field_by_entering_wrong_code(LoginTests.java:217)
]]></failure>
    <system-out><![CDATA[PASS : Verify_the_Resend_OTP_link<br><br>---------------------------------------------------------------------------<br><br>
Application Launched.
Clicked on skip button.
Clicked on next button.
Clicked On Forgot Password Link
Forgot Password page is Opened
Entered registered Email
Clicked On Submit Button
Reset Password Screen Is Visible
Verified Code Sent Message
OTP Field is Visible
New Password Field is Visible
New Password Eye Icon is Visible
Confirm Password Field is Visible
Confirm Password Eye Icon is Visible
Resend OTP Link is Visible
Entered OTP
]]></system-out>
    <system-err><![CDATA[Jan 03, 2023 8:34:24 PM io.appium.java_client.remote.AppiumCommandExecutor$1 lambda$0
INFO: Detected dialect: W3C
]]></system-err>
  </testcase>
  <testcase name="Verify_the_UI_of_Splash_screen" classname="Tests.LoginTests" time="38.491">
    <system-out><![CDATA[Application Launched.
Clicked on skip button.
Clicked on next button.
Entered Email :- sagarnandha11+1@gmail.com
Entered Password :- Plai@1234
Clicked On Login Button
App name is verified on login splash screen
Day Greeting is verified on login splash screen
Username with Profile Picture is verified on login splash screen
Welcome Greeting is verified on login splash screen
]]></system-out>
    <system-err><![CDATA[Jan 03, 2023 8:35:08 PM org.openqa.selenium.remote.Augmenter extractRemoteWebDriver
WARNING: Augmenter should be applied to the instances of @Augmentable classes or previously augmented instances only (instance class was: class io.appium.java_client.android.AndroidDriver)
Jan 03, 2023 8:35:18 PM io.appium.java_client.remote.AppiumCommandExecutor$1 lambda$0
INFO: Detected dialect: W3C
]]></system-err>
  </testcase>
  <testcase name="Verify_fields_of_Home_screen" classname="Tests.HomePageTests" time="33.78">
    <system-out><![CDATA[PASS : Verify_the_UI_of_Splash_screen<br><br>---------------------------------------------------------------------------<br><br>
PASSED: Verify_the_Confirm_Password_field_by_entering_different_password_than_New_Password_field
PASSED: Verify_login_with_valid_email_Id_and_invalid_password
PASSED: Verify_Enter_your_email_field_by_entering_invalid_email_id
PASSED: Verify_the_Eye_icon_functionality_for_New_Password_field
PASSED: Verify_the_fields_display_on_Login_screen
PASSED: Verify_the_UI_of_Splash_screen
PASSED: Verify_the_navigation_by_clicking_on_Back_icon
PASSED: Verify_submit_button_without_entering_email_id
PASSED: Verify_the_Resend_OTP_link
PASSED: Verify_login_by_only_entering_password
PASSED: Verify_login_without_any_credential
PASSED: Verify_login_with_valid_credentials
PASSED: Verify_the_fields_display_on_reset_password_screen
PASSED: Verify_Enter_your_email_field_by_entering_non_registered_email_id
PASSED: Verify_Enter_your_email_field
PASSED: Verify_Enter_your_email_field_by_entering_valid_email_id
PASSED: Verify_Forgot_Password_link
FAILED: Verify_the_6_digit_code_field_by_entering_wrong_code
org.openqa.selenium.NoSuchElementException: An element could not be located on the page using the given search parameters.
For documentation on this error, please visit: https://www.seleniumhq.org/exceptions/no_such_element.html
Build info: version: '3.141.59', revision: 'e82be7d358', time: '2018-11-14T08:17:03'
System info: host: 'Admins-MacBook-Pro.local', ip: 'fe80:0:0:0:8f:c148:5c9e:6494%en0', os.name: 'Mac OS X', os.arch: 'x86_64', os.version: '12.4', java.version: '19.0.1'
Driver info: io.appium.java_client.android.AndroidDriver
Capabilities {app: /Users/admin/Desktop/Plai_M..., appPackage: com.app.plaisports, autoAcceptAlerts: true, autoGrantPermissions: true, automationName: UiAutomator2, databaseEnabled: false, desired: {app: /Users/admin/Desktop/Plai_M..., autoAcceptAlerts: true, autoGrantPermissions: true, automationName: UiAutomator2, deviceName: 25e4e5308f0d7ece, platformName: android, platformVersion: 10, resetKeyboard: false, unicodeKeyboard: false}, deviceApiLevel: 29, deviceManufacturer: samsung, deviceModel: SM-N960F, deviceName: 25e4e5308f0d7ece, deviceScreenDensity: 420, deviceScreenSize: 1080x2220, deviceUDID: 25e4e5308f0d7ece, javascriptEnabled: true, locationContextEnabled: false, networkConnectionEnabled: true, pixelRatio: 2.625, platform: LINUX, platformName: android, platformVersion: 10, resetKeyboard: false, statBarHeight: 63, takesScreenshot: true, unicodeKeyboard: false, viewportRect: {height: 2031, left: 0, top: 63, width: 1080}, warnings: {}, webStorageEnabled: false}
Session ID: 9590d6c7-13ee-49de-aa88-d46f48346c6e
*** Element info: {Using=xpath, value=//android.widget.EditText[2]}
	at java.base/jdk.internal.reflect.DirectConstructorHandleAccessor.newInstance(DirectConstructorHandleAccessor.java:67)
	at java.base/java.lang.reflect.Constructor.newInstanceWithCaller(Constructor.java:500)
	at java.base/java.lang.reflect.Constructor.newInstance(Constructor.java:484)
	at org.openqa.selenium.remote.http.W3CHttpResponseCodec.createException(W3CHttpResponseCodec.java:187)
	at org.openqa.selenium.remote.http.W3CHttpResponseCodec.decode(W3CHttpResponseCodec.java:122)
	at org.openqa.selenium.remote.http.W3CHttpResponseCodec.decode(W3CHttpResponseCodec.java:49)
	at org.openqa.selenium.remote.HttpCommandExecutor.execute(HttpCommandExecutor.java:158)
	at io.appium.java_client.remote.AppiumCommandExecutor.execute(AppiumCommandExecutor.java:247)
	at org.openqa.selenium.remote.RemoteWebDriver.execute(RemoteWebDriver.java:552)
	at io.appium.java_client.DefaultGenericMobileDriver.execute(DefaultGenericMobileDriver.java:41)
	at io.appium.java_client.AppiumDriver.execute(AppiumDriver.java:1)
	at io.appium.java_client.android.AndroidDriver.execute(AndroidDriver.java:1)
	at org.openqa.selenium.remote.RemoteWebDriver.findElement(RemoteWebDriver.java:323)
	at io.appium.java_client.DefaultGenericMobileDriver.findElement(DefaultGenericMobileDriver.java:61)
	at io.appium.java_client.AppiumDriver.findElement(AppiumDriver.java:1)
	at io.appium.java_client.android.AndroidDriver.findElement(AndroidDriver.java:1)
	at org.openqa.selenium.remote.RemoteWebDriver.findElementByXPath(RemoteWebDriver.java:428)
	at io.appium.java_client.DefaultGenericMobileDriver.findElementByXPath(DefaultGenericMobileDriver.java:151)
	at io.appium.java_client.AppiumDriver.findElementByXPath(AppiumDriver.java:1)
	at io.appium.java_client.android.AndroidDriver.findElementByXPath(AndroidDriver.java:1)
	at org.openqa.selenium.By$ByXPath.findElement(By.java:353)
	at org.openqa.selenium.remote.RemoteWebDriver.findElement(RemoteWebDriver.java:315)
	at io.appium.java_client.DefaultGenericMobileDriver.findElement(DefaultGenericMobileDriver.java:57)
	at io.appium.java_client.AppiumDriver.findElement(AppiumDriver.java:1)
	at io.appium.java_client.android.AndroidDriver.findElement(AndroidDriver.java:1)
	at Pages.LoginPage.Verify_Reset_Password_With_Wrong_OTP(LoginPage.java:200)
	at Tests.LoginTests.Verify_the_6_digit_code_field_by_entering_wrong_code(LoginTests.java:217)
	at java.base/jdk.internal.reflect.DirectMethodHandleAccessor.invoke(DirectMethodHandleAccessor.java:104)
	at java.base/java.lang.reflect.Method.invoke(Method.java:578)
	at org.testng.internal.MethodInvocationHelper.invokeMethod(MethodInvocationHelper.java:133)
	at org.testng.internal.TestInvoker.invokeMethod(TestInvoker.java:598)
	at org.testng.internal.TestInvoker.invokeTestMethod(TestInvoker.java:173)
	at org.testng.internal.MethodRunner.runInSequence(MethodRunner.java:46)
	at org.testng.internal.TestInvoker$MethodInvocationAgent.invoke(TestInvoker.java:824)
	at org.testng.internal.TestInvoker.invokeTestMethods(TestInvoker.java:146)
	at org.testng.internal.TestMethodWorker.invokeTestMethods(TestMethodWorker.java:146)
	at org.testng.internal.TestMethodWorker.run(TestMethodWorker.java:128)
	at java.base/java.util.ArrayList.forEach(ArrayList.java:1511)
	at org.testng.TestRunner.privateRun(TestRunner.java:794)
	at org.testng.TestRunner.run(TestRunner.java:596)
	at org.testng.SuiteRunner.runTest(SuiteRunner.java:377)
	at org.testng.SuiteRunner.runSequentially(SuiteRunner.java:371)
	at org.testng.SuiteRunner.privateRun(SuiteRunner.java:332)
	at org.testng.SuiteRunner.run(SuiteRunner.java:276)
	at org.testng.SuiteRunnerWorker.runSuite(SuiteRunnerWorker.java:53)
	at org.testng.SuiteRunnerWorker.run(SuiteRunnerWorker.java:96)
	at org.testng.TestNG.runSuitesSequentially(TestNG.java:1212)
	at org.testng.TestNG.runSuitesLocally(TestNG.java:1134)
	at org.testng.TestNG.runSuites(TestNG.java:1063)
	at org.testng.TestNG.run(TestNG.java:1031)
	at org.apache.maven.surefire.testng.TestNGExecutor.run(TestNGExecutor.java:284)
	at org.apache.maven.surefire.testng.TestNGXmlTestSuite.execute(TestNGXmlTestSuite.java:75)
	at org.apache.maven.surefire.testng.TestNGProvider.invoke(TestNGProvider.java:119)
	at org.apache.maven.surefire.booter.ForkedBooter.runSuitesInProcess(ForkedBooter.java:428)
	at org.apache.maven.surefire.booter.ForkedBooter.execute(ForkedBooter.java:162)
	at org.apache.maven.surefire.booter.ForkedBooter.run(ForkedBooter.java:562)
	at org.apache.maven.surefire.booter.ForkedBooter.main(ForkedBooter.java:548)


===============================================
    Login Functionality : Verify user login
    Tests run: 18, Failures: 1, Skips: 0
===============================================

Application Launched.
Clicked on skip button.
Clicked on next button.
Entered Email :- sagarnandha11+1@gmail.com
Entered Password :- Plai@1234
Clicked On Login Button
Search Icon On Home Page is displayed
Profile Icon On Home Page is displayed
Pending Button On Home Page is displayed
Sliding Banners On Home Page is displayed
Sort by Button On Home Page is displayed
Location Icon On Home Page is displayed
Create Team Plus Button On Home Page is displayed
Settings Button On Home Page is displayed
]]></system-out>
    <system-err><![CDATA[Jan 03, 2023 8:36:04 PM io.appium.java_client.remote.AppiumCommandExecutor$1 lambda$0
INFO: Detected dialect: W3C
]]></system-err>
  </testcase>
  <testcase name="Verify_the_functionality_of_Search_icon" classname="Tests.HomePageTests" time="50.212">
    <system-out><![CDATA[PASS : Verify_fields_of_Home_screen<br><br>---------------------------------------------------------------------------<br><br>
Application Launched.
Clicked on skip button.
Clicked on next button.
Entered Email :- sagarnandha11+1@gmail.com
Entered Password :- Plai@1234
Clicked On Login Button
App name is verified on login splash screen
Day Greeting is verified on login splash screen
Username with Profile Picture is verified on login splash screen
Welcome Greeting is verified on login splash screen
Clicked On Search Icon
Search Page is displayed
Search Field is displayed
Map is displayed
Sliding Banners are displayed
]]></system-out>
    <system-err><![CDATA[Jan 03, 2023 8:36:47 PM io.appium.java_client.remote.AppiumCommandExecutor$1 lambda$0
INFO: Detected dialect: W3C
]]></system-err>
  </testcase>
  <testcase name="Verify_the_navigation_by_clicking_on_Back_icon_of_Search_Team_screen" classname="Tests.HomePageTests" time="51.28">
    <system-out><![CDATA[PASS : Verify_the_functionality_of_Search_icon<br><br>---------------------------------------------------------------------------<br><br>
Application Launched.
Clicked on skip button.
Clicked on next button.
Entered Email :- sagarnandha11+1@gmail.com
Entered Password :- Plai@1234
Clicked On Login Button
App name is verified on login splash screen
Day Greeting is verified on login splash screen
Username with Profile Picture is verified on login splash screen
Welcome Greeting is verified on login splash screen
Clicked On Search Icon
Search Page is displayed
Clicked On back button of search
Back to Home Page
]]></system-out>
    <system-err><![CDATA[Jan 03, 2023 8:37:46 PM io.appium.java_client.remote.AppiumCommandExecutor$1 lambda$0
INFO: Detected dialect: W3C
]]></system-err>
  </testcase>
  <testcase name="Verify_the_functionality_of_Search_bar" classname="Tests.HomePageTests" time="54.475">
    <system-out><![CDATA[PASS : Verify_the_navigation_by_clicking_on_Back_icon_of_Search_Team_screen<br><br>---------------------------------------------------------------------------<br><br>
Application Launched.
Clicked on skip button.
Clicked on next button.
Entered Email :- sagarnandha11+1@gmail.com
Entered Password :- Plai@1234
Clicked On Login Button
App name is verified on login splash screen
Day Greeting is verified on login splash screen
Username with Profile Picture is verified on login splash screen
Welcome Greeting is verified on login splash screen
Clicked On Search Icon
Search Page is displayed
Searched Sporty Tots
Map navigated to Sporty Tots Location
Sporty Tots banner is displayed
]]></system-out>
    <system-err><![CDATA[Jan 03, 2023 8:38:46 PM io.appium.java_client.remote.AppiumCommandExecutor$1 lambda$0
INFO: Detected dialect: W3C
]]></system-err>
  </testcase>
  <testcase name="Verify_the_banner_for_searched_club" classname="Tests.HomePageTests" time="55.197">
    <system-out><![CDATA[PASS : Verify_the_functionality_of_Search_bar<br><br>---------------------------------------------------------------------------<br><br>
Application Launched.
Clicked on skip button.
Clicked on next button.
Entered Email :- sagarnandha11+1@gmail.com
Entered Password :- Plai@1234
Clicked On Login Button
App name is verified on login splash screen
Day Greeting is verified on login splash screen
Username with Profile Picture is verified on login splash screen
Welcome Greeting is verified on login splash screen
Clicked On Search Icon
Search Page is displayed
Searched Sporty Tots
Map navigated to Sporty Tots Location
Sporty Tots banner is displayed
]]></system-out>
    <system-err><![CDATA[Jan 03, 2023 8:39:49 PM io.appium.java_client.remote.AppiumCommandExecutor$1 lambda$0
INFO: Detected dialect: W3C
]]></system-err>
  </testcase>
  <testcase name="Verify_the_banner_for_searched_club_2_Verify_Pending_Request" classname="Tests.HomePageTests" time="63.016">
    <system-out><![CDATA[PASS : Verify_the_banner_for_searched_club<br><br>---------------------------------------------------------------------------<br><br>
Application Launched.
Clicked on skip button.
Clicked on next button.
Entered Email :- sagarnandha11+1@gmail.com
Entered Password :- Plai@1234
Clicked On Login Button
App name is verified on login splash screen
Day Greeting is verified on login splash screen
Username with Profile Picture is verified on login splash screen
Welcome Greeting is verified on login splash screen
Clicked On Search Icon
Search Page is displayed
Searched Sporty Tots
Map navigated to Sporty Tots Location
Sporty Tots banner is displayed
Clicked on Sporty Tots banner
Clicked on Join Team Button
Clicked on Back button
Verifying Pending Request button For the Team Joining
Clicked on Pending Request button
Pending Request for join team of Searched Team is displayed in Pending Requests
]]></system-out>
    <system-err><![CDATA[Jan 03, 2023 8:40:53 PM io.appium.java_client.remote.AppiumCommandExecutor$1 lambda$0
INFO: Detected dialect: W3C
]]></system-err>
  </testcase>
  <testcase name="Verify_the_Profile_icon" classname="Tests.HomePageTests" time="39.846">
    <system-out><![CDATA[PASS : Verify_the_banner_for_searched_club_2_Verify_Pending_Request<br><br>---------------------------------------------------------------------------<br><br>
Application Launched.
Clicked on skip button.
Clicked on next button.
Entered Email :- sagarnandha11+1@gmail.com
Entered Password :- Plai@1234
Clicked On Login Button
App name is verified on login splash screen
Day Greeting is verified on login splash screen
Username with Profile Picture is verified on login splash screen
Welcome Greeting is verified on login splash screen
Clicked on Profile Icon
]]></system-out>
    <system-err><![CDATA[Jan 03, 2023 8:42:05 PM io.appium.java_client.remote.AppiumCommandExecutor$1 lambda$0
INFO: Detected dialect: W3C
]]></system-err>
  </testcase>
  <testcase name="Verify_the_fields_of_Profile_screen" classname="Tests.HomePageTests" time="42.207">
    <system-out><![CDATA[PASS : Verify_the_Profile_icon<br><br>---------------------------------------------------------------------------<br><br>
Application Launched.
Clicked on skip button.
Clicked on next button.
Entered Email :- sagarnandha11+1@gmail.com
Entered Password :- Plai@1234
Clicked On Login Button
App name is verified on login splash screen
Day Greeting is verified on login splash screen
Username with Profile Picture is verified on login splash screen
Welcome Greeting is verified on login splash screen
Clicked on Profile Icon
Edit Button is displayed
back Button is displayed
UserName is displayed
Location is displayed
Mobile Number is displayed
Gender is displayed
Date Of Birth is displayed
USer Email ID is displayed
Profile Picture is displayed
My Club is displayed
]]></system-out>
    <system-err><![CDATA[Jan 03, 2023 8:42:53 PM io.appium.java_client.remote.AppiumCommandExecutor$1 lambda$0
INFO: Detected dialect: W3C
]]></system-err>
  </testcase>
  <testcase name="Verify_the_functionality_of_Edit_icon" classname="Tests.HomePageTests" time="42.447">
    <system-out><![CDATA[PASS : Verify_the_fields_of_Profile_screen<br><br>---------------------------------------------------------------------------<br><br>
Application Launched.
Clicked on skip button.
Clicked on next button.
Entered Email :- sagarnandha11+1@gmail.com
Entered Password :- Plai@1234
Clicked On Login Button
App name is verified on login splash screen
Day Greeting is verified on login splash screen
Username with Profile Picture is verified on login splash screen
Welcome Greeting is verified on login splash screen
Clicked on Profile Icon
Clicked on Edit Profile Button
]]></system-out>
    <system-err><![CDATA[Jan 03, 2023 8:43:44 PM io.appium.java_client.remote.AppiumCommandExecutor$1 lambda$0
INFO: Detected dialect: W3C
]]></system-err>
  </testcase>
  <testcase name="Verify_the_fields_display_on_Edit_Profile_screen" classname="Tests.HomePageTests" time="48.695">
    <system-out><![CDATA[PASS : Verify_the_functionality_of_Edit_icon<br><br>---------------------------------------------------------------------------<br><br>
Application Launched.
Clicked on skip button.
Clicked on next button.
Entered Email :- sagarnandha11+1@gmail.com
Entered Password :- Plai@1234
Clicked On Login Button
App name is verified on login splash screen
Day Greeting is verified on login splash screen
Username with Profile Picture is verified on login splash screen
Welcome Greeting is verified on login splash screen
Clicked on Profile Icon
Clicked on Edit Profile Button
Back button is Displayed
Done Button is Displayed
First Name is Displayed
Last Name is Displayed
Email is displayed
Date Of birth is displayed
Location is displayed
Mobile Number is displayed
Select Gender is displayed
Prefer Not to Say Gender Checkbox is displayed
Add Bio is displayed

Scrolling the screen downwards !!!
Add Children is displayed
]]></system-out>
    <system-err><![CDATA[Jan 03, 2023 8:44:35 PM io.appium.java_client.remote.AppiumCommandExecutor$1 lambda$0
INFO: Detected dialect: W3C
]]></system-err>
  </testcase>
  <testcase name="Verify_Done_icon_of_Edit_Profile_screen" classname="Tests.HomePageTests" time="49.91">
    <system-out><![CDATA[PASS : Verify_the_fields_display_on_Edit_Profile_screen<br><br>---------------------------------------------------------------------------<br><br>
Application Launched.
Clicked on skip button.
Clicked on next button.
Entered Email :- sagarnandha11+1@gmail.com
Entered Password :- Plai@1234
Clicked On Login Button
App name is verified on login splash screen
Day Greeting is verified on login splash screen
Username with Profile Picture is verified on login splash screen
Welcome Greeting is verified on login splash screen
Clicked on Profile Icon
Clicked on Edit Profile Button
Clicked on Done Button
Verify Profile Edited Toast Alert
Alert :- Profile updated successfully.
]]></system-out>
    <system-err><![CDATA[Jan 03, 2023 8:45:32 PM io.appium.java_client.remote.AppiumCommandExecutor$1 lambda$0
INFO: Detected dialect: W3C
]]></system-err>
  </testcase>
  <testcase name="Verify_the_Location_field_of_EDIT_PROFILE_screen" classname="Tests.HomePageTests" time="44.037">
    <system-out><![CDATA[PASS : Verify_Done_icon_of_Edit_Profile_screen<br><br>---------------------------------------------------------------------------<br><br>
Application Launched.
Clicked on skip button.
Clicked on next button.
Entered Email :- sagarnandha11+1@gmail.com
Entered Password :- Plai@1234
Clicked On Login Button
App name is verified on login splash screen
Day Greeting is verified on login splash screen
Username with Profile Picture is verified on login splash screen
Welcome Greeting is verified on login splash screen
Clicked on Profile Icon
Clicked on Edit Profile Button
Clicked on Location Dropdown Button
Location Dropdown Opened with list of countries
]]></system-out>
    <system-err><![CDATA[Jan 03, 2023 8:46:31 PM io.appium.java_client.remote.AppiumCommandExecutor$1 lambda$0
INFO: Detected dialect: W3C
]]></system-err>
  </testcase>
  <testcase name="Verify_the_Location_field_by_tap_on_Dropdown_icon" classname="Tests.HomePageTests" time="54.964">
    <system-out><![CDATA[PASS : Verify_the_Location_field_of_EDIT_PROFILE_screen<br><br>---------------------------------------------------------------------------<br><br>
Application Launched.
Clicked on skip button.
Clicked on next button.
Entered Email :- sagarnandha11+1@gmail.com
Entered Password :- Plai@1234
Clicked On Login Button
App name is verified on login splash screen
Day Greeting is verified on login splash screen
Username with Profile Picture is verified on login splash screen
Welcome Greeting is verified on login splash screen
Clicked on Profile Icon
Clicked on Edit Profile Button
Clicked on Location Dropdown Button
Location Dropdown Opened with list of countries
]]></system-out>
    <system-err><![CDATA[Jan 03, 2023 8:47:24 PM io.appium.java_client.remote.AppiumCommandExecutor$1 lambda$0
INFO: Detected dialect: W3C
]]></system-err>
  </testcase>
  <testcase name="Verify_the_Done_link_without_selecting_any_option" classname="Tests.HomePageTests" time="62.579">
    <failure message="An element could not be located on the page using the given search parameters.&#10;For documentation on this error, please visit: https://www.seleniumhq.org/exceptions/no_such_element.html&#10;Build info: version: &apos;3.141.59&apos;, revision: &apos;e82be7d358&apos;, time: &apos;2018-11-14T08:17:03&apos;&#10;System info: host: &apos;Admins-MacBook-Pro.local&apos;, ip: &apos;fe80:0:0:0:8f:c148:5c9e:6494%en0&apos;, os.name: &apos;Mac OS X&apos;, os.arch: &apos;x86_64&apos;, os.version: &apos;12.4&apos;, java.version: &apos;19.0.1&apos;&#10;Driver info: io.appium.java_client.android.AndroidDriver&#10;Capabilities {app: /Users/admin/Desktop/Plai_M..., appPackage: com.app.plaisports, autoAcceptAlerts: true, autoGrantPermissions: true, automationName: UiAutomator2, databaseEnabled: false, desired: {app: /Users/admin/Desktop/Plai_M..., autoAcceptAlerts: true, autoGrantPermissions: true, automationName: UiAutomator2, deviceName: 25e4e5308f0d7ece, platformName: android, platformVersion: 10, resetKeyboard: false, unicodeKeyboard: false}, deviceApiLevel: 29, deviceManufacturer: samsung, deviceModel: SM-N960F, deviceName: 25e4e5308f0d7ece, deviceScreenDensity: 420, deviceScreenSize: 1080x2220, deviceUDID: 25e4e5308f0d7ece, javascriptEnabled: true, locationContextEnabled: false, networkConnectionEnabled: true, pixelRatio: 2.625, platform: LINUX, platformName: android, platformVersion: 10, resetKeyboard: false, statBarHeight: 63, takesScreenshot: true, unicodeKeyboard: false, viewportRect: {height: 2031, left: 0, top: 63, width: 1080}, warnings: {}, webStorageEnabled: false}&#10;Session ID: 6558d0b9-c5a4-4b74-885a-baa784096007&#10;*** Element info: {Using=xpath, value=/hierarchy/android.widget.Toast}" type="org.openqa.selenium.NoSuchElementException"><![CDATA[org.openqa.selenium.NoSuchElementException: 
An element could not be located on the page using the given search parameters.
For documentation on this error, please visit: https://www.seleniumhq.org/exceptions/no_such_element.html
Build info: version: '3.141.59', revision: 'e82be7d358', time: '2018-11-14T08:17:03'
System info: host: 'Admins-MacBook-Pro.local', ip: 'fe80:0:0:0:8f:c148:5c9e:6494%en0', os.name: 'Mac OS X', os.arch: 'x86_64', os.version: '12.4', java.version: '19.0.1'
Driver info: io.appium.java_client.android.AndroidDriver
Capabilities {app: /Users/admin/Desktop/Plai_M..., appPackage: com.app.plaisports, autoAcceptAlerts: true, autoGrantPermissions: true, automationName: UiAutomator2, databaseEnabled: false, desired: {app: /Users/admin/Desktop/Plai_M..., autoAcceptAlerts: true, autoGrantPermissions: true, automationName: UiAutomator2, deviceName: 25e4e5308f0d7ece, platformName: android, platformVersion: 10, resetKeyboard: false, unicodeKeyboard: false}, deviceApiLevel: 29, deviceManufacturer: samsung, deviceModel: SM-N960F, deviceName: 25e4e5308f0d7ece, deviceScreenDensity: 420, deviceScreenSize: 1080x2220, deviceUDID: 25e4e5308f0d7ece, javascriptEnabled: true, locationContextEnabled: false, networkConnectionEnabled: true, pixelRatio: 2.625, platform: LINUX, platformName: android, platformVersion: 10, resetKeyboard: false, statBarHeight: 63, takesScreenshot: true, unicodeKeyboard: false, viewportRect: {height: 2031, left: 0, top: 63, width: 1080}, warnings: {}, webStorageEnabled: false}
Session ID: 6558d0b9-c5a4-4b74-885a-baa784096007
*** Element info: {Using=xpath, value=/hierarchy/android.widget.Toast}
	at Tests.HomePageTests.Verify_the_Done_link_without_selecting_any_option(HomePageTests.java:229)
]]></failure>
    <system-out><![CDATA[PASS : Verify_the_Location_field_by_tap_on_Dropdown_icon<br><br>---------------------------------------------------------------------------<br><br>
Application Launched.
Clicked on skip button.
Clicked on next button.
Entered Email :- sagarnandha11+1@gmail.com
Entered Password :- Plai@1234
Clicked On Login Button
App name is verified on login splash screen
Day Greeting is verified on login splash screen
Username with Profile Picture is verified on login splash screen
Welcome Greeting is verified on login splash screen
Clicked on Profile Icon
Clicked on Edit Profile Button
Clicked on Location Dropdown Button
Location Dropdown Opened with list of countries
Clicked on Done Button
]]></system-out>
    <system-err><![CDATA[Jan 03, 2023 8:48:27 PM io.appium.java_client.remote.AppiumCommandExecutor$1 lambda$0
INFO: Detected dialect: W3C
]]></system-err>
  </testcase>
  <testcase name="Verify_the_Done_link_with_Search_bar" classname="Tests.HomePageTests" time="52.575">
    <system-out><![CDATA[Application Launched.
Clicked on skip button.
Clicked on next button.
Entered Email :- sagarnandha11+1@gmail.com
Entered Password :- Plai@1234
Clicked On Login Button
App name is verified on login splash screen
Day Greeting is verified on login splash screen
Username with Profile Picture is verified on login splash screen
Welcome Greeting is verified on login splash screen
Clicked on Profile Icon
Clicked on Edit Profile Button
Clicked on Location Dropdown Button
Searched Location :- Brazil
Clicked On Searched Location :- Brazil
Clicked on Done Button
Location Updated
]]></system-out>
    <system-err><![CDATA[Jan 03, 2023 8:49:30 PM org.openqa.selenium.remote.Augmenter extractRemoteWebDriver
WARNING: Augmenter should be applied to the instances of @Augmentable classes or previously augmented instances only (instance class was: class io.appium.java_client.android.AndroidDriver)
Jan 03, 2023 8:49:39 PM io.appium.java_client.remote.AppiumCommandExecutor$1 lambda$0
INFO: Detected dialect: W3C
]]></system-err>
  </testcase>
  <testcase name="Verify_the_Mobile_Number_field_by_entering_more_than_10_digit_number_More_Than_10_Digits" classname="Tests.HomePageTests" time="53.907">
    <system-out><![CDATA[PASS : Verify_the_Done_link_with_Search_bar<br><br>---------------------------------------------------------------------------<br><br>
Application Launched.
Clicked on skip button.
Clicked on next button.
Entered Email :- sagarnandha11+1@gmail.com
Entered Password :- Plai@1234
Clicked On Login Button
App name is verified on login splash screen
Day Greeting is verified on login splash screen
Username with Profile Picture is verified on login splash screen
Welcome Greeting is verified on login splash screen
Clicked on Profile Icon
Clicked on Edit Profile Button
Entered Phone Number More than 10 digits
Clicked on Done Button
Number Not allowed more than 10 digits
Alert :- Profile updated successfully.
]]></system-out>
    <system-err><![CDATA[Jan 03, 2023 8:50:40 PM io.appium.java_client.remote.AppiumCommandExecutor$1 lambda$0
INFO: Detected dialect: W3C
]]></system-err>
  </testcase>
  <testcase name="Verify_the_Mobile_Number_field_by_entering_more_than_10_digit_number" classname="Tests.HomePageTests" time="53.896">
    <system-out><![CDATA[PASS : Verify_the_Mobile_Number_field_by_entering_more_than_10_digit_number_More_Than_10_Digits<br><br>---------------------------------------------------------------------------<br><br>
Application Launched.
Clicked on skip button.
Clicked on next button.
Entered Email :- sagarnandha11+1@gmail.com
Entered Password :- Plai@1234
Clicked On Login Button
App name is verified on login splash screen
Day Greeting is verified on login splash screen
Username with Profile Picture is verified on login splash screen
Welcome Greeting is verified on login splash screen
Clicked on Profile Icon
Clicked on Edit Profile Button
Entered Phone Number More than 10 digits
Clicked on Done Button
Profile Updated Toast Message
Alert :- Profile updated successfully.
]]></system-out>
    <system-err><![CDATA[Jan 03, 2023 8:51:43 PM io.appium.java_client.remote.AppiumCommandExecutor$1 lambda$0
INFO: Detected dialect: W3C
]]></system-err>
  </testcase>
  <testcase name="Verify_the_navigation_of_Back_icon_display_on_Profile_screen" classname="Tests.HomePageTests" time="41.016">
    <system-out><![CDATA[PASS : Verify_the_Mobile_Number_field_by_entering_more_than_10_digit_number<br><br>---------------------------------------------------------------------------<br><br>
Application Launched.
Clicked on skip button.
Clicked on next button.
Entered Email :- sagarnandha11+1@gmail.com
Entered Password :- Plai@1234
Clicked On Login Button
App name is verified on login splash screen
Day Greeting is verified on login splash screen
Username with Profile Picture is verified on login splash screen
Welcome Greeting is verified on login splash screen
Clicked on Profile Icon
Back Button Clicked
Back To Home Page
]]></system-out>
    <system-err><![CDATA[Jan 03, 2023 8:52:46 PM io.appium.java_client.remote.AppiumCommandExecutor$1 lambda$0
INFO: Detected dialect: W3C
]]></system-err>
  </testcase>
  <testcase name="Verify_the_functionality_of_Pending_Request_button" classname="Tests.HomePageTests" time="39.069">
    <system-out><![CDATA[PASS : Verify_the_navigation_of_Back_icon_display_on_Profile_screen<br><br>---------------------------------------------------------------------------<br><br>
Application Launched.
Clicked on skip button.
Clicked on next button.
Entered Email :- sagarnandha11+1@gmail.com
Entered Password :- Plai@1234
Clicked On Login Button
App name is verified on login splash screen
Day Greeting is verified on login splash screen
Username with Profile Picture is verified on login splash screen
Welcome Greeting is verified on login splash screen
Pending Requests Button Clicked
Pending request page opened
]]></system-out>
    <system-err><![CDATA[Jan 03, 2023 8:53:35 PM io.appium.java_client.remote.AppiumCommandExecutor$1 lambda$0
INFO: Detected dialect: W3C
]]></system-err>
  </testcase>
  <testcase name="Verify_the_fields_display_on_Pending_Request_screen" classname="Tests.HomePageTests" time="41.377">
    <system-out><![CDATA[PASS : Verify_the_functionality_of_Pending_Request_button<br><br>---------------------------------------------------------------------------<br><br>
Application Launched.
Clicked on skip button.
Clicked on next button.
Entered Email :- sagarnandha11+1@gmail.com
Entered Password :- Plai@1234
Clicked On Login Button
App name is verified on login splash screen
Day Greeting is verified on login splash screen
Username with Profile Picture is verified on login splash screen
Welcome Greeting is verified on login splash screen
Pending Requests Button Clicked
Pending request page opened
Pending request page opened
Search Bar is Displayed
Back Button is Displayed
Request To Join Team is Displayed
]]></system-out>
    <system-err><![CDATA[Jan 03, 2023 8:54:23 PM io.appium.java_client.remote.AppiumCommandExecutor$1 lambda$0
INFO: Detected dialect: W3C
]]></system-err>
  </testcase>
  <testcase name="Verify_the_functionality_of_Search_bar_Pending_Requests" classname="Tests.HomePageTests" time="38.872">
    <system-out><![CDATA[PASS : Verify_the_fields_display_on_Pending_Request_screen<br><br>---------------------------------------------------------------------------<br><br>
Application Launched.
Clicked on skip button.
Clicked on next button.
Entered Email :- sagarnandha11+1@gmail.com
Entered Password :- Plai@1234
Clicked On Login Button
App name is verified on login splash screen
Day Greeting is verified on login splash screen
Username with Profile Picture is verified on login splash screen
Welcome Greeting is verified on login splash screen
Pending Requests Button Clicked
Pending request page opened
Searched Team
Searched Team is Displayed
]]></system-out>
    <system-err><![CDATA[Jan 03, 2023 8:55:13 PM io.appium.java_client.remote.AppiumCommandExecutor$1 lambda$0
INFO: Detected dialect: W3C
]]></system-err>
  </testcase>
  <testcase name="Verify_the_functionality_of_Sort_by_filter" classname="Tests.HomePageTests" time="40.206">
    <system-out><![CDATA[PASS : Verify_the_functionality_of_Search_bar_Pending_Requests<br><br>---------------------------------------------------------------------------<br><br>
Application Launched.
Clicked on skip button.
Clicked on next button.
Entered Email :- sagarnandha11+1@gmail.com
Entered Password :- Plai@1234
Clicked On Login Button
App name is verified on login splash screen
Day Greeting is verified on login splash screen
Username with Profile Picture is verified on login splash screen
Welcome Greeting is verified on login splash screen
Clicked On Sort by Button
Sort Panel Opened
All Option is Displayed
Bookmark option is Displayed
Cancel Sort is Displayed
]]></system-out>
    <system-err><![CDATA[Jan 03, 2023 8:56:01 PM io.appium.java_client.remote.AppiumCommandExecutor$1 lambda$0
INFO: Detected dialect: W3C
]]></system-err>
  </testcase>
  <testcase name="Verify_the_Bookmark_option_of_Please_Select_popup" classname="Tests.HomePageTests" time="41.299">
    <system-out><![CDATA[PASS : Verify_the_functionality_of_Sort_by_filter<br><br>---------------------------------------------------------------------------<br><br>
Application Launched.
Clicked on skip button.
Clicked on next button.
Entered Email :- sagarnandha11+1@gmail.com
Entered Password :- Plai@1234
Clicked On Login Button
App name is verified on login splash screen
Day Greeting is verified on login splash screen
Username with Profile Picture is verified on login splash screen
Welcome Greeting is verified on login splash screen
Clicked On Sort by Button
Clicked On Bookmark Option
Please Add Bookmark is Displayed
]]></system-out>
    <system-err><![CDATA[Jan 03, 2023 8:56:49 PM io.appium.java_client.remote.AppiumCommandExecutor$1 lambda$0
INFO: Detected dialect: W3C
]]></system-err>
  </testcase>
  <testcase name="Verify_the_functionality_of_Article_banners" classname="Tests.HomePageTests" time="54.012">
    <failure message="An element could not be located on the page using the given search parameters.&#10;For documentation on this error, please visit: https://www.seleniumhq.org/exceptions/no_such_element.html&#10;Build info: version: &apos;3.141.59&apos;, revision: &apos;e82be7d358&apos;, time: &apos;2018-11-14T08:17:03&apos;&#10;System info: host: &apos;Admins-MacBook-Pro.local&apos;, ip: &apos;fe80:0:0:0:8f:c148:5c9e:6494%en0&apos;, os.name: &apos;Mac OS X&apos;, os.arch: &apos;x86_64&apos;, os.version: &apos;12.4&apos;, java.version: &apos;19.0.1&apos;&#10;Driver info: io.appium.java_client.android.AndroidDriver&#10;Capabilities {app: /Users/admin/Desktop/Plai_M..., appPackage: com.app.plaisports, autoAcceptAlerts: true, autoGrantPermissions: true, automationName: UiAutomator2, databaseEnabled: false, desired: {app: /Users/admin/Desktop/Plai_M..., autoAcceptAlerts: true, autoGrantPermissions: true, automationName: UiAutomator2, deviceName: 25e4e5308f0d7ece, platformName: android, platformVersion: 10, resetKeyboard: false, unicodeKeyboard: false}, deviceApiLevel: 29, deviceManufacturer: samsung, deviceModel: SM-N960F, deviceName: 25e4e5308f0d7ece, deviceScreenDensity: 420, deviceScreenSize: 1080x2220, deviceUDID: 25e4e5308f0d7ece, javascriptEnabled: true, locationContextEnabled: false, networkConnectionEnabled: true, pixelRatio: 2.625, platform: LINUX, platformName: android, platformVersion: 10, resetKeyboard: false, statBarHeight: 63, takesScreenshot: true, unicodeKeyboard: false, viewportRect: {height: 2031, left: 0, top: 63, width: 1080}, warnings: {}, webStorageEnabled: false}&#10;Session ID: 7e59875d-a532-47a8-b854-30373c73cf81&#10;*** Element info: {Using=xpath, value=//android.widget.TextView[@text=&quot;Article&quot;]//..//android.widget.TextView[contains(@text,&quot;Read Article&quot;)]}" type="org.openqa.selenium.NoSuchElementException"><![CDATA[org.openqa.selenium.NoSuchElementException: 
An element could not be located on the page using the given search parameters.
For documentation on this error, please visit: https://www.seleniumhq.org/exceptions/no_such_element.html
Build info: version: '3.141.59', revision: 'e82be7d358', time: '2018-11-14T08:17:03'
System info: host: 'Admins-MacBook-Pro.local', ip: 'fe80:0:0:0:8f:c148:5c9e:6494%en0', os.name: 'Mac OS X', os.arch: 'x86_64', os.version: '12.4', java.version: '19.0.1'
Driver info: io.appium.java_client.android.AndroidDriver
Capabilities {app: /Users/admin/Desktop/Plai_M..., appPackage: com.app.plaisports, autoAcceptAlerts: true, autoGrantPermissions: true, automationName: UiAutomator2, databaseEnabled: false, desired: {app: /Users/admin/Desktop/Plai_M..., autoAcceptAlerts: true, autoGrantPermissions: true, automationName: UiAutomator2, deviceName: 25e4e5308f0d7ece, platformName: android, platformVersion: 10, resetKeyboard: false, unicodeKeyboard: false}, deviceApiLevel: 29, deviceManufacturer: samsung, deviceModel: SM-N960F, deviceName: 25e4e5308f0d7ece, deviceScreenDensity: 420, deviceScreenSize: 1080x2220, deviceUDID: 25e4e5308f0d7ece, javascriptEnabled: true, locationContextEnabled: false, networkConnectionEnabled: true, pixelRatio: 2.625, platform: LINUX, platformName: android, platformVersion: 10, resetKeyboard: false, statBarHeight: 63, takesScreenshot: true, unicodeKeyboard: false, viewportRect: {height: 2031, left: 0, top: 63, width: 1080}, warnings: {}, webStorageEnabled: false}
Session ID: 7e59875d-a532-47a8-b854-30373c73cf81
*** Element info: {Using=xpath, value=//android.widget.TextView[@text="Article"]//..//android.widget.TextView[contains(@text,"Read Article")]}
	at Tests.HomePageTests.Verify_the_functionality_of_Article_banners(HomePageTests.java:384)
]]></failure>
    <system-out><![CDATA[PASS : Verify_the_Bookmark_option_of_Please_Select_popup<br><br>---------------------------------------------------------------------------<br><br>
Application Launched.
Clicked on skip button.
Clicked on next button.
Entered Email :- sagarnandha11+1@gmail.com
Entered Password :- Plai@1234
Clicked On Login Button
App name is verified on login splash screen
Day Greeting is verified on login splash screen
Username with Profile Picture is verified on login splash screen
Welcome Greeting is verified on login splash screen
Article Banner is displayed
]]></system-out>
    <system-err><![CDATA[Jan 03, 2023 8:57:39 PM io.appium.java_client.remote.AppiumCommandExecutor$1 lambda$0
INFO: Detected dialect: W3C
]]></system-err>
  </testcase>
  <testcase name="Verify_the_Share_icon_of_Article_banner" classname="Tests.HomePageTests" time="53.731">
    <failure message="An element could not be located on the page using the given search parameters.&#10;For documentation on this error, please visit: https://www.seleniumhq.org/exceptions/no_such_element.html&#10;Build info: version: &apos;3.141.59&apos;, revision: &apos;e82be7d358&apos;, time: &apos;2018-11-14T08:17:03&apos;&#10;System info: host: &apos;Admins-MacBook-Pro.local&apos;, ip: &apos;fe80:0:0:0:8f:c148:5c9e:6494%en0&apos;, os.name: &apos;Mac OS X&apos;, os.arch: &apos;x86_64&apos;, os.version: &apos;12.4&apos;, java.version: &apos;19.0.1&apos;&#10;Driver info: io.appium.java_client.android.AndroidDriver&#10;Capabilities {app: /Users/admin/Desktop/Plai_M..., appPackage: com.app.plaisports, autoAcceptAlerts: true, autoGrantPermissions: true, automationName: UiAutomator2, databaseEnabled: false, desired: {app: /Users/admin/Desktop/Plai_M..., autoAcceptAlerts: true, autoGrantPermissions: true, automationName: UiAutomator2, deviceName: 25e4e5308f0d7ece, platformName: android, platformVersion: 10, resetKeyboard: false, unicodeKeyboard: false}, deviceApiLevel: 29, deviceManufacturer: samsung, deviceModel: SM-N960F, deviceName: 25e4e5308f0d7ece, deviceScreenDensity: 420, deviceScreenSize: 1080x2220, deviceUDID: 25e4e5308f0d7ece, javascriptEnabled: true, locationContextEnabled: false, networkConnectionEnabled: true, pixelRatio: 2.625, platform: LINUX, platformName: android, platformVersion: 10, resetKeyboard: false, statBarHeight: 63, takesScreenshot: true, unicodeKeyboard: false, viewportRect: {height: 2031, left: 0, top: 63, width: 1080}, warnings: {}, webStorageEnabled: false}&#10;Session ID: 3974b965-235f-4db1-aa28-345f01fc3973&#10;*** Element info: {Using=xpath, value=//android.widget.TextView[@text=&quot;Article&quot;]//..//android.view.View[2]}" type="org.openqa.selenium.NoSuchElementException"><![CDATA[org.openqa.selenium.NoSuchElementException: 
An element could not be located on the page using the given search parameters.
For documentation on this error, please visit: https://www.seleniumhq.org/exceptions/no_such_element.html
Build info: version: '3.141.59', revision: 'e82be7d358', time: '2018-11-14T08:17:03'
System info: host: 'Admins-MacBook-Pro.local', ip: 'fe80:0:0:0:8f:c148:5c9e:6494%en0', os.name: 'Mac OS X', os.arch: 'x86_64', os.version: '12.4', java.version: '19.0.1'
Driver info: io.appium.java_client.android.AndroidDriver
Capabilities {app: /Users/admin/Desktop/Plai_M..., appPackage: com.app.plaisports, autoAcceptAlerts: true, autoGrantPermissions: true, automationName: UiAutomator2, databaseEnabled: false, desired: {app: /Users/admin/Desktop/Plai_M..., autoAcceptAlerts: true, autoGrantPermissions: true, automationName: UiAutomator2, deviceName: 25e4e5308f0d7ece, platformName: android, platformVersion: 10, resetKeyboard: false, unicodeKeyboard: false}, deviceApiLevel: 29, deviceManufacturer: samsung, deviceModel: SM-N960F, deviceName: 25e4e5308f0d7ece, deviceScreenDensity: 420, deviceScreenSize: 1080x2220, deviceUDID: 25e4e5308f0d7ece, javascriptEnabled: true, locationContextEnabled: false, networkConnectionEnabled: true, pixelRatio: 2.625, platform: LINUX, platformName: android, platformVersion: 10, resetKeyboard: false, statBarHeight: 63, takesScreenshot: true, unicodeKeyboard: false, viewportRect: {height: 2031, left: 0, top: 63, width: 1080}, warnings: {}, webStorageEnabled: false}
Session ID: 3974b965-235f-4db1-aa28-345f01fc3973
*** Element info: {Using=xpath, value=//android.widget.TextView[@text="Article"]//..//android.view.View[2]}
	at Tests.HomePageTests.Verify_the_Share_icon_of_Article_banner(HomePageTests.java:398)
]]></failure>
    <system-out><![CDATA[Application Launched.
Clicked on skip button.
Clicked on next button.
Entered Email :- sagarnandha11+1@gmail.com
Entered Password :- Plai@1234
Clicked On Login Button
App name is verified on login splash screen
Day Greeting is verified on login splash screen
Username with Profile Picture is verified on login splash screen
Welcome Greeting is verified on login splash screen
Share Article Button is displayed
]]></system-out>
    <system-err><![CDATA[Jan 03, 2023 8:58:33 PM org.openqa.selenium.remote.Augmenter extractRemoteWebDriver
WARNING: Augmenter should be applied to the instances of @Augmentable classes or previously augmented instances only (instance class was: class io.appium.java_client.android.AndroidDriver)
Jan 03, 2023 8:58:42 PM io.appium.java_client.remote.AppiumCommandExecutor$1 lambda$0
INFO: Detected dialect: W3C
]]></system-err>
  </testcase>
  <testcase name="Verify_the_Bookmark_icon_of_Article_banner" classname="Tests.HomePageTests" time="60.483">
    <failure message="An element could not be located on the page using the given search parameters.&#10;For documentation on this error, please visit: https://www.seleniumhq.org/exceptions/no_such_element.html&#10;Build info: version: &apos;3.141.59&apos;, revision: &apos;e82be7d358&apos;, time: &apos;2018-11-14T08:17:03&apos;&#10;System info: host: &apos;Admins-MacBook-Pro.local&apos;, ip: &apos;fe80:0:0:0:8f:c148:5c9e:6494%en0&apos;, os.name: &apos;Mac OS X&apos;, os.arch: &apos;x86_64&apos;, os.version: &apos;12.4&apos;, java.version: &apos;19.0.1&apos;&#10;Driver info: io.appium.java_client.android.AndroidDriver&#10;Capabilities {app: /Users/admin/Desktop/Plai_M..., appPackage: com.app.plaisports, autoAcceptAlerts: true, autoGrantPermissions: true, automationName: UiAutomator2, databaseEnabled: false, desired: {app: /Users/admin/Desktop/Plai_M..., autoAcceptAlerts: true, autoGrantPermissions: true, automationName: UiAutomator2, deviceName: 25e4e5308f0d7ece, platformName: android, platformVersion: 10, resetKeyboard: false, unicodeKeyboard: false}, deviceApiLevel: 29, deviceManufacturer: samsung, deviceModel: SM-N960F, deviceName: 25e4e5308f0d7ece, deviceScreenDensity: 420, deviceScreenSize: 1080x2220, deviceUDID: 25e4e5308f0d7ece, javascriptEnabled: true, locationContextEnabled: false, networkConnectionEnabled: true, pixelRatio: 2.625, platform: LINUX, platformName: android, platformVersion: 10, resetKeyboard: false, statBarHeight: 63, takesScreenshot: true, unicodeKeyboard: false, viewportRect: {height: 2031, left: 0, top: 63, width: 1080}, warnings: {}, webStorageEnabled: false}&#10;Session ID: 026ac650-44b1-4257-b0e1-e85ade1213f1&#10;*** Element info: {Using=xpath, value=//android.widget.TextView[@text=&quot;Article&quot;]//..//android.view.View[1]}" type="org.openqa.selenium.NoSuchElementException"><![CDATA[org.openqa.selenium.NoSuchElementException: 
An element could not be located on the page using the given search parameters.
For documentation on this error, please visit: https://www.seleniumhq.org/exceptions/no_such_element.html
Build info: version: '3.141.59', revision: 'e82be7d358', time: '2018-11-14T08:17:03'
System info: host: 'Admins-MacBook-Pro.local', ip: 'fe80:0:0:0:8f:c148:5c9e:6494%en0', os.name: 'Mac OS X', os.arch: 'x86_64', os.version: '12.4', java.version: '19.0.1'
Driver info: io.appium.java_client.android.AndroidDriver
Capabilities {app: /Users/admin/Desktop/Plai_M..., appPackage: com.app.plaisports, autoAcceptAlerts: true, autoGrantPermissions: true, automationName: UiAutomator2, databaseEnabled: false, desired: {app: /Users/admin/Desktop/Plai_M..., autoAcceptAlerts: true, autoGrantPermissions: true, automationName: UiAutomator2, deviceName: 25e4e5308f0d7ece, platformName: android, platformVersion: 10, resetKeyboard: false, unicodeKeyboard: false}, deviceApiLevel: 29, deviceManufacturer: samsung, deviceModel: SM-N960F, deviceName: 25e4e5308f0d7ece, deviceScreenDensity: 420, deviceScreenSize: 1080x2220, deviceUDID: 25e4e5308f0d7ece, javascriptEnabled: true, locationContextEnabled: false, networkConnectionEnabled: true, pixelRatio: 2.625, platform: LINUX, platformName: android, platformVersion: 10, resetKeyboard: false, statBarHeight: 63, takesScreenshot: true, unicodeKeyboard: false, viewportRect: {height: 2031, left: 0, top: 63, width: 1080}, warnings: {}, webStorageEnabled: false}
Session ID: 026ac650-44b1-4257-b0e1-e85ade1213f1
*** Element info: {Using=xpath, value=//android.widget.TextView[@text="Article"]//..//android.view.View[1]}
	at Tests.HomePageTests.Verify_the_Bookmark_icon_of_Article_banner(HomePageTests.java:416)
]]></failure>
    <system-out><![CDATA[Application Launched.
Clicked on skip button.
Clicked on next button.
Entered Email :- sagarnandha11+1@gmail.com
Entered Password :- Plai@1234
Clicked On Login Button
App name is verified on login splash screen
Day Greeting is verified on login splash screen
Username with Profile Picture is verified on login splash screen
Welcome Greeting is verified on login splash screen
Clicked On Sort by Button
Clicked On Bookmark Option
Please Add Bookmark is Displayed
Clicked On Sort by Button
Clicked On All Option
Bookmark Article Button is displayed
]]></system-out>
    <system-err><![CDATA[Jan 03, 2023 8:59:36 PM org.openqa.selenium.remote.Augmenter extractRemoteWebDriver
WARNING: Augmenter should be applied to the instances of @Augmentable classes or previously augmented instances only (instance class was: class io.appium.java_client.android.AndroidDriver)
Jan 03, 2023 8:59:45 PM io.appium.java_client.remote.AppiumCommandExecutor$1 lambda$0
INFO: Detected dialect: W3C
]]></system-err>
  </testcase>
  <testcase name="Verify_the_Location_icon" classname="Tests.HomePageTests" time="43.456">
    <system-out><![CDATA[Application Launched.
Clicked on skip button.
Clicked on next button.
Entered Email :- sagarnandha11+1@gmail.com
Entered Password :- Plai@1234
Clicked On Login Button
App name is verified on login splash screen
Day Greeting is verified on login splash screen
Username with Profile Picture is verified on login splash screen
Welcome Greeting is verified on login splash screen
Clicked On Location Icon
Search Field is displayed
Map is displayed
Sliding Banners are displayed
]]></system-out>
    <system-err><![CDATA[Jan 03, 2023 9:00:46 PM org.openqa.selenium.remote.Augmenter extractRemoteWebDriver
WARNING: Augmenter should be applied to the instances of @Augmentable classes or previously augmented instances only (instance class was: class io.appium.java_client.android.AndroidDriver)
Jan 03, 2023 9:00:55 PM io.appium.java_client.remote.AppiumCommandExecutor$1 lambda$0
INFO: Detected dialect: W3C
]]></system-err>
  </testcase>
  <testcase name="Verify_the_navigation_by_clicking_on_Back_icon_of_Search_Team_screen_From_Location_Icon" classname="Tests.HomePageTests" time="43.051">
    <system-out><![CDATA[PASS : Verify_the_Location_icon<br><br>---------------------------------------------------------------------------<br><br>
Application Launched.
Clicked on skip button.
Clicked on next button.
Entered Email :- sagarnandha11+1@gmail.com
Entered Password :- Plai@1234
Clicked On Login Button
App name is verified on login splash screen
Day Greeting is verified on login splash screen
Username with Profile Picture is verified on login splash screen
Welcome Greeting is verified on login splash screen
Clicked On Location Icon
Search Field is displayed
Map is displayed
Sliding Banners are displayed
Clicked On back button of search
Back to Home Page
]]></system-out>
    <system-err><![CDATA[Jan 03, 2023 9:01:47 PM io.appium.java_client.remote.AppiumCommandExecutor$1 lambda$0
INFO: Detected dialect: W3C
]]></system-err>
  </testcase>
  <testcase name="Verify_the_functionality_of_Search_bar_From_Location_Icon" classname="Tests.HomePageTests" time="46.393">
    <system-out><![CDATA[PASS : Verify_the_navigation_by_clicking_on_Back_icon_of_Search_Team_screen_From_Location_Icon<br><br>---------------------------------------------------------------------------<br><br>
Application Launched.
Clicked on skip button.
Clicked on next button.
Entered Email :- sagarnandha11+1@gmail.com
Entered Password :- Plai@1234
Clicked On Login Button
App name is verified on login splash screen
Day Greeting is verified on login splash screen
Username with Profile Picture is verified on login splash screen
Welcome Greeting is verified on login splash screen
Clicked On Location Icon
Searched Sporty Tots
Map navigated to Sporty Tots Location
Sporty Tots banner is displayed
]]></system-out>
    <system-err><![CDATA[Jan 03, 2023 9:02:39 PM io.appium.java_client.remote.AppiumCommandExecutor$1 lambda$0
INFO: Detected dialect: W3C
]]></system-err>
  </testcase>
  <testcase name="Verify_the_banner_for_searched_club_From_Location_Icon" classname="Tests.HomePageTests" time="62.559">
    <failure message="An element could not be located on the page using the given search parameters.&#10;For documentation on this error, please visit: https://www.seleniumhq.org/exceptions/no_such_element.html&#10;Build info: version: &apos;3.141.59&apos;, revision: &apos;e82be7d358&apos;, time: &apos;2018-11-14T08:17:03&apos;&#10;System info: host: &apos;Admins-MacBook-Pro.local&apos;, ip: &apos;fe80:0:0:0:8f:c148:5c9e:6494%en0&apos;, os.name: &apos;Mac OS X&apos;, os.arch: &apos;x86_64&apos;, os.version: &apos;12.4&apos;, java.version: &apos;19.0.1&apos;&#10;Driver info: io.appium.java_client.android.AndroidDriver&#10;Capabilities {app: /Users/admin/Desktop/Plai_M..., appPackage: com.app.plaisports, autoAcceptAlerts: true, autoGrantPermissions: true, automationName: UiAutomator2, databaseEnabled: false, desired: {app: /Users/admin/Desktop/Plai_M..., autoAcceptAlerts: true, autoGrantPermissions: true, automationName: UiAutomator2, deviceName: 25e4e5308f0d7ece, platformName: android, platformVersion: 10, resetKeyboard: false, unicodeKeyboard: false}, deviceApiLevel: 29, deviceManufacturer: samsung, deviceModel: SM-N960F, deviceName: 25e4e5308f0d7ece, deviceScreenDensity: 420, deviceScreenSize: 1080x2220, deviceUDID: 25e4e5308f0d7ece, javascriptEnabled: true, locationContextEnabled: false, networkConnectionEnabled: true, pixelRatio: 2.625, platform: LINUX, platformName: android, platformVersion: 10, resetKeyboard: false, statBarHeight: 63, takesScreenshot: true, unicodeKeyboard: false, viewportRect: {height: 2031, left: 0, top: 63, width: 1080}, warnings: {}, webStorageEnabled: false}&#10;Session ID: 2ed43451-b474-4311-9177-aa821a407e56&#10;*** Element info: {Using=xpath, value=//android.widget.TextView[@text=&quot;Sporty Tots&quot;]}" type="org.openqa.selenium.NoSuchElementException"><![CDATA[org.openqa.selenium.NoSuchElementException: 
An element could not be located on the page using the given search parameters.
For documentation on this error, please visit: https://www.seleniumhq.org/exceptions/no_such_element.html
Build info: version: '3.141.59', revision: 'e82be7d358', time: '2018-11-14T08:17:03'
System info: host: 'Admins-MacBook-Pro.local', ip: 'fe80:0:0:0:8f:c148:5c9e:6494%en0', os.name: 'Mac OS X', os.arch: 'x86_64', os.version: '12.4', java.version: '19.0.1'
Driver info: io.appium.java_client.android.AndroidDriver
Capabilities {app: /Users/admin/Desktop/Plai_M..., appPackage: com.app.plaisports, autoAcceptAlerts: true, autoGrantPermissions: true, automationName: UiAutomator2, databaseEnabled: false, desired: {app: /Users/admin/Desktop/Plai_M..., autoAcceptAlerts: true, autoGrantPermissions: true, automationName: UiAutomator2, deviceName: 25e4e5308f0d7ece, platformName: android, platformVersion: 10, resetKeyboard: false, unicodeKeyboard: false}, deviceApiLevel: 29, deviceManufacturer: samsung, deviceModel: SM-N960F, deviceName: 25e4e5308f0d7ece, deviceScreenDensity: 420, deviceScreenSize: 1080x2220, deviceUDID: 25e4e5308f0d7ece, javascriptEnabled: true, locationContextEnabled: false, networkConnectionEnabled: true, pixelRatio: 2.625, platform: LINUX, platformName: android, platformVersion: 10, resetKeyboard: false, statBarHeight: 63, takesScreenshot: true, unicodeKeyboard: false, viewportRect: {height: 2031, left: 0, top: 63, width: 1080}, warnings: {}, webStorageEnabled: false}
Session ID: 2ed43451-b474-4311-9177-aa821a407e56
*** Element info: {Using=xpath, value=//android.widget.TextView[@text="Sporty Tots"]}
	at Tests.HomePageTests.Verify_the_banner_for_searched_club_From_Location_Icon(HomePageTests.java:480)
]]></failure>
    <system-out><![CDATA[PASS : Verify_the_functionality_of_Search_bar_From_Location_Icon<br><br>---------------------------------------------------------------------------<br><br>
Application Launched.
Clicked on skip button.
Clicked on next button.
Entered Email :- sagarnandha11+1@gmail.com
Entered Password :- Plai@1234
Clicked On Login Button
App name is verified on login splash screen
Day Greeting is verified on login splash screen
Username with Profile Picture is verified on login splash screen
Welcome Greeting is verified on login splash screen
Clicked On Location Icon
Searched Sporty Tots
Map navigated to Sporty Tots Location
Sporty Tots banner is displayed
]]></system-out>
    <system-err><![CDATA[Jan 03, 2023 9:03:34 PM io.appium.java_client.remote.AppiumCommandExecutor$1 lambda$0
INFO: Detected dialect: W3C
]]></system-err>
  </testcase>
  <testcase name="Verify_Sliding_banner_for_member" classname="Tests.HomePageTests" time="43.251">
    <failure message="androidx.test.uiautomator.StaleObjectException&#10;For documentation on this error, please visit: https://www.seleniumhq.org/exceptions/stale_element_reference.html&#10;Build info: version: &apos;3.141.59&apos;, revision: &apos;e82be7d358&apos;, time: &apos;2018-11-14T08:17:03&apos;&#10;System info: host: &apos;Admins-MacBook-Pro.local&apos;, ip: &apos;fe80:0:0:0:8f:c148:5c9e:6494%en0&apos;, os.name: &apos;Mac OS X&apos;, os.arch: &apos;x86_64&apos;, os.version: &apos;12.4&apos;, java.version: &apos;19.0.1&apos;&#10;Driver info: io.appium.java_client.android.AndroidDriver&#10;Capabilities {app: /Users/admin/Desktop/Plai_M..., appPackage: com.app.plaisports, autoAcceptAlerts: true, autoGrantPermissions: true, automationName: UiAutomator2, databaseEnabled: false, desired: {app: /Users/admin/Desktop/Plai_M..., autoAcceptAlerts: true, autoGrantPermissions: true, automationName: UiAutomator2, deviceName: 25e4e5308f0d7ece, platformName: android, platformVersion: 10, resetKeyboard: false, unicodeKeyboard: false}, deviceApiLevel: 29, deviceManufacturer: samsung, deviceModel: SM-N960F, deviceName: 25e4e5308f0d7ece, deviceScreenDensity: 420, deviceScreenSize: 1080x2220, deviceUDID: 25e4e5308f0d7ece, javascriptEnabled: true, locationContextEnabled: false, networkConnectionEnabled: true, pixelRatio: 2.625, platform: LINUX, platformName: android, platformVersion: 10, resetKeyboard: false, statBarHeight: 63, takesScreenshot: true, unicodeKeyboard: false, viewportRect: {height: 2031, left: 0, top: 63, width: 1080}, warnings: {}, webStorageEnabled: false}&#10;Session ID: 1814fb3e-5258-4cea-86db-e145435ee1a5" type="org.openqa.selenium.StaleElementReferenceException"><![CDATA[org.openqa.selenium.StaleElementReferenceException: 
androidx.test.uiautomator.StaleObjectException
For documentation on this error, please visit: https://www.seleniumhq.org/exceptions/stale_element_reference.html
Build info: version: '3.141.59', revision: 'e82be7d358', time: '2018-11-14T08:17:03'
System info: host: 'Admins-MacBook-Pro.local', ip: 'fe80:0:0:0:8f:c148:5c9e:6494%en0', os.name: 'Mac OS X', os.arch: 'x86_64', os.version: '12.4', java.version: '19.0.1'
Driver info: io.appium.java_client.android.AndroidDriver
Capabilities {app: /Users/admin/Desktop/Plai_M..., appPackage: com.app.plaisports, autoAcceptAlerts: true, autoGrantPermissions: true, automationName: UiAutomator2, databaseEnabled: false, desired: {app: /Users/admin/Desktop/Plai_M..., autoAcceptAlerts: true, autoGrantPermissions: true, automationName: UiAutomator2, deviceName: 25e4e5308f0d7ece, platformName: android, platformVersion: 10, resetKeyboard: false, unicodeKeyboard: false}, deviceApiLevel: 29, deviceManufacturer: samsung, deviceModel: SM-N960F, deviceName: 25e4e5308f0d7ece, deviceScreenDensity: 420, deviceScreenSize: 1080x2220, deviceUDID: 25e4e5308f0d7ece, javascriptEnabled: true, locationContextEnabled: false, networkConnectionEnabled: true, pixelRatio: 2.625, platform: LINUX, platformName: android, platformVersion: 10, resetKeyboard: false, statBarHeight: 63, takesScreenshot: true, unicodeKeyboard: false, viewportRect: {height: 2031, left: 0, top: 63, width: 1080}, warnings: {}, webStorageEnabled: false}
Session ID: 1814fb3e-5258-4cea-86db-e145435ee1a5
	at Tests.HomePageTests.Verify_Sliding_banner_for_member(HomePageTests.java:495)
]]></failure>
    <system-out><![CDATA[Application Launched.
Clicked on skip button.
Clicked on next button.
Entered Email :- sagarnandha11+1@gmail.com
Entered Password :- Plai@1234
Clicked On Login Button
App name is verified on login splash screen
Day Greeting is verified on login splash screen
Username with Profile Picture is verified on login splash screen
Welcome Greeting is verified on login splash screen
Clicked On Club Banner in which user is member
Club Name Verified = PLAIers Snooker Club
Facebook icon is Displayed
Twitter icon is Displayed
Instagram icon is Displayed
Youtube icon is Displayed
News Tab is Displayed
Event Tab is Displayed
Shop Tab is Displayed
Members Tab is Displayed
Clicked On Navigation Right Arrow
]]></system-out>
    <system-err><![CDATA[Jan 03, 2023 9:04:36 PM org.openqa.selenium.remote.Augmenter extractRemoteWebDriver
WARNING: Augmenter should be applied to the instances of @Augmentable classes or previously augmented instances only (instance class was: class io.appium.java_client.android.AndroidDriver)
Jan 03, 2023 9:04:46 PM io.appium.java_client.remote.AppiumCommandExecutor$1 lambda$0
INFO: Detected dialect: W3C
]]></system-err>
  </testcase>
  <testcase name="Verify_Sliding_banner_for_Admin" classname="Tests.HomePageTests" time="56.902">
    <system-out><![CDATA[Application Launched.
Clicked on skip button.
Clicked on next button.
Entered Email :- sagarnandha11+1@gmail.com
Entered Password :- Plai@1234
Clicked On Login Button
App name is verified on login splash screen
Day Greeting is verified on login splash screen
Username with Profile Picture is verified on login splash screen
Welcome Greeting is verified on login splash screen

Scrolling My Club Banners !!!

Scrolling My Club Banners !!!
Clicked On Club Banner in which user is Admin
Facebook icon is Displayed
Twitter icon is Displayed
Instagram icon is Displayed
Youtube icon is Displayed
Edit Button is Displayed
Request Tab is Displayed
News Tab is Displayed
Event Tab is Displayed
Shop Tab is Displayed
Clicked On Navigation Right Arrow
Clicked On Navigation Right Arrow
Clicked On Navigation Right Arrow
Clicked On Navigation Right Arrow
Clicked On Navigation Right Arrow
Members Tab is Displayed
Links Tab is Displayed
Groups Tab is Displayed
Add New Article Button is Displayed
]]></system-out>
    <system-err><![CDATA[Jan 03, 2023 9:05:29 PM org.openqa.selenium.remote.Augmenter extractRemoteWebDriver
WARNING: Augmenter should be applied to the instances of @Augmentable classes or previously augmented instances only (instance class was: class io.appium.java_client.android.AndroidDriver)
Jan 03, 2023 9:05:38 PM io.appium.java_client.remote.AppiumCommandExecutor$1 lambda$0
INFO: Detected dialect: W3C
]]></system-err>
  </testcase>
  <testcase name="Verify_the_Edit_button_for_admin_banner" classname="Tests.HomePageTests" time="58.98">
    <system-out><![CDATA[PASS : Verify_Sliding_banner_for_Admin<br><br>---------------------------------------------------------------------------<br><br>
Application Launched.
Clicked on skip button.
Clicked on next button.
Entered Email :- sagarnandha11+1@gmail.com
Entered Password :- Plai@1234
Clicked On Login Button
App name is verified on login splash screen
Day Greeting is verified on login splash screen
Username with Profile Picture is verified on login splash screen
Welcome Greeting is verified on login splash screen

Scrolling My Club Banners !!!

Scrolling My Club Banners !!!
Clicked On Club Banner in which user is Admin
Clicked On Edit Button
Update Team Page is Displayed
]]></system-out>
    <system-err><![CDATA[Jan 03, 2023 9:06:43 PM io.appium.java_client.remote.AppiumCommandExecutor$1 lambda$0
INFO: Detected dialect: W3C
]]></system-err>
  </testcase>
  <testcase name="Verify_the_fields_display_on_first_screen_of_Update_Team" classname="Tests.HomePageTests" time="58.925">
    <system-out><![CDATA[PASS : Verify_the_Edit_button_for_admin_banner<br><br>---------------------------------------------------------------------------<br><br>
Application Launched.
Clicked on skip button.
Clicked on next button.
Entered Email :- sagarnandha11+1@gmail.com
Entered Password :- Plai@1234
Clicked On Login Button
App name is verified on login splash screen
Day Greeting is verified on login splash screen
Username with Profile Picture is verified on login splash screen
Welcome Greeting is verified on login splash screen

Scrolling My Club Banners !!!

Scrolling My Club Banners !!!
Clicked On Club Banner in which user is Admin
Clicked On Edit Button
Update Team Page is Displayed
Team Name Text field is Displayed
Agent Code Dropdown is Displayed
Primary Email Text field is Displayed
Team Name is Displayed
Team Name is Displayed
]]></system-out>
    <system-err><![CDATA[Jan 03, 2023 9:07:51 PM io.appium.java_client.remote.AppiumCommandExecutor$1 lambda$0
INFO: Detected dialect: W3C
]]></system-err>
  </testcase>
  <testcase name="Verify_the_NEXT_button_of_UPDATE_TEAM_screen_without_entering_data_in_mandatory_fields" classname="Tests.HomePageTests" time="74.254">
    <failure message="An element could not be located on the page using the given search parameters.&#10;For documentation on this error, please visit: https://www.seleniumhq.org/exceptions/no_such_element.html&#10;Build info: version: &apos;3.141.59&apos;, revision: &apos;e82be7d358&apos;, time: &apos;2018-11-14T08:17:03&apos;&#10;System info: host: &apos;Admins-MacBook-Pro.local&apos;, ip: &apos;fe80:0:0:0:8f:c148:5c9e:6494%en0&apos;, os.name: &apos;Mac OS X&apos;, os.arch: &apos;x86_64&apos;, os.version: &apos;12.4&apos;, java.version: &apos;19.0.1&apos;&#10;Driver info: io.appium.java_client.android.AndroidDriver&#10;Capabilities {app: /Users/admin/Desktop/Plai_M..., appPackage: com.app.plaisports, autoAcceptAlerts: true, autoGrantPermissions: true, automationName: UiAutomator2, databaseEnabled: false, desired: {app: /Users/admin/Desktop/Plai_M..., autoAcceptAlerts: true, autoGrantPermissions: true, automationName: UiAutomator2, deviceName: 25e4e5308f0d7ece, platformName: android, platformVersion: 10, resetKeyboard: false, unicodeKeyboard: false}, deviceApiLevel: 29, deviceManufacturer: samsung, deviceModel: SM-N960F, deviceName: 25e4e5308f0d7ece, deviceScreenDensity: 420, deviceScreenSize: 1080x2220, deviceUDID: 25e4e5308f0d7ece, javascriptEnabled: true, locationContextEnabled: false, networkConnectionEnabled: true, pixelRatio: 2.625, platform: LINUX, platformName: android, platformVersion: 10, resetKeyboard: false, statBarHeight: 63, takesScreenshot: true, unicodeKeyboard: false, viewportRect: {height: 2031, left: 0, top: 63, width: 1080}, warnings: {}, webStorageEnabled: false}&#10;Session ID: dc824834-6986-4bdf-939e-3aa52abdf3c2&#10;*** Element info: {Using=xpath, value=//android.widget.TextView[@text=&quot;Team Name*&quot;]//..//..}" type="org.openqa.selenium.NoSuchElementException"><![CDATA[org.openqa.selenium.NoSuchElementException: 
An element could not be located on the page using the given search parameters.
For documentation on this error, please visit: https://www.seleniumhq.org/exceptions/no_such_element.html
Build info: version: '3.141.59', revision: 'e82be7d358', time: '2018-11-14T08:17:03'
System info: host: 'Admins-MacBook-Pro.local', ip: 'fe80:0:0:0:8f:c148:5c9e:6494%en0', os.name: 'Mac OS X', os.arch: 'x86_64', os.version: '12.4', java.version: '19.0.1'
Driver info: io.appium.java_client.android.AndroidDriver
Capabilities {app: /Users/admin/Desktop/Plai_M..., appPackage: com.app.plaisports, autoAcceptAlerts: true, autoGrantPermissions: true, automationName: UiAutomator2, databaseEnabled: false, desired: {app: /Users/admin/Desktop/Plai_M..., autoAcceptAlerts: true, autoGrantPermissions: true, automationName: UiAutomator2, deviceName: 25e4e5308f0d7ece, platformName: android, platformVersion: 10, resetKeyboard: false, unicodeKeyboard: false}, deviceApiLevel: 29, deviceManufacturer: samsung, deviceModel: SM-N960F, deviceName: 25e4e5308f0d7ece, deviceScreenDensity: 420, deviceScreenSize: 1080x2220, deviceUDID: 25e4e5308f0d7ece, javascriptEnabled: true, locationContextEnabled: false, networkConnectionEnabled: true, pixelRatio: 2.625, platform: LINUX, platformName: android, platformVersion: 10, resetKeyboard: false, statBarHeight: 63, takesScreenshot: true, unicodeKeyboard: false, viewportRect: {height: 2031, left: 0, top: 63, width: 1080}, warnings: {}, webStorageEnabled: false}
Session ID: dc824834-6986-4bdf-939e-3aa52abdf3c2
*** Element info: {Using=xpath, value=//android.widget.TextView[@text="Team Name*"]//..//..}
	at Tests.HomePageTests.Verify_the_NEXT_button_of_UPDATE_TEAM_screen_without_entering_data_in_mandatory_fields(HomePageTests.java:558)
]]></failure>
    <system-out><![CDATA[PASS : Verify_the_fields_display_on_first_screen_of_Update_Team<br><br>---------------------------------------------------------------------------<br><br>
Application Launched.
Clicked on skip button.
Clicked on next button.
Entered Email :- sagarnandha11+1@gmail.com
Entered Password :- Plai@1234
Clicked On Login Button
App name is verified on login splash screen
Day Greeting is verified on login splash screen
Username with Profile Picture is verified on login splash screen
Welcome Greeting is verified on login splash screen

Scrolling My Club Banners !!!

Scrolling My Club Banners !!!
Clicked On Club Banner in which user is Admin
Clicked On Edit Button
Update Team Page is Displayed
Clicked On Next Button
]]></system-out>
    <system-err><![CDATA[Jan 03, 2023 9:08:59 PM io.appium.java_client.remote.AppiumCommandExecutor$1 lambda$0
INFO: Detected dialect: W3C
]]></system-err>
  </testcase>
  <testcase name="Verify_the_NEXT_button_of_UPDATE_TEAM_screen_by_entering_data_in_mandatory_fields" classname="Tests.HomePageTests" time="59.238">
    <system-out><![CDATA[Application Launched.
Clicked on skip button.
Clicked on next button.
Entered Email :- sagarnandha11+1@gmail.com
Entered Password :- Plai@1234
Clicked On Login Button
App name is verified on login splash screen
Day Greeting is verified on login splash screen
Username with Profile Picture is verified on login splash screen
Welcome Greeting is verified on login splash screen

Scrolling My Club Banners !!!

Scrolling My Club Banners !!!
Clicked On Club Banner in which user is Admin
Clicked On Edit Button
Update Team Page is Displayed
Clicked On Next Button
Country Dropdown is Displayed
Location TextField is Displayed
Team Logo is Displayed
]]></system-out>
    <system-err><![CDATA[Jan 03, 2023 9:10:13 PM org.openqa.selenium.remote.Augmenter extractRemoteWebDriver
WARNING: Augmenter should be applied to the instances of @Augmentable classes or previously augmented instances only (instance class was: class io.appium.java_client.android.AndroidDriver)
Jan 03, 2023 9:10:22 PM io.appium.java_client.remote.AppiumCommandExecutor$1 lambda$0
INFO: Detected dialect: W3C
]]></system-err>
  </testcase>
  <testcase name="Verify_the_fields_display_on_second_screen_of_Update_Team" classname="Tests.HomePageTests" time="59.496">
    <system-out><![CDATA[PASS : Verify_the_NEXT_button_of_UPDATE_TEAM_screen_by_entering_data_in_mandatory_fields<br><br>---------------------------------------------------------------------------<br><br>
Application Launched.
Clicked on skip button.
Clicked on next button.
Entered Email :- sagarnandha11+1@gmail.com
Entered Password :- Plai@1234
Clicked On Login Button
App name is verified on login splash screen
Day Greeting is verified on login splash screen
Username with Profile Picture is verified on login splash screen
Welcome Greeting is verified on login splash screen

Scrolling My Club Banners !!!

Scrolling My Club Banners !!!
Clicked On Club Banner in which user is Admin
Clicked On Edit Button
Update Team Page is Displayed
Clicked On Next Button
Country Dropdown is Displayed
Location TextField is Displayed
Team Logo is Displayed
]]></system-out>
    <system-err><![CDATA[Jan 03, 2023 9:11:30 PM io.appium.java_client.remote.AppiumCommandExecutor$1 lambda$0
INFO: Detected dialect: W3C
]]></system-err>
  </testcase>
  <testcase name="Verify_dropdown_list_for_Country_field" classname="Tests.HomePageTests" time="60.569">
    <system-out><![CDATA[PASS : Verify_the_fields_display_on_second_screen_of_Update_Team<br><br>---------------------------------------------------------------------------<br><br>
Application Launched.
Clicked on skip button.
Clicked on next button.
Entered Email :- sagarnandha11+1@gmail.com
Entered Password :- Plai@1234
Clicked On Login Button
App name is verified on login splash screen
Day Greeting is verified on login splash screen
Username with Profile Picture is verified on login splash screen
Welcome Greeting is verified on login splash screen

Scrolling My Club Banners !!!

Scrolling My Club Banners !!!
Clicked On Club Banner in which user is Admin
Clicked On Edit Button
Update Team Page is Displayed
Clicked On Next Button
Country Dropdown is Displayed
Location TextField is Displayed
Team Logo is Displayed
Clicked On Country Dropdown
Search bar is Displayed
]]></system-out>
    <system-err><![CDATA[Jan 03, 2023 9:12:38 PM io.appium.java_client.remote.AppiumCommandExecutor$1 lambda$0
INFO: Detected dialect: W3C
]]></system-err>
  </testcase>
  <testcase name="Verify_Done_link_by_selecting_country_from_the_list" classname="Tests.HomePageTests" time="64.236">
    <system-out><![CDATA[PASS : Verify_dropdown_list_for_Country_field<br><br>---------------------------------------------------------------------------<br><br>
Application Launched.
Clicked on skip button.
Clicked on next button.
Entered Email :- sagarnandha11+1@gmail.com
Entered Password :- Plai@1234
Clicked On Login Button
App name is verified on login splash screen
Day Greeting is verified on login splash screen
Username with Profile Picture is verified on login splash screen
Welcome Greeting is verified on login splash screen

Scrolling My Club Banners !!!

Scrolling My Club Banners !!!
Clicked On Club Banner in which user is Admin
Clicked On Edit Button
Update Team Page is Displayed
Clicked On Next Button
Country Dropdown is Displayed
Location TextField is Displayed
Team Logo is Displayed
Clicked On Country Dropdown
Search bar is Displayed
Searched Location :- Brazil
Clicked On Searched Location :- Brazil
Clicked on Done Button
]]></system-out>
    <system-err><![CDATA[Jan 03, 2023 9:13:47 PM io.appium.java_client.remote.AppiumCommandExecutor$1 lambda$0
INFO: Detected dialect: W3C
]]></system-err>
  </testcase>
  <testcase name="Verify_Search_bar_of_dropdown_list_for_Country" classname="Tests.HomePageTests" time="64.255">
    <system-out><![CDATA[PASS : Verify_Done_link_by_selecting_country_from_the_list<br><br>---------------------------------------------------------------------------<br><br>
Application Launched.
Clicked on skip button.
Clicked on next button.
Entered Email :- sagarnandha11+1@gmail.com
Entered Password :- Plai@1234
Clicked On Login Button
App name is verified on login splash screen
Day Greeting is verified on login splash screen
Username with Profile Picture is verified on login splash screen
Welcome Greeting is verified on login splash screen

Scrolling My Club Banners !!!

Scrolling My Club Banners !!!
Clicked On Club Banner in which user is Admin
Clicked On Edit Button
Update Team Page is Displayed
Clicked On Next Button
Country Dropdown is Displayed
Location TextField is Displayed
Team Logo is Displayed
Clicked On Country Dropdown
Search bar is Displayed
Searched Location :- Brazil
Clicked On Searched Location :- Brazil
Clicked on Done Button
]]></system-out>
    <system-err><![CDATA[Jan 03, 2023 9:15:00 PM io.appium.java_client.remote.AppiumCommandExecutor$1 lambda$0
INFO: Detected dialect: W3C
]]></system-err>
  </testcase>
  <testcase name="Verify_UPDATE_TEAM_button" classname="Tests.HomePageTests" time="65.235">
    <system-out><![CDATA[PASS : Verify_Search_bar_of_dropdown_list_for_Country<br><br>---------------------------------------------------------------------------<br><br>
Application Launched.
Clicked on skip button.
Clicked on next button.
Entered Email :- sagarnandha11+1@gmail.com
Entered Password :- Plai@1234
Clicked On Login Button
App name is verified on login splash screen
Day Greeting is verified on login splash screen
Username with Profile Picture is verified on login splash screen
Welcome Greeting is verified on login splash screen

Scrolling My Club Banners !!!

Scrolling My Club Banners !!!
Clicked On Club Banner in which user is Admin
Clicked On Edit Button
Update Team Page is Displayed
Clicked On Next Button
Country Dropdown is Displayed
Location TextField is Displayed
Team Logo is Displayed
Clicked On Country Dropdown
Search bar is Displayed
Searched Location :- Brazil
Clicked On Searched Location :- Brazil
Clicked on Done Button
Clicked On Next Button
Clicked On Update Team
Team updated Successfully Popup is displayed
]]></system-out>
    <system-err><![CDATA[Jan 03, 2023 9:16:13 PM io.appium.java_client.remote.AppiumCommandExecutor$1 lambda$0
INFO: Detected dialect: W3C
]]></system-err>
  </testcase>
  <testcase name="Verify_the_functionality_of_CLOSE_button" classname="Tests.HomePageTests" time="81.892">
    <failure message="An element could not be located on the page using the given search parameters.&#10;For documentation on this error, please visit: https://www.seleniumhq.org/exceptions/no_such_element.html&#10;Build info: version: &apos;3.141.59&apos;, revision: &apos;e82be7d358&apos;, time: &apos;2018-11-14T08:17:03&apos;&#10;System info: host: &apos;Admins-MacBook-Pro.local&apos;, ip: &apos;fe80:0:0:0:8f:c148:5c9e:6494%en0&apos;, os.name: &apos;Mac OS X&apos;, os.arch: &apos;x86_64&apos;, os.version: &apos;12.4&apos;, java.version: &apos;19.0.1&apos;&#10;Driver info: io.appium.java_client.android.AndroidDriver&#10;Capabilities {app: /Users/admin/Desktop/Plai_M..., appPackage: com.app.plaisports, autoAcceptAlerts: true, autoGrantPermissions: true, automationName: UiAutomator2, databaseEnabled: false, desired: {app: /Users/admin/Desktop/Plai_M..., autoAcceptAlerts: true, autoGrantPermissions: true, automationName: UiAutomator2, deviceName: 25e4e5308f0d7ece, platformName: android, platformVersion: 10, resetKeyboard: false, unicodeKeyboard: false}, deviceApiLevel: 29, deviceManufacturer: samsung, deviceModel: SM-N960F, deviceName: 25e4e5308f0d7ece, deviceScreenDensity: 420, deviceScreenSize: 1080x2220, deviceUDID: 25e4e5308f0d7ece, javascriptEnabled: true, locationContextEnabled: false, networkConnectionEnabled: true, pixelRatio: 2.625, platform: LINUX, platformName: android, platformVersion: 10, resetKeyboard: false, statBarHeight: 63, takesScreenshot: true, unicodeKeyboard: false, viewportRect: {height: 2031, left: 0, top: 63, width: 1080}, warnings: {}, webStorageEnabled: false}&#10;Session ID: 90958de2-c46b-4809-9f95-9726d3b552b7&#10;*** Element info: {Using=xpath, value=//android.widget.TextView[@text=&quot;CLOSE&quot;]}" type="org.openqa.selenium.NoSuchElementException"><![CDATA[org.openqa.selenium.NoSuchElementException: 
An element could not be located on the page using the given search parameters.
For documentation on this error, please visit: https://www.seleniumhq.org/exceptions/no_such_element.html
Build info: version: '3.141.59', revision: 'e82be7d358', time: '2018-11-14T08:17:03'
System info: host: 'Admins-MacBook-Pro.local', ip: 'fe80:0:0:0:8f:c148:5c9e:6494%en0', os.name: 'Mac OS X', os.arch: 'x86_64', os.version: '12.4', java.version: '19.0.1'
Driver info: io.appium.java_client.android.AndroidDriver
Capabilities {app: /Users/admin/Desktop/Plai_M..., appPackage: com.app.plaisports, autoAcceptAlerts: true, autoGrantPermissions: true, automationName: UiAutomator2, databaseEnabled: false, desired: {app: /Users/admin/Desktop/Plai_M..., autoAcceptAlerts: true, autoGrantPermissions: true, automationName: UiAutomator2, deviceName: 25e4e5308f0d7ece, platformName: android, platformVersion: 10, resetKeyboard: false, unicodeKeyboard: false}, deviceApiLevel: 29, deviceManufacturer: samsung, deviceModel: SM-N960F, deviceName: 25e4e5308f0d7ece, deviceScreenDensity: 420, deviceScreenSize: 1080x2220, deviceUDID: 25e4e5308f0d7ece, javascriptEnabled: true, locationContextEnabled: false, networkConnectionEnabled: true, pixelRatio: 2.625, platform: LINUX, platformName: android, platformVersion: 10, resetKeyboard: false, statBarHeight: 63, takesScreenshot: true, unicodeKeyboard: false, viewportRect: {height: 2031, left: 0, top: 63, width: 1080}, warnings: {}, webStorageEnabled: false}
Session ID: 90958de2-c46b-4809-9f95-9726d3b552b7
*** Element info: {Using=xpath, value=//android.widget.TextView[@text="CLOSE"]}
	at Tests.HomePageTests.Verify_the_functionality_of_CLOSE_button(HomePageTests.java:696)
]]></failure>
    <system-out><![CDATA[PASS : Verify_UPDATE_TEAM_button<br><br>---------------------------------------------------------------------------<br><br>
Application Launched.
Clicked on skip button.
Clicked on next button.
Entered Email :- sagarnandha11+1@gmail.com
Entered Password :- Plai@1234
Clicked On Login Button
App name is verified on login splash screen
Day Greeting is verified on login splash screen
Username with Profile Picture is verified on login splash screen
Welcome Greeting is verified on login splash screen

Scrolling My Club Banners !!!

Scrolling My Club Banners !!!
Clicked On Club Banner in which user is Admin
Clicked On Edit Button
Update Team Page is Displayed
Clicked On Next Button
Country Dropdown is Displayed
Location TextField is Displayed
Team Logo is Displayed
Clicked On Country Dropdown
Search bar is Displayed
Searched Location :- Brazil
Clicked On Searched Location :- Brazil
Clicked on Done Button
Clicked On Next Button
Clicked On Update Team
Team updated Successfully Popup is displayed
]]></system-out>
    <system-err><![CDATA[Jan 03, 2023 9:17:27 PM io.appium.java_client.remote.AppiumCommandExecutor$1 lambda$0
INFO: Detected dialect: W3C
]]></system-err>
  </testcase>
  <testcase name="Verify_the_REQUEST_tab_for_admin_banner" classname="Tests.HomePageTests" time="55.922">
    <system-out><![CDATA[Application Launched.
Clicked on skip button.
Clicked on next button.
Entered Email :- sagarnandha11+1@gmail.com
Entered Password :- Plai@1234
Clicked On Login Button
App name is verified on login splash screen
Day Greeting is verified on login splash screen
Username with Profile Picture is verified on login splash screen
Welcome Greeting is verified on login splash screen

Scrolling My Club Banners !!!

Scrolling My Club Banners !!!
Clicked On Club Banner in which user is Admin
Facebook icon is Displayed
Twitter icon is Displayed
Instagram icon is Displayed
Youtube icon is Displayed
Edit Button is Displayed
Request Tab is Displayed
News Tab is Displayed
Event Tab is Displayed
Shop Tab is Displayed
Clicked On Navigation Right Arrow
Clicked On Navigation Right Arrow
Clicked On Navigation Right Arrow
Clicked On Navigation Right Arrow
Clicked On Navigation Right Arrow
Members Tab is Displayed
Links Tab is Displayed
Groups Tab is Displayed
Add New Article Button is Displayed
]]></system-out>
    <system-err><![CDATA[Jan 03, 2023 9:18:49 PM org.openqa.selenium.remote.Augmenter extractRemoteWebDriver
WARNING: Augmenter should be applied to the instances of @Augmentable classes or previously augmented instances only (instance class was: class io.appium.java_client.android.AndroidDriver)
Jan 03, 2023 9:18:58 PM io.appium.java_client.remote.AppiumCommandExecutor$1 lambda$0
INFO: Detected dialect: W3C
]]></system-err>
  </testcase>
  <testcase name="Verify_the_functionality_of_Search_bar_Request_Tab_Admin" classname="Tests.HomePageTests" time="55.998">
    <system-out><![CDATA[PASS : Verify_the_REQUEST_tab_for_admin_banner<br><br>---------------------------------------------------------------------------<br><br>
Application Launched.
Clicked on skip button.
Clicked on next button.
Entered Email :- sagarnandha11+1@gmail.com
Entered Password :- Plai@1234
Clicked On Login Button
App name is verified on login splash screen
Day Greeting is verified on login splash screen
Username with Profile Picture is verified on login splash screen
Welcome Greeting is verified on login splash screen

Scrolling My Club Banners !!!

Scrolling My Club Banners !!!
Clicked On Club Banner in which user is Admin
Clicked On Update Team
Searched user request is displayed
]]></system-out>
    <system-err><![CDATA[Jan 03, 2023 9:20:03 PM io.appium.java_client.remote.AppiumCommandExecutor$1 lambda$0
INFO: Detected dialect: W3C
]]></system-err>
  </testcase>
  <testcase name="Verify_the_Accept_button_on_request_banner" classname="Tests.HomePageTests" time="67.466">
    <failure message="An element could not be located on the page using the given search parameters.&#10;For documentation on this error, please visit: https://www.seleniumhq.org/exceptions/no_such_element.html&#10;Build info: version: &apos;3.141.59&apos;, revision: &apos;e82be7d358&apos;, time: &apos;2018-11-14T08:17:03&apos;&#10;System info: host: &apos;Admins-MacBook-Pro.local&apos;, ip: &apos;fe80:0:0:0:8f:c148:5c9e:6494%en0&apos;, os.name: &apos;Mac OS X&apos;, os.arch: &apos;x86_64&apos;, os.version: &apos;12.4&apos;, java.version: &apos;19.0.1&apos;&#10;Driver info: io.appium.java_client.android.AndroidDriver&#10;Capabilities {app: /Users/admin/Desktop/Plai_M..., appPackage: com.app.plaisports, autoAcceptAlerts: true, autoGrantPermissions: true, automationName: UiAutomator2, databaseEnabled: false, desired: {app: /Users/admin/Desktop/Plai_M..., autoAcceptAlerts: true, autoGrantPermissions: true, automationName: UiAutomator2, deviceName: 25e4e5308f0d7ece, platformName: android, platformVersion: 10, resetKeyboard: false, unicodeKeyboard: false}, deviceApiLevel: 29, deviceManufacturer: samsung, deviceModel: SM-N960F, deviceName: 25e4e5308f0d7ece, deviceScreenDensity: 420, deviceScreenSize: 1080x2220, deviceUDID: 25e4e5308f0d7ece, javascriptEnabled: true, locationContextEnabled: false, networkConnectionEnabled: true, pixelRatio: 2.625, platform: LINUX, platformName: android, platformVersion: 10, resetKeyboard: false, statBarHeight: 63, takesScreenshot: true, unicodeKeyboard: false, viewportRect: {height: 2031, left: 0, top: 63, width: 1080}, warnings: {}, webStorageEnabled: false}&#10;Session ID: d39a19a6-5537-4088-8dc1-b8261ace10b2&#10;*** Element info: {Using=xpath, value=//android.widget.TextView[@text=&quot;3ynrhm Eynryn&quot;]//..//android.view.View//android.widget.TextView[@text=&quot;ACCEPT&quot;]}" type="org.openqa.selenium.NoSuchElementException"><![CDATA[org.openqa.selenium.NoSuchElementException: 
An element could not be located on the page using the given search parameters.
For documentation on this error, please visit: https://www.seleniumhq.org/exceptions/no_such_element.html
Build info: version: '3.141.59', revision: 'e82be7d358', time: '2018-11-14T08:17:03'
System info: host: 'Admins-MacBook-Pro.local', ip: 'fe80:0:0:0:8f:c148:5c9e:6494%en0', os.name: 'Mac OS X', os.arch: 'x86_64', os.version: '12.4', java.version: '19.0.1'
Driver info: io.appium.java_client.android.AndroidDriver
Capabilities {app: /Users/admin/Desktop/Plai_M..., appPackage: com.app.plaisports, autoAcceptAlerts: true, autoGrantPermissions: true, automationName: UiAutomator2, databaseEnabled: false, desired: {app: /Users/admin/Desktop/Plai_M..., autoAcceptAlerts: true, autoGrantPermissions: true, automationName: UiAutomator2, deviceName: 25e4e5308f0d7ece, platformName: android, platformVersion: 10, resetKeyboard: false, unicodeKeyboard: false}, deviceApiLevel: 29, deviceManufacturer: samsung, deviceModel: SM-N960F, deviceName: 25e4e5308f0d7ece, deviceScreenDensity: 420, deviceScreenSize: 1080x2220, deviceUDID: 25e4e5308f0d7ece, javascriptEnabled: true, locationContextEnabled: false, networkConnectionEnabled: true, pixelRatio: 2.625, platform: LINUX, platformName: android, platformVersion: 10, resetKeyboard: false, statBarHeight: 63, takesScreenshot: true, unicodeKeyboard: false, viewportRect: {height: 2031, left: 0, top: 63, width: 1080}, warnings: {}, webStorageEnabled: false}
Session ID: d39a19a6-5537-4088-8dc1-b8261ace10b2
*** Element info: {Using=xpath, value=//android.widget.TextView[@text="3ynrhm Eynryn"]//..//android.view.View//android.widget.TextView[@text="ACCEPT"]}
	at Tests.HomePageTests.Verify_the_Accept_button_on_request_banner(HomePageTests.java:745)
]]></failure>
    <system-out><![CDATA[PASS : Verify_the_functionality_of_Search_bar_Request_Tab_Admin<br><br>---------------------------------------------------------------------------<br><br>
Application Launched.
Clicked on skip button.
Clicked on next button.
Entered Email :- sagarnandha11+1@gmail.com
Entered Password :- Plai@1234
Clicked On Login Button
App name is verified on login splash screen
Day Greeting is verified on login splash screen
Username with Profile Picture is verified on login splash screen
Welcome Greeting is verified on login splash screen

Scrolling My Club Banners !!!

Scrolling My Club Banners !!!
Clicked On Club Banner in which user is Admin
]]></system-out>
    <system-err><![CDATA[Jan 03, 2023 9:21:07 PM io.appium.java_client.remote.AppiumCommandExecutor$1 lambda$0
INFO: Detected dialect: W3C
]]></system-err>
  </testcase>
  <testcase name="Verify_the_Assign_Groups_field" classname="Tests.HomePageTests" time="67.84">
    <failure message="An element could not be located on the page using the given search parameters.&#10;For documentation on this error, please visit: https://www.seleniumhq.org/exceptions/no_such_element.html&#10;Build info: version: &apos;3.141.59&apos;, revision: &apos;e82be7d358&apos;, time: &apos;2018-11-14T08:17:03&apos;&#10;System info: host: &apos;Admins-MacBook-Pro.local&apos;, ip: &apos;fe80:0:0:0:8f:c148:5c9e:6494%en0&apos;, os.name: &apos;Mac OS X&apos;, os.arch: &apos;x86_64&apos;, os.version: &apos;12.4&apos;, java.version: &apos;19.0.1&apos;&#10;Driver info: io.appium.java_client.android.AndroidDriver&#10;Capabilities {app: /Users/admin/Desktop/Plai_M..., appPackage: com.app.plaisports, autoAcceptAlerts: true, autoGrantPermissions: true, automationName: UiAutomator2, databaseEnabled: false, desired: {app: /Users/admin/Desktop/Plai_M..., autoAcceptAlerts: true, autoGrantPermissions: true, automationName: UiAutomator2, deviceName: 25e4e5308f0d7ece, platformName: android, platformVersion: 10, resetKeyboard: false, unicodeKeyboard: false}, deviceApiLevel: 29, deviceManufacturer: samsung, deviceModel: SM-N960F, deviceName: 25e4e5308f0d7ece, deviceScreenDensity: 420, deviceScreenSize: 1080x2220, deviceUDID: 25e4e5308f0d7ece, javascriptEnabled: true, locationContextEnabled: false, networkConnectionEnabled: true, pixelRatio: 2.625, platform: LINUX, platformName: android, platformVersion: 10, resetKeyboard: false, statBarHeight: 63, takesScreenshot: true, unicodeKeyboard: false, viewportRect: {height: 2031, left: 0, top: 63, width: 1080}, warnings: {}, webStorageEnabled: false}&#10;Session ID: a75aaa76-6964-4443-86bb-c9b6015e1de7&#10;*** Element info: {Using=xpath, value=//android.widget.TextView[@text=&quot;3ynrhm Eynryn&quot;]//..//android.view.View//android.widget.TextView[@text=&quot;ACCEPT&quot;]}" type="org.openqa.selenium.NoSuchElementException"><![CDATA[org.openqa.selenium.NoSuchElementException: 
An element could not be located on the page using the given search parameters.
For documentation on this error, please visit: https://www.seleniumhq.org/exceptions/no_such_element.html
Build info: version: '3.141.59', revision: 'e82be7d358', time: '2018-11-14T08:17:03'
System info: host: 'Admins-MacBook-Pro.local', ip: 'fe80:0:0:0:8f:c148:5c9e:6494%en0', os.name: 'Mac OS X', os.arch: 'x86_64', os.version: '12.4', java.version: '19.0.1'
Driver info: io.appium.java_client.android.AndroidDriver
Capabilities {app: /Users/admin/Desktop/Plai_M..., appPackage: com.app.plaisports, autoAcceptAlerts: true, autoGrantPermissions: true, automationName: UiAutomator2, databaseEnabled: false, desired: {app: /Users/admin/Desktop/Plai_M..., autoAcceptAlerts: true, autoGrantPermissions: true, automationName: UiAutomator2, deviceName: 25e4e5308f0d7ece, platformName: android, platformVersion: 10, resetKeyboard: false, unicodeKeyboard: false}, deviceApiLevel: 29, deviceManufacturer: samsung, deviceModel: SM-N960F, deviceName: 25e4e5308f0d7ece, deviceScreenDensity: 420, deviceScreenSize: 1080x2220, deviceUDID: 25e4e5308f0d7ece, javascriptEnabled: true, locationContextEnabled: false, networkConnectionEnabled: true, pixelRatio: 2.625, platform: LINUX, platformName: android, platformVersion: 10, resetKeyboard: false, statBarHeight: 63, takesScreenshot: true, unicodeKeyboard: false, viewportRect: {height: 2031, left: 0, top: 63, width: 1080}, warnings: {}, webStorageEnabled: false}
Session ID: a75aaa76-6964-4443-86bb-c9b6015e1de7
*** Element info: {Using=xpath, value=//android.widget.TextView[@text="3ynrhm Eynryn"]//..//android.view.View//android.widget.TextView[@text="ACCEPT"]}
	at Tests.HomePageTests.Verify_the_Assign_Groups_field(HomePageTests.java:762)
]]></failure>
    <system-out><![CDATA[Application Launched.
Clicked on skip button.
Clicked on next button.
Entered Email :- sagarnandha11+1@gmail.com
Entered Password :- Plai@1234
Clicked On Login Button
App name is verified on login splash screen
Day Greeting is verified on login splash screen
Username with Profile Picture is verified on login splash screen
Welcome Greeting is verified on login splash screen

Scrolling My Club Banners !!!

Scrolling My Club Banners !!!
Clicked On Club Banner in which user is Admin
]]></system-out>
    <system-err><![CDATA[Jan 03, 2023 9:22:15 PM org.openqa.selenium.remote.Augmenter extractRemoteWebDriver
WARNING: Augmenter should be applied to the instances of @Augmentable classes or previously augmented instances only (instance class was: class io.appium.java_client.android.AndroidDriver)
Jan 03, 2023 9:22:24 PM io.appium.java_client.remote.AppiumCommandExecutor$1 lambda$0
INFO: Detected dialect: W3C
]]></system-err>
  </testcase>
  <testcase name="Verify_the_Select_All_button" classname="Tests.HomePageTests" time="67.755">
    <failure message="An element could not be located on the page using the given search parameters.&#10;For documentation on this error, please visit: https://www.seleniumhq.org/exceptions/no_such_element.html&#10;Build info: version: &apos;3.141.59&apos;, revision: &apos;e82be7d358&apos;, time: &apos;2018-11-14T08:17:03&apos;&#10;System info: host: &apos;Admins-MacBook-Pro.local&apos;, ip: &apos;fe80:0:0:0:8f:c148:5c9e:6494%en0&apos;, os.name: &apos;Mac OS X&apos;, os.arch: &apos;x86_64&apos;, os.version: &apos;12.4&apos;, java.version: &apos;19.0.1&apos;&#10;Driver info: io.appium.java_client.android.AndroidDriver&#10;Capabilities {app: /Users/admin/Desktop/Plai_M..., appPackage: com.app.plaisports, autoAcceptAlerts: true, autoGrantPermissions: true, automationName: UiAutomator2, databaseEnabled: false, desired: {app: /Users/admin/Desktop/Plai_M..., autoAcceptAlerts: true, autoGrantPermissions: true, automationName: UiAutomator2, deviceName: 25e4e5308f0d7ece, platformName: android, platformVersion: 10, resetKeyboard: false, unicodeKeyboard: false}, deviceApiLevel: 29, deviceManufacturer: samsung, deviceModel: SM-N960F, deviceName: 25e4e5308f0d7ece, deviceScreenDensity: 420, deviceScreenSize: 1080x2220, deviceUDID: 25e4e5308f0d7ece, javascriptEnabled: true, locationContextEnabled: false, networkConnectionEnabled: true, pixelRatio: 2.625, platform: LINUX, platformName: android, platformVersion: 10, resetKeyboard: false, statBarHeight: 63, takesScreenshot: true, unicodeKeyboard: false, viewportRect: {height: 2031, left: 0, top: 63, width: 1080}, warnings: {}, webStorageEnabled: false}&#10;Session ID: 3fe8b7b4-1fcc-433f-9a3d-1ecb0aad6d96&#10;*** Element info: {Using=xpath, value=//android.widget.TextView[@text=&quot;3ynrhm Eynryn&quot;]//..//android.view.View//android.widget.TextView[@text=&quot;ACCEPT&quot;]}" type="org.openqa.selenium.NoSuchElementException"><![CDATA[org.openqa.selenium.NoSuchElementException: 
An element could not be located on the page using the given search parameters.
For documentation on this error, please visit: https://www.seleniumhq.org/exceptions/no_such_element.html
Build info: version: '3.141.59', revision: 'e82be7d358', time: '2018-11-14T08:17:03'
System info: host: 'Admins-MacBook-Pro.local', ip: 'fe80:0:0:0:8f:c148:5c9e:6494%en0', os.name: 'Mac OS X', os.arch: 'x86_64', os.version: '12.4', java.version: '19.0.1'
Driver info: io.appium.java_client.android.AndroidDriver
Capabilities {app: /Users/admin/Desktop/Plai_M..., appPackage: com.app.plaisports, autoAcceptAlerts: true, autoGrantPermissions: true, automationName: UiAutomator2, databaseEnabled: false, desired: {app: /Users/admin/Desktop/Plai_M..., autoAcceptAlerts: true, autoGrantPermissions: true, automationName: UiAutomator2, deviceName: 25e4e5308f0d7ece, platformName: android, platformVersion: 10, resetKeyboard: false, unicodeKeyboard: false}, deviceApiLevel: 29, deviceManufacturer: samsung, deviceModel: SM-N960F, deviceName: 25e4e5308f0d7ece, deviceScreenDensity: 420, deviceScreenSize: 1080x2220, deviceUDID: 25e4e5308f0d7ece, javascriptEnabled: true, locationContextEnabled: false, networkConnectionEnabled: true, pixelRatio: 2.625, platform: LINUX, platformName: android, platformVersion: 10, resetKeyboard: false, statBarHeight: 63, takesScreenshot: true, unicodeKeyboard: false, viewportRect: {height: 2031, left: 0, top: 63, width: 1080}, warnings: {}, webStorageEnabled: false}
Session ID: 3fe8b7b4-1fcc-433f-9a3d-1ecb0aad6d96
*** Element info: {Using=xpath, value=//android.widget.TextView[@text="3ynrhm Eynryn"]//..//android.view.View//android.widget.TextView[@text="ACCEPT"]}
	at Tests.HomePageTests.Verify_the_Select_All_button(HomePageTests.java:781)
]]></failure>
    <system-out><![CDATA[Application Launched.
Clicked on skip button.
Clicked on next button.
Entered Email :- sagarnandha11+1@gmail.com
Entered Password :- Plai@1234
Clicked On Login Button
App name is verified on login splash screen
Day Greeting is verified on login splash screen
Username with Profile Picture is verified on login splash screen
Welcome Greeting is verified on login splash screen

Scrolling My Club Banners !!!

Scrolling My Club Banners !!!
Clicked On Club Banner in which user is Admin
]]></system-out>
    <system-err><![CDATA[Jan 03, 2023 9:23:32 PM org.openqa.selenium.remote.Augmenter extractRemoteWebDriver
WARNING: Augmenter should be applied to the instances of @Augmentable classes or previously augmented instances only (instance class was: class io.appium.java_client.android.AndroidDriver)
Jan 03, 2023 9:23:41 PM io.appium.java_client.remote.AppiumCommandExecutor$1 lambda$0
INFO: Detected dialect: W3C
]]></system-err>
  </testcase>
  <testcase name="Verify_the_Deselect_All_button" classname="Tests.HomePageTests" time="67.241">
    <failure message="An element could not be located on the page using the given search parameters.&#10;For documentation on this error, please visit: https://www.seleniumhq.org/exceptions/no_such_element.html&#10;Build info: version: &apos;3.141.59&apos;, revision: &apos;e82be7d358&apos;, time: &apos;2018-11-14T08:17:03&apos;&#10;System info: host: &apos;Admins-MacBook-Pro.local&apos;, ip: &apos;fe80:0:0:0:8f:c148:5c9e:6494%en0&apos;, os.name: &apos;Mac OS X&apos;, os.arch: &apos;x86_64&apos;, os.version: &apos;12.4&apos;, java.version: &apos;19.0.1&apos;&#10;Driver info: io.appium.java_client.android.AndroidDriver&#10;Capabilities {app: /Users/admin/Desktop/Plai_M..., appPackage: com.app.plaisports, autoAcceptAlerts: true, autoGrantPermissions: true, automationName: UiAutomator2, databaseEnabled: false, desired: {app: /Users/admin/Desktop/Plai_M..., autoAcceptAlerts: true, autoGrantPermissions: true, automationName: UiAutomator2, deviceName: 25e4e5308f0d7ece, platformName: android, platformVersion: 10, resetKeyboard: false, unicodeKeyboard: false}, deviceApiLevel: 29, deviceManufacturer: samsung, deviceModel: SM-N960F, deviceName: 25e4e5308f0d7ece, deviceScreenDensity: 420, deviceScreenSize: 1080x2220, deviceUDID: 25e4e5308f0d7ece, javascriptEnabled: true, locationContextEnabled: false, networkConnectionEnabled: true, pixelRatio: 2.625, platform: LINUX, platformName: android, platformVersion: 10, resetKeyboard: false, statBarHeight: 63, takesScreenshot: true, unicodeKeyboard: false, viewportRect: {height: 2031, left: 0, top: 63, width: 1080}, warnings: {}, webStorageEnabled: false}&#10;Session ID: 200f26b2-f559-41e3-90ee-f05388957220&#10;*** Element info: {Using=xpath, value=//android.widget.TextView[@text=&quot;3ynrhm Eynryn&quot;]//..//android.view.View//android.widget.TextView[@text=&quot;ACCEPT&quot;]}" type="org.openqa.selenium.NoSuchElementException"><![CDATA[org.openqa.selenium.NoSuchElementException: 
An element could not be located on the page using the given search parameters.
For documentation on this error, please visit: https://www.seleniumhq.org/exceptions/no_such_element.html
Build info: version: '3.141.59', revision: 'e82be7d358', time: '2018-11-14T08:17:03'
System info: host: 'Admins-MacBook-Pro.local', ip: 'fe80:0:0:0:8f:c148:5c9e:6494%en0', os.name: 'Mac OS X', os.arch: 'x86_64', os.version: '12.4', java.version: '19.0.1'
Driver info: io.appium.java_client.android.AndroidDriver
Capabilities {app: /Users/admin/Desktop/Plai_M..., appPackage: com.app.plaisports, autoAcceptAlerts: true, autoGrantPermissions: true, automationName: UiAutomator2, databaseEnabled: false, desired: {app: /Users/admin/Desktop/Plai_M..., autoAcceptAlerts: true, autoGrantPermissions: true, automationName: UiAutomator2, deviceName: 25e4e5308f0d7ece, platformName: android, platformVersion: 10, resetKeyboard: false, unicodeKeyboard: false}, deviceApiLevel: 29, deviceManufacturer: samsung, deviceModel: SM-N960F, deviceName: 25e4e5308f0d7ece, deviceScreenDensity: 420, deviceScreenSize: 1080x2220, deviceUDID: 25e4e5308f0d7ece, javascriptEnabled: true, locationContextEnabled: false, networkConnectionEnabled: true, pixelRatio: 2.625, platform: LINUX, platformName: android, platformVersion: 10, resetKeyboard: false, statBarHeight: 63, takesScreenshot: true, unicodeKeyboard: false, viewportRect: {height: 2031, left: 0, top: 63, width: 1080}, warnings: {}, webStorageEnabled: false}
Session ID: 200f26b2-f559-41e3-90ee-f05388957220
*** Element info: {Using=xpath, value=//android.widget.TextView[@text="3ynrhm Eynryn"]//..//android.view.View//android.widget.TextView[@text="ACCEPT"]}
	at Tests.HomePageTests.Verify_the_Deselect_All_button(HomePageTests.java:800)
]]></failure>
    <system-out><![CDATA[Application Launched.
Clicked on skip button.
Clicked on next button.
Entered Email :- sagarnandha11+1@gmail.com
Entered Password :- Plai@1234
Clicked On Login Button
App name is verified on login splash screen
Day Greeting is verified on login splash screen
Username with Profile Picture is verified on login splash screen
Welcome Greeting is verified on login splash screen

Scrolling My Club Banners !!!

Scrolling My Club Banners !!!
Clicked On Club Banner in which user is Admin
]]></system-out>
    <system-err><![CDATA[Jan 03, 2023 9:24:49 PM org.openqa.selenium.remote.Augmenter extractRemoteWebDriver
WARNING: Augmenter should be applied to the instances of @Augmentable classes or previously augmented instances only (instance class was: class io.appium.java_client.android.AndroidDriver)
Jan 03, 2023 9:24:57 PM io.appium.java_client.remote.AppiumCommandExecutor$1 lambda$0
INFO: Detected dialect: W3C
]]></system-err>
  </testcase>
  <testcase name="Verify_the_Done_link_with_Search_bar_In_Assign_Groups" classname="Tests.HomePageTests" time="67.802">
    <failure message="An element could not be located on the page using the given search parameters.&#10;For documentation on this error, please visit: https://www.seleniumhq.org/exceptions/no_such_element.html&#10;Build info: version: &apos;3.141.59&apos;, revision: &apos;e82be7d358&apos;, time: &apos;2018-11-14T08:17:03&apos;&#10;System info: host: &apos;Admins-MacBook-Pro.local&apos;, ip: &apos;fe80:0:0:0:8f:c148:5c9e:6494%en0&apos;, os.name: &apos;Mac OS X&apos;, os.arch: &apos;x86_64&apos;, os.version: &apos;12.4&apos;, java.version: &apos;19.0.1&apos;&#10;Driver info: io.appium.java_client.android.AndroidDriver&#10;Capabilities {app: /Users/admin/Desktop/Plai_M..., appPackage: com.app.plaisports, autoAcceptAlerts: true, autoGrantPermissions: true, automationName: UiAutomator2, databaseEnabled: false, desired: {app: /Users/admin/Desktop/Plai_M..., autoAcceptAlerts: true, autoGrantPermissions: true, automationName: UiAutomator2, deviceName: 25e4e5308f0d7ece, platformName: android, platformVersion: 10, resetKeyboard: false, unicodeKeyboard: false}, deviceApiLevel: 29, deviceManufacturer: samsung, deviceModel: SM-N960F, deviceName: 25e4e5308f0d7ece, deviceScreenDensity: 420, deviceScreenSize: 1080x2220, deviceUDID: 25e4e5308f0d7ece, javascriptEnabled: true, locationContextEnabled: false, networkConnectionEnabled: true, pixelRatio: 2.625, platform: LINUX, platformName: android, platformVersion: 10, resetKeyboard: false, statBarHeight: 63, takesScreenshot: true, unicodeKeyboard: false, viewportRect: {height: 2031, left: 0, top: 63, width: 1080}, warnings: {}, webStorageEnabled: false}&#10;Session ID: 5be1be08-b506-4eca-bd3a-b9b0330f6bbe&#10;*** Element info: {Using=xpath, value=//android.widget.TextView[@text=&quot;3ynrhm Eynryn&quot;]//..//android.view.View//android.widget.TextView[@text=&quot;ACCEPT&quot;]}" type="org.openqa.selenium.NoSuchElementException"><![CDATA[org.openqa.selenium.NoSuchElementException: 
An element could not be located on the page using the given search parameters.
For documentation on this error, please visit: https://www.seleniumhq.org/exceptions/no_such_element.html
Build info: version: '3.141.59', revision: 'e82be7d358', time: '2018-11-14T08:17:03'
System info: host: 'Admins-MacBook-Pro.local', ip: 'fe80:0:0:0:8f:c148:5c9e:6494%en0', os.name: 'Mac OS X', os.arch: 'x86_64', os.version: '12.4', java.version: '19.0.1'
Driver info: io.appium.java_client.android.AndroidDriver
Capabilities {app: /Users/admin/Desktop/Plai_M..., appPackage: com.app.plaisports, autoAcceptAlerts: true, autoGrantPermissions: true, automationName: UiAutomator2, databaseEnabled: false, desired: {app: /Users/admin/Desktop/Plai_M..., autoAcceptAlerts: true, autoGrantPermissions: true, automationName: UiAutomator2, deviceName: 25e4e5308f0d7ece, platformName: android, platformVersion: 10, resetKeyboard: false, unicodeKeyboard: false}, deviceApiLevel: 29, deviceManufacturer: samsung, deviceModel: SM-N960F, deviceName: 25e4e5308f0d7ece, deviceScreenDensity: 420, deviceScreenSize: 1080x2220, deviceUDID: 25e4e5308f0d7ece, javascriptEnabled: true, locationContextEnabled: false, networkConnectionEnabled: true, pixelRatio: 2.625, platform: LINUX, platformName: android, platformVersion: 10, resetKeyboard: false, statBarHeight: 63, takesScreenshot: true, unicodeKeyboard: false, viewportRect: {height: 2031, left: 0, top: 63, width: 1080}, warnings: {}, webStorageEnabled: false}
Session ID: 5be1be08-b506-4eca-bd3a-b9b0330f6bbe
*** Element info: {Using=xpath, value=//android.widget.TextView[@text="3ynrhm Eynryn"]//..//android.view.View//android.widget.TextView[@text="ACCEPT"]}
	at Tests.HomePageTests.Verify_the_Done_link_with_Search_bar_In_Assign_Groups(HomePageTests.java:819)
]]></failure>
    <system-out><![CDATA[Application Launched.
Clicked on skip button.
Clicked on next button.
Entered Email :- sagarnandha11+1@gmail.com
Entered Password :- Plai@1234
Clicked On Login Button
App name is verified on login splash screen
Day Greeting is verified on login splash screen
Username with Profile Picture is verified on login splash screen
Welcome Greeting is verified on login splash screen

Scrolling My Club Banners !!!

Scrolling My Club Banners !!!
Clicked On Club Banner in which user is Admin
]]></system-out>
    <system-err><![CDATA[Jan 03, 2023 9:26:05 PM org.openqa.selenium.remote.Augmenter extractRemoteWebDriver
WARNING: Augmenter should be applied to the instances of @Augmentable classes or previously augmented instances only (instance class was: class io.appium.java_client.android.AndroidDriver)
Jan 03, 2023 9:26:14 PM io.appium.java_client.remote.AppiumCommandExecutor$1 lambda$0
INFO: Detected dialect: W3C
]]></system-err>
  </testcase>
  <testcase name="Verify_the_Confirm_button_without_entering_data_in_Assign_Groups" classname="Tests.HomePageTests" time="67.436">
    <failure message="An element could not be located on the page using the given search parameters.&#10;For documentation on this error, please visit: https://www.seleniumhq.org/exceptions/no_such_element.html&#10;Build info: version: &apos;3.141.59&apos;, revision: &apos;e82be7d358&apos;, time: &apos;2018-11-14T08:17:03&apos;&#10;System info: host: &apos;Admins-MacBook-Pro.local&apos;, ip: &apos;fe80:0:0:0:8f:c148:5c9e:6494%en0&apos;, os.name: &apos;Mac OS X&apos;, os.arch: &apos;x86_64&apos;, os.version: &apos;12.4&apos;, java.version: &apos;19.0.1&apos;&#10;Driver info: io.appium.java_client.android.AndroidDriver&#10;Capabilities {app: /Users/admin/Desktop/Plai_M..., appPackage: com.app.plaisports, autoAcceptAlerts: true, autoGrantPermissions: true, automationName: UiAutomator2, databaseEnabled: false, desired: {app: /Users/admin/Desktop/Plai_M..., autoAcceptAlerts: true, autoGrantPermissions: true, automationName: UiAutomator2, deviceName: 25e4e5308f0d7ece, platformName: android, platformVersion: 10, resetKeyboard: false, unicodeKeyboard: false}, deviceApiLevel: 29, deviceManufacturer: samsung, deviceModel: SM-N960F, deviceName: 25e4e5308f0d7ece, deviceScreenDensity: 420, deviceScreenSize: 1080x2220, deviceUDID: 25e4e5308f0d7ece, javascriptEnabled: true, locationContextEnabled: false, networkConnectionEnabled: true, pixelRatio: 2.625, platform: LINUX, platformName: android, platformVersion: 10, resetKeyboard: false, statBarHeight: 63, takesScreenshot: true, unicodeKeyboard: false, viewportRect: {height: 2031, left: 0, top: 63, width: 1080}, warnings: {}, webStorageEnabled: false}&#10;Session ID: 94a36246-b512-4458-8482-c64da4f74a68&#10;*** Element info: {Using=xpath, value=//android.widget.TextView[@text=&quot;3ynrhm Eynryn&quot;]//..//android.view.View//android.widget.TextView[@text=&quot;ACCEPT&quot;]}" type="org.openqa.selenium.NoSuchElementException"><![CDATA[org.openqa.selenium.NoSuchElementException: 
An element could not be located on the page using the given search parameters.
For documentation on this error, please visit: https://www.seleniumhq.org/exceptions/no_such_element.html
Build info: version: '3.141.59', revision: 'e82be7d358', time: '2018-11-14T08:17:03'
System info: host: 'Admins-MacBook-Pro.local', ip: 'fe80:0:0:0:8f:c148:5c9e:6494%en0', os.name: 'Mac OS X', os.arch: 'x86_64', os.version: '12.4', java.version: '19.0.1'
Driver info: io.appium.java_client.android.AndroidDriver
Capabilities {app: /Users/admin/Desktop/Plai_M..., appPackage: com.app.plaisports, autoAcceptAlerts: true, autoGrantPermissions: true, automationName: UiAutomator2, databaseEnabled: false, desired: {app: /Users/admin/Desktop/Plai_M..., autoAcceptAlerts: true, autoGrantPermissions: true, automationName: UiAutomator2, deviceName: 25e4e5308f0d7ece, platformName: android, platformVersion: 10, resetKeyboard: false, unicodeKeyboard: false}, deviceApiLevel: 29, deviceManufacturer: samsung, deviceModel: SM-N960F, deviceName: 25e4e5308f0d7ece, deviceScreenDensity: 420, deviceScreenSize: 1080x2220, deviceUDID: 25e4e5308f0d7ece, javascriptEnabled: true, locationContextEnabled: false, networkConnectionEnabled: true, pixelRatio: 2.625, platform: LINUX, platformName: android, platformVersion: 10, resetKeyboard: false, statBarHeight: 63, takesScreenshot: true, unicodeKeyboard: false, viewportRect: {height: 2031, left: 0, top: 63, width: 1080}, warnings: {}, webStorageEnabled: false}
Session ID: 94a36246-b512-4458-8482-c64da4f74a68
*** Element info: {Using=xpath, value=//android.widget.TextView[@text="3ynrhm Eynryn"]//..//android.view.View//android.widget.TextView[@text="ACCEPT"]}
	at Tests.HomePageTests.Verify_the_Confirm_button_without_entering_data_in_Assign_Groups(HomePageTests.java:838)
]]></failure>
    <system-out><![CDATA[Application Launched.
Clicked on skip button.
Clicked on next button.
Entered Email :- sagarnandha11+1@gmail.com
Entered Password :- Plai@1234
Clicked On Login Button
App name is verified on login splash screen
Day Greeting is verified on login splash screen
Username with Profile Picture is verified on login splash screen
Welcome Greeting is verified on login splash screen

Scrolling My Club Banners !!!

Scrolling My Club Banners !!!
Clicked On Club Banner in which user is Admin
]]></system-out>
    <system-err><![CDATA[Jan 03, 2023 9:27:22 PM org.openqa.selenium.remote.Augmenter extractRemoteWebDriver
WARNING: Augmenter should be applied to the instances of @Augmentable classes or previously augmented instances only (instance class was: class io.appium.java_client.android.AndroidDriver)
Jan 03, 2023 9:27:31 PM io.appium.java_client.remote.AppiumCommandExecutor$1 lambda$0
INFO: Detected dialect: W3C
]]></system-err>
  </testcase>
  <testcase name="Verify_the_Confirm_button_after_entering_data_in_Assign_Groups" classname="Tests.HomePageTests" time="67.562">
    <failure message="An element could not be located on the page using the given search parameters.&#10;For documentation on this error, please visit: https://www.seleniumhq.org/exceptions/no_such_element.html&#10;Build info: version: &apos;3.141.59&apos;, revision: &apos;e82be7d358&apos;, time: &apos;2018-11-14T08:17:03&apos;&#10;System info: host: &apos;Admins-MacBook-Pro.local&apos;, ip: &apos;fe80:0:0:0:8f:c148:5c9e:6494%en0&apos;, os.name: &apos;Mac OS X&apos;, os.arch: &apos;x86_64&apos;, os.version: &apos;12.4&apos;, java.version: &apos;19.0.1&apos;&#10;Driver info: io.appium.java_client.android.AndroidDriver&#10;Capabilities {app: /Users/admin/Desktop/Plai_M..., appPackage: com.app.plaisports, autoAcceptAlerts: true, autoGrantPermissions: true, automationName: UiAutomator2, databaseEnabled: false, desired: {app: /Users/admin/Desktop/Plai_M..., autoAcceptAlerts: true, autoGrantPermissions: true, automationName: UiAutomator2, deviceName: 25e4e5308f0d7ece, platformName: android, platformVersion: 10, resetKeyboard: false, unicodeKeyboard: false}, deviceApiLevel: 29, deviceManufacturer: samsung, deviceModel: SM-N960F, deviceName: 25e4e5308f0d7ece, deviceScreenDensity: 420, deviceScreenSize: 1080x2220, deviceUDID: 25e4e5308f0d7ece, javascriptEnabled: true, locationContextEnabled: false, networkConnectionEnabled: true, pixelRatio: 2.625, platform: LINUX, platformName: android, platformVersion: 10, resetKeyboard: false, statBarHeight: 63, takesScreenshot: true, unicodeKeyboard: false, viewportRect: {height: 2031, left: 0, top: 63, width: 1080}, warnings: {}, webStorageEnabled: false}&#10;Session ID: bfc4003a-be88-44dc-ba6a-0005fa894e1f&#10;*** Element info: {Using=xpath, value=//android.widget.TextView[@text=&quot;3ynrhm Eynryn&quot;]//..//android.view.View//android.widget.TextView[@text=&quot;ACCEPT&quot;]}" type="org.openqa.selenium.NoSuchElementException"><![CDATA[org.openqa.selenium.NoSuchElementException: 
An element could not be located on the page using the given search parameters.
For documentation on this error, please visit: https://www.seleniumhq.org/exceptions/no_such_element.html
Build info: version: '3.141.59', revision: 'e82be7d358', time: '2018-11-14T08:17:03'
System info: host: 'Admins-MacBook-Pro.local', ip: 'fe80:0:0:0:8f:c148:5c9e:6494%en0', os.name: 'Mac OS X', os.arch: 'x86_64', os.version: '12.4', java.version: '19.0.1'
Driver info: io.appium.java_client.android.AndroidDriver
Capabilities {app: /Users/admin/Desktop/Plai_M..., appPackage: com.app.plaisports, autoAcceptAlerts: true, autoGrantPermissions: true, automationName: UiAutomator2, databaseEnabled: false, desired: {app: /Users/admin/Desktop/Plai_M..., autoAcceptAlerts: true, autoGrantPermissions: true, automationName: UiAutomator2, deviceName: 25e4e5308f0d7ece, platformName: android, platformVersion: 10, resetKeyboard: false, unicodeKeyboard: false}, deviceApiLevel: 29, deviceManufacturer: samsung, deviceModel: SM-N960F, deviceName: 25e4e5308f0d7ece, deviceScreenDensity: 420, deviceScreenSize: 1080x2220, deviceUDID: 25e4e5308f0d7ece, javascriptEnabled: true, locationContextEnabled: false, networkConnectionEnabled: true, pixelRatio: 2.625, platform: LINUX, platformName: android, platformVersion: 10, resetKeyboard: false, statBarHeight: 63, takesScreenshot: true, unicodeKeyboard: false, viewportRect: {height: 2031, left: 0, top: 63, width: 1080}, warnings: {}, webStorageEnabled: false}
Session ID: bfc4003a-be88-44dc-ba6a-0005fa894e1f
*** Element info: {Using=xpath, value=//android.widget.TextView[@text="3ynrhm Eynryn"]//..//android.view.View//android.widget.TextView[@text="ACCEPT"]}
	at Tests.HomePageTests.Verify_the_Confirm_button_after_entering_data_in_Assign_Groups(HomePageTests.java:857)
]]></failure>
    <system-out><![CDATA[Application Launched.
Clicked on skip button.
Clicked on next button.
Entered Email :- sagarnandha11+1@gmail.com
Entered Password :- Plai@1234
Clicked On Login Button
App name is verified on login splash screen
Day Greeting is verified on login splash screen
Username with Profile Picture is verified on login splash screen
Welcome Greeting is verified on login splash screen

Scrolling My Club Banners !!!

Scrolling My Club Banners !!!
Clicked On Club Banner in which user is Admin
]]></system-out>
    <system-err><![CDATA[Jan 03, 2023 9:28:38 PM org.openqa.selenium.remote.Augmenter extractRemoteWebDriver
WARNING: Augmenter should be applied to the instances of @Augmentable classes or previously augmented instances only (instance class was: class io.appium.java_client.android.AndroidDriver)
Jan 03, 2023 9:28:47 PM io.appium.java_client.remote.AppiumCommandExecutor$1 lambda$0
INFO: Detected dialect: W3C
]]></system-err>
  </testcase>
  <testcase name="Verify_the_EVENT_tab_for_Admin_banner" classname="Tests.EventTabTests" time="50.326">
    <system-out><![CDATA[PASSED: Verify_Done_link_by_selecting_country_from_the_list
PASSED: Verify_the_Mobile_Number_field_by_entering_more_than_10_digit_number_More_Than_10_Digits
PASSED: Verify_the_Profile_icon
PASSED: Verify_the_functionality_of_Search_icon
PASSED: Verify_Done_icon_of_Edit_Profile_screen
PASSED: Verify_the_functionality_of_Pending_Request_button
PASSED: Verify_the_Location_field_by_tap_on_Dropdown_icon
PASSED: Verify_the_fields_of_Profile_screen
PASSED: Verify_the_functionality_of_Search_bar_From_Location_Icon
PASSED: Verify_the_fields_display_on_Edit_Profile_screen
PASSED: Verify_the_fields_display_on_Pending_Request_screen
PASSED: Verify_the_NEXT_button_of_UPDATE_TEAM_screen_by_entering_data_in_mandatory_fields
PASSED: Verify_the_functionality_of_Edit_icon
PASSED: Verify_the_Location_field_of_EDIT_PROFILE_screen
PASSED: Verify_the_banner_for_searched_club_2_Verify_Pending_Request
PASSED: Verify_the_fields_display_on_first_screen_of_Update_Team
PASSED: Verify_the_navigation_of_Back_icon_display_on_Profile_screen
PASSED: Verify_the_functionality_of_Search_bar_Request_Tab_Admin
PASSED: Verify_fields_of_Home_screen
PASSED: Verify_the_functionality_of_Sort_by_filter
PASSED: Verify_the_fields_display_on_second_screen_of_Update_Team
PASSED: Verify_the_banner_for_searched_club
PASSED: Verify_UPDATE_TEAM_button
PASSED: Verify_the_functionality_of_Search_bar_Pending_Requests
PASSED: Verify_the_Location_icon
PASSED: Verify_the_REQUEST_tab_for_admin_banner
PASSED: Verify_dropdown_list_for_Country_field
PASSED: Verify_the_Edit_button_for_admin_banner
PASSED: Verify_the_Done_link_with_Search_bar
PASSED: Verify_the_navigation_by_clicking_on_Back_icon_of_Search_Team_screen_From_Location_Icon
PASSED: Verify_the_Bookmark_option_of_Please_Select_popup
PASSED: Verify_the_Mobile_Number_field_by_entering_more_than_10_digit_number
PASSED: Verify_Search_bar_of_dropdown_list_for_Country
PASSED: Verify_the_navigation_by_clicking_on_Back_icon_of_Search_Team_screen
PASSED: Verify_the_functionality_of_Search_bar
PASSED: Verify_Sliding_banner_for_Admin
FAILED: Verify_the_banner_for_searched_club_From_Location_Icon
org.openqa.selenium.NoSuchElementException: An element could not be located on the page using the given search parameters.
For documentation on this error, please visit: https://www.seleniumhq.org/exceptions/no_such_element.html
Build info: version: '3.141.59', revision: 'e82be7d358', time: '2018-11-14T08:17:03'
System info: host: 'Admins-MacBook-Pro.local', ip: 'fe80:0:0:0:8f:c148:5c9e:6494%en0', os.name: 'Mac OS X', os.arch: 'x86_64', os.version: '12.4', java.version: '19.0.1'
Driver info: io.appium.java_client.android.AndroidDriver
Capabilities {app: /Users/admin/Desktop/Plai_M..., appPackage: com.app.plaisports, autoAcceptAlerts: true, autoGrantPermissions: true, automationName: UiAutomator2, databaseEnabled: false, desired: {app: /Users/admin/Desktop/Plai_M..., autoAcceptAlerts: true, autoGrantPermissions: true, automationName: UiAutomator2, deviceName: 25e4e5308f0d7ece, platformName: android, platformVersion: 10, resetKeyboard: false, unicodeKeyboard: false}, deviceApiLevel: 29, deviceManufacturer: samsung, deviceModel: SM-N960F, deviceName: 25e4e5308f0d7ece, deviceScreenDensity: 420, deviceScreenSize: 1080x2220, deviceUDID: 25e4e5308f0d7ece, javascriptEnabled: true, locationContextEnabled: false, networkConnectionEnabled: true, pixelRatio: 2.625, platform: LINUX, platformName: android, platformVersion: 10, resetKeyboard: false, statBarHeight: 63, takesScreenshot: true, unicodeKeyboard: false, viewportRect: {height: 2031, left: 0, top: 63, width: 1080}, warnings: {}, webStorageEnabled: false}
Session ID: 2ed43451-b474-4311-9177-aa821a407e56
*** Element info: {Using=xpath, value=//android.widget.TextView[@text="Sporty Tots"]}
	at java.base/jdk.internal.reflect.DirectConstructorHandleAccessor.newInstance(DirectConstructorHandleAccessor.java:67)
	at java.base/java.lang.reflect.Constructor.newInstanceWithCaller(Constructor.java:500)
	at java.base/java.lang.reflect.Constructor.newInstance(Constructor.java:484)
	at org.openqa.selenium.remote.http.W3CHttpResponseCodec.createException(W3CHttpResponseCodec.java:187)
	at org.openqa.selenium.remote.http.W3CHttpResponseCodec.decode(W3CHttpResponseCodec.java:122)
	at org.openqa.selenium.remote.http.W3CHttpResponseCodec.decode(W3CHttpResponseCodec.java:49)
	at org.openqa.selenium.remote.HttpCommandExecutor.execute(HttpCommandExecutor.java:158)
	at io.appium.java_client.remote.AppiumCommandExecutor.execute(AppiumCommandExecutor.java:247)
	at org.openqa.selenium.remote.RemoteWebDriver.execute(RemoteWebDriver.java:552)
	at io.appium.java_client.DefaultGenericMobileDriver.execute(DefaultGenericMobileDriver.java:41)
	at io.appium.java_client.AppiumDriver.execute(AppiumDriver.java:1)
	at io.appium.java_client.android.AndroidDriver.execute(AndroidDriver.java:1)
	at org.openqa.selenium.remote.RemoteWebDriver.findElement(RemoteWebDriver.java:323)
	at io.appium.java_client.DefaultGenericMobileDriver.findElement(DefaultGenericMobileDriver.java:61)
	at io.appium.java_client.AppiumDriver.findElement(AppiumDriver.java:1)
	at io.appium.java_client.android.AndroidDriver.findElement(AndroidDriver.java:1)
	at org.openqa.selenium.remote.RemoteWebDriver.findElementByXPath(RemoteWebDriver.java:428)
	at io.appium.java_client.DefaultGenericMobileDriver.findElementByXPath(DefaultGenericMobileDriver.java:151)
	at io.appium.java_client.AppiumDriver.findElementByXPath(AppiumDriver.java:1)
	at io.appium.java_client.android.AndroidDriver.findElementByXPath(AndroidDriver.java:1)
	at org.openqa.selenium.By$ByXPath.findElement(By.java:353)
	at org.openqa.selenium.remote.RemoteWebDriver.findElement(RemoteWebDriver.java:315)
	at io.appium.java_client.DefaultGenericMobileDriver.findElement(DefaultGenericMobileDriver.java:57)
	at io.appium.java_client.AppiumDriver.findElement(AppiumDriver.java:1)
	at io.appium.java_client.android.AndroidDriver.findElement(AndroidDriver.java:1)
	at Pages.HomePage.Verify_Join_Team_Button(HomePage.java:82)
	at Tests.HomePageTests.Verify_the_banner_for_searched_club_From_Location_Icon(HomePageTests.java:480)
	at java.base/jdk.internal.reflect.DirectMethodHandleAccessor.invoke(DirectMethodHandleAccessor.java:104)
	at java.base/java.lang.reflect.Method.invoke(Method.java:578)
	at org.testng.internal.MethodInvocationHelper.invokeMethod(MethodInvocationHelper.java:133)
	at org.testng.internal.TestInvoker.invokeMethod(TestInvoker.java:598)
	at org.testng.internal.TestInvoker.invokeTestMethod(TestInvoker.java:173)
	at org.testng.internal.MethodRunner.runInSequence(MethodRunner.java:46)
	at org.testng.internal.TestInvoker$MethodInvocationAgent.invoke(TestInvoker.java:824)
	at org.testng.internal.TestInvoker.invokeTestMethods(TestInvoker.java:146)
	at org.testng.internal.TestMethodWorker.invokeTestMethods(TestMethodWorker.java:146)
	at org.testng.internal.TestMethodWorker.run(TestMethodWorker.java:128)
	at java.base/java.util.ArrayList.forEach(ArrayList.java:1511)
	at org.testng.TestRunner.privateRun(TestRunner.java:794)
	at org.testng.TestRunner.run(TestRunner.java:596)
	at org.testng.SuiteRunner.runTest(SuiteRunner.java:377)
	at org.testng.SuiteRunner.runSequentially(SuiteRunner.java:371)
	at org.testng.SuiteRunner.privateRun(SuiteRunner.java:332)
	at org.testng.SuiteRunner.run(SuiteRunner.java:276)
	at org.testng.SuiteRunnerWorker.runSuite(SuiteRunnerWorker.java:53)
	at org.testng.SuiteRunnerWorker.run(SuiteRunnerWorker.java:96)
	at org.testng.TestNG.runSuitesSequentially(TestNG.java:1212)
	at org.testng.TestNG.runSuitesLocally(TestNG.java:1134)
	at org.testng.TestNG.runSuites(TestNG.java:1063)
	at org.testng.TestNG.run(TestNG.java:1031)
	at org.apache.maven.surefire.testng.TestNGExecutor.run(TestNGExecutor.java:284)
	at org.apache.maven.surefire.testng.TestNGXmlTestSuite.execute(TestNGXmlTestSuite.java:75)
	at org.apache.maven.surefire.testng.TestNGProvider.invoke(TestNGProvider.java:119)
	at org.apache.maven.surefire.booter.ForkedBooter.runSuitesInProcess(ForkedBooter.java:428)
	at org.apache.maven.surefire.booter.ForkedBooter.execute(ForkedBooter.java:162)
	at org.apache.maven.surefire.booter.ForkedBooter.run(ForkedBooter.java:562)
	at org.apache.maven.surefire.booter.ForkedBooter.main(ForkedBooter.java:548)

FAILED: Verify_the_Assign_Groups_field
org.openqa.selenium.NoSuchElementException: An element could not be located on the page using the given search parameters.
For documentation on this error, please visit: https://www.seleniumhq.org/exceptions/no_such_element.html
Build info: version: '3.141.59', revision: 'e82be7d358', time: '2018-11-14T08:17:03'
System info: host: 'Admins-MacBook-Pro.local', ip: 'fe80:0:0:0:8f:c148:5c9e:6494%en0', os.name: 'Mac OS X', os.arch: 'x86_64', os.version: '12.4', java.version: '19.0.1'
Driver info: io.appium.java_client.android.AndroidDriver
Capabilities {app: /Users/admin/Desktop/Plai_M..., appPackage: com.app.plaisports, autoAcceptAlerts: true, autoGrantPermissions: true, automationName: UiAutomator2, databaseEnabled: false, desired: {app: /Users/admin/Desktop/Plai_M..., autoAcceptAlerts: true, autoGrantPermissions: true, automationName: UiAutomator2, deviceName: 25e4e5308f0d7ece, platformName: android, platformVersion: 10, resetKeyboard: false, unicodeKeyboard: false}, deviceApiLevel: 29, deviceManufacturer: samsung, deviceModel: SM-N960F, deviceName: 25e4e5308f0d7ece, deviceScreenDensity: 420, deviceScreenSize: 1080x2220, deviceUDID: 25e4e5308f0d7ece, javascriptEnabled: true, locationContextEnabled: false, networkConnectionEnabled: true, pixelRatio: 2.625, platform: LINUX, platformName: android, platformVersion: 10, resetKeyboard: false, statBarHeight: 63, takesScreenshot: true, unicodeKeyboard: false, viewportRect: {height: 2031, left: 0, top: 63, width: 1080}, warnings: {}, webStorageEnabled: false}
Session ID: a75aaa76-6964-4443-86bb-c9b6015e1de7
*** Element info: {Using=xpath, value=//android.widget.TextView[@text="3ynrhm Eynryn"]//..//android.view.View//android.widget.TextView[@text="ACCEPT"]}
	at java.base/jdk.internal.reflect.DirectConstructorHandleAccessor.newInstance(DirectConstructorHandleAccessor.java:67)
	at java.base/java.lang.reflect.Constructor.newInstanceWithCaller(Constructor.java:500)
	at java.base/java.lang.reflect.Constructor.newInstance(Constructor.java:484)
	at org.openqa.selenium.remote.http.W3CHttpResponseCodec.createException(W3CHttpResponseCodec.java:187)
	at org.openqa.selenium.remote.http.W3CHttpResponseCodec.decode(W3CHttpResponseCodec.java:122)
	at org.openqa.selenium.remote.http.W3CHttpResponseCodec.decode(W3CHttpResponseCodec.java:49)
	at org.openqa.selenium.remote.HttpCommandExecutor.execute(HttpCommandExecutor.java:158)
	at io.appium.java_client.remote.AppiumCommandExecutor.execute(AppiumCommandExecutor.java:247)
	at org.openqa.selenium.remote.RemoteWebDriver.execute(RemoteWebDriver.java:552)
	at io.appium.java_client.DefaultGenericMobileDriver.execute(DefaultGenericMobileDriver.java:41)
	at io.appium.java_client.AppiumDriver.execute(AppiumDriver.java:1)
	at io.appium.java_client.android.AndroidDriver.execute(AndroidDriver.java:1)
	at org.openqa.selenium.remote.RemoteWebDriver.findElement(RemoteWebDriver.java:323)
	at io.appium.java_client.DefaultGenericMobileDriver.findElement(DefaultGenericMobileDriver.java:61)
	at io.appium.java_client.AppiumDriver.findElement(AppiumDriver.java:1)
	at io.appium.java_client.android.AndroidDriver.findElement(AndroidDriver.java:1)
	at org.openqa.selenium.remote.RemoteWebDriver.findElementByXPath(RemoteWebDriver.java:428)
	at io.appium.java_client.DefaultGenericMobileDriver.findElementByXPath(DefaultGenericMobileDriver.java:151)
	at io.appium.java_client.AppiumDriver.findElementByXPath(AppiumDriver.java:1)
	at io.appium.java_client.android.AndroidDriver.findElementByXPath(AndroidDriver.java:1)
	at org.openqa.selenium.By$ByXPath.findElement(By.java:353)
	at org.openqa.selenium.remote.RemoteWebDriver.findElement(RemoteWebDriver.java:315)
	at io.appium.java_client.DefaultGenericMobileDriver.findElement(DefaultGenericMobileDriver.java:57)
	at io.appium.java_client.AppiumDriver.findElement(AppiumDriver.java:1)
	at io.appium.java_client.android.AndroidDriver.findElement(AndroidDriver.java:1)
	at Pages.HomePage.Accept_User_Request(HomePage.java:481)
	at Tests.HomePageTests.Verify_the_Assign_Groups_field(HomePageTests.java:762)
	at java.base/jdk.internal.reflect.DirectMethodHandleAccessor.invoke(DirectMethodHandleAccessor.java:104)
	at java.base/java.lang.reflect.Method.invoke(Method.java:578)
	at org.testng.internal.MethodInvocationHelper.invokeMethod(MethodInvocationHelper.java:133)
	at org.testng.internal.TestInvoker.invokeMethod(TestInvoker.java:598)
	at org.testng.internal.TestInvoker.invokeTestMethod(TestInvoker.java:173)
	at org.testng.internal.MethodRunner.runInSequence(MethodRunner.java:46)
	at org.testng.internal.TestInvoker$MethodInvocationAgent.invoke(TestInvoker.java:824)
	at org.testng.internal.TestInvoker.invokeTestMethods(TestInvoker.java:146)
	at org.testng.internal.TestMethodWorker.invokeTestMethods(TestMethodWorker.java:146)
	at org.testng.internal.TestMethodWorker.run(TestMethodWorker.java:128)
	at java.base/java.util.ArrayList.forEach(ArrayList.java:1511)
	at org.testng.TestRunner.privateRun(TestRunner.java:794)
	at org.testng.TestRunner.run(TestRunner.java:596)
	at org.testng.SuiteRunner.runTest(SuiteRunner.java:377)
	at org.testng.SuiteRunner.runSequentially(SuiteRunner.java:371)
	at org.testng.SuiteRunner.privateRun(SuiteRunner.java:332)
	at org.testng.SuiteRunner.run(SuiteRunner.java:276)
	at org.testng.SuiteRunnerWorker.runSuite(SuiteRunnerWorker.java:53)
	at org.testng.SuiteRunnerWorker.run(SuiteRunnerWorker.java:96)
	at org.testng.TestNG.runSuitesSequentially(TestNG.java:1212)
	at org.testng.TestNG.runSuitesLocally(TestNG.java:1134)
	at org.testng.TestNG.runSuites(TestNG.java:1063)
	at org.testng.TestNG.run(TestNG.java:1031)
	at org.apache.maven.surefire.testng.TestNGExecutor.run(TestNGExecutor.java:284)
	at org.apache.maven.surefire.testng.TestNGXmlTestSuite.execute(TestNGXmlTestSuite.java:75)
	at org.apache.maven.surefire.testng.TestNGProvider.invoke(TestNGProvider.java:119)
	at org.apache.maven.surefire.booter.ForkedBooter.runSuitesInProcess(ForkedBooter.java:428)
	at org.apache.maven.surefire.booter.ForkedBooter.execute(ForkedBooter.java:162)
	at org.apache.maven.surefire.booter.ForkedBooter.run(ForkedBooter.java:562)
	at org.apache.maven.surefire.booter.ForkedBooter.main(ForkedBooter.java:548)

FAILED: Verify_the_functionality_of_CLOSE_button
org.openqa.selenium.NoSuchElementException: An element could not be located on the page using the given search parameters.
For documentation on this error, please visit: https://www.seleniumhq.org/exceptions/no_such_element.html
Build info: version: '3.141.59', revision: 'e82be7d358', time: '2018-11-14T08:17:03'
System info: host: 'Admins-MacBook-Pro.local', ip: 'fe80:0:0:0:8f:c148:5c9e:6494%en0', os.name: 'Mac OS X', os.arch: 'x86_64', os.version: '12.4', java.version: '19.0.1'
Driver info: io.appium.java_client.android.AndroidDriver
Capabilities {app: /Users/admin/Desktop/Plai_M..., appPackage: com.app.plaisports, autoAcceptAlerts: true, autoGrantPermissions: true, automationName: UiAutomator2, databaseEnabled: false, desired: {app: /Users/admin/Desktop/Plai_M..., autoAcceptAlerts: true, autoGrantPermissions: true, automationName: UiAutomator2, deviceName: 25e4e5308f0d7ece, platformName: android, platformVersion: 10, resetKeyboard: false, unicodeKeyboard: false}, deviceApiLevel: 29, deviceManufacturer: samsung, deviceModel: SM-N960F, deviceName: 25e4e5308f0d7ece, deviceScreenDensity: 420, deviceScreenSize: 1080x2220, deviceUDID: 25e4e5308f0d7ece, javascriptEnabled: true, locationContextEnabled: false, networkConnectionEnabled: true, pixelRatio: 2.625, platform: LINUX, platformName: android, platformVersion: 10, resetKeyboard: false, statBarHeight: 63, takesScreenshot: true, unicodeKeyboard: false, viewportRect: {height: 2031, left: 0, top: 63, width: 1080}, warnings: {}, webStorageEnabled: false}
Session ID: 90958de2-c46b-4809-9f95-9726d3b552b7
*** Element info: {Using=xpath, value=//android.widget.TextView[@text="CLOSE"]}
	at java.base/jdk.internal.reflect.DirectConstructorHandleAccessor.newInstance(DirectConstructorHandleAccessor.java:67)
	at java.base/java.lang.reflect.Constructor.newInstanceWithCaller(Constructor.java:500)
	at java.base/java.lang.reflect.Constructor.newInstance(Constructor.java:484)
	at org.openqa.selenium.remote.http.W3CHttpResponseCodec.createException(W3CHttpResponseCodec.java:187)
	at org.openqa.selenium.remote.http.W3CHttpResponseCodec.decode(W3CHttpResponseCodec.java:122)
	at org.openqa.selenium.remote.http.W3CHttpResponseCodec.decode(W3CHttpResponseCodec.java:49)
	at org.openqa.selenium.remote.HttpCommandExecutor.execute(HttpCommandExecutor.java:158)
	at io.appium.java_client.remote.AppiumCommandExecutor.execute(AppiumCommandExecutor.java:247)
	at org.openqa.selenium.remote.RemoteWebDriver.execute(RemoteWebDriver.java:552)
	at io.appium.java_client.DefaultGenericMobileDriver.execute(DefaultGenericMobileDriver.java:41)
	at io.appium.java_client.AppiumDriver.execute(AppiumDriver.java:1)
	at io.appium.java_client.android.AndroidDriver.execute(AndroidDriver.java:1)
	at org.openqa.selenium.remote.RemoteWebDriver.findElement(RemoteWebDriver.java:323)
	at io.appium.java_client.DefaultGenericMobileDriver.findElement(DefaultGenericMobileDriver.java:61)
	at io.appium.java_client.AppiumDriver.findElement(AppiumDriver.java:1)
	at io.appium.java_client.android.AndroidDriver.findElement(AndroidDriver.java:1)
	at org.openqa.selenium.remote.RemoteWebDriver.findElementByXPath(RemoteWebDriver.java:428)
	at io.appium.java_client.DefaultGenericMobileDriver.findElementByXPath(DefaultGenericMobileDriver.java:151)
	at io.appium.java_client.AppiumDriver.findElementByXPath(AppiumDriver.java:1)
	at io.appium.java_client.android.AndroidDriver.findElementByXPath(AndroidDriver.java:1)
	at org.openqa.selenium.By$ByXPath.findElement(By.java:353)
	at org.openqa.selenium.remote.RemoteWebDriver.findElement(RemoteWebDriver.java:315)
	at io.appium.java_client.DefaultGenericMobileDriver.findElement(DefaultGenericMobileDriver.java:57)
	at io.appium.java_client.AppiumDriver.findElement(AppiumDriver.java:1)
	at io.appium.java_client.android.AndroidDriver.findElement(AndroidDriver.java:1)
	at Pages.SignUpPage.click_on_user_information_page_button(SignUpPage.java:749)
	at Tests.HomePageTests.Verify_the_functionality_of_CLOSE_button(HomePageTests.java:696)
	at java.base/jdk.internal.reflect.DirectMethodHandleAccessor.invoke(DirectMethodHandleAccessor.java:104)
	at java.base/java.lang.reflect.Method.invoke(Method.java:578)
	at org.testng.internal.MethodInvocationHelper.invokeMethod(MethodInvocationHelper.java:133)
	at org.testng.internal.TestInvoker.invokeMethod(TestInvoker.java:598)
	at org.testng.internal.TestInvoker.invokeTestMethod(TestInvoker.java:173)
	at org.testng.internal.MethodRunner.runInSequence(MethodRunner.java:46)
	at org.testng.internal.TestInvoker$MethodInvocationAgent.invoke(TestInvoker.java:824)
	at org.testng.internal.TestInvoker.invokeTestMethods(TestInvoker.java:146)
	at org.testng.internal.TestMethodWorker.invokeTestMethods(TestMethodWorker.java:146)
	at org.testng.internal.TestMethodWorker.run(TestMethodWorker.java:128)
	at java.base/java.util.ArrayList.forEach(ArrayList.java:1511)
	at org.testng.TestRunner.privateRun(TestRunner.java:794)
	at org.testng.TestRunner.run(TestRunner.java:596)
	at org.testng.SuiteRunner.runTest(SuiteRunner.java:377)
	at org.testng.SuiteRunner.runSequentially(SuiteRunner.java:371)
	at org.testng.SuiteRunner.privateRun(SuiteRunner.java:332)
	at org.testng.SuiteRunner.run(SuiteRunner.java:276)
	at org.testng.SuiteRunnerWorker.runSuite(SuiteRunnerWorker.java:53)
	at org.testng.SuiteRunnerWorker.run(SuiteRunnerWorker.java:96)
	at org.testng.TestNG.runSuitesSequentially(TestNG.java:1212)
	at org.testng.TestNG.runSuitesLocally(TestNG.java:1134)
	at org.testng.TestNG.runSuites(TestNG.java:1063)
	at org.testng.TestNG.run(TestNG.java:1031)
	at org.apache.maven.surefire.testng.TestNGExecutor.run(TestNGExecutor.java:284)
	at org.apache.maven.surefire.testng.TestNGXmlTestSuite.execute(TestNGXmlTestSuite.java:75)
	at org.apache.maven.surefire.testng.TestNGProvider.invoke(TestNGProvider.java:119)
	at org.apache.maven.surefire.booter.ForkedBooter.runSuitesInProcess(ForkedBooter.java:428)
	at org.apache.maven.surefire.booter.ForkedBooter.execute(ForkedBooter.java:162)
	at org.apache.maven.surefire.booter.ForkedBooter.run(ForkedBooter.java:562)
	at org.apache.maven.surefire.booter.ForkedBooter.main(ForkedBooter.java:548)

FAILED: Verify_the_Done_link_with_Search_bar_In_Assign_Groups
org.openqa.selenium.NoSuchElementException: An element could not be located on the page using the given search parameters.
For documentation on this error, please visit: https://www.seleniumhq.org/exceptions/no_such_element.html
Build info: version: '3.141.59', revision: 'e82be7d358', time: '2018-11-14T08:17:03'
System info: host: 'Admins-MacBook-Pro.local', ip: 'fe80:0:0:0:8f:c148:5c9e:6494%en0', os.name: 'Mac OS X', os.arch: 'x86_64', os.version: '12.4', java.version: '19.0.1'
Driver info: io.appium.java_client.android.AndroidDriver
Capabilities {app: /Users/admin/Desktop/Plai_M..., appPackage: com.app.plaisports, autoAcceptAlerts: true, autoGrantPermissions: true, automationName: UiAutomator2, databaseEnabled: false, desired: {app: /Users/admin/Desktop/Plai_M..., autoAcceptAlerts: true, autoGrantPermissions: true, automationName: UiAutomator2, deviceName: 25e4e5308f0d7ece, platformName: android, platformVersion: 10, resetKeyboard: false, unicodeKeyboard: false}, deviceApiLevel: 29, deviceManufacturer: samsung, deviceModel: SM-N960F, deviceName: 25e4e5308f0d7ece, deviceScreenDensity: 420, deviceScreenSize: 1080x2220, deviceUDID: 25e4e5308f0d7ece, javascriptEnabled: true, locationContextEnabled: false, networkConnectionEnabled: true, pixelRatio: 2.625, platform: LINUX, platformName: android, platformVersion: 10, resetKeyboard: false, statBarHeight: 63, takesScreenshot: true, unicodeKeyboard: false, viewportRect: {height: 2031, left: 0, top: 63, width: 1080}, warnings: {}, webStorageEnabled: false}
Session ID: 5be1be08-b506-4eca-bd3a-b9b0330f6bbe
*** Element info: {Using=xpath, value=//android.widget.TextView[@text="3ynrhm Eynryn"]//..//android.view.View//android.widget.TextView[@text="ACCEPT"]}
	at java.base/jdk.internal.reflect.DirectConstructorHandleAccessor.newInstance(DirectConstructorHandleAccessor.java:67)
	at java.base/java.lang.reflect.Constructor.newInstanceWithCaller(Constructor.java:500)
	at java.base/java.lang.reflect.Constructor.newInstance(Constructor.java:484)
	at org.openqa.selenium.remote.http.W3CHttpResponseCodec.createException(W3CHttpResponseCodec.java:187)
	at org.openqa.selenium.remote.http.W3CHttpResponseCodec.decode(W3CHttpResponseCodec.java:122)
	at org.openqa.selenium.remote.http.W3CHttpResponseCodec.decode(W3CHttpResponseCodec.java:49)
	at org.openqa.selenium.remote.HttpCommandExecutor.execute(HttpCommandExecutor.java:158)
	at io.appium.java_client.remote.AppiumCommandExecutor.execute(AppiumCommandExecutor.java:247)
	at org.openqa.selenium.remote.RemoteWebDriver.execute(RemoteWebDriver.java:552)
	at io.appium.java_client.DefaultGenericMobileDriver.execute(DefaultGenericMobileDriver.java:41)
	at io.appium.java_client.AppiumDriver.execute(AppiumDriver.java:1)
	at io.appium.java_client.android.AndroidDriver.execute(AndroidDriver.java:1)
	at org.openqa.selenium.remote.RemoteWebDriver.findElement(RemoteWebDriver.java:323)
	at io.appium.java_client.DefaultGenericMobileDriver.findElement(DefaultGenericMobileDriver.java:61)
	at io.appium.java_client.AppiumDriver.findElement(AppiumDriver.java:1)
	at io.appium.java_client.android.AndroidDriver.findElement(AndroidDriver.java:1)
	at org.openqa.selenium.remote.RemoteWebDriver.findElementByXPath(RemoteWebDriver.java:428)
	at io.appium.java_client.DefaultGenericMobileDriver.findElementByXPath(DefaultGenericMobileDriver.java:151)
	at io.appium.java_client.AppiumDriver.findElementByXPath(AppiumDriver.java:1)
	at io.appium.java_client.android.AndroidDriver.findElementByXPath(AndroidDriver.java:1)
	at org.openqa.selenium.By$ByXPath.findElement(By.java:353)
	at org.openqa.selenium.remote.RemoteWebDriver.findElement(RemoteWebDriver.java:315)
	at io.appium.java_client.DefaultGenericMobileDriver.findElement(DefaultGenericMobileDriver.java:57)
	at io.appium.java_client.AppiumDriver.findElement(AppiumDriver.java:1)
	at io.appium.java_client.android.AndroidDriver.findElement(AndroidDriver.java:1)
	at Pages.HomePage.Accept_User_Request(HomePage.java:481)
	at Tests.HomePageTests.Verify_the_Done_link_with_Search_bar_In_Assign_Groups(HomePageTests.java:819)
	at java.base/jdk.internal.reflect.DirectMethodHandleAccessor.invoke(DirectMethodHandleAccessor.java:104)
	at java.base/java.lang.reflect.Method.invoke(Method.java:578)
	at org.testng.internal.MethodInvocationHelper.invokeMethod(MethodInvocationHelper.java:133)
	at org.testng.internal.TestInvoker.invokeMethod(TestInvoker.java:598)
	at org.testng.internal.TestInvoker.invokeTestMethod(TestInvoker.java:173)
	at org.testng.internal.MethodRunner.runInSequence(MethodRunner.java:46)
	at org.testng.internal.TestInvoker$MethodInvocationAgent.invoke(TestInvoker.java:824)
	at org.testng.internal.TestInvoker.invokeTestMethods(TestInvoker.java:146)
	at org.testng.internal.TestMethodWorker.invokeTestMethods(TestMethodWorker.java:146)
	at org.testng.internal.TestMethodWorker.run(TestMethodWorker.java:128)
	at java.base/java.util.ArrayList.forEach(ArrayList.java:1511)
	at org.testng.TestRunner.privateRun(TestRunner.java:794)
	at org.testng.TestRunner.run(TestRunner.java:596)
	at org.testng.SuiteRunner.runTest(SuiteRunner.java:377)
	at org.testng.SuiteRunner.runSequentially(SuiteRunner.java:371)
	at org.testng.SuiteRunner.privateRun(SuiteRunner.java:332)
	at org.testng.SuiteRunner.run(SuiteRunner.java:276)
	at org.testng.SuiteRunnerWorker.runSuite(SuiteRunnerWorker.java:53)
	at org.testng.SuiteRunnerWorker.run(SuiteRunnerWorker.java:96)
	at org.testng.TestNG.runSuitesSequentially(TestNG.java:1212)
	at org.testng.TestNG.runSuitesLocally(TestNG.java:1134)
	at org.testng.TestNG.runSuites(TestNG.java:1063)
	at org.testng.TestNG.run(TestNG.java:1031)
	at org.apache.maven.surefire.testng.TestNGExecutor.run(TestNGExecutor.java:284)
	at org.apache.maven.surefire.testng.TestNGXmlTestSuite.execute(TestNGXmlTestSuite.java:75)
	at org.apache.maven.surefire.testng.TestNGProvider.invoke(TestNGProvider.java:119)
	at org.apache.maven.surefire.booter.ForkedBooter.runSuitesInProcess(ForkedBooter.java:428)
	at org.apache.maven.surefire.booter.ForkedBooter.execute(ForkedBooter.java:162)
	at org.apache.maven.surefire.booter.ForkedBooter.run(ForkedBooter.java:562)
	at org.apache.maven.surefire.booter.ForkedBooter.main(ForkedBooter.java:548)

FAILED: Verify_the_Bookmark_icon_of_Article_banner
org.openqa.selenium.NoSuchElementException: An element could not be located on the page using the given search parameters.
For documentation on this error, please visit: https://www.seleniumhq.org/exceptions/no_such_element.html
Build info: version: '3.141.59', revision: 'e82be7d358', time: '2018-11-14T08:17:03'
System info: host: 'Admins-MacBook-Pro.local', ip: 'fe80:0:0:0:8f:c148:5c9e:6494%en0', os.name: 'Mac OS X', os.arch: 'x86_64', os.version: '12.4', java.version: '19.0.1'
Driver info: io.appium.java_client.android.AndroidDriver
Capabilities {app: /Users/admin/Desktop/Plai_M..., appPackage: com.app.plaisports, autoAcceptAlerts: true, autoGrantPermissions: true, automationName: UiAutomator2, databaseEnabled: false, desired: {app: /Users/admin/Desktop/Plai_M..., autoAcceptAlerts: true, autoGrantPermissions: true, automationName: UiAutomator2, deviceName: 25e4e5308f0d7ece, platformName: android, platformVersion: 10, resetKeyboard: false, unicodeKeyboard: false}, deviceApiLevel: 29, deviceManufacturer: samsung, deviceModel: SM-N960F, deviceName: 25e4e5308f0d7ece, deviceScreenDensity: 420, deviceScreenSize: 1080x2220, deviceUDID: 25e4e5308f0d7ece, javascriptEnabled: true, locationContextEnabled: false, networkConnectionEnabled: true, pixelRatio: 2.625, platform: LINUX, platformName: android, platformVersion: 10, resetKeyboard: false, statBarHeight: 63, takesScreenshot: true, unicodeKeyboard: false, viewportRect: {height: 2031, left: 0, top: 63, width: 1080}, warnings: {}, webStorageEnabled: false}
Session ID: 026ac650-44b1-4257-b0e1-e85ade1213f1
*** Element info: {Using=xpath, value=//android.widget.TextView[@text="Article"]//..//android.view.View[1]}
	at java.base/jdk.internal.reflect.DirectConstructorHandleAccessor.newInstance(DirectConstructorHandleAccessor.java:67)
	at java.base/java.lang.reflect.Constructor.newInstanceWithCaller(Constructor.java:500)
	at java.base/java.lang.reflect.Constructor.newInstance(Constructor.java:484)
	at org.openqa.selenium.remote.http.W3CHttpResponseCodec.createException(W3CHttpResponseCodec.java:187)
	at org.openqa.selenium.remote.http.W3CHttpResponseCodec.decode(W3CHttpResponseCodec.java:122)
	at org.openqa.selenium.remote.http.W3CHttpResponseCodec.decode(W3CHttpResponseCodec.java:49)
	at org.openqa.selenium.remote.HttpCommandExecutor.execute(HttpCommandExecutor.java:158)
	at io.appium.java_client.remote.AppiumCommandExecutor.execute(AppiumCommandExecutor.java:247)
	at org.openqa.selenium.remote.RemoteWebDriver.execute(RemoteWebDriver.java:552)
	at io.appium.java_client.DefaultGenericMobileDriver.execute(DefaultGenericMobileDriver.java:41)
	at io.appium.java_client.AppiumDriver.execute(AppiumDriver.java:1)
	at io.appium.java_client.android.AndroidDriver.execute(AndroidDriver.java:1)
	at org.openqa.selenium.remote.RemoteWebDriver.findElement(RemoteWebDriver.java:323)
	at io.appium.java_client.DefaultGenericMobileDriver.findElement(DefaultGenericMobileDriver.java:61)
	at io.appium.java_client.AppiumDriver.findElement(AppiumDriver.java:1)
	at io.appium.java_client.android.AndroidDriver.findElement(AndroidDriver.java:1)
	at org.openqa.selenium.remote.RemoteWebDriver.findElementByXPath(RemoteWebDriver.java:428)
	at io.appium.java_client.DefaultGenericMobileDriver.findElementByXPath(DefaultGenericMobileDriver.java:151)
	at io.appium.java_client.AppiumDriver.findElementByXPath(AppiumDriver.java:1)
	at io.appium.java_client.android.AndroidDriver.findElementByXPath(AndroidDriver.java:1)
	at org.openqa.selenium.By$ByXPath.findElement(By.java:353)
	at org.openqa.selenium.remote.RemoteWebDriver.findElement(RemoteWebDriver.java:315)
	at io.appium.java_client.DefaultGenericMobileDriver.findElement(DefaultGenericMobileDriver.java:57)
	at io.appium.java_client.AppiumDriver.findElement(AppiumDriver.java:1)
	at io.appium.java_client.android.AndroidDriver.findElement(AndroidDriver.java:1)
	at Pages.HomePage.Bookmark_Article(HomePage.java:310)
	at Tests.HomePageTests.Verify_the_Bookmark_icon_of_Article_banner(HomePageTests.java:416)
	at java.base/jdk.internal.reflect.DirectMethodHandleAccessor.invoke(DirectMethodHandleAccessor.java:104)
	at java.base/java.lang.reflect.Method.invoke(Method.java:578)
	at org.testng.internal.MethodInvocationHelper.invokeMethod(MethodInvocationHelper.java:133)
	at org.testng.internal.TestInvoker.invokeMethod(TestInvoker.java:598)
	at org.testng.internal.TestInvoker.invokeTestMethod(TestInvoker.java:173)
	at org.testng.internal.MethodRunner.runInSequence(MethodRunner.java:46)
	at org.testng.internal.TestInvoker$MethodInvocationAgent.invoke(TestInvoker.java:824)
	at org.testng.internal.TestInvoker.invokeTestMethods(TestInvoker.java:146)
	at org.testng.internal.TestMethodWorker.invokeTestMethods(TestMethodWorker.java:146)
	at org.testng.internal.TestMethodWorker.run(TestMethodWorker.java:128)
	at java.base/java.util.ArrayList.forEach(ArrayList.java:1511)
	at org.testng.TestRunner.privateRun(TestRunner.java:794)
	at org.testng.TestRunner.run(TestRunner.java:596)
	at org.testng.SuiteRunner.runTest(SuiteRunner.java:377)
	at org.testng.SuiteRunner.runSequentially(SuiteRunner.java:371)
	at org.testng.SuiteRunner.privateRun(SuiteRunner.java:332)
	at org.testng.SuiteRunner.run(SuiteRunner.java:276)
	at org.testng.SuiteRunnerWorker.runSuite(SuiteRunnerWorker.java:53)
	at org.testng.SuiteRunnerWorker.run(SuiteRunnerWorker.java:96)
	at org.testng.TestNG.runSuitesSequentially(TestNG.java:1212)
	at org.testng.TestNG.runSuitesLocally(TestNG.java:1134)
	at org.testng.TestNG.runSuites(TestNG.java:1063)
	at org.testng.TestNG.run(TestNG.java:1031)
	at org.apache.maven.surefire.testng.TestNGExecutor.run(TestNGExecutor.java:284)
	at org.apache.maven.surefire.testng.TestNGXmlTestSuite.execute(TestNGXmlTestSuite.java:75)
	at org.apache.maven.surefire.testng.TestNGProvider.invoke(TestNGProvider.java:119)
	at org.apache.maven.surefire.booter.ForkedBooter.runSuitesInProcess(ForkedBooter.java:428)
	at org.apache.maven.surefire.booter.ForkedBooter.execute(ForkedBooter.java:162)
	at org.apache.maven.surefire.booter.ForkedBooter.run(ForkedBooter.java:562)
	at org.apache.maven.surefire.booter.ForkedBooter.main(ForkedBooter.java:548)

FAILED: Verify_the_NEXT_button_of_UPDATE_TEAM_screen_without_entering_data_in_mandatory_fields
org.openqa.selenium.NoSuchElementException: An element could not be located on the page using the given search parameters.
For documentation on this error, please visit: https://www.seleniumhq.org/exceptions/no_such_element.html
Build info: version: '3.141.59', revision: 'e82be7d358', time: '2018-11-14T08:17:03'
System info: host: 'Admins-MacBook-Pro.local', ip: 'fe80:0:0:0:8f:c148:5c9e:6494%en0', os.name: 'Mac OS X', os.arch: 'x86_64', os.version: '12.4', java.version: '19.0.1'
Driver info: io.appium.java_client.android.AndroidDriver
Capabilities {app: /Users/admin/Desktop/Plai_M..., appPackage: com.app.plaisports, autoAcceptAlerts: true, autoGrantPermissions: true, automationName: UiAutomator2, databaseEnabled: false, desired: {app: /Users/admin/Desktop/Plai_M..., autoAcceptAlerts: true, autoGrantPermissions: true, automationName: UiAutomator2, deviceName: 25e4e5308f0d7ece, platformName: android, platformVersion: 10, resetKeyboard: false, unicodeKeyboard: false}, deviceApiLevel: 29, deviceManufacturer: samsung, deviceModel: SM-N960F, deviceName: 25e4e5308f0d7ece, deviceScreenDensity: 420, deviceScreenSize: 1080x2220, deviceUDID: 25e4e5308f0d7ece, javascriptEnabled: true, locationContextEnabled: false, networkConnectionEnabled: true, pixelRatio: 2.625, platform: LINUX, platformName: android, platformVersion: 10, resetKeyboard: false, statBarHeight: 63, takesScreenshot: true, unicodeKeyboard: false, viewportRect: {height: 2031, left: 0, top: 63, width: 1080}, warnings: {}, webStorageEnabled: false}
Session ID: dc824834-6986-4bdf-939e-3aa52abdf3c2
*** Element info: {Using=xpath, value=//android.widget.TextView[@text="Team Name*"]//..//..}
	at java.base/jdk.internal.reflect.DirectConstructorHandleAccessor.newInstance(DirectConstructorHandleAccessor.java:67)
	at java.base/java.lang.reflect.Constructor.newInstanceWithCaller(Constructor.java:500)
	at java.base/java.lang.reflect.Constructor.newInstance(Constructor.java:484)
	at org.openqa.selenium.remote.http.W3CHttpResponseCodec.createException(W3CHttpResponseCodec.java:187)
	at org.openqa.selenium.remote.http.W3CHttpResponseCodec.decode(W3CHttpResponseCodec.java:122)
	at org.openqa.selenium.remote.http.W3CHttpResponseCodec.decode(W3CHttpResponseCodec.java:49)
	at org.openqa.selenium.remote.HttpCommandExecutor.execute(HttpCommandExecutor.java:158)
	at io.appium.java_client.remote.AppiumCommandExecutor.execute(AppiumCommandExecutor.java:247)
	at org.openqa.selenium.remote.RemoteWebDriver.execute(RemoteWebDriver.java:552)
	at io.appium.java_client.DefaultGenericMobileDriver.execute(DefaultGenericMobileDriver.java:41)
	at io.appium.java_client.AppiumDriver.execute(AppiumDriver.java:1)
	at io.appium.java_client.android.AndroidDriver.execute(AndroidDriver.java:1)
	at org.openqa.selenium.remote.RemoteWebDriver.findElement(RemoteWebDriver.java:323)
	at io.appium.java_client.DefaultGenericMobileDriver.findElement(DefaultGenericMobileDriver.java:61)
	at io.appium.java_client.AppiumDriver.findElement(AppiumDriver.java:1)
	at io.appium.java_client.android.AndroidDriver.findElement(AndroidDriver.java:1)
	at org.openqa.selenium.remote.RemoteWebDriver.findElementByXPath(RemoteWebDriver.java:428)
	at io.appium.java_client.DefaultGenericMobileDriver.findElementByXPath(DefaultGenericMobileDriver.java:151)
	at io.appium.java_client.AppiumDriver.findElementByXPath(AppiumDriver.java:1)
	at io.appium.java_client.android.AndroidDriver.findElementByXPath(AndroidDriver.java:1)
	at org.openqa.selenium.By$ByXPath.findElement(By.java:353)
	at org.openqa.selenium.remote.RemoteWebDriver.findElement(RemoteWebDriver.java:315)
	at io.appium.java_client.DefaultGenericMobileDriver.findElement(DefaultGenericMobileDriver.java:57)
	at io.appium.java_client.AppiumDriver.findElement(AppiumDriver.java:1)
	at io.appium.java_client.android.AndroidDriver.findElement(AndroidDriver.java:1)
	at Pages.HomePage.Clear_Data_In_Edit_Form(HomePage.java:452)
	at Tests.HomePageTests.Verify_the_NEXT_button_of_UPDATE_TEAM_screen_without_entering_data_in_mandatory_fields(HomePageTests.java:558)
	at java.base/jdk.internal.reflect.DirectMethodHandleAccessor.invoke(DirectMethodHandleAccessor.java:104)
	at java.base/java.lang.reflect.Method.invoke(Method.java:578)
	at org.testng.internal.MethodInvocationHelper.invokeMethod(MethodInvocationHelper.java:133)
	at org.testng.internal.TestInvoker.invokeMethod(TestInvoker.java:598)
	at org.testng.internal.TestInvoker.invokeTestMethod(TestInvoker.java:173)
	at org.testng.internal.MethodRunner.runInSequence(MethodRunner.java:46)
	at org.testng.internal.TestInvoker$MethodInvocationAgent.invoke(TestInvoker.java:824)
	at org.testng.internal.TestInvoker.invokeTestMethods(TestInvoker.java:146)
	at org.testng.internal.TestMethodWorker.invokeTestMethods(TestMethodWorker.java:146)
	at org.testng.internal.TestMethodWorker.run(TestMethodWorker.java:128)
	at java.base/java.util.ArrayList.forEach(ArrayList.java:1511)
	at org.testng.TestRunner.privateRun(TestRunner.java:794)
	at org.testng.TestRunner.run(TestRunner.java:596)
	at org.testng.SuiteRunner.runTest(SuiteRunner.java:377)
	at org.testng.SuiteRunner.runSequentially(SuiteRunner.java:371)
	at org.testng.SuiteRunner.privateRun(SuiteRunner.java:332)
	at org.testng.SuiteRunner.run(SuiteRunner.java:276)
	at org.testng.SuiteRunnerWorker.runSuite(SuiteRunnerWorker.java:53)
	at org.testng.SuiteRunnerWorker.run(SuiteRunnerWorker.java:96)
	at org.testng.TestNG.runSuitesSequentially(TestNG.java:1212)
	at org.testng.TestNG.runSuitesLocally(TestNG.java:1134)
	at org.testng.TestNG.runSuites(TestNG.java:1063)
	at org.testng.TestNG.run(TestNG.java:1031)
	at org.apache.maven.surefire.testng.TestNGExecutor.run(TestNGExecutor.java:284)
	at org.apache.maven.surefire.testng.TestNGXmlTestSuite.execute(TestNGXmlTestSuite.java:75)
	at org.apache.maven.surefire.testng.TestNGProvider.invoke(TestNGProvider.java:119)
	at org.apache.maven.surefire.booter.ForkedBooter.runSuitesInProcess(ForkedBooter.java:428)
	at org.apache.maven.surefire.booter.ForkedBooter.execute(ForkedBooter.java:162)
	at org.apache.maven.surefire.booter.ForkedBooter.run(ForkedBooter.java:562)
	at org.apache.maven.surefire.booter.ForkedBooter.main(ForkedBooter.java:548)

FAILED: Verify_the_Confirm_button_after_entering_data_in_Assign_Groups
org.openqa.selenium.NoSuchElementException: An element could not be located on the page using the given search parameters.
For documentation on this error, please visit: https://www.seleniumhq.org/exceptions/no_such_element.html
Build info: version: '3.141.59', revision: 'e82be7d358', time: '2018-11-14T08:17:03'
System info: host: 'Admins-MacBook-Pro.local', ip: 'fe80:0:0:0:8f:c148:5c9e:6494%en0', os.name: 'Mac OS X', os.arch: 'x86_64', os.version: '12.4', java.version: '19.0.1'
Driver info: io.appium.java_client.android.AndroidDriver
Capabilities {app: /Users/admin/Desktop/Plai_M..., appPackage: com.app.plaisports, autoAcceptAlerts: true, autoGrantPermissions: true, automationName: UiAutomator2, databaseEnabled: false, desired: {app: /Users/admin/Desktop/Plai_M..., autoAcceptAlerts: true, autoGrantPermissions: true, automationName: UiAutomator2, deviceName: 25e4e5308f0d7ece, platformName: android, platformVersion: 10, resetKeyboard: false, unicodeKeyboard: false}, deviceApiLevel: 29, deviceManufacturer: samsung, deviceModel: SM-N960F, deviceName: 25e4e5308f0d7ece, deviceScreenDensity: 420, deviceScreenSize: 1080x2220, deviceUDID: 25e4e5308f0d7ece, javascriptEnabled: true, locationContextEnabled: false, networkConnectionEnabled: true, pixelRatio: 2.625, platform: LINUX, platformName: android, platformVersion: 10, resetKeyboard: false, statBarHeight: 63, takesScreenshot: true, unicodeKeyboard: false, viewportRect: {height: 2031, left: 0, top: 63, width: 1080}, warnings: {}, webStorageEnabled: false}
Session ID: bfc4003a-be88-44dc-ba6a-0005fa894e1f
*** Element info: {Using=xpath, value=//android.widget.TextView[@text="3ynrhm Eynryn"]//..//android.view.View//android.widget.TextView[@text="ACCEPT"]}
	at java.base/jdk.internal.reflect.DirectConstructorHandleAccessor.newInstance(DirectConstructorHandleAccessor.java:67)
	at java.base/java.lang.reflect.Constructor.newInstanceWithCaller(Constructor.java:500)
	at java.base/java.lang.reflect.Constructor.newInstance(Constructor.java:484)
	at org.openqa.selenium.remote.http.W3CHttpResponseCodec.createException(W3CHttpResponseCodec.java:187)
	at org.openqa.selenium.remote.http.W3CHttpResponseCodec.decode(W3CHttpResponseCodec.java:122)
	at org.openqa.selenium.remote.http.W3CHttpResponseCodec.decode(W3CHttpResponseCodec.java:49)
	at org.openqa.selenium.remote.HttpCommandExecutor.execute(HttpCommandExecutor.java:158)
	at io.appium.java_client.remote.AppiumCommandExecutor.execute(AppiumCommandExecutor.java:247)
	at org.openqa.selenium.remote.RemoteWebDriver.execute(RemoteWebDriver.java:552)
	at io.appium.java_client.DefaultGenericMobileDriver.execute(DefaultGenericMobileDriver.java:41)
	at io.appium.java_client.AppiumDriver.execute(AppiumDriver.java:1)
	at io.appium.java_client.android.AndroidDriver.execute(AndroidDriver.java:1)
	at org.openqa.selenium.remote.RemoteWebDriver.findElement(RemoteWebDriver.java:323)
	at io.appium.java_client.DefaultGenericMobileDriver.findElement(DefaultGenericMobileDriver.java:61)
	at io.appium.java_client.AppiumDriver.findElement(AppiumDriver.java:1)
	at io.appium.java_client.android.AndroidDriver.findElement(AndroidDriver.java:1)
	at org.openqa.selenium.remote.RemoteWebDriver.findElementByXPath(RemoteWebDriver.java:428)
	at io.appium.java_client.DefaultGenericMobileDriver.findElementByXPath(DefaultGenericMobileDriver.java:151)
	at io.appium.java_client.AppiumDriver.findElementByXPath(AppiumDriver.java:1)
	at io.appium.java_client.android.AndroidDriver.findElementByXPath(AndroidDriver.java:1)
	at org.openqa.selenium.By$ByXPath.findElement(By.java:353)
	at org.openqa.selenium.remote.RemoteWebDriver.findElement(RemoteWebDriver.java:315)
	at io.appium.java_client.DefaultGenericMobileDriver.findElement(DefaultGenericMobileDriver.java:57)
	at io.appium.java_client.AppiumDriver.findElement(AppiumDriver.java:1)
	at io.appium.java_client.android.AndroidDriver.findElement(AndroidDriver.java:1)
	at Pages.HomePage.Accept_User_Request(HomePage.java:481)
	at Tests.HomePageTests.Verify_the_Confirm_button_after_entering_data_in_Assign_Groups(HomePageTests.java:857)
	at java.base/jdk.internal.reflect.DirectMethodHandleAccessor.invoke(DirectMethodHandleAccessor.java:104)
	at java.base/java.lang.reflect.Method.invoke(Method.java:578)
	at org.testng.internal.MethodInvocationHelper.invokeMethod(MethodInvocationHelper.java:133)
	at org.testng.internal.TestInvoker.invokeMethod(TestInvoker.java:598)
	at org.testng.internal.TestInvoker.invokeTestMethod(TestInvoker.java:173)
	at org.testng.internal.MethodRunner.runInSequence(MethodRunner.java:46)
	at org.testng.internal.TestInvoker$MethodInvocationAgent.invoke(TestInvoker.java:824)
	at org.testng.internal.TestInvoker.invokeTestMethods(TestInvoker.java:146)
	at org.testng.internal.TestMethodWorker.invokeTestMethods(TestMethodWorker.java:146)
	at org.testng.internal.TestMethodWorker.run(TestMethodWorker.java:128)
	at java.base/java.util.ArrayList.forEach(ArrayList.java:1511)
	at org.testng.TestRunner.privateRun(TestRunner.java:794)
	at org.testng.TestRunner.run(TestRunner.java:596)
	at org.testng.SuiteRunner.runTest(SuiteRunner.java:377)
	at org.testng.SuiteRunner.runSequentially(SuiteRunner.java:371)
	at org.testng.SuiteRunner.privateRun(SuiteRunner.java:332)
	at org.testng.SuiteRunner.run(SuiteRunner.java:276)
	at org.testng.SuiteRunnerWorker.runSuite(SuiteRunnerWorker.java:53)
	at org.testng.SuiteRunnerWorker.run(SuiteRunnerWorker.java:96)
	at org.testng.TestNG.runSuitesSequentially(TestNG.java:1212)
	at org.testng.TestNG.runSuitesLocally(TestNG.java:1134)
	at org.testng.TestNG.runSuites(TestNG.java:1063)
	at org.testng.TestNG.run(TestNG.java:1031)
	at org.apache.maven.surefire.testng.TestNGExecutor.run(TestNGExecutor.java:284)
	at org.apache.maven.surefire.testng.TestNGXmlTestSuite.execute(TestNGXmlTestSuite.java:75)
	at org.apache.maven.surefire.testng.TestNGProvider.invoke(TestNGProvider.java:119)
	at org.apache.maven.surefire.booter.ForkedBooter.runSuitesInProcess(ForkedBooter.java:428)
	at org.apache.maven.surefire.booter.ForkedBooter.execute(ForkedBooter.java:162)
	at org.apache.maven.surefire.booter.ForkedBooter.run(ForkedBooter.java:562)
	at org.apache.maven.surefire.booter.ForkedBooter.main(ForkedBooter.java:548)

FAILED: Verify_the_Done_link_without_selecting_any_option
org.openqa.selenium.NoSuchElementException: An element could not be located on the page using the given search parameters.
For documentation on this error, please visit: https://www.seleniumhq.org/exceptions/no_such_element.html
Build info: version: '3.141.59', revision: 'e82be7d358', time: '2018-11-14T08:17:03'
System info: host: 'Admins-MacBook-Pro.local', ip: 'fe80:0:0:0:8f:c148:5c9e:6494%en0', os.name: 'Mac OS X', os.arch: 'x86_64', os.version: '12.4', java.version: '19.0.1'
Driver info: io.appium.java_client.android.AndroidDriver
Capabilities {app: /Users/admin/Desktop/Plai_M..., appPackage: com.app.plaisports, autoAcceptAlerts: true, autoGrantPermissions: true, automationName: UiAutomator2, databaseEnabled: false, desired: {app: /Users/admin/Desktop/Plai_M..., autoAcceptAlerts: true, autoGrantPermissions: true, automationName: UiAutomator2, deviceName: 25e4e5308f0d7ece, platformName: android, platformVersion: 10, resetKeyboard: false, unicodeKeyboard: false}, deviceApiLevel: 29, deviceManufacturer: samsung, deviceModel: SM-N960F, deviceName: 25e4e5308f0d7ece, deviceScreenDensity: 420, deviceScreenSize: 1080x2220, deviceUDID: 25e4e5308f0d7ece, javascriptEnabled: true, locationContextEnabled: false, networkConnectionEnabled: true, pixelRatio: 2.625, platform: LINUX, platformName: android, platformVersion: 10, resetKeyboard: false, statBarHeight: 63, takesScreenshot: true, unicodeKeyboard: false, viewportRect: {height: 2031, left: 0, top: 63, width: 1080}, warnings: {}, webStorageEnabled: false}
Session ID: 6558d0b9-c5a4-4b74-885a-baa784096007
*** Element info: {Using=xpath, value=/hierarchy/android.widget.Toast}
	at java.base/jdk.internal.reflect.DirectConstructorHandleAccessor.newInstance(DirectConstructorHandleAccessor.java:67)
	at java.base/java.lang.reflect.Constructor.newInstanceWithCaller(Constructor.java:500)
	at java.base/java.lang.reflect.Constructor.newInstance(Constructor.java:484)
	at org.openqa.selenium.remote.http.W3CHttpResponseCodec.createException(W3CHttpResponseCodec.java:187)
	at org.openqa.selenium.remote.http.W3CHttpResponseCodec.decode(W3CHttpResponseCodec.java:122)
	at org.openqa.selenium.remote.http.W3CHttpResponseCodec.decode(W3CHttpResponseCodec.java:49)
	at org.openqa.selenium.remote.HttpCommandExecutor.execute(HttpCommandExecutor.java:158)
	at io.appium.java_client.remote.AppiumCommandExecutor.execute(AppiumCommandExecutor.java:247)
	at org.openqa.selenium.remote.RemoteWebDriver.execute(RemoteWebDriver.java:552)
	at io.appium.java_client.DefaultGenericMobileDriver.execute(DefaultGenericMobileDriver.java:41)
	at io.appium.java_client.AppiumDriver.execute(AppiumDriver.java:1)
	at io.appium.java_client.android.AndroidDriver.execute(AndroidDriver.java:1)
	at org.openqa.selenium.remote.RemoteWebDriver.findElement(RemoteWebDriver.java:323)
	at io.appium.java_client.DefaultGenericMobileDriver.findElement(DefaultGenericMobileDriver.java:61)
	at io.appium.java_client.AppiumDriver.findElement(AppiumDriver.java:1)
	at io.appium.java_client.android.AndroidDriver.findElement(AndroidDriver.java:1)
	at org.openqa.selenium.remote.RemoteWebDriver.findElementByXPath(RemoteWebDriver.java:428)
	at io.appium.java_client.DefaultGenericMobileDriver.findElementByXPath(DefaultGenericMobileDriver.java:151)
	at io.appium.java_client.AppiumDriver.findElementByXPath(AppiumDriver.java:1)
	at io.appium.java_client.android.AndroidDriver.findElementByXPath(AndroidDriver.java:1)
	at org.openqa.selenium.By$ByXPath.findElement(By.java:353)
	at org.openqa.selenium.remote.RemoteWebDriver.findElement(RemoteWebDriver.java:315)
	at io.appium.java_client.DefaultGenericMobileDriver.findElement(DefaultGenericMobileDriver.java:57)
	at io.appium.java_client.AppiumDriver.findElement(AppiumDriver.java:1)
	at io.appium.java_client.android.AndroidDriver.findElement(AndroidDriver.java:1)
	at Pages.LoginPage.Get_Toast_Alert(LoginPage.java:74)
	at Tests.HomePageTests.Verify_the_Done_link_without_selecting_any_option(HomePageTests.java:229)
	at java.base/jdk.internal.reflect.DirectMethodHandleAccessor.invoke(DirectMethodHandleAccessor.java:104)
	at java.base/java.lang.reflect.Method.invoke(Method.java:578)
	at org.testng.internal.MethodInvocationHelper.invokeMethod(MethodInvocationHelper.java:133)
	at org.testng.internal.TestInvoker.invokeMethod(TestInvoker.java:598)
	at org.testng.internal.TestInvoker.invokeTestMethod(TestInvoker.java:173)
	at org.testng.internal.MethodRunner.runInSequence(MethodRunner.java:46)
	at org.testng.internal.TestInvoker$MethodInvocationAgent.invoke(TestInvoker.java:824)
	at org.testng.internal.TestInvoker.invokeTestMethods(TestInvoker.java:146)
	at org.testng.internal.TestMethodWorker.invokeTestMethods(TestMethodWorker.java:146)
	at org.testng.internal.TestMethodWorker.run(TestMethodWorker.java:128)
	at java.base/java.util.ArrayList.forEach(ArrayList.java:1511)
	at org.testng.TestRunner.privateRun(TestRunner.java:794)
	at org.testng.TestRunner.run(TestRunner.java:596)
	at org.testng.SuiteRunner.runTest(SuiteRunner.java:377)
	at org.testng.SuiteRunner.runSequentially(SuiteRunner.java:371)
	at org.testng.SuiteRunner.privateRun(SuiteRunner.java:332)
	at org.testng.SuiteRunner.run(SuiteRunner.java:276)
	at org.testng.SuiteRunnerWorker.runSuite(SuiteRunnerWorker.java:53)
	at org.testng.SuiteRunnerWorker.run(SuiteRunnerWorker.java:96)
	at org.testng.TestNG.runSuitesSequentially(TestNG.java:1212)
	at org.testng.TestNG.runSuitesLocally(TestNG.java:1134)
	at org.testng.TestNG.runSuites(TestNG.java:1063)
	at org.testng.TestNG.run(TestNG.java:1031)
	at org.apache.maven.surefire.testng.TestNGExecutor.run(TestNGExecutor.java:284)
	at org.apache.maven.surefire.testng.TestNGXmlTestSuite.execute(TestNGXmlTestSuite.java:75)
	at org.apache.maven.surefire.testng.TestNGProvider.invoke(TestNGProvider.java:119)
	at org.apache.maven.surefire.booter.ForkedBooter.runSuitesInProcess(ForkedBooter.java:428)
	at org.apache.maven.surefire.booter.ForkedBooter.execute(ForkedBooter.java:162)
	at org.apache.maven.surefire.booter.ForkedBooter.run(ForkedBooter.java:562)
	at org.apache.maven.surefire.booter.ForkedBooter.main(ForkedBooter.java:548)

FAILED: Verify_the_Deselect_All_button
org.openqa.selenium.NoSuchElementException: An element could not be located on the page using the given search parameters.
For documentation on this error, please visit: https://www.seleniumhq.org/exceptions/no_such_element.html
Build info: version: '3.141.59', revision: 'e82be7d358', time: '2018-11-14T08:17:03'
System info: host: 'Admins-MacBook-Pro.local', ip: 'fe80:0:0:0:8f:c148:5c9e:6494%en0', os.name: 'Mac OS X', os.arch: 'x86_64', os.version: '12.4', java.version: '19.0.1'
Driver info: io.appium.java_client.android.AndroidDriver
Capabilities {app: /Users/admin/Desktop/Plai_M..., appPackage: com.app.plaisports, autoAcceptAlerts: true, autoGrantPermissions: true, automationName: UiAutomator2, databaseEnabled: false, desired: {app: /Users/admin/Desktop/Plai_M..., autoAcceptAlerts: true, autoGrantPermissions: true, automationName: UiAutomator2, deviceName: 25e4e5308f0d7ece, platformName: android, platformVersion: 10, resetKeyboard: false, unicodeKeyboard: false}, deviceApiLevel: 29, deviceManufacturer: samsung, deviceModel: SM-N960F, deviceName: 25e4e5308f0d7ece, deviceScreenDensity: 420, deviceScreenSize: 1080x2220, deviceUDID: 25e4e5308f0d7ece, javascriptEnabled: true, locationContextEnabled: false, networkConnectionEnabled: true, pixelRatio: 2.625, platform: LINUX, platformName: android, platformVersion: 10, resetKeyboard: false, statBarHeight: 63, takesScreenshot: true, unicodeKeyboard: false, viewportRect: {height: 2031, left: 0, top: 63, width: 1080}, warnings: {}, webStorageEnabled: false}
Session ID: 200f26b2-f559-41e3-90ee-f05388957220
*** Element info: {Using=xpath, value=//android.widget.TextView[@text="3ynrhm Eynryn"]//..//android.view.View//android.widget.TextView[@text="ACCEPT"]}
	at java.base/jdk.internal.reflect.DirectConstructorHandleAccessor.newInstance(DirectConstructorHandleAccessor.java:67)
	at java.base/java.lang.reflect.Constructor.newInstanceWithCaller(Constructor.java:500)
	at java.base/java.lang.reflect.Constructor.newInstance(Constructor.java:484)
	at org.openqa.selenium.remote.http.W3CHttpResponseCodec.createException(W3CHttpResponseCodec.java:187)
	at org.openqa.selenium.remote.http.W3CHttpResponseCodec.decode(W3CHttpResponseCodec.java:122)
	at org.openqa.selenium.remote.http.W3CHttpResponseCodec.decode(W3CHttpResponseCodec.java:49)
	at org.openqa.selenium.remote.HttpCommandExecutor.execute(HttpCommandExecutor.java:158)
	at io.appium.java_client.remote.AppiumCommandExecutor.execute(AppiumCommandExecutor.java:247)
	at org.openqa.selenium.remote.RemoteWebDriver.execute(RemoteWebDriver.java:552)
	at io.appium.java_client.DefaultGenericMobileDriver.execute(DefaultGenericMobileDriver.java:41)
	at io.appium.java_client.AppiumDriver.execute(AppiumDriver.java:1)
	at io.appium.java_client.android.AndroidDriver.execute(AndroidDriver.java:1)
	at org.openqa.selenium.remote.RemoteWebDriver.findElement(RemoteWebDriver.java:323)
	at io.appium.java_client.DefaultGenericMobileDriver.findElement(DefaultGenericMobileDriver.java:61)
	at io.appium.java_client.AppiumDriver.findElement(AppiumDriver.java:1)
	at io.appium.java_client.android.AndroidDriver.findElement(AndroidDriver.java:1)
	at org.openqa.selenium.remote.RemoteWebDriver.findElementByXPath(RemoteWebDriver.java:428)
	at io.appium.java_client.DefaultGenericMobileDriver.findElementByXPath(DefaultGenericMobileDriver.java:151)
	at io.appium.java_client.AppiumDriver.findElementByXPath(AppiumDriver.java:1)
	at io.appium.java_client.android.AndroidDriver.findElementByXPath(AndroidDriver.java:1)
	at org.openqa.selenium.By$ByXPath.findElement(By.java:353)
	at org.openqa.selenium.remote.RemoteWebDriver.findElement(RemoteWebDriver.java:315)
	at io.appium.java_client.DefaultGenericMobileDriver.findElement(DefaultGenericMobileDriver.java:57)
	at io.appium.java_client.AppiumDriver.findElement(AppiumDriver.java:1)
	at io.appium.java_client.android.AndroidDriver.findElement(AndroidDriver.java:1)
	at Pages.HomePage.Accept_User_Request(HomePage.java:481)
	at Tests.HomePageTests.Verify_the_Deselect_All_button(HomePageTests.java:800)
	at java.base/jdk.internal.reflect.DirectMethodHandleAccessor.invoke(DirectMethodHandleAccessor.java:104)
	at java.base/java.lang.reflect.Method.invoke(Method.java:578)
	at org.testng.internal.MethodInvocationHelper.invokeMethod(MethodInvocationHelper.java:133)
	at org.testng.internal.TestInvoker.invokeMethod(TestInvoker.java:598)
	at org.testng.internal.TestInvoker.invokeTestMethod(TestInvoker.java:173)
	at org.testng.internal.MethodRunner.runInSequence(MethodRunner.java:46)
	at org.testng.internal.TestInvoker$MethodInvocationAgent.invoke(TestInvoker.java:824)
	at org.testng.internal.TestInvoker.invokeTestMethods(TestInvoker.java:146)
	at org.testng.internal.TestMethodWorker.invokeTestMethods(TestMethodWorker.java:146)
	at org.testng.internal.TestMethodWorker.run(TestMethodWorker.java:128)
	at java.base/java.util.ArrayList.forEach(ArrayList.java:1511)
	at org.testng.TestRunner.privateRun(TestRunner.java:794)
	at org.testng.TestRunner.run(TestRunner.java:596)
	at org.testng.SuiteRunner.runTest(SuiteRunner.java:377)
	at org.testng.SuiteRunner.runSequentially(SuiteRunner.java:371)
	at org.testng.SuiteRunner.privateRun(SuiteRunner.java:332)
	at org.testng.SuiteRunner.run(SuiteRunner.java:276)
	at org.testng.SuiteRunnerWorker.runSuite(SuiteRunnerWorker.java:53)
	at org.testng.SuiteRunnerWorker.run(SuiteRunnerWorker.java:96)
	at org.testng.TestNG.runSuitesSequentially(TestNG.java:1212)
	at org.testng.TestNG.runSuitesLocally(TestNG.java:1134)
	at org.testng.TestNG.runSuites(TestNG.java:1063)
	at org.testng.TestNG.run(TestNG.java:1031)
	at org.apache.maven.surefire.testng.TestNGExecutor.run(TestNGExecutor.java:284)
	at org.apache.maven.surefire.testng.TestNGXmlTestSuite.execute(TestNGXmlTestSuite.java:75)
	at org.apache.maven.surefire.testng.TestNGProvider.invoke(TestNGProvider.java:119)
	at org.apache.maven.surefire.booter.ForkedBooter.runSuitesInProcess(ForkedBooter.java:428)
	at org.apache.maven.surefire.booter.ForkedBooter.execute(ForkedBooter.java:162)
	at org.apache.maven.surefire.booter.ForkedBooter.run(ForkedBooter.java:562)
	at org.apache.maven.surefire.booter.ForkedBooter.main(ForkedBooter.java:548)

FAILED: Verify_the_Confirm_button_without_entering_data_in_Assign_Groups
org.openqa.selenium.NoSuchElementException: An element could not be located on the page using the given search parameters.
For documentation on this error, please visit: https://www.seleniumhq.org/exceptions/no_such_element.html
Build info: version: '3.141.59', revision: 'e82be7d358', time: '2018-11-14T08:17:03'
System info: host: 'Admins-MacBook-Pro.local', ip: 'fe80:0:0:0:8f:c148:5c9e:6494%en0', os.name: 'Mac OS X', os.arch: 'x86_64', os.version: '12.4', java.version: '19.0.1'
Driver info: io.appium.java_client.android.AndroidDriver
Capabilities {app: /Users/admin/Desktop/Plai_M..., appPackage: com.app.plaisports, autoAcceptAlerts: true, autoGrantPermissions: true, automationName: UiAutomator2, databaseEnabled: false, desired: {app: /Users/admin/Desktop/Plai_M..., autoAcceptAlerts: true, autoGrantPermissions: true, automationName: UiAutomator2, deviceName: 25e4e5308f0d7ece, platformName: android, platformVersion: 10, resetKeyboard: false, unicodeKeyboard: false}, deviceApiLevel: 29, deviceManufacturer: samsung, deviceModel: SM-N960F, deviceName: 25e4e5308f0d7ece, deviceScreenDensity: 420, deviceScreenSize: 1080x2220, deviceUDID: 25e4e5308f0d7ece, javascriptEnabled: true, locationContextEnabled: false, networkConnectionEnabled: true, pixelRatio: 2.625, platform: LINUX, platformName: android, platformVersion: 10, resetKeyboard: false, statBarHeight: 63, takesScreenshot: true, unicodeKeyboard: false, viewportRect: {height: 2031, left: 0, top: 63, width: 1080}, warnings: {}, webStorageEnabled: false}
Session ID: 94a36246-b512-4458-8482-c64da4f74a68
*** Element info: {Using=xpath, value=//android.widget.TextView[@text="3ynrhm Eynryn"]//..//android.view.View//android.widget.TextView[@text="ACCEPT"]}
	at java.base/jdk.internal.reflect.DirectConstructorHandleAccessor.newInstance(DirectConstructorHandleAccessor.java:67)
	at java.base/java.lang.reflect.Constructor.newInstanceWithCaller(Constructor.java:500)
	at java.base/java.lang.reflect.Constructor.newInstance(Constructor.java:484)
	at org.openqa.selenium.remote.http.W3CHttpResponseCodec.createException(W3CHttpResponseCodec.java:187)
	at org.openqa.selenium.remote.http.W3CHttpResponseCodec.decode(W3CHttpResponseCodec.java:122)
	at org.openqa.selenium.remote.http.W3CHttpResponseCodec.decode(W3CHttpResponseCodec.java:49)
	at org.openqa.selenium.remote.HttpCommandExecutor.execute(HttpCommandExecutor.java:158)
	at io.appium.java_client.remote.AppiumCommandExecutor.execute(AppiumCommandExecutor.java:247)
	at org.openqa.selenium.remote.RemoteWebDriver.execute(RemoteWebDriver.java:552)
	at io.appium.java_client.DefaultGenericMobileDriver.execute(DefaultGenericMobileDriver.java:41)
	at io.appium.java_client.AppiumDriver.execute(AppiumDriver.java:1)
	at io.appium.java_client.android.AndroidDriver.execute(AndroidDriver.java:1)
	at org.openqa.selenium.remote.RemoteWebDriver.findElement(RemoteWebDriver.java:323)
	at io.appium.java_client.DefaultGenericMobileDriver.findElement(DefaultGenericMobileDriver.java:61)
	at io.appium.java_client.AppiumDriver.findElement(AppiumDriver.java:1)
	at io.appium.java_client.android.AndroidDriver.findElement(AndroidDriver.java:1)
	at org.openqa.selenium.remote.RemoteWebDriver.findElementByXPath(RemoteWebDriver.java:428)
	at io.appium.java_client.DefaultGenericMobileDriver.findElementByXPath(DefaultGenericMobileDriver.java:151)
	at io.appium.java_client.AppiumDriver.findElementByXPath(AppiumDriver.java:1)
	at io.appium.java_client.android.AndroidDriver.findElementByXPath(AndroidDriver.java:1)
	at org.openqa.selenium.By$ByXPath.findElement(By.java:353)
	at org.openqa.selenium.remote.RemoteWebDriver.findElement(RemoteWebDriver.java:315)
	at io.appium.java_client.DefaultGenericMobileDriver.findElement(DefaultGenericMobileDriver.java:57)
	at io.appium.java_client.AppiumDriver.findElement(AppiumDriver.java:1)
	at io.appium.java_client.android.AndroidDriver.findElement(AndroidDriver.java:1)
	at Pages.HomePage.Accept_User_Request(HomePage.java:481)
	at Tests.HomePageTests.Verify_the_Confirm_button_without_entering_data_in_Assign_Groups(HomePageTests.java:838)
	at java.base/jdk.internal.reflect.DirectMethodHandleAccessor.invoke(DirectMethodHandleAccessor.java:104)
	at java.base/java.lang.reflect.Method.invoke(Method.java:578)
	at org.testng.internal.MethodInvocationHelper.invokeMethod(MethodInvocationHelper.java:133)
	at org.testng.internal.TestInvoker.invokeMethod(TestInvoker.java:598)
	at org.testng.internal.TestInvoker.invokeTestMethod(TestInvoker.java:173)
	at org.testng.internal.MethodRunner.runInSequence(MethodRunner.java:46)
	at org.testng.internal.TestInvoker$MethodInvocationAgent.invoke(TestInvoker.java:824)
	at org.testng.internal.TestInvoker.invokeTestMethods(TestInvoker.java:146)
	at org.testng.internal.TestMethodWorker.invokeTestMethods(TestMethodWorker.java:146)
	at org.testng.internal.TestMethodWorker.run(TestMethodWorker.java:128)
	at java.base/java.util.ArrayList.forEach(ArrayList.java:1511)
	at org.testng.TestRunner.privateRun(TestRunner.java:794)
	at org.testng.TestRunner.run(TestRunner.java:596)
	at org.testng.SuiteRunner.runTest(SuiteRunner.java:377)
	at org.testng.SuiteRunner.runSequentially(SuiteRunner.java:371)
	at org.testng.SuiteRunner.privateRun(SuiteRunner.java:332)
	at org.testng.SuiteRunner.run(SuiteRunner.java:276)
	at org.testng.SuiteRunnerWorker.runSuite(SuiteRunnerWorker.java:53)
	at org.testng.SuiteRunnerWorker.run(SuiteRunnerWorker.java:96)
	at org.testng.TestNG.runSuitesSequentially(TestNG.java:1212)
	at org.testng.TestNG.runSuitesLocally(TestNG.java:1134)
	at org.testng.TestNG.runSuites(TestNG.java:1063)
	at org.testng.TestNG.run(TestNG.java:1031)
	at org.apache.maven.surefire.testng.TestNGExecutor.run(TestNGExecutor.java:284)
	at org.apache.maven.surefire.testng.TestNGXmlTestSuite.execute(TestNGXmlTestSuite.java:75)
	at org.apache.maven.surefire.testng.TestNGProvider.invoke(TestNGProvider.java:119)
	at org.apache.maven.surefire.booter.ForkedBooter.runSuitesInProcess(ForkedBooter.java:428)
	at org.apache.maven.surefire.booter.ForkedBooter.execute(ForkedBooter.java:162)
	at org.apache.maven.surefire.booter.ForkedBooter.run(ForkedBooter.java:562)
	at org.apache.maven.surefire.booter.ForkedBooter.main(ForkedBooter.java:548)

FAILED: Verify_the_Select_All_button
org.openqa.selenium.NoSuchElementException: An element could not be located on the page using the given search parameters.
For documentation on this error, please visit: https://www.seleniumhq.org/exceptions/no_such_element.html
Build info: version: '3.141.59', revision: 'e82be7d358', time: '2018-11-14T08:17:03'
System info: host: 'Admins-MacBook-Pro.local', ip: 'fe80:0:0:0:8f:c148:5c9e:6494%en0', os.name: 'Mac OS X', os.arch: 'x86_64', os.version: '12.4', java.version: '19.0.1'
Driver info: io.appium.java_client.android.AndroidDriver
Capabilities {app: /Users/admin/Desktop/Plai_M..., appPackage: com.app.plaisports, autoAcceptAlerts: true, autoGrantPermissions: true, automationName: UiAutomator2, databaseEnabled: false, desired: {app: /Users/admin/Desktop/Plai_M..., autoAcceptAlerts: true, autoGrantPermissions: true, automationName: UiAutomator2, deviceName: 25e4e5308f0d7ece, platformName: android, platformVersion: 10, resetKeyboard: false, unicodeKeyboard: false}, deviceApiLevel: 29, deviceManufacturer: samsung, deviceModel: SM-N960F, deviceName: 25e4e5308f0d7ece, deviceScreenDensity: 420, deviceScreenSize: 1080x2220, deviceUDID: 25e4e5308f0d7ece, javascriptEnabled: true, locationContextEnabled: false, networkConnectionEnabled: true, pixelRatio: 2.625, platform: LINUX, platformName: android, platformVersion: 10, resetKeyboard: false, statBarHeight: 63, takesScreenshot: true, unicodeKeyboard: false, viewportRect: {height: 2031, left: 0, top: 63, width: 1080}, warnings: {}, webStorageEnabled: false}
Session ID: 3fe8b7b4-1fcc-433f-9a3d-1ecb0aad6d96
*** Element info: {Using=xpath, value=//android.widget.TextView[@text="3ynrhm Eynryn"]//..//android.view.View//android.widget.TextView[@text="ACCEPT"]}
	at java.base/jdk.internal.reflect.DirectConstructorHandleAccessor.newInstance(DirectConstructorHandleAccessor.java:67)
	at java.base/java.lang.reflect.Constructor.newInstanceWithCaller(Constructor.java:500)
	at java.base/java.lang.reflect.Constructor.newInstance(Constructor.java:484)
	at org.openqa.selenium.remote.http.W3CHttpResponseCodec.createException(W3CHttpResponseCodec.java:187)
	at org.openqa.selenium.remote.http.W3CHttpResponseCodec.decode(W3CHttpResponseCodec.java:122)
	at org.openqa.selenium.remote.http.W3CHttpResponseCodec.decode(W3CHttpResponseCodec.java:49)
	at org.openqa.selenium.remote.HttpCommandExecutor.execute(HttpCommandExecutor.java:158)
	at io.appium.java_client.remote.AppiumCommandExecutor.execute(AppiumCommandExecutor.java:247)
	at org.openqa.selenium.remote.RemoteWebDriver.execute(RemoteWebDriver.java:552)
	at io.appium.java_client.DefaultGenericMobileDriver.execute(DefaultGenericMobileDriver.java:41)
	at io.appium.java_client.AppiumDriver.execute(AppiumDriver.java:1)
	at io.appium.java_client.android.AndroidDriver.execute(AndroidDriver.java:1)
	at org.openqa.selenium.remote.RemoteWebDriver.findElement(RemoteWebDriver.java:323)
	at io.appium.java_client.DefaultGenericMobileDriver.findElement(DefaultGenericMobileDriver.java:61)
	at io.appium.java_client.AppiumDriver.findElement(AppiumDriver.java:1)
	at io.appium.java_client.android.AndroidDriver.findElement(AndroidDriver.java:1)
	at org.openqa.selenium.remote.RemoteWebDriver.findElementByXPath(RemoteWebDriver.java:428)
	at io.appium.java_client.DefaultGenericMobileDriver.findElementByXPath(DefaultGenericMobileDriver.java:151)
	at io.appium.java_client.AppiumDriver.findElementByXPath(AppiumDriver.java:1)
	at io.appium.java_client.android.AndroidDriver.findElementByXPath(AndroidDriver.java:1)
	at org.openqa.selenium.By$ByXPath.findElement(By.java:353)
	at org.openqa.selenium.remote.RemoteWebDriver.findElement(RemoteWebDriver.java:315)
	at io.appium.java_client.DefaultGenericMobileDriver.findElement(DefaultGenericMobileDriver.java:57)
	at io.appium.java_client.AppiumDriver.findElement(AppiumDriver.java:1)
	at io.appium.java_client.android.AndroidDriver.findElement(AndroidDriver.java:1)
	at Pages.HomePage.Accept_User_Request(HomePage.java:481)
	at Tests.HomePageTests.Verify_the_Select_All_button(HomePageTests.java:781)
	at java.base/jdk.internal.reflect.DirectMethodHandleAccessor.invoke(DirectMethodHandleAccessor.java:104)
	at java.base/java.lang.reflect.Method.invoke(Method.java:578)
	at org.testng.internal.MethodInvocationHelper.invokeMethod(MethodInvocationHelper.java:133)
	at org.testng.internal.TestInvoker.invokeMethod(TestInvoker.java:598)
	at org.testng.internal.TestInvoker.invokeTestMethod(TestInvoker.java:173)
	at org.testng.internal.MethodRunner.runInSequence(MethodRunner.java:46)
	at org.testng.internal.TestInvoker$MethodInvocationAgent.invoke(TestInvoker.java:824)
	at org.testng.internal.TestInvoker.invokeTestMethods(TestInvoker.java:146)
	at org.testng.internal.TestMethodWorker.invokeTestMethods(TestMethodWorker.java:146)
	at org.testng.internal.TestMethodWorker.run(TestMethodWorker.java:128)
	at java.base/java.util.ArrayList.forEach(ArrayList.java:1511)
	at org.testng.TestRunner.privateRun(TestRunner.java:794)
	at org.testng.TestRunner.run(TestRunner.java:596)
	at org.testng.SuiteRunner.runTest(SuiteRunner.java:377)
	at org.testng.SuiteRunner.runSequentially(SuiteRunner.java:371)
	at org.testng.SuiteRunner.privateRun(SuiteRunner.java:332)
	at org.testng.SuiteRunner.run(SuiteRunner.java:276)
	at org.testng.SuiteRunnerWorker.runSuite(SuiteRunnerWorker.java:53)
	at org.testng.SuiteRunnerWorker.run(SuiteRunnerWorker.java:96)
	at org.testng.TestNG.runSuitesSequentially(TestNG.java:1212)
	at org.testng.TestNG.runSuitesLocally(TestNG.java:1134)
	at org.testng.TestNG.runSuites(TestNG.java:1063)
	at org.testng.TestNG.run(TestNG.java:1031)
	at org.apache.maven.surefire.testng.TestNGExecutor.run(TestNGExecutor.java:284)
	at org.apache.maven.surefire.testng.TestNGXmlTestSuite.execute(TestNGXmlTestSuite.java:75)
	at org.apache.maven.surefire.testng.TestNGProvider.invoke(TestNGProvider.java:119)
	at org.apache.maven.surefire.booter.ForkedBooter.runSuitesInProcess(ForkedBooter.java:428)
	at org.apache.maven.surefire.booter.ForkedBooter.execute(ForkedBooter.java:162)
	at org.apache.maven.surefire.booter.ForkedBooter.run(ForkedBooter.java:562)
	at org.apache.maven.surefire.booter.ForkedBooter.main(ForkedBooter.java:548)

FAILED: Verify_the_functionality_of_Article_banners
org.openqa.selenium.NoSuchElementException: An element could not be located on the page using the given search parameters.
For documentation on this error, please visit: https://www.seleniumhq.org/exceptions/no_such_element.html
Build info: version: '3.141.59', revision: 'e82be7d358', time: '2018-11-14T08:17:03'
System info: host: 'Admins-MacBook-Pro.local', ip: 'fe80:0:0:0:8f:c148:5c9e:6494%en0', os.name: 'Mac OS X', os.arch: 'x86_64', os.version: '12.4', java.version: '19.0.1'
Driver info: io.appium.java_client.android.AndroidDriver
Capabilities {app: /Users/admin/Desktop/Plai_M..., appPackage: com.app.plaisports, autoAcceptAlerts: true, autoGrantPermissions: true, automationName: UiAutomator2, databaseEnabled: false, desired: {app: /Users/admin/Desktop/Plai_M..., autoAcceptAlerts: true, autoGrantPermissions: true, automationName: UiAutomator2, deviceName: 25e4e5308f0d7ece, platformName: android, platformVersion: 10, resetKeyboard: false, unicodeKeyboard: false}, deviceApiLevel: 29, deviceManufacturer: samsung, deviceModel: SM-N960F, deviceName: 25e4e5308f0d7ece, deviceScreenDensity: 420, deviceScreenSize: 1080x2220, deviceUDID: 25e4e5308f0d7ece, javascriptEnabled: true, locationContextEnabled: false, networkConnectionEnabled: true, pixelRatio: 2.625, platform: LINUX, platformName: android, platformVersion: 10, resetKeyboard: false, statBarHeight: 63, takesScreenshot: true, unicodeKeyboard: false, viewportRect: {height: 2031, left: 0, top: 63, width: 1080}, warnings: {}, webStorageEnabled: false}
Session ID: 7e59875d-a532-47a8-b854-30373c73cf81
*** Element info: {Using=xpath, value=//android.widget.TextView[@text="Article"]//..//android.widget.TextView[contains(@text,"Read Article")]}
	at java.base/jdk.internal.reflect.DirectConstructorHandleAccessor.newInstance(DirectConstructorHandleAccessor.java:67)
	at java.base/java.lang.reflect.Constructor.newInstanceWithCaller(Constructor.java:500)
	at java.base/java.lang.reflect.Constructor.newInstance(Constructor.java:484)
	at org.openqa.selenium.remote.http.W3CHttpResponseCodec.createException(W3CHttpResponseCodec.java:187)
	at org.openqa.selenium.remote.http.W3CHttpResponseCodec.decode(W3CHttpResponseCodec.java:122)
	at org.openqa.selenium.remote.http.W3CHttpResponseCodec.decode(W3CHttpResponseCodec.java:49)
	at org.openqa.selenium.remote.HttpCommandExecutor.execute(HttpCommandExecutor.java:158)
	at io.appium.java_client.remote.AppiumCommandExecutor.execute(AppiumCommandExecutor.java:247)
	at org.openqa.selenium.remote.RemoteWebDriver.execute(RemoteWebDriver.java:552)
	at io.appium.java_client.DefaultGenericMobileDriver.execute(DefaultGenericMobileDriver.java:41)
	at io.appium.java_client.AppiumDriver.execute(AppiumDriver.java:1)
	at io.appium.java_client.android.AndroidDriver.execute(AndroidDriver.java:1)
	at org.openqa.selenium.remote.RemoteWebDriver.findElement(RemoteWebDriver.java:323)
	at io.appium.java_client.DefaultGenericMobileDriver.findElement(DefaultGenericMobileDriver.java:61)
	at io.appium.java_client.AppiumDriver.findElement(AppiumDriver.java:1)
	at io.appium.java_client.android.AndroidDriver.findElement(AndroidDriver.java:1)
	at org.openqa.selenium.remote.RemoteWebDriver.findElementByXPath(RemoteWebDriver.java:428)
	at io.appium.java_client.DefaultGenericMobileDriver.findElementByXPath(DefaultGenericMobileDriver.java:151)
	at io.appium.java_client.AppiumDriver.findElementByXPath(AppiumDriver.java:1)
	at io.appium.java_client.android.AndroidDriver.findElementByXPath(AndroidDriver.java:1)
	at org.openqa.selenium.By$ByXPath.findElement(By.java:353)
	at org.openqa.selenium.remote.RemoteWebDriver.findElement(RemoteWebDriver.java:315)
	at io.appium.java_client.DefaultGenericMobileDriver.findElement(DefaultGenericMobileDriver.java:57)
	at io.appium.java_client.AppiumDriver.findElement(AppiumDriver.java:1)
	at io.appium.java_client.android.AndroidDriver.findElement(AndroidDriver.java:1)
	at Pages.HomePage.Open_Article(HomePage.java:292)
	at Tests.HomePageTests.Verify_the_functionality_of_Article_banners(HomePageTests.java:384)
	at java.base/jdk.internal.reflect.DirectMethodHandleAccessor.invoke(DirectMethodHandleAccessor.java:104)
	at java.base/java.lang.reflect.Method.invoke(Method.java:578)
	at org.testng.internal.MethodInvocationHelper.invokeMethod(MethodInvocationHelper.java:133)
	at org.testng.internal.TestInvoker.invokeMethod(TestInvoker.java:598)
	at org.testng.internal.TestInvoker.invokeTestMethod(TestInvoker.java:173)
	at org.testng.internal.MethodRunner.runInSequence(MethodRunner.java:46)
	at org.testng.internal.TestInvoker$MethodInvocationAgent.invoke(TestInvoker.java:824)
	at org.testng.internal.TestInvoker.invokeTestMethods(TestInvoker.java:146)
	at org.testng.internal.TestMethodWorker.invokeTestMethods(TestMethodWorker.java:146)
	at org.testng.internal.TestMethodWorker.run(TestMethodWorker.java:128)
	at java.base/java.util.ArrayList.forEach(ArrayList.java:1511)
	at org.testng.TestRunner.privateRun(TestRunner.java:794)
	at org.testng.TestRunner.run(TestRunner.java:596)
	at org.testng.SuiteRunner.runTest(SuiteRunner.java:377)
	at org.testng.SuiteRunner.runSequentially(SuiteRunner.java:371)
	at org.testng.SuiteRunner.privateRun(SuiteRunner.java:332)
	at org.testng.SuiteRunner.run(SuiteRunner.java:276)
	at org.testng.SuiteRunnerWorker.runSuite(SuiteRunnerWorker.java:53)
	at org.testng.SuiteRunnerWorker.run(SuiteRunnerWorker.java:96)
	at org.testng.TestNG.runSuitesSequentially(TestNG.java:1212)
	at org.testng.TestNG.runSuitesLocally(TestNG.java:1134)
	at org.testng.TestNG.runSuites(TestNG.java:1063)
	at org.testng.TestNG.run(TestNG.java:1031)
	at org.apache.maven.surefire.testng.TestNGExecutor.run(TestNGExecutor.java:284)
	at org.apache.maven.surefire.testng.TestNGXmlTestSuite.execute(TestNGXmlTestSuite.java:75)
	at org.apache.maven.surefire.testng.TestNGProvider.invoke(TestNGProvider.java:119)
	at org.apache.maven.surefire.booter.ForkedBooter.runSuitesInProcess(ForkedBooter.java:428)
	at org.apache.maven.surefire.booter.ForkedBooter.execute(ForkedBooter.java:162)
	at org.apache.maven.surefire.booter.ForkedBooter.run(ForkedBooter.java:562)
	at org.apache.maven.surefire.booter.ForkedBooter.main(ForkedBooter.java:548)

FAILED: Verify_Sliding_banner_for_member
org.openqa.selenium.StaleElementReferenceException: androidx.test.uiautomator.StaleObjectException
For documentation on this error, please visit: https://www.seleniumhq.org/exceptions/stale_element_reference.html
Build info: version: '3.141.59', revision: 'e82be7d358', time: '2018-11-14T08:17:03'
System info: host: 'Admins-MacBook-Pro.local', ip: 'fe80:0:0:0:8f:c148:5c9e:6494%en0', os.name: 'Mac OS X', os.arch: 'x86_64', os.version: '12.4', java.version: '19.0.1'
Driver info: io.appium.java_client.android.AndroidDriver
Capabilities {app: /Users/admin/Desktop/Plai_M..., appPackage: com.app.plaisports, autoAcceptAlerts: true, autoGrantPermissions: true, automationName: UiAutomator2, databaseEnabled: false, desired: {app: /Users/admin/Desktop/Plai_M..., autoAcceptAlerts: true, autoGrantPermissions: true, automationName: UiAutomator2, deviceName: 25e4e5308f0d7ece, platformName: android, platformVersion: 10, resetKeyboard: false, unicodeKeyboard: false}, deviceApiLevel: 29, deviceManufacturer: samsung, deviceModel: SM-N960F, deviceName: 25e4e5308f0d7ece, deviceScreenDensity: 420, deviceScreenSize: 1080x2220, deviceUDID: 25e4e5308f0d7ece, javascriptEnabled: true, locationContextEnabled: false, networkConnectionEnabled: true, pixelRatio: 2.625, platform: LINUX, platformName: android, platformVersion: 10, resetKeyboard: false, statBarHeight: 63, takesScreenshot: true, unicodeKeyboard: false, viewportRect: {height: 2031, left: 0, top: 63, width: 1080}, warnings: {}, webStorageEnabled: false}
Session ID: 1814fb3e-5258-4cea-86db-e145435ee1a5
	at java.base/jdk.internal.reflect.DirectConstructorHandleAccessor.newInstance(DirectConstructorHandleAccessor.java:67)
	at java.base/java.lang.reflect.Constructor.newInstanceWithCaller(Constructor.java:500)
	at java.base/java.lang.reflect.Constructor.newInstance(Constructor.java:484)
	at org.openqa.selenium.remote.http.W3CHttpResponseCodec.createException(W3CHttpResponseCodec.java:187)
	at org.openqa.selenium.remote.http.W3CHttpResponseCodec.decode(W3CHttpResponseCodec.java:122)
	at org.openqa.selenium.remote.http.W3CHttpResponseCodec.decode(W3CHttpResponseCodec.java:49)
	at org.openqa.selenium.remote.HttpCommandExecutor.execute(HttpCommandExecutor.java:158)
	at io.appium.java_client.remote.AppiumCommandExecutor.execute(AppiumCommandExecutor.java:247)
	at org.openqa.selenium.remote.RemoteWebDriver.execute(RemoteWebDriver.java:552)
	at io.appium.java_client.DefaultGenericMobileDriver.execute(DefaultGenericMobileDriver.java:41)
	at io.appium.java_client.AppiumDriver.execute(AppiumDriver.java:1)
	at io.appium.java_client.android.AndroidDriver.execute(AndroidDriver.java:1)
	at org.openqa.selenium.remote.RemoteWebElement.execute(RemoteWebElement.java:285)
	at io.appium.java_client.DefaultGenericMobileElement.execute(DefaultGenericMobileElement.java:45)
	at io.appium.java_client.MobileElement.execute(MobileElement.java:1)
	at io.appium.java_client.android.AndroidElement.execute(AndroidElement.java:1)
	at org.openqa.selenium.remote.RemoteWebElement.click(RemoteWebElement.java:84)
	at Pages.HomePage.Verify_Member_Club_Screen(HomePage.java:355)
	at Tests.HomePageTests.Verify_Sliding_banner_for_member(HomePageTests.java:495)
	at java.base/jdk.internal.reflect.DirectMethodHandleAccessor.invoke(DirectMethodHandleAccessor.java:104)
	at java.base/java.lang.reflect.Method.invoke(Method.java:578)
	at org.testng.internal.MethodInvocationHelper.invokeMethod(MethodInvocationHelper.java:133)
	at org.testng.internal.TestInvoker.invokeMethod(TestInvoker.java:598)
	at org.testng.internal.TestInvoker.invokeTestMethod(TestInvoker.java:173)
	at org.testng.internal.MethodRunner.runInSequence(MethodRunner.java:46)
	at org.testng.internal.TestInvoker$MethodInvocationAgent.invoke(TestInvoker.java:824)
	at org.testng.internal.TestInvoker.invokeTestMethods(TestInvoker.java:146)
	at org.testng.internal.TestMethodWorker.invokeTestMethods(TestMethodWorker.java:146)
	at org.testng.internal.TestMethodWorker.run(TestMethodWorker.java:128)
	at java.base/java.util.ArrayList.forEach(ArrayList.java:1511)
	at org.testng.TestRunner.privateRun(TestRunner.java:794)
	at org.testng.TestRunner.run(TestRunner.java:596)
	at org.testng.SuiteRunner.runTest(SuiteRunner.java:377)
	at org.testng.SuiteRunner.runSequentially(SuiteRunner.java:371)
	at org.testng.SuiteRunner.privateRun(SuiteRunner.java:332)
	at org.testng.SuiteRunner.run(SuiteRunner.java:276)
	at org.testng.SuiteRunnerWorker.runSuite(SuiteRunnerWorker.java:53)
	at org.testng.SuiteRunnerWorker.run(SuiteRunnerWorker.java:96)
	at org.testng.TestNG.runSuitesSequentially(TestNG.java:1212)
	at org.testng.TestNG.runSuitesLocally(TestNG.java:1134)
	at org.testng.TestNG.runSuites(TestNG.java:1063)
	at org.testng.TestNG.run(TestNG.java:1031)
	at org.apache.maven.surefire.testng.TestNGExecutor.run(TestNGExecutor.java:284)
	at org.apache.maven.surefire.testng.TestNGXmlTestSuite.execute(TestNGXmlTestSuite.java:75)
	at org.apache.maven.surefire.testng.TestNGProvider.invoke(TestNGProvider.java:119)
	at org.apache.maven.surefire.booter.ForkedBooter.runSuitesInProcess(ForkedBooter.java:428)
	at org.apache.maven.surefire.booter.ForkedBooter.execute(ForkedBooter.java:162)
	at org.apache.maven.surefire.booter.ForkedBooter.run(ForkedBooter.java:562)
	at org.apache.maven.surefire.booter.ForkedBooter.main(ForkedBooter.java:548)

FAILED: Verify_the_Accept_button_on_request_banner
org.openqa.selenium.NoSuchElementException: An element could not be located on the page using the given search parameters.
For documentation on this error, please visit: https://www.seleniumhq.org/exceptions/no_such_element.html
Build info: version: '3.141.59', revision: 'e82be7d358', time: '2018-11-14T08:17:03'
System info: host: 'Admins-MacBook-Pro.local', ip: 'fe80:0:0:0:8f:c148:5c9e:6494%en0', os.name: 'Mac OS X', os.arch: 'x86_64', os.version: '12.4', java.version: '19.0.1'
Driver info: io.appium.java_client.android.AndroidDriver
Capabilities {app: /Users/admin/Desktop/Plai_M..., appPackage: com.app.plaisports, autoAcceptAlerts: true, autoGrantPermissions: true, automationName: UiAutomator2, databaseEnabled: false, desired: {app: /Users/admin/Desktop/Plai_M..., autoAcceptAlerts: true, autoGrantPermissions: true, automationName: UiAutomator2, deviceName: 25e4e5308f0d7ece, platformName: android, platformVersion: 10, resetKeyboard: false, unicodeKeyboard: false}, deviceApiLevel: 29, deviceManufacturer: samsung, deviceModel: SM-N960F, deviceName: 25e4e5308f0d7ece, deviceScreenDensity: 420, deviceScreenSize: 1080x2220, deviceUDID: 25e4e5308f0d7ece, javascriptEnabled: true, locationContextEnabled: false, networkConnectionEnabled: true, pixelRatio: 2.625, platform: LINUX, platformName: android, platformVersion: 10, resetKeyboard: false, statBarHeight: 63, takesScreenshot: true, unicodeKeyboard: false, viewportRect: {height: 2031, left: 0, top: 63, width: 1080}, warnings: {}, webStorageEnabled: false}
Session ID: d39a19a6-5537-4088-8dc1-b8261ace10b2
*** Element info: {Using=xpath, value=//android.widget.TextView[@text="3ynrhm Eynryn"]//..//android.view.View//android.widget.TextView[@text="ACCEPT"]}
	at java.base/jdk.internal.reflect.DirectConstructorHandleAccessor.newInstance(DirectConstructorHandleAccessor.java:67)
	at java.base/java.lang.reflect.Constructor.newInstanceWithCaller(Constructor.java:500)
	at java.base/java.lang.reflect.Constructor.newInstance(Constructor.java:484)
	at org.openqa.selenium.remote.http.W3CHttpResponseCodec.createException(W3CHttpResponseCodec.java:187)
	at org.openqa.selenium.remote.http.W3CHttpResponseCodec.decode(W3CHttpResponseCodec.java:122)
	at org.openqa.selenium.remote.http.W3CHttpResponseCodec.decode(W3CHttpResponseCodec.java:49)
	at org.openqa.selenium.remote.HttpCommandExecutor.execute(HttpCommandExecutor.java:158)
	at io.appium.java_client.remote.AppiumCommandExecutor.execute(AppiumCommandExecutor.java:247)
	at org.openqa.selenium.remote.RemoteWebDriver.execute(RemoteWebDriver.java:552)
	at io.appium.java_client.DefaultGenericMobileDriver.execute(DefaultGenericMobileDriver.java:41)
	at io.appium.java_client.AppiumDriver.execute(AppiumDriver.java:1)
	at io.appium.java_client.android.AndroidDriver.execute(AndroidDriver.java:1)
	at org.openqa.selenium.remote.RemoteWebDriver.findElement(RemoteWebDriver.java:323)
	at io.appium.java_client.DefaultGenericMobileDriver.findElement(DefaultGenericMobileDriver.java:61)
	at io.appium.java_client.AppiumDriver.findElement(AppiumDriver.java:1)
	at io.appium.java_client.android.AndroidDriver.findElement(AndroidDriver.java:1)
	at org.openqa.selenium.remote.RemoteWebDriver.findElementByXPath(RemoteWebDriver.java:428)
	at io.appium.java_client.DefaultGenericMobileDriver.findElementByXPath(DefaultGenericMobileDriver.java:151)
	at io.appium.java_client.AppiumDriver.findElementByXPath(AppiumDriver.java:1)
	at io.appium.java_client.android.AndroidDriver.findElementByXPath(AndroidDriver.java:1)
	at org.openqa.selenium.By$ByXPath.findElement(By.java:353)
	at org.openqa.selenium.remote.RemoteWebDriver.findElement(RemoteWebDriver.java:315)
	at io.appium.java_client.DefaultGenericMobileDriver.findElement(DefaultGenericMobileDriver.java:57)
	at io.appium.java_client.AppiumDriver.findElement(AppiumDriver.java:1)
	at io.appium.java_client.android.AndroidDriver.findElement(AndroidDriver.java:1)
	at Pages.HomePage.Accept_User_Request(HomePage.java:481)
	at Tests.HomePageTests.Verify_the_Accept_button_on_request_banner(HomePageTests.java:745)
	at java.base/jdk.internal.reflect.DirectMethodHandleAccessor.invoke(DirectMethodHandleAccessor.java:104)
	at java.base/java.lang.reflect.Method.invoke(Method.java:578)
	at org.testng.internal.MethodInvocationHelper.invokeMethod(MethodInvocationHelper.java:133)
	at org.testng.internal.TestInvoker.invokeMethod(TestInvoker.java:598)
	at org.testng.internal.TestInvoker.invokeTestMethod(TestInvoker.java:173)
	at org.testng.internal.MethodRunner.runInSequence(MethodRunner.java:46)
	at org.testng.internal.TestInvoker$MethodInvocationAgent.invoke(TestInvoker.java:824)
	at org.testng.internal.TestInvoker.invokeTestMethods(TestInvoker.java:146)
	at org.testng.internal.TestMethodWorker.invokeTestMethods(TestMethodWorker.java:146)
	at org.testng.internal.TestMethodWorker.run(TestMethodWorker.java:128)
	at java.base/java.util.ArrayList.forEach(ArrayList.java:1511)
	at org.testng.TestRunner.privateRun(TestRunner.java:794)
	at org.testng.TestRunner.run(TestRunner.java:596)
	at org.testng.SuiteRunner.runTest(SuiteRunner.java:377)
	at org.testng.SuiteRunner.runSequentially(SuiteRunner.java:371)
	at org.testng.SuiteRunner.privateRun(SuiteRunner.java:332)
	at org.testng.SuiteRunner.run(SuiteRunner.java:276)
	at org.testng.SuiteRunnerWorker.runSuite(SuiteRunnerWorker.java:53)
	at org.testng.SuiteRunnerWorker.run(SuiteRunnerWorker.java:96)
	at org.testng.TestNG.runSuitesSequentially(TestNG.java:1212)
	at org.testng.TestNG.runSuitesLocally(TestNG.java:1134)
	at org.testng.TestNG.runSuites(TestNG.java:1063)
	at org.testng.TestNG.run(TestNG.java:1031)
	at org.apache.maven.surefire.testng.TestNGExecutor.run(TestNGExecutor.java:284)
	at org.apache.maven.surefire.testng.TestNGXmlTestSuite.execute(TestNGXmlTestSuite.java:75)
	at org.apache.maven.surefire.testng.TestNGProvider.invoke(TestNGProvider.java:119)
	at org.apache.maven.surefire.booter.ForkedBooter.runSuitesInProcess(ForkedBooter.java:428)
	at org.apache.maven.surefire.booter.ForkedBooter.execute(ForkedBooter.java:162)
	at org.apache.maven.surefire.booter.ForkedBooter.run(ForkedBooter.java:562)
	at org.apache.maven.surefire.booter.ForkedBooter.main(ForkedBooter.java:548)

FAILED: Verify_the_Share_icon_of_Article_banner
org.openqa.selenium.NoSuchElementException: An element could not be located on the page using the given search parameters.
For documentation on this error, please visit: https://www.seleniumhq.org/exceptions/no_such_element.html
Build info: version: '3.141.59', revision: 'e82be7d358', time: '2018-11-14T08:17:03'
System info: host: 'Admins-MacBook-Pro.local', ip: 'fe80:0:0:0:8f:c148:5c9e:6494%en0', os.name: 'Mac OS X', os.arch: 'x86_64', os.version: '12.4', java.version: '19.0.1'
Driver info: io.appium.java_client.android.AndroidDriver
Capabilities {app: /Users/admin/Desktop/Plai_M..., appPackage: com.app.plaisports, autoAcceptAlerts: true, autoGrantPermissions: true, automationName: UiAutomator2, databaseEnabled: false, desired: {app: /Users/admin/Desktop/Plai_M..., autoAcceptAlerts: true, autoGrantPermissions: true, automationName: UiAutomator2, deviceName: 25e4e5308f0d7ece, platformName: android, platformVersion: 10, resetKeyboard: false, unicodeKeyboard: false}, deviceApiLevel: 29, deviceManufacturer: samsung, deviceModel: SM-N960F, deviceName: 25e4e5308f0d7ece, deviceScreenDensity: 420, deviceScreenSize: 1080x2220, deviceUDID: 25e4e5308f0d7ece, javascriptEnabled: true, locationContextEnabled: false, networkConnectionEnabled: true, pixelRatio: 2.625, platform: LINUX, platformName: android, platformVersion: 10, resetKeyboard: false, statBarHeight: 63, takesScreenshot: true, unicodeKeyboard: false, viewportRect: {height: 2031, left: 0, top: 63, width: 1080}, warnings: {}, webStorageEnabled: false}
Session ID: 3974b965-235f-4db1-aa28-345f01fc3973
*** Element info: {Using=xpath, value=//android.widget.TextView[@text="Article"]//..//android.view.View[2]}
	at java.base/jdk.internal.reflect.DirectConstructorHandleAccessor.newInstance(DirectConstructorHandleAccessor.java:67)
	at java.base/java.lang.reflect.Constructor.newInstanceWithCaller(Constructor.java:500)
	at java.base/java.lang.reflect.Constructor.newInstance(Constructor.java:484)
	at org.openqa.selenium.remote.http.W3CHttpResponseCodec.createException(W3CHttpResponseCodec.java:187)
	at org.openqa.selenium.remote.http.W3CHttpResponseCodec.decode(W3CHttpResponseCodec.java:122)
	at org.openqa.selenium.remote.http.W3CHttpResponseCodec.decode(W3CHttpResponseCodec.java:49)
	at org.openqa.selenium.remote.HttpCommandExecutor.execute(HttpCommandExecutor.java:158)
	at io.appium.java_client.remote.AppiumCommandExecutor.execute(AppiumCommandExecutor.java:247)
	at org.openqa.selenium.remote.RemoteWebDriver.execute(RemoteWebDriver.java:552)
	at io.appium.java_client.DefaultGenericMobileDriver.execute(DefaultGenericMobileDriver.java:41)
	at io.appium.java_client.AppiumDriver.execute(AppiumDriver.java:1)
	at io.appium.java_client.android.AndroidDriver.execute(AndroidDriver.java:1)
	at org.openqa.selenium.remote.RemoteWebDriver.findElement(RemoteWebDriver.java:323)
	at io.appium.java_client.DefaultGenericMobileDriver.findElement(DefaultGenericMobileDriver.java:61)
	at io.appium.java_client.AppiumDriver.findElement(AppiumDriver.java:1)
	at io.appium.java_client.android.AndroidDriver.findElement(AndroidDriver.java:1)
	at org.openqa.selenium.remote.RemoteWebDriver.findElementByXPath(RemoteWebDriver.java:428)
	at io.appium.java_client.DefaultGenericMobileDriver.findElementByXPath(DefaultGenericMobileDriver.java:151)
	at io.appium.java_client.AppiumDriver.findElementByXPath(AppiumDriver.java:1)
	at io.appium.java_client.android.AndroidDriver.findElementByXPath(AndroidDriver.java:1)
	at org.openqa.selenium.By$ByXPath.findElement(By.java:353)
	at org.openqa.selenium.remote.RemoteWebDriver.findElement(RemoteWebDriver.java:315)
	at io.appium.java_client.DefaultGenericMobileDriver.findElement(DefaultGenericMobileDriver.java:57)
	at io.appium.java_client.AppiumDriver.findElement(AppiumDriver.java:1)
	at io.appium.java_client.android.AndroidDriver.findElement(AndroidDriver.java:1)
	at Pages.HomePage.Verify_Share_Article(HomePage.java:301)
	at Tests.HomePageTests.Verify_the_Share_icon_of_Article_banner(HomePageTests.java:398)
	at java.base/jdk.internal.reflect.DirectMethodHandleAccessor.invoke(DirectMethodHandleAccessor.java:104)
	at java.base/java.lang.reflect.Method.invoke(Method.java:578)
	at org.testng.internal.MethodInvocationHelper.invokeMethod(MethodInvocationHelper.java:133)
	at org.testng.internal.TestInvoker.invokeMethod(TestInvoker.java:598)
	at org.testng.internal.TestInvoker.invokeTestMethod(TestInvoker.java:173)
	at org.testng.internal.MethodRunner.runInSequence(MethodRunner.java:46)
	at org.testng.internal.TestInvoker$MethodInvocationAgent.invoke(TestInvoker.java:824)
	at org.testng.internal.TestInvoker.invokeTestMethods(TestInvoker.java:146)
	at org.testng.internal.TestMethodWorker.invokeTestMethods(TestMethodWorker.java:146)
	at org.testng.internal.TestMethodWorker.run(TestMethodWorker.java:128)
	at java.base/java.util.ArrayList.forEach(ArrayList.java:1511)
	at org.testng.TestRunner.privateRun(TestRunner.java:794)
	at org.testng.TestRunner.run(TestRunner.java:596)
	at org.testng.SuiteRunner.runTest(SuiteRunner.java:377)
	at org.testng.SuiteRunner.runSequentially(SuiteRunner.java:371)
	at org.testng.SuiteRunner.privateRun(SuiteRunner.java:332)
	at org.testng.SuiteRunner.run(SuiteRunner.java:276)
	at org.testng.SuiteRunnerWorker.runSuite(SuiteRunnerWorker.java:53)
	at org.testng.SuiteRunnerWorker.run(SuiteRunnerWorker.java:96)
	at org.testng.TestNG.runSuitesSequentially(TestNG.java:1212)
	at org.testng.TestNG.runSuitesLocally(TestNG.java:1134)
	at org.testng.TestNG.runSuites(TestNG.java:1063)
	at org.testng.TestNG.run(TestNG.java:1031)
	at org.apache.maven.surefire.testng.TestNGExecutor.run(TestNGExecutor.java:284)
	at org.apache.maven.surefire.testng.TestNGXmlTestSuite.execute(TestNGXmlTestSuite.java:75)
	at org.apache.maven.surefire.testng.TestNGProvider.invoke(TestNGProvider.java:119)
	at org.apache.maven.surefire.booter.ForkedBooter.runSuitesInProcess(ForkedBooter.java:428)
	at org.apache.maven.surefire.booter.ForkedBooter.execute(ForkedBooter.java:162)
	at org.apache.maven.surefire.booter.ForkedBooter.run(ForkedBooter.java:562)
	at org.apache.maven.surefire.booter.ForkedBooter.main(ForkedBooter.java:548)


===============================================
    Verify HomePage Functionality
    Tests run: 51, Failures: 15, Skips: 0
===============================================

Application Launched.
Clicked on skip button.
Clicked on next button.
Entered Email :- sagarnandha11+1@gmail.com
Entered Password :- Plai@1234
Clicked On Login Button
App name is verified on login splash screen
Day Greeting is verified on login splash screen
Username with Profile Picture is verified on login splash screen
Welcome Greeting is verified on login splash screen

Scrolling My Club Banners !!!
Clicked On Club Banner in which user is Admin
Event Tab Opened
Add New Event is Displayed
]]></system-out>
    <system-err><![CDATA[Jan 03, 2023 9:29:55 PM org.openqa.selenium.remote.Augmenter extractRemoteWebDriver
WARNING: Augmenter should be applied to the instances of @Augmentable classes or previously augmented instances only (instance class was: class io.appium.java_client.android.AndroidDriver)
Jan 03, 2023 9:30:04 PM io.appium.java_client.remote.AppiumCommandExecutor$1 lambda$0
INFO: Detected dialect: W3C
]]></system-err>
  </testcase>
  <testcase name="Verify_the_Search_bar_for_EVENT_tab" classname="Tests.EventTabTests" time="52.362">
    <system-out><![CDATA[PASS : Verify_the_EVENT_tab_for_Admin_banner<br><br>---------------------------------------------------------------------------<br><br>
Application Launched.
Clicked on skip button.
Clicked on next button.
Entered Email :- sagarnandha11+1@gmail.com
Entered Password :- Plai@1234
Clicked On Login Button
App name is verified on login splash screen
Day Greeting is verified on login splash screen
Username with Profile Picture is verified on login splash screen
Welcome Greeting is verified on login splash screen

Scrolling My Club Banners !!!
Clicked On Club Banner in which user is Admin
Event Tab Opened
Add New Event is Displayed
Searched Event
]]></system-out>
    <system-err><![CDATA[Jan 03, 2023 9:31:03 PM io.appium.java_client.remote.AppiumCommandExecutor$1 lambda$0
INFO: Detected dialect: W3C
]]></system-err>
  </testcase>
  <testcase name="Verify_the_Sort_by_filter_of_event_tab" classname="Tests.EventTabTests" time="52.035">
    <system-out><![CDATA[PASS : Verify_the_Search_bar_for_EVENT_tab<br><br>---------------------------------------------------------------------------<br><br>
Application Launched.
Clicked on skip button.
Clicked on next button.
Entered Email :- sagarnandha11+1@gmail.com
Entered Password :- Plai@1234
Clicked On Login Button
App name is verified on login splash screen
Day Greeting is verified on login splash screen
Username with Profile Picture is verified on login splash screen
Welcome Greeting is verified on login splash screen

Scrolling My Club Banners !!!
Clicked On Club Banner in which user is Admin
Event Tab Opened
Add New Event is Displayed
Sort Button in Event Clicked
Sort By Event Type is Displayed
Apply Button is Displayed
Reset button is Displayed
]]></system-out>
    <system-err><![CDATA[Jan 03, 2023 9:32:04 PM io.appium.java_client.remote.AppiumCommandExecutor$1 lambda$0
INFO: Detected dialect: W3C
]]></system-err>
  </testcase>
  <testcase name="Verify_the_Past_option" classname="Tests.EventTabTests" time="56.72">
    <system-out><![CDATA[PASS : Verify_the_Sort_by_filter_of_event_tab<br><br>---------------------------------------------------------------------------<br><br>
Application Launched.
Clicked on skip button.
Clicked on next button.
Entered Email :- sagarnandha11+1@gmail.com
Entered Password :- Plai@1234
Clicked On Login Button
App name is verified on login splash screen
Day Greeting is verified on login splash screen
Username with Profile Picture is verified on login splash screen
Welcome Greeting is verified on login splash screen

Scrolling My Club Banners !!!
Clicked On Club Banner in which user is Admin
Event Tab Opened
Add New Event is Displayed
Sort Button in Event Clicked
Sort Type Past is Selected
Apply Button is Clicked
]]></system-out>
    <system-err><![CDATA[Jan 03, 2023 9:33:05 PM io.appium.java_client.remote.AppiumCommandExecutor$1 lambda$0
INFO: Detected dialect: W3C
]]></system-err>
  </testcase>
  <testcase name="Verify_the_option_of_Filter_list" classname="Tests.EventTabTests" time="59.51">
    <system-out><![CDATA[PASS : Verify_the_Past_option<br><br>---------------------------------------------------------------------------<br><br>
Application Launched.
Clicked on skip button.
Clicked on next button.
Entered Email :- sagarnandha11+1@gmail.com
Entered Password :- Plai@1234
Clicked On Login Button
App name is verified on login splash screen
Day Greeting is verified on login splash screen
Username with Profile Picture is verified on login splash screen
Welcome Greeting is verified on login splash screen

Scrolling My Club Banners !!!
Clicked On Club Banner in which user is Admin
Event Tab Opened
Add New Event is Displayed
Sort Button in Event Clicked
CLicked On Filter Dropdown
Selected Social Event
Apply Button is Clicked
]]></system-out>
    <system-err><![CDATA[Jan 03, 2023 9:34:10 PM io.appium.java_client.remote.AppiumCommandExecutor$1 lambda$0
INFO: Detected dialect: W3C
]]></system-err>
  </testcase>
  <testcase name="Verify_the_RESET_button" classname="Tests.EventTabTests" time="57.79">
    <system-out><![CDATA[PASS : Verify_the_option_of_Filter_list<br><br>---------------------------------------------------------------------------<br><br>
Application Launched.
Clicked on skip button.
Clicked on next button.
Entered Email :- sagarnandha11+1@gmail.com
Entered Password :- Plai@1234
Clicked On Login Button
App name is verified on login splash screen
Day Greeting is verified on login splash screen
Username with Profile Picture is verified on login splash screen
Welcome Greeting is verified on login splash screen

Scrolling My Club Banners !!!
Clicked On Club Banner in which user is Admin
Event Tab Opened
Add New Event is Displayed
Sort Button in Event Clicked
CLicked On Filter Dropdown
Selected Social Event
Reset Button is Clicked
]]></system-out>
    <system-err><![CDATA[Jan 03, 2023 9:35:18 PM io.appium.java_client.remote.AppiumCommandExecutor$1 lambda$0
INFO: Detected dialect: W3C
]]></system-err>
  </testcase>
  <testcase name="Verify_the_ADD_NEW_EVENT_button" classname="Tests.EventTabTests" time="55.995">
    <system-out><![CDATA[PASS : Verify_the_RESET_button<br><br>---------------------------------------------------------------------------<br><br>
Application Launched.
Clicked on skip button.
Clicked on next button.
Entered Email :- sagarnandha11+1@gmail.com
Entered Password :- Plai@1234
Clicked On Login Button
App name is verified on login splash screen
Day Greeting is verified on login splash screen
Username with Profile Picture is verified on login splash screen
Welcome Greeting is verified on login splash screen

Scrolling My Club Banners !!!
Clicked On Club Banner in which user is Admin
Event Tab Opened
Add New Event is Displayed
CLicked On Add New Event
Create Event is Displayed
]]></system-out>
    <system-err><![CDATA[Jan 03, 2023 9:36:25 PM io.appium.java_client.remote.AppiumCommandExecutor$1 lambda$0
INFO: Detected dialect: W3C
]]></system-err>
  </testcase>
  <testcase name="Verify_the_first_screen_of_CREATE_EVENT" classname="Tests.EventTabTests" time="54.058">
    <system-out><![CDATA[PASS : Verify_the_ADD_NEW_EVENT_button<br><br>---------------------------------------------------------------------------<br><br>
Application Launched.
Clicked on skip button.
Clicked on next button.
Entered Email :- sagarnandha11+1@gmail.com
Entered Password :- Plai@1234
Clicked On Login Button
App name is verified on login splash screen
Day Greeting is verified on login splash screen
Username with Profile Picture is verified on login splash screen
Welcome Greeting is verified on login splash screen

Scrolling My Club Banners !!!
Clicked On Club Banner in which user is Admin
Event Tab Opened
Add New Event is Displayed
CLicked On Add New Event
Create Event is Displayed
Name Field Create Event is Displayed
Location Field Create Event is Displayed
Start Date Create Event is Displayed
Start Time Create Event is Displayed
]]></system-out>
    <system-err><![CDATA[Jan 03, 2023 9:37:29 PM io.appium.java_client.remote.AppiumCommandExecutor$1 lambda$0
INFO: Detected dialect: W3C
]]></system-err>
  </testcase>
  <testcase name="Verify_the_Location_field" classname="Tests.EventTabTests" time="62.742">
    <system-out><![CDATA[PASS : Verify_the_first_screen_of_CREATE_EVENT<br><br>---------------------------------------------------------------------------<br><br>
Application Launched.
Clicked on skip button.
Clicked on next button.
Entered Email :- sagarnandha11+1@gmail.com
Entered Password :- Plai@1234
Clicked On Login Button
App name is verified on login splash screen
Day Greeting is verified on login splash screen
Username with Profile Picture is verified on login splash screen
Welcome Greeting is verified on login splash screen

Scrolling My Club Banners !!!
Clicked On Club Banner in which user is Admin
Event Tab Opened
Add New Event is Displayed
CLicked On Add New Event
Create Event is Displayed
CLicked On Location Field
Selected Location is Displayed
]]></system-out>
    <system-err><![CDATA[Jan 03, 2023 9:38:32 PM io.appium.java_client.remote.AppiumCommandExecutor$1 lambda$0
INFO: Detected dialect: W3C
]]></system-err>
  </testcase>
  <testcase name="Verify_the_Search_bar" classname="Tests.EventTabTests" time="70.72">
    <system-out><![CDATA[PASS : Verify_the_Location_field<br><br>---------------------------------------------------------------------------<br><br>
Application Launched.
Clicked on skip button.
Clicked on next button.
Entered Email :- sagarnandha11+1@gmail.com
Entered Password :- Plai@1234
Clicked On Login Button
App name is verified on login splash screen
Day Greeting is verified on login splash screen
Username with Profile Picture is verified on login splash screen
Welcome Greeting is verified on login splash screen

Scrolling My Club Banners !!!
Clicked On Club Banner in which user is Admin
Event Tab Opened
Add New Event is Displayed
CLicked On Add New Event
Create Event is Displayed
CLicked On Location Field
Selected Location is Displayed
]]></system-out>
    <system-err><![CDATA[Jan 03, 2023 9:39:43 PM io.appium.java_client.remote.AppiumCommandExecutor$1 lambda$0
INFO: Detected dialect: W3C
]]></system-err>
  </testcase>
  <testcase name="Verify_Start_Time_and_End_Time_field_before_entering_Date" classname="Tests.EventTabTests" time="61.973">
    <system-out><![CDATA[PASS : Verify_the_Search_bar<br><br>---------------------------------------------------------------------------<br><br>
Application Launched.
Clicked on skip button.
Clicked on next button.
Entered Email :- sagarnandha11+1@gmail.com
Entered Password :- Plai@1234
Clicked On Login Button
App name is verified on login splash screen
Day Greeting is verified on login splash screen
Username with Profile Picture is verified on login splash screen
Welcome Greeting is verified on login splash screen

Scrolling My Club Banners !!!
Clicked On Club Banner in which user is Admin
Event Tab Opened
Add New Event is Displayed
CLicked On Add New Event
Create Event is Displayed

Scrolling the screen downwards !!!
TIme Fields are not enabled
]]></system-out>
    <system-err><![CDATA[Jan 03, 2023 9:41:03 PM io.appium.java_client.remote.AppiumCommandExecutor$1 lambda$0
INFO: Detected dialect: W3C
]]></system-err>
  </testcase>
  <testcase name="Verify_Start_Date_and_End_Date_fields" classname="Tests.EventTabTests" time="59.203">
    <system-out><![CDATA[PASS : Verify_Start_Time_and_End_Time_field_before_entering_Date<br><br>---------------------------------------------------------------------------<br><br>
Application Launched.
Clicked on skip button.
Clicked on next button.
Entered Email :- sagarnandha11+1@gmail.com
Entered Password :- Plai@1234
Clicked On Login Button
App name is verified on login splash screen
Day Greeting is verified on login splash screen
Username with Profile Picture is verified on login splash screen
Welcome Greeting is verified on login splash screen

Scrolling My Club Banners !!!
Clicked On Club Banner in which user is Admin
Event Tab Opened
Add New Event is Displayed
CLicked On Add New Event
Create Event is Displayed
Clicked On Start Date
Clicked On Cancel Button of Calender
Calender Is opened
Clicked On End Date
End Date Field not enabled without selecting Start Date
]]></system-out>
    <system-err><![CDATA[Jan 03, 2023 9:42:13 PM io.appium.java_client.remote.AppiumCommandExecutor$1 lambda$0
INFO: Detected dialect: W3C
]]></system-err>
  </testcase>
  <testcase name="Verify_the_Close_button_of_calendar_Create_Event" classname="Tests.EventTabTests" time="58.312">
    <system-out><![CDATA[PASS : Verify_Start_Date_and_End_Date_fields<br><br>---------------------------------------------------------------------------<br><br>
Application Launched.
Clicked on skip button.
Clicked on next button.
Entered Email :- sagarnandha11+1@gmail.com
Entered Password :- Plai@1234
Clicked On Login Button
App name is verified on login splash screen
Day Greeting is verified on login splash screen
Username with Profile Picture is verified on login splash screen
Welcome Greeting is verified on login splash screen

Scrolling My Club Banners !!!
Clicked On Club Banner in which user is Admin
Event Tab Opened
Add New Event is Displayed
CLicked On Add New Event
Create Event is Displayed
Clicked On Start Date
Clicked On Cancel Button of Calender
Calender Is opened
Clicked On End Date
End Date Field not enabled without selecting Start Date
]]></system-out>
    <system-err><![CDATA[Jan 03, 2023 9:43:21 PM io.appium.java_client.remote.AppiumCommandExecutor$1 lambda$0
INFO: Detected dialect: W3C
]]></system-err>
  </testcase>
  <testcase name="Verify_the_OK_button_of_calendar_Create_Event" classname="Tests.EventTabTests" time="70.694">
    <system-out><![CDATA[PASS : Verify_the_Close_button_of_calendar_Create_Event<br><br>---------------------------------------------------------------------------<br><br>
Application Launched.
Clicked on skip button.
Clicked on next button.
Entered Email :- sagarnandha11+1@gmail.com
Entered Password :- Plai@1234
Clicked On Login Button
App name is verified on login splash screen
Day Greeting is verified on login splash screen
Username with Profile Picture is verified on login splash screen
Welcome Greeting is verified on login splash screen

Scrolling My Club Banners !!!
Clicked On Club Banner in which user is Admin
Event Tab Opened
Add New Event is Displayed
CLicked On Add New Event
Create Event is Displayed
Clicked On Start Date
Clicked On Next Month Button of Calender
Selected Date 28th Feb
Clicked On Ok
Date updated to New Selected Date
Clicked On End Date
Clicked On Next Month Button of Calender
Selected Date 28th Feb
Clicked On Ok
Date updated to New Selected Date
]]></system-out>
    <system-err><![CDATA[Jan 03, 2023 9:44:28 PM io.appium.java_client.remote.AppiumCommandExecutor$1 lambda$0
INFO: Detected dialect: W3C
]]></system-err>
  </testcase>
  <testcase name="Verify_the_calendar_for_End_Date" classname="Tests.EventTabTests" time="58.316">
    <system-out><![CDATA[PASS : Verify_the_OK_button_of_calendar_Create_Event<br><br>---------------------------------------------------------------------------<br><br>
Application Launched.
Clicked on skip button.
Clicked on next button.
Entered Email :- sagarnandha11+1@gmail.com
Entered Password :- Plai@1234
Clicked On Login Button
App name is verified on login splash screen
Day Greeting is verified on login splash screen
Username with Profile Picture is verified on login splash screen
Welcome Greeting is verified on login splash screen

Scrolling My Club Banners !!!
Clicked On Club Banner in which user is Admin
Event Tab Opened
Add New Event is Displayed
CLicked On Add New Event
Create Event is Displayed
Clicked On Start Date
Clicked On Cancel Button of Calender
Calender Is opened
Clicked On End Date
End Date Field not enabled without selecting Start Date
]]></system-out>
    <system-err><![CDATA[Jan 03, 2023 9:45:47 PM io.appium.java_client.remote.AppiumCommandExecutor$1 lambda$0
INFO: Detected dialect: W3C
]]></system-err>
  </testcase>
  <testcase name="Verify_Start_Time_and_End_Time_field_after_entering_Date" classname="Tests.EventTabTests" time="71.657">
    <system-out><![CDATA[PASS : Verify_the_calendar_for_End_Date<br><br>---------------------------------------------------------------------------<br><br>
Application Launched.
Clicked on skip button.
Clicked on next button.
Entered Email :- sagarnandha11+1@gmail.com
Entered Password :- Plai@1234
Clicked On Login Button
App name is verified on login splash screen
Day Greeting is verified on login splash screen
Username with Profile Picture is verified on login splash screen
Welcome Greeting is verified on login splash screen

Scrolling My Club Banners !!!
Clicked On Club Banner in which user is Admin
Event Tab Opened
Add New Event is Displayed
CLicked On Add New Event
Create Event is Displayed
Clicked On Start Date
Clicked On Next Month Button of Calender
Selected Date 28th Feb
Clicked On Ok
Date updated to New Selected Date
Clicked On End Date
Clicked On Next Month Button of Calender
Selected Date 28th Feb
Clicked On Ok
Date updated to New Selected Date
Clicked On Start Time
Time Picker is displayed
Ok Button is displayed
Cancel Button is displayed
Switch Keyboard is displayed
]]></system-out>
    <system-err><![CDATA[Jan 03, 2023 9:46:54 PM io.appium.java_client.remote.AppiumCommandExecutor$1 lambda$0
INFO: Detected dialect: W3C
]]></system-err>
  </testcase>
  <testcase name="Verify_Keyboard_icon_time_picker" classname="Tests.EventTabTests" time="71.171">
    <failure message="An unknown server-side error occurred while processing the command. Original error: java.lang.IllegalArgumentException: Namespace with prefix &apos;android&apos; has not been declared.&#10;Build info: version: &apos;3.141.59&apos;, revision: &apos;e82be7d358&apos;, time: &apos;2018-11-14T08:17:03&apos;&#10;System info: host: &apos;Admins-MacBook-Pro.local&apos;, ip: &apos;fe80:0:0:0:8f:c148:5c9e:6494%en0&apos;, os.name: &apos;Mac OS X&apos;, os.arch: &apos;x86_64&apos;, os.version: &apos;12.4&apos;, java.version: &apos;19.0.1&apos;&#10;Driver info: io.appium.java_client.android.AndroidDriver&#10;Capabilities {app: /Users/admin/Desktop/Plai_M..., appPackage: com.app.plaisports, autoAcceptAlerts: true, autoGrantPermissions: true, automationName: UiAutomator2, databaseEnabled: false, desired: {app: /Users/admin/Desktop/Plai_M..., autoAcceptAlerts: true, autoGrantPermissions: true, automationName: UiAutomator2, deviceName: 25e4e5308f0d7ece, platformName: android, platformVersion: 10, resetKeyboard: false, unicodeKeyboard: false}, deviceApiLevel: 29, deviceManufacturer: samsung, deviceModel: SM-N960F, deviceName: 25e4e5308f0d7ece, deviceScreenDensity: 420, deviceScreenSize: 1080x2220, deviceUDID: 25e4e5308f0d7ece, javascriptEnabled: true, locationContextEnabled: false, networkConnectionEnabled: true, pixelRatio: 2.625, platform: LINUX, platformName: android, platformVersion: 10, resetKeyboard: false, statBarHeight: 63, takesScreenshot: true, unicodeKeyboard: false, viewportRect: {height: 2031, left: 0, top: 63, width: 1080}, warnings: {}, webStorageEnabled: false}&#10;Session ID: 733e9367-a843-4d9b-9448-4867578116c0&#10;*** Element info: {Using=xpath, value=android:id/toggle_mode}" type="org.openqa.selenium.WebDriverException"><![CDATA[org.openqa.selenium.WebDriverException: 
An unknown server-side error occurred while processing the command. Original error: java.lang.IllegalArgumentException: Namespace with prefix 'android' has not been declared.
Build info: version: '3.141.59', revision: 'e82be7d358', time: '2018-11-14T08:17:03'
System info: host: 'Admins-MacBook-Pro.local', ip: 'fe80:0:0:0:8f:c148:5c9e:6494%en0', os.name: 'Mac OS X', os.arch: 'x86_64', os.version: '12.4', java.version: '19.0.1'
Driver info: io.appium.java_client.android.AndroidDriver
Capabilities {app: /Users/admin/Desktop/Plai_M..., appPackage: com.app.plaisports, autoAcceptAlerts: true, autoGrantPermissions: true, automationName: UiAutomator2, databaseEnabled: false, desired: {app: /Users/admin/Desktop/Plai_M..., autoAcceptAlerts: true, autoGrantPermissions: true, automationName: UiAutomator2, deviceName: 25e4e5308f0d7ece, platformName: android, platformVersion: 10, resetKeyboard: false, unicodeKeyboard: false}, deviceApiLevel: 29, deviceManufacturer: samsung, deviceModel: SM-N960F, deviceName: 25e4e5308f0d7ece, deviceScreenDensity: 420, deviceScreenSize: 1080x2220, deviceUDID: 25e4e5308f0d7ece, javascriptEnabled: true, locationContextEnabled: false, networkConnectionEnabled: true, pixelRatio: 2.625, platform: LINUX, platformName: android, platformVersion: 10, resetKeyboard: false, statBarHeight: 63, takesScreenshot: true, unicodeKeyboard: false, viewportRect: {height: 2031, left: 0, top: 63, width: 1080}, warnings: {}, webStorageEnabled: false}
Session ID: 733e9367-a843-4d9b-9448-4867578116c0
*** Element info: {Using=xpath, value=android:id/toggle_mode}
	at Tests.EventTabTests.Verify_Keyboard_icon_time_picker(EventTabTests.java:336)
]]></failure>
    <system-out><![CDATA[PASS : Verify_Start_Time_and_End_Time_field_after_entering_Date<br><br>---------------------------------------------------------------------------<br><br>
Application Launched.
Clicked on skip button.
Clicked on next button.
Entered Email :- sagarnandha11+1@gmail.com
Entered Password :- Plai@1234
Clicked On Login Button
App name is verified on login splash screen
Day Greeting is verified on login splash screen
Username with Profile Picture is verified on login splash screen
Welcome Greeting is verified on login splash screen

Scrolling My Club Banners !!!
Clicked On Club Banner in which user is Admin
Event Tab Opened
Add New Event is Displayed
CLicked On Add New Event
Create Event is Displayed
Clicked On Start Date
Clicked On Next Month Button of Calender
Selected Date 28th Feb
Clicked On Ok
Date updated to New Selected Date
Clicked On End Date
Clicked On Next Month Button of Calender
Selected Date 28th Feb
Clicked On Ok
Date updated to New Selected Date
Clicked On Start Time
]]></system-out>
    <system-err><![CDATA[Jan 03, 2023 9:48:15 PM io.appium.java_client.remote.AppiumCommandExecutor$1 lambda$0
INFO: Detected dialect: W3C
]]></system-err>
  </testcase>
  <testcase name="Verify_fields_of_Set_Time_popup" classname="Tests.EventTabTests" time="71.722">
    <failure message="An unknown server-side error occurred while processing the command. Original error: java.lang.IllegalArgumentException: Namespace with prefix &apos;android&apos; has not been declared.&#10;Build info: version: &apos;3.141.59&apos;, revision: &apos;e82be7d358&apos;, time: &apos;2018-11-14T08:17:03&apos;&#10;System info: host: &apos;Admins-MacBook-Pro.local&apos;, ip: &apos;fe80:0:0:0:8f:c148:5c9e:6494%en0&apos;, os.name: &apos;Mac OS X&apos;, os.arch: &apos;x86_64&apos;, os.version: &apos;12.4&apos;, java.version: &apos;19.0.1&apos;&#10;Driver info: io.appium.java_client.android.AndroidDriver&#10;Capabilities {app: /Users/admin/Desktop/Plai_M..., appPackage: com.app.plaisports, autoAcceptAlerts: true, autoGrantPermissions: true, automationName: UiAutomator2, databaseEnabled: false, desired: {app: /Users/admin/Desktop/Plai_M..., autoAcceptAlerts: true, autoGrantPermissions: true, automationName: UiAutomator2, deviceName: 25e4e5308f0d7ece, platformName: android, platformVersion: 10, resetKeyboard: false, unicodeKeyboard: false}, deviceApiLevel: 29, deviceManufacturer: samsung, deviceModel: SM-N960F, deviceName: 25e4e5308f0d7ece, deviceScreenDensity: 420, deviceScreenSize: 1080x2220, deviceUDID: 25e4e5308f0d7ece, javascriptEnabled: true, locationContextEnabled: false, networkConnectionEnabled: true, pixelRatio: 2.625, platform: LINUX, platformName: android, platformVersion: 10, resetKeyboard: false, statBarHeight: 63, takesScreenshot: true, unicodeKeyboard: false, viewportRect: {height: 2031, left: 0, top: 63, width: 1080}, warnings: {}, webStorageEnabled: false}&#10;Session ID: 32c214e8-c256-42f3-acb4-bf9c483786c7&#10;*** Element info: {Using=xpath, value=android:id/toggle_mode}" type="org.openqa.selenium.WebDriverException"><![CDATA[org.openqa.selenium.WebDriverException: 
An unknown server-side error occurred while processing the command. Original error: java.lang.IllegalArgumentException: Namespace with prefix 'android' has not been declared.
Build info: version: '3.141.59', revision: 'e82be7d358', time: '2018-11-14T08:17:03'
System info: host: 'Admins-MacBook-Pro.local', ip: 'fe80:0:0:0:8f:c148:5c9e:6494%en0', os.name: 'Mac OS X', os.arch: 'x86_64', os.version: '12.4', java.version: '19.0.1'
Driver info: io.appium.java_client.android.AndroidDriver
Capabilities {app: /Users/admin/Desktop/Plai_M..., appPackage: com.app.plaisports, autoAcceptAlerts: true, autoGrantPermissions: true, automationName: UiAutomator2, databaseEnabled: false, desired: {app: /Users/admin/Desktop/Plai_M..., autoAcceptAlerts: true, autoGrantPermissions: true, automationName: UiAutomator2, deviceName: 25e4e5308f0d7ece, platformName: android, platformVersion: 10, resetKeyboard: false, unicodeKeyboard: false}, deviceApiLevel: 29, deviceManufacturer: samsung, deviceModel: SM-N960F, deviceName: 25e4e5308f0d7ece, deviceScreenDensity: 420, deviceScreenSize: 1080x2220, deviceUDID: 25e4e5308f0d7ece, javascriptEnabled: true, locationContextEnabled: false, networkConnectionEnabled: true, pixelRatio: 2.625, platform: LINUX, platformName: android, platformVersion: 10, resetKeyboard: false, statBarHeight: 63, takesScreenshot: true, unicodeKeyboard: false, viewportRect: {height: 2031, left: 0, top: 63, width: 1080}, warnings: {}, webStorageEnabled: false}
Session ID: 32c214e8-c256-42f3-acb4-bf9c483786c7
*** Element info: {Using=xpath, value=android:id/toggle_mode}
	at Tests.EventTabTests.Verify_fields_of_Set_Time_popup(EventTabTests.java:357)
]]></failure>
    <system-out><![CDATA[Application Launched.
Clicked on skip button.
Clicked on next button.
Entered Email :- sagarnandha11+1@gmail.com
Entered Password :- Plai@1234
Clicked On Login Button
App name is verified on login splash screen
Day Greeting is verified on login splash screen
Username with Profile Picture is verified on login splash screen
Welcome Greeting is verified on login splash screen

Scrolling My Club Banners !!!
Clicked On Club Banner in which user is Admin
Event Tab Opened
Add New Event is Displayed
CLicked On Add New Event
Create Event is Displayed
Clicked On Start Date
Clicked On Next Month Button of Calender
Selected Date 28th Feb
Clicked On Ok
Date updated to New Selected Date
Clicked On End Date
Clicked On Next Month Button of Calender
Selected Date 28th Feb
Clicked On Ok
Date updated to New Selected Date
Clicked On Start Time
]]></system-out>
    <system-err><![CDATA[Jan 03, 2023 9:49:26 PM org.openqa.selenium.remote.Augmenter extractRemoteWebDriver
WARNING: Augmenter should be applied to the instances of @Augmentable classes or previously augmented instances only (instance class was: class io.appium.java_client.android.AndroidDriver)
Jan 03, 2023 9:49:35 PM io.appium.java_client.remote.AppiumCommandExecutor$1 lambda$0
INFO: Detected dialect: W3C
]]></system-err>
  </testcase>
  <testcase name="Verify_Clock_icon_of_Set_Time_popup" classname="Tests.EventTabTests" time="61.293">
    <failure message="An element could not be located on the page using the given search parameters.&#10;For documentation on this error, please visit: https://www.seleniumhq.org/exceptions/no_such_element.html&#10;Build info: version: &apos;3.141.59&apos;, revision: &apos;e82be7d358&apos;, time: &apos;2018-11-14T08:17:03&apos;&#10;System info: host: &apos;Admins-MacBook-Pro.local&apos;, ip: &apos;fe80:0:0:0:8f:c148:5c9e:6494%en0&apos;, os.name: &apos;Mac OS X&apos;, os.arch: &apos;x86_64&apos;, os.version: &apos;12.4&apos;, java.version: &apos;19.0.1&apos;&#10;Driver info: io.appium.java_client.android.AndroidDriver&#10;Capabilities {app: /Users/admin/Desktop/Plai_M..., appPackage: com.app.plaisports, autoAcceptAlerts: true, autoGrantPermissions: true, automationName: UiAutomator2, databaseEnabled: false, desired: {app: /Users/admin/Desktop/Plai_M..., autoAcceptAlerts: true, autoGrantPermissions: true, automationName: UiAutomator2, deviceName: 25e4e5308f0d7ece, platformName: android, platformVersion: 10, resetKeyboard: false, unicodeKeyboard: false}, deviceApiLevel: 29, deviceManufacturer: samsung, deviceModel: SM-N960F, deviceName: 25e4e5308f0d7ece, deviceScreenDensity: 420, deviceScreenSize: 1080x2220, deviceUDID: 25e4e5308f0d7ece, javascriptEnabled: true, locationContextEnabled: false, networkConnectionEnabled: true, pixelRatio: 2.625, platform: LINUX, platformName: android, platformVersion: 10, resetKeyboard: false, statBarHeight: 63, takesScreenshot: true, unicodeKeyboard: false, viewportRect: {height: 2031, left: 0, top: 63, width: 1080}, warnings: {}, webStorageEnabled: false}&#10;Session ID: 1455bec7-95d4-4813-9e9d-e1bb1f423436&#10;*** Element info: {Using=xpath, value=//android.widget.TextView[@text=&quot;Admin&quot;]}" type="org.openqa.selenium.NoSuchElementException"><![CDATA[org.openqa.selenium.NoSuchElementException: 
An element could not be located on the page using the given search parameters.
For documentation on this error, please visit: https://www.seleniumhq.org/exceptions/no_such_element.html
Build info: version: '3.141.59', revision: 'e82be7d358', time: '2018-11-14T08:17:03'
System info: host: 'Admins-MacBook-Pro.local', ip: 'fe80:0:0:0:8f:c148:5c9e:6494%en0', os.name: 'Mac OS X', os.arch: 'x86_64', os.version: '12.4', java.version: '19.0.1'
Driver info: io.appium.java_client.android.AndroidDriver
Capabilities {app: /Users/admin/Desktop/Plai_M..., appPackage: com.app.plaisports, autoAcceptAlerts: true, autoGrantPermissions: true, automationName: UiAutomator2, databaseEnabled: false, desired: {app: /Users/admin/Desktop/Plai_M..., autoAcceptAlerts: true, autoGrantPermissions: true, automationName: UiAutomator2, deviceName: 25e4e5308f0d7ece, platformName: android, platformVersion: 10, resetKeyboard: false, unicodeKeyboard: false}, deviceApiLevel: 29, deviceManufacturer: samsung, deviceModel: SM-N960F, deviceName: 25e4e5308f0d7ece, deviceScreenDensity: 420, deviceScreenSize: 1080x2220, deviceUDID: 25e4e5308f0d7ece, javascriptEnabled: true, locationContextEnabled: false, networkConnectionEnabled: true, pixelRatio: 2.625, platform: LINUX, platformName: android, platformVersion: 10, resetKeyboard: false, statBarHeight: 63, takesScreenshot: true, unicodeKeyboard: false, viewportRect: {height: 2031, left: 0, top: 63, width: 1080}, warnings: {}, webStorageEnabled: false}
Session ID: 1455bec7-95d4-4813-9e9d-e1bb1f423436
*** Element info: {Using=xpath, value=//android.widget.TextView[@text="Admin"]}
	at Tests.EventTabTests.Verify_Clock_icon_of_Set_Time_popup(EventTabTests.java:373)
]]></failure>
    <system-out><![CDATA[Application Launched.
Clicked on skip button.
Clicked on next button.
Entered Email :- sagarnandha11+1@gmail.com
Entered Password :- Plai@1234
Clicked On Login Button
App name is verified on login splash screen
Day Greeting is verified on login splash screen
Username with Profile Picture is verified on login splash screen
Welcome Greeting is verified on login splash screen

Scrolling My Club Banners !!!
]]></system-out>
    <system-err><![CDATA[Jan 03, 2023 9:50:47 PM org.openqa.selenium.remote.Augmenter extractRemoteWebDriver
WARNING: Augmenter should be applied to the instances of @Augmentable classes or previously augmented instances only (instance class was: class io.appium.java_client.android.AndroidDriver)
Jan 03, 2023 9:50:56 PM io.appium.java_client.remote.AppiumCommandExecutor$1 lambda$0
INFO: Detected dialect: W3C
]]></system-err>
  </testcase>
  <testcase name="Verify_the_Cancel_button_of_Time_picker" classname="Tests.EventTabTests" time="71.4">
    <failure message="An unknown server-side error occurred while processing the command. Original error: java.lang.IllegalArgumentException: Namespace with prefix &apos;android&apos; has not been declared.&#10;Build info: version: &apos;3.141.59&apos;, revision: &apos;e82be7d358&apos;, time: &apos;2018-11-14T08:17:03&apos;&#10;System info: host: &apos;Admins-MacBook-Pro.local&apos;, ip: &apos;fe80:0:0:0:8f:c148:5c9e:6494%en0&apos;, os.name: &apos;Mac OS X&apos;, os.arch: &apos;x86_64&apos;, os.version: &apos;12.4&apos;, java.version: &apos;19.0.1&apos;&#10;Driver info: io.appium.java_client.android.AndroidDriver&#10;Capabilities {app: /Users/admin/Desktop/Plai_M..., appPackage: com.app.plaisports, autoAcceptAlerts: true, autoGrantPermissions: true, automationName: UiAutomator2, databaseEnabled: false, desired: {app: /Users/admin/Desktop/Plai_M..., autoAcceptAlerts: true, autoGrantPermissions: true, automationName: UiAutomator2, deviceName: 25e4e5308f0d7ece, platformName: android, platformVersion: 10, resetKeyboard: false, unicodeKeyboard: false}, deviceApiLevel: 29, deviceManufacturer: samsung, deviceModel: SM-N960F, deviceName: 25e4e5308f0d7ece, deviceScreenDensity: 420, deviceScreenSize: 1080x2220, deviceUDID: 25e4e5308f0d7ece, javascriptEnabled: true, locationContextEnabled: false, networkConnectionEnabled: true, pixelRatio: 2.625, platform: LINUX, platformName: android, platformVersion: 10, resetKeyboard: false, statBarHeight: 63, takesScreenshot: true, unicodeKeyboard: false, viewportRect: {height: 2031, left: 0, top: 63, width: 1080}, warnings: {}, webStorageEnabled: false}&#10;Session ID: 635dcc8c-efb6-475f-9eca-4bebdc94e0d7&#10;*** Element info: {Using=xpath, value=android:id/toggle_mode}" type="org.openqa.selenium.WebDriverException"><![CDATA[org.openqa.selenium.WebDriverException: 
An unknown server-side error occurred while processing the command. Original error: java.lang.IllegalArgumentException: Namespace with prefix 'android' has not been declared.
Build info: version: '3.141.59', revision: 'e82be7d358', time: '2018-11-14T08:17:03'
System info: host: 'Admins-MacBook-Pro.local', ip: 'fe80:0:0:0:8f:c148:5c9e:6494%en0', os.name: 'Mac OS X', os.arch: 'x86_64', os.version: '12.4', java.version: '19.0.1'
Driver info: io.appium.java_client.android.AndroidDriver
Capabilities {app: /Users/admin/Desktop/Plai_M..., appPackage: com.app.plaisports, autoAcceptAlerts: true, autoGrantPermissions: true, automationName: UiAutomator2, databaseEnabled: false, desired: {app: /Users/admin/Desktop/Plai_M..., autoAcceptAlerts: true, autoGrantPermissions: true, automationName: UiAutomator2, deviceName: 25e4e5308f0d7ece, platformName: android, platformVersion: 10, resetKeyboard: false, unicodeKeyboard: false}, deviceApiLevel: 29, deviceManufacturer: samsung, deviceModel: SM-N960F, deviceName: 25e4e5308f0d7ece, deviceScreenDensity: 420, deviceScreenSize: 1080x2220, deviceUDID: 25e4e5308f0d7ece, javascriptEnabled: true, locationContextEnabled: false, networkConnectionEnabled: true, pixelRatio: 2.625, platform: LINUX, platformName: android, platformVersion: 10, resetKeyboard: false, statBarHeight: 63, takesScreenshot: true, unicodeKeyboard: false, viewportRect: {height: 2031, left: 0, top: 63, width: 1080}, warnings: {}, webStorageEnabled: false}
Session ID: 635dcc8c-efb6-475f-9eca-4bebdc94e0d7
*** Element info: {Using=xpath, value=android:id/toggle_mode}
	at Tests.EventTabTests.Verify_the_Cancel_button_of_Time_picker(EventTabTests.java:399)
]]></failure>
    <system-out><![CDATA[Application Launched.
Clicked on skip button.
Clicked on next button.
Entered Email :- sagarnandha11+1@gmail.com
Entered Password :- Plai@1234
Clicked On Login Button
App name is verified on login splash screen
Day Greeting is verified on login splash screen
Username with Profile Picture is verified on login splash screen
Welcome Greeting is verified on login splash screen

Scrolling My Club Banners !!!
Clicked On Club Banner in which user is Admin
Event Tab Opened
Add New Event is Displayed
CLicked On Add New Event
Create Event is Displayed
Clicked On Start Date
Clicked On Next Month Button of Calender
Selected Date 28th Feb
Clicked On Ok
Date updated to New Selected Date
Clicked On End Date
Clicked On Next Month Button of Calender
Selected Date 28th Feb
Clicked On Ok
Date updated to New Selected Date
Clicked On Start Time
]]></system-out>
    <system-err><![CDATA[Jan 03, 2023 9:51:57 PM org.openqa.selenium.remote.Augmenter extractRemoteWebDriver
WARNING: Augmenter should be applied to the instances of @Augmentable classes or previously augmented instances only (instance class was: class io.appium.java_client.android.AndroidDriver)
Jan 03, 2023 9:52:06 PM io.appium.java_client.remote.AppiumCommandExecutor$1 lambda$0
INFO: Detected dialect: W3C
]]></system-err>
  </testcase>
  <testcase name="Verify_the_OK_button_of_Time_picker" classname="Tests.EventTabTests" time="73.805">
    <system-out><![CDATA[Application Launched.
Clicked on skip button.
Clicked on next button.
Entered Email :- sagarnandha11+1@gmail.com
Entered Password :- Plai@1234
Clicked On Login Button
App name is verified on login splash screen
Day Greeting is verified on login splash screen
Username with Profile Picture is verified on login splash screen
Welcome Greeting is verified on login splash screen

Scrolling My Club Banners !!!
Clicked On Club Banner in which user is Admin
Event Tab Opened
Add New Event is Displayed
CLicked On Add New Event
Create Event is Displayed
Clicked On Start Date
Clicked On Next Month Button of Calender
Selected Date 28th Feb
Clicked On Ok
Date updated to New Selected Date
Clicked On End Date
Clicked On Next Month Button of Calender
Selected Date 28th Feb
Clicked On Ok
Date updated to New Selected Date
Clicked On Start Time
Selected hour as 3
Selected minute as 15
Clicked On Ok
]]></system-out>
    <system-err><![CDATA[Jan 03, 2023 9:53:17 PM org.openqa.selenium.remote.Augmenter extractRemoteWebDriver
WARNING: Augmenter should be applied to the instances of @Augmentable classes or previously augmented instances only (instance class was: class io.appium.java_client.android.AndroidDriver)
Jan 03, 2023 9:53:27 PM io.appium.java_client.remote.AppiumCommandExecutor$1 lambda$0
INFO: Detected dialect: W3C
]]></system-err>
  </testcase>
  <testcase name="Verify_the_Unlimited_Capacity_field_by_selecting_No_option" classname="Tests.EventTabTests" time="55.967">
    <system-out><![CDATA[PASS : Verify_the_OK_button_of_Time_picker<br><br>---------------------------------------------------------------------------<br><br>
Application Launched.
Clicked on skip button.
Clicked on next button.
Entered Email :- sagarnandha11+1@gmail.com
Entered Password :- Plai@1234
Clicked On Login Button
App name is verified on login splash screen
Day Greeting is verified on login splash screen
Username with Profile Picture is verified on login splash screen
Welcome Greeting is verified on login splash screen

Scrolling My Club Banners !!!
Clicked On Club Banner in which user is Admin
Event Tab Opened
Add New Event is Displayed
CLicked On Add New Event
Create Event is Displayed
Clicked on unlimited capacity dropdown
Selected No option
Capacity field is displayed
]]></system-out>
    <system-err><![CDATA[Jan 03, 2023 9:54:49 PM io.appium.java_client.remote.AppiumCommandExecutor$1 lambda$0
INFO: Detected dialect: W3C
]]></system-err>
  </testcase>
  <testcase name="Verify_the_Capacity_field" classname="Tests.EventTabTests" time="56.022">
    <system-out><![CDATA[PASS : Verify_the_Unlimited_Capacity_field_by_selecting_No_option<br><br>---------------------------------------------------------------------------<br><br>
Application Launched.
Clicked on skip button.
Clicked on next button.
Entered Email :- sagarnandha11+1@gmail.com
Entered Password :- Plai@1234
Clicked On Login Button
App name is verified on login splash screen
Day Greeting is verified on login splash screen
Username with Profile Picture is verified on login splash screen
Welcome Greeting is verified on login splash screen

Scrolling My Club Banners !!!
Clicked On Club Banner in which user is Admin
Event Tab Opened
Add New Event is Displayed
CLicked On Add New Event
Create Event is Displayed
Clicked on unlimited capacity dropdown
Selected No option
Capacity field is displayed
]]></system-out>
    <system-err><![CDATA[Jan 03, 2023 9:55:54 PM io.appium.java_client.remote.AppiumCommandExecutor$1 lambda$0
INFO: Detected dialect: W3C
]]></system-err>
  </testcase>
  <testcase name="Verify_the_NEXT_button_of_CREATE_EVENT" classname="Tests.EventTabTests" time="86.783">
    <system-out><![CDATA[PASS : Verify_the_Capacity_field<br><br>---------------------------------------------------------------------------<br><br>
Application Launched.
Clicked on skip button.
Clicked on next button.
Entered Email :- sagarnandha11+1@gmail.com
Entered Password :- Plai@1234
Clicked On Login Button
App name is verified on login splash screen
Day Greeting is verified on login splash screen
Username with Profile Picture is verified on login splash screen
Welcome Greeting is verified on login splash screen

Scrolling My Club Banners !!!
Clicked On Club Banner in which user is Admin
Event Tab Opened
Add New Event is Displayed
CLicked On Add New Event
Create Event is Displayed
Entered New Event Name
CLicked On Location Field
Selected Location is Displayed
Clicked On Type Dropdown
Selected Game option
Clicked On Start Date
Clicked On Next Month Button of Calender
Selected Date 28th Feb
Clicked On Ok
Date updated to New Selected Date
Clicked On End Date
Clicked On Next Month Button of Calender
Selected Date 28th Feb
Clicked On Ok
Date updated to New Selected Date
Clicked On Next Button
]]></system-out>
    <system-err><![CDATA[Jan 03, 2023 9:56:59 PM io.appium.java_client.remote.AppiumCommandExecutor$1 lambda$0
INFO: Detected dialect: W3C
]]></system-err>
  </testcase>
  <testcase name="Verify_the_fields_for_second_screen_of_CREATE_EVENT" classname="Tests.EventTabTests" time="87.826">
    <system-out><![CDATA[PASS : Verify_the_NEXT_button_of_CREATE_EVENT<br><br>---------------------------------------------------------------------------<br><br>
Application Launched.
Clicked on skip button.
Clicked on next button.
Entered Email :- sagarnandha11+1@gmail.com
Entered Password :- Plai@1234
Clicked On Login Button
App name is verified on login splash screen
Day Greeting is verified on login splash screen
Username with Profile Picture is verified on login splash screen
Welcome Greeting is verified on login splash screen

Scrolling My Club Banners !!!
Clicked On Club Banner in which user is Admin
Event Tab Opened
Add New Event is Displayed
CLicked On Add New Event
Create Event is Displayed
Entered New Event Name
CLicked On Location Field
Selected Location is Displayed
Clicked On Type Dropdown
Selected Game option
Clicked On Start Date
Clicked On Next Month Button of Calender
Selected Date 28th Feb
Clicked On Ok
Date updated to New Selected Date
Clicked On End Date
Clicked On Next Month Button of Calender
Selected Date 28th Feb
Clicked On Ok
Date updated to New Selected Date
Clicked On Next Button
]]></system-out>
    <system-err><![CDATA[Jan 03, 2023 9:58:34 PM io.appium.java_client.remote.AppiumCommandExecutor$1 lambda$0
INFO: Detected dialect: W3C
]]></system-err>
  </testcase>
  <testcase name="Verify_the_Repeats_field_by_selecting_menu_option" classname="Tests.EventTabTests" time="89.279">
    <system-out><![CDATA[PASS : Verify_the_fields_for_second_screen_of_CREATE_EVENT<br><br>---------------------------------------------------------------------------<br><br>
Application Launched.
Clicked on skip button.
Clicked on next button.
Entered Email :- sagarnandha11+1@gmail.com
Entered Password :- Plai@1234
Clicked On Login Button
App name is verified on login splash screen
Day Greeting is verified on login splash screen
Username with Profile Picture is verified on login splash screen
Welcome Greeting is verified on login splash screen

Scrolling My Club Banners !!!
Clicked On Club Banner in which user is Admin
Event Tab Opened
Add New Event is Displayed
CLicked On Add New Event
Create Event is Displayed
Entered New Event Name
CLicked On Location Field
Selected Location is Displayed
Clicked On Type Dropdown
Selected Game option
Clicked On Start Date
Clicked On Next Month Button of Calender
Selected Date 28th Feb
Clicked On Ok
Date updated to New Selected Date
Clicked On End Date
Clicked On Next Month Button of Calender
Selected Date 28th Feb
Clicked On Ok
Date updated to New Selected Date
Clicked On Next Button
Clicked On Repeats Dropdown
Selected Daily option
]]></system-out>
    <system-err><![CDATA[Jan 03, 2023 10:00:11 PM io.appium.java_client.remote.AppiumCommandExecutor$1 lambda$0
INFO: Detected dialect: W3C
]]></system-err>
  </testcase>
  <testcase name="Verify_the_How_many_times_field" classname="Tests.EventTabTests" time="91.783">
    <system-out><![CDATA[PASS : Verify_the_Repeats_field_by_selecting_menu_option<br><br>---------------------------------------------------------------------------<br><br>
Application Launched.
Clicked on skip button.
Clicked on next button.
Entered Email :- sagarnandha11+1@gmail.com
Entered Password :- Plai@1234
Clicked On Login Button
App name is verified on login splash screen
Day Greeting is verified on login splash screen
Username with Profile Picture is verified on login splash screen
Welcome Greeting is verified on login splash screen

Scrolling My Club Banners !!!
Clicked On Club Banner in which user is Admin
Event Tab Opened
Add New Event is Displayed
CLicked On Add New Event
Create Event is Displayed
Entered New Event Name
CLicked On Location Field
Selected Location is Displayed
Clicked On Type Dropdown
Selected Game option
Clicked On Start Date
Clicked On Next Month Button of Calender
Selected Date 28th Feb
Clicked On Ok
Date updated to New Selected Date
Clicked On End Date
Clicked On Next Month Button of Calender
Selected Date 28th Feb
Clicked On Ok
Date updated to New Selected Date
Clicked On Next Button
Clicked On Repeats Dropdown
Selected Daily option
]]></system-out>
    <system-err><![CDATA[Jan 03, 2023 10:01:49 PM io.appium.java_client.remote.AppiumCommandExecutor$1 lambda$0
INFO: Detected dialect: W3C
]]></system-err>
  </testcase>
  <testcase name="Verify_Send_an_email_field_by_clicking_on_NO_button_Create_Event" classname="Tests.EventTabTests" time="90.982">
    <system-out><![CDATA[PASS : Verify_the_How_many_times_field<br><br>---------------------------------------------------------------------------<br><br>
Application Launched.
Clicked on skip button.
Clicked on next button.
Entered Email :- sagarnandha11+1@gmail.com
Entered Password :- Plai@1234
Clicked On Login Button
App name is verified on login splash screen
Day Greeting is verified on login splash screen
Username with Profile Picture is verified on login splash screen
Welcome Greeting is verified on login splash screen

Scrolling My Club Banners !!!
Clicked On Club Banner in which user is Admin
Event Tab Opened
Add New Event is Displayed
CLicked On Add New Event
Create Event is Displayed
Entered New Event Name
CLicked On Location Field
Selected Location is Displayed
Clicked On Type Dropdown
Selected Game option
Clicked On Start Date
Clicked On Next Month Button of Calender
Selected Date 28th Feb
Clicked On Ok
Date updated to New Selected Date
Clicked On End Date
Clicked On Next Month Button of Calender
Selected Date 28th Feb
Clicked On Ok
Date updated to New Selected Date
Clicked On Next Button
Clicked On Repeats Dropdown
Selected Daily option
Clicked On No Button to Send Email
]]></system-out>
    <system-err><![CDATA[Jan 03, 2023 10:03:29 PM io.appium.java_client.remote.AppiumCommandExecutor$1 lambda$0
INFO: Detected dialect: W3C
]]></system-err>
  </testcase>
  <testcase name="Verify_Send_an_notification_field_by_clicking_on_NO_button_Create_Event" classname="Tests.EventTabTests" time="91.466">
    <system-out><![CDATA[PASS : Verify_Send_an_email_field_by_clicking_on_NO_button_Create_Event<br><br>---------------------------------------------------------------------------<br><br>
Application Launched.
Clicked on skip button.
Clicked on next button.
Entered Email :- sagarnandha11+1@gmail.com
Entered Password :- Plai@1234
Clicked On Login Button
App name is verified on login splash screen
Day Greeting is verified on login splash screen
Username with Profile Picture is verified on login splash screen
Welcome Greeting is verified on login splash screen

Scrolling My Club Banners !!!
Clicked On Club Banner in which user is Admin
Event Tab Opened
Add New Event is Displayed
CLicked On Add New Event
Create Event is Displayed
Entered New Event Name
CLicked On Location Field
Selected Location is Displayed
Clicked On Type Dropdown
Selected Game option
Clicked On Start Date
Clicked On Next Month Button of Calender
Selected Date 28th Feb
Clicked On Ok
Date updated to New Selected Date
Clicked On End Date
Clicked On Next Month Button of Calender
Selected Date 28th Feb
Clicked On Ok
Date updated to New Selected Date
Clicked On Next Button
Clicked On Repeats Dropdown
Selected Daily option
Clicked On No Button to Send Notification
]]></system-out>
    <system-err><![CDATA[Jan 03, 2023 10:05:09 PM io.appium.java_client.remote.AppiumCommandExecutor$1 lambda$0
INFO: Detected dialect: W3C
]]></system-err>
  </testcase>
  <testcase name="Verify_the_PREVIEW_button" classname="Tests.EventTabTests" time="104.171">
    <system-out><![CDATA[PASS : Verify_Send_an_notification_field_by_clicking_on_NO_button_Create_Event<br><br>---------------------------------------------------------------------------<br><br>
Application Launched.
Clicked on skip button.
Clicked on next button.
Entered Email :- sagarnandha11+1@gmail.com
Entered Password :- Plai@1234
Clicked On Login Button
App name is verified on login splash screen
Day Greeting is verified on login splash screen
Username with Profile Picture is verified on login splash screen
Welcome Greeting is verified on login splash screen

Scrolling My Club Banners !!!
Clicked On Club Banner in which user is Admin
Event Tab Opened
Add New Event is Displayed
CLicked On Add New Event
Create Event is Displayed
Entered New Event Name
CLicked On Location Field
Selected Location is Displayed
Clicked On Type Dropdown
Selected Game option
Clicked On Start Date
Clicked On Next Month Button of Calender
Selected Date 28th Feb
Clicked On Ok
Date updated to New Selected Date
Clicked On End Date
Clicked On Next Month Button of Calender
Selected Date 28th Feb
Clicked On Ok
Date updated to New Selected Date
Clicked On Next Button
Clicked On Repeats Dropdown
Selected Daily option
Entered How many times event should be repeated that is 5
Clicked On Repeats Dropdown
Selected All
Clicked On Dome Button
Clicked On Visible Dropdown
Selected All
Clicked On Dome Button

Scrolling the screen downwards !!!
Clicked On Preview Button
]]></system-out>
    <system-err><![CDATA[Jan 03, 2023 10:06:49 PM io.appium.java_client.remote.AppiumCommandExecutor$1 lambda$0
INFO: Detected dialect: W3C
]]></system-err>
  </testcase>
  <testcase name="Verify_the_CONFIRM_button" classname="Tests.EventTabTests" time="104.5">
    <system-out><![CDATA[PASS : Verify_the_PREVIEW_button<br><br>---------------------------------------------------------------------------<br><br>
Application Launched.
Clicked on skip button.
Clicked on next button.
Entered Email :- sagarnandha11+1@gmail.com
Entered Password :- Plai@1234
Clicked On Login Button
App name is verified on login splash screen
Day Greeting is verified on login splash screen
Username with Profile Picture is verified on login splash screen
Welcome Greeting is verified on login splash screen

Scrolling My Club Banners !!!
Clicked On Club Banner in which user is Admin
Event Tab Opened
Add New Event is Displayed
CLicked On Add New Event
Create Event is Displayed
Entered New Event Name
CLicked On Location Field
Selected Location is Displayed
Clicked On Type Dropdown
Selected Game option
Clicked On Start Date
Clicked On Next Month Button of Calender
Selected Date 28th Feb
Clicked On Ok
Date updated to New Selected Date
Clicked On End Date
Clicked On Next Month Button of Calender
Selected Date 28th Feb
Clicked On Ok
Date updated to New Selected Date
Clicked On Next Button
Clicked On Repeats Dropdown
Selected Daily option
Entered How many times event should be repeated that is 5
Clicked On Repeats Dropdown
Selected All
Clicked On Dome Button
Clicked On Visible Dropdown
Selected All
Clicked On Dome Button

Scrolling the screen downwards !!!
Clicked On Preview Button
Clicked on confirm button
Event Successfully Created
]]></system-out>
    <system-err><![CDATA[Jan 03, 2023 10:08:42 PM io.appium.java_client.remote.AppiumCommandExecutor$1 lambda$0
INFO: Detected dialect: W3C
]]></system-err>
  </testcase>
  <testcase name="Verify_the_Close_button_Create_Event" classname="Tests.EventTabTests" time="106.761">
    <failure message="The element &apos;By.xpath: //android.widget.TextView[@text=&quot;EVENT&quot;]&apos; is not linked to the same object in DOM anymore&#10;For documentation on this error, please visit: https://www.seleniumhq.org/exceptions/stale_element_reference.html&#10;Build info: version: &apos;3.141.59&apos;, revision: &apos;e82be7d358&apos;, time: &apos;2018-11-14T08:17:03&apos;&#10;System info: host: &apos;Admins-MacBook-Pro.local&apos;, ip: &apos;fe80:0:0:0:8f:c148:5c9e:6494%en0&apos;, os.name: &apos;Mac OS X&apos;, os.arch: &apos;x86_64&apos;, os.version: &apos;12.4&apos;, java.version: &apos;19.0.1&apos;&#10;Driver info: io.appium.java_client.android.AndroidDriver&#10;Capabilities {app: /Users/admin/Desktop/Plai_M..., appPackage: com.app.plaisports, autoAcceptAlerts: true, autoGrantPermissions: true, automationName: UiAutomator2, databaseEnabled: false, desired: {app: /Users/admin/Desktop/Plai_M..., autoAcceptAlerts: true, autoGrantPermissions: true, automationName: UiAutomator2, deviceName: 25e4e5308f0d7ece, platformName: android, platformVersion: 10, resetKeyboard: false, unicodeKeyboard: false}, deviceApiLevel: 29, deviceManufacturer: samsung, deviceModel: SM-N960F, deviceName: 25e4e5308f0d7ece, deviceScreenDensity: 420, deviceScreenSize: 1080x2220, deviceUDID: 25e4e5308f0d7ece, javascriptEnabled: true, locationContextEnabled: false, networkConnectionEnabled: true, pixelRatio: 2.625, platform: LINUX, platformName: android, platformVersion: 10, resetKeyboard: false, statBarHeight: 63, takesScreenshot: true, unicodeKeyboard: false, viewportRect: {height: 2031, left: 0, top: 63, width: 1080}, warnings: {}, webStorageEnabled: false}&#10;Session ID: 6c12f6d9-edc1-4d1d-b30b-b9d913a802d7" type="org.openqa.selenium.StaleElementReferenceException"><![CDATA[org.openqa.selenium.StaleElementReferenceException: 
The element 'By.xpath: //android.widget.TextView[@text="EVENT"]' is not linked to the same object in DOM anymore
For documentation on this error, please visit: https://www.seleniumhq.org/exceptions/stale_element_reference.html
Build info: version: '3.141.59', revision: 'e82be7d358', time: '2018-11-14T08:17:03'
System info: host: 'Admins-MacBook-Pro.local', ip: 'fe80:0:0:0:8f:c148:5c9e:6494%en0', os.name: 'Mac OS X', os.arch: 'x86_64', os.version: '12.4', java.version: '19.0.1'
Driver info: io.appium.java_client.android.AndroidDriver
Capabilities {app: /Users/admin/Desktop/Plai_M..., appPackage: com.app.plaisports, autoAcceptAlerts: true, autoGrantPermissions: true, automationName: UiAutomator2, databaseEnabled: false, desired: {app: /Users/admin/Desktop/Plai_M..., autoAcceptAlerts: true, autoGrantPermissions: true, automationName: UiAutomator2, deviceName: 25e4e5308f0d7ece, platformName: android, platformVersion: 10, resetKeyboard: false, unicodeKeyboard: false}, deviceApiLevel: 29, deviceManufacturer: samsung, deviceModel: SM-N960F, deviceName: 25e4e5308f0d7ece, deviceScreenDensity: 420, deviceScreenSize: 1080x2220, deviceUDID: 25e4e5308f0d7ece, javascriptEnabled: true, locationContextEnabled: false, networkConnectionEnabled: true, pixelRatio: 2.625, platform: LINUX, platformName: android, platformVersion: 10, resetKeyboard: false, statBarHeight: 63, takesScreenshot: true, unicodeKeyboard: false, viewportRect: {height: 2031, left: 0, top: 63, width: 1080}, warnings: {}, webStorageEnabled: false}
Session ID: 6c12f6d9-edc1-4d1d-b30b-b9d913a802d7
	at Tests.EventTabTests.Verify_the_Close_button_Create_Event(EventTabTests.java:666)
]]></failure>
    <system-out><![CDATA[PASS : Verify_the_CONFIRM_button<br><br>---------------------------------------------------------------------------<br><br>
Application Launched.
Clicked on skip button.
Clicked on next button.
Entered Email :- sagarnandha11+1@gmail.com
Entered Password :- Plai@1234
Clicked On Login Button
App name is verified on login splash screen
Day Greeting is verified on login splash screen
Username with Profile Picture is verified on login splash screen
Welcome Greeting is verified on login splash screen

Scrolling My Club Banners !!!
Clicked On Club Banner in which user is Admin
Event Tab Opened
Add New Event is Displayed
CLicked On Add New Event
Create Event is Displayed
Entered New Event Name
CLicked On Location Field
Selected Location is Displayed
Clicked On Type Dropdown
Selected Game option
Clicked On Start Date
Clicked On Next Month Button of Calender
Selected Date 28th Feb
Clicked On Ok
Date updated to New Selected Date
Clicked On End Date
Clicked On Next Month Button of Calender
Selected Date 28th Feb
Clicked On Ok
Date updated to New Selected Date
Clicked On Next Button
Clicked On Repeats Dropdown
Selected Daily option
Entered How many times event should be repeated that is 5
Clicked On Repeats Dropdown
Selected All
Clicked On Dome Button
Clicked On Visible Dropdown
Selected All
Clicked On Dome Button

Scrolling the screen downwards !!!
Clicked On Preview Button
Clicked on confirm button
Event Successfully Created
Clicked on close button.
]]></system-out>
    <system-err><![CDATA[Jan 03, 2023 10:10:35 PM io.appium.java_client.remote.AppiumCommandExecutor$1 lambda$0
INFO: Detected dialect: W3C
]]></system-err>
  </testcase>
  <testcase name="Verify_the_banner_for_event_display_in_EVENT_tab" classname="Tests.EventTabTests" time="107.718">
    <failure message="The element &apos;By.xpath: //android.widget.TextView[@text=&quot;EVENT&quot;]&apos; is not linked to the same object in DOM anymore&#10;For documentation on this error, please visit: https://www.seleniumhq.org/exceptions/stale_element_reference.html&#10;Build info: version: &apos;3.141.59&apos;, revision: &apos;e82be7d358&apos;, time: &apos;2018-11-14T08:17:03&apos;&#10;System info: host: &apos;Admins-MacBook-Pro.local&apos;, ip: &apos;fe80:0:0:0:8f:c148:5c9e:6494%en0&apos;, os.name: &apos;Mac OS X&apos;, os.arch: &apos;x86_64&apos;, os.version: &apos;12.4&apos;, java.version: &apos;19.0.1&apos;&#10;Driver info: io.appium.java_client.android.AndroidDriver&#10;Capabilities {app: /Users/admin/Desktop/Plai_M..., appPackage: com.app.plaisports, autoAcceptAlerts: true, autoGrantPermissions: true, automationName: UiAutomator2, databaseEnabled: false, desired: {app: /Users/admin/Desktop/Plai_M..., autoAcceptAlerts: true, autoGrantPermissions: true, automationName: UiAutomator2, deviceName: 25e4e5308f0d7ece, platformName: android, platformVersion: 10, resetKeyboard: false, unicodeKeyboard: false}, deviceApiLevel: 29, deviceManufacturer: samsung, deviceModel: SM-N960F, deviceName: 25e4e5308f0d7ece, deviceScreenDensity: 420, deviceScreenSize: 1080x2220, deviceUDID: 25e4e5308f0d7ece, javascriptEnabled: true, locationContextEnabled: false, networkConnectionEnabled: true, pixelRatio: 2.625, platform: LINUX, platformName: android, platformVersion: 10, resetKeyboard: false, statBarHeight: 63, takesScreenshot: true, unicodeKeyboard: false, viewportRect: {height: 2031, left: 0, top: 63, width: 1080}, warnings: {}, webStorageEnabled: false}&#10;Session ID: ed8726ae-3252-4785-a307-d1fb7b28f49b" type="org.openqa.selenium.StaleElementReferenceException"><![CDATA[org.openqa.selenium.StaleElementReferenceException: 
The element 'By.xpath: //android.widget.TextView[@text="EVENT"]' is not linked to the same object in DOM anymore
For documentation on this error, please visit: https://www.seleniumhq.org/exceptions/stale_element_reference.html
Build info: version: '3.141.59', revision: 'e82be7d358', time: '2018-11-14T08:17:03'
System info: host: 'Admins-MacBook-Pro.local', ip: 'fe80:0:0:0:8f:c148:5c9e:6494%en0', os.name: 'Mac OS X', os.arch: 'x86_64', os.version: '12.4', java.version: '19.0.1'
Driver info: io.appium.java_client.android.AndroidDriver
Capabilities {app: /Users/admin/Desktop/Plai_M..., appPackage: com.app.plaisports, autoAcceptAlerts: true, autoGrantPermissions: true, automationName: UiAutomator2, databaseEnabled: false, desired: {app: /Users/admin/Desktop/Plai_M..., autoAcceptAlerts: true, autoGrantPermissions: true, automationName: UiAutomator2, deviceName: 25e4e5308f0d7ece, platformName: android, platformVersion: 10, resetKeyboard: false, unicodeKeyboard: false}, deviceApiLevel: 29, deviceManufacturer: samsung, deviceModel: SM-N960F, deviceName: 25e4e5308f0d7ece, deviceScreenDensity: 420, deviceScreenSize: 1080x2220, deviceUDID: 25e4e5308f0d7ece, javascriptEnabled: true, locationContextEnabled: false, networkConnectionEnabled: true, pixelRatio: 2.625, platform: LINUX, platformName: android, platformVersion: 10, resetKeyboard: false, statBarHeight: 63, takesScreenshot: true, unicodeKeyboard: false, viewportRect: {height: 2031, left: 0, top: 63, width: 1080}, warnings: {}, webStorageEnabled: false}
Session ID: ed8726ae-3252-4785-a307-d1fb7b28f49b
	at Tests.EventTabTests.Verify_the_banner_for_event_display_in_EVENT_tab(EventTabTests.java:690)
]]></failure>
    <system-out><![CDATA[Application Launched.
Clicked on skip button.
Clicked on next button.
Entered Email :- sagarnandha11+1@gmail.com
Entered Password :- Plai@1234
Clicked On Login Button
App name is verified on login splash screen
Day Greeting is verified on login splash screen
Username with Profile Picture is verified on login splash screen
Welcome Greeting is verified on login splash screen

Scrolling My Club Banners !!!
Clicked On Club Banner in which user is Admin
Event Tab Opened
Add New Event is Displayed
CLicked On Add New Event
Create Event is Displayed
Entered New Event Name
CLicked On Location Field
Selected Location is Displayed
Clicked On Type Dropdown
Selected Game option
Clicked On Start Date
Clicked On Next Month Button of Calender
Selected Date 28th Feb
Clicked On Ok
Date updated to New Selected Date
Clicked On End Date
Clicked On Next Month Button of Calender
Selected Date 28th Feb
Clicked On Ok
Date updated to New Selected Date
Clicked On Next Button
Clicked On Repeats Dropdown
Selected Daily option
Entered How many times event should be repeated that is 5
Clicked On Repeats Dropdown
Selected All
Clicked On Dome Button
Clicked On Visible Dropdown
Selected All
Clicked On Dome Button

Scrolling the screen downwards !!!
Clicked On Preview Button
Clicked on confirm button
Event Successfully Created
Clicked on close button.
]]></system-out>
    <system-err><![CDATA[Jan 03, 2023 10:12:21 PM org.openqa.selenium.remote.Augmenter extractRemoteWebDriver
WARNING: Augmenter should be applied to the instances of @Augmentable classes or previously augmented instances only (instance class was: class io.appium.java_client.android.AndroidDriver)
Jan 03, 2023 10:12:31 PM io.appium.java_client.remote.AppiumCommandExecutor$1 lambda$0
INFO: Detected dialect: W3C
]]></system-err>
  </testcase>
  <testcase name="Verify_the_ADD_TO_CALENDAR_button_for_past_event" classname="Tests.EventTabTests" time="61.585">
    <system-out><![CDATA[Application Launched.
Clicked on skip button.
Clicked on next button.
Entered Email :- sagarnandha11+1@gmail.com
Entered Password :- Plai@1234
Clicked On Login Button
App name is verified on login splash screen
Day Greeting is verified on login splash screen
Username with Profile Picture is verified on login splash screen
Welcome Greeting is verified on login splash screen

Scrolling My Club Banners !!!
Clicked On Club Banner in which user is Admin
Event Tab Opened
Add New Event is Displayed
Sort Button in Event Clicked
Sort Type Past is Selected
Clicked on apply button.
Clicked On Old Event
Clicked On Old Event
Add Event To Calender : 
Alert :- The event has already been added to the calendar.
]]></system-out>
    <system-err><![CDATA[Jan 03, 2023 10:14:18 PM org.openqa.selenium.remote.Augmenter extractRemoteWebDriver
WARNING: Augmenter should be applied to the instances of @Augmentable classes or previously augmented instances only (instance class was: class io.appium.java_client.android.AndroidDriver)
Jan 03, 2023 10:14:27 PM io.appium.java_client.remote.AppiumCommandExecutor$1 lambda$0
INFO: Detected dialect: W3C
]]></system-err>
  </testcase>
  <testcase name="Verify_the_functionality_of_RESPOND_button" classname="Tests.EventTabTests" time="65.482">
    <failure message="An element could not be located on the page using the given search parameters.&#10;For documentation on this error, please visit: https://www.seleniumhq.org/exceptions/no_such_element.html&#10;Build info: version: &apos;3.141.59&apos;, revision: &apos;e82be7d358&apos;, time: &apos;2018-11-14T08:17:03&apos;&#10;System info: host: &apos;Admins-MacBook-Pro.local&apos;, ip: &apos;fe80:0:0:0:8f:c148:5c9e:6494%en0&apos;, os.name: &apos;Mac OS X&apos;, os.arch: &apos;x86_64&apos;, os.version: &apos;12.4&apos;, java.version: &apos;19.0.1&apos;&#10;Driver info: io.appium.java_client.android.AndroidDriver&#10;Capabilities {app: /Users/admin/Desktop/Plai_M..., appPackage: com.app.plaisports, autoAcceptAlerts: true, autoGrantPermissions: true, automationName: UiAutomator2, databaseEnabled: false, desired: {app: /Users/admin/Desktop/Plai_M..., autoAcceptAlerts: true, autoGrantPermissions: true, automationName: UiAutomator2, deviceName: 25e4e5308f0d7ece, platformName: android, platformVersion: 10, resetKeyboard: false, unicodeKeyboard: false}, deviceApiLevel: 29, deviceManufacturer: samsung, deviceModel: SM-N960F, deviceName: 25e4e5308f0d7ece, deviceScreenDensity: 420, deviceScreenSize: 1080x2220, deviceUDID: 25e4e5308f0d7ece, javascriptEnabled: true, locationContextEnabled: false, networkConnectionEnabled: true, pixelRatio: 2.625, platform: LINUX, platformName: android, platformVersion: 10, resetKeyboard: false, statBarHeight: 63, takesScreenshot: true, unicodeKeyboard: false, viewportRect: {height: 2031, left: 0, top: 63, width: 1080}, warnings: {}, webStorageEnabled: false}&#10;Session ID: d24ce82c-d0e7-4ecd-a48e-fa02992f9ad6&#10;*** Element info: {Using=xpath, value=//android.widget.TextView[@text=&quot;monday event&quot;]}" type="org.openqa.selenium.NoSuchElementException"><![CDATA[org.openqa.selenium.NoSuchElementException: 
An element could not be located on the page using the given search parameters.
For documentation on this error, please visit: https://www.seleniumhq.org/exceptions/no_such_element.html
Build info: version: '3.141.59', revision: 'e82be7d358', time: '2018-11-14T08:17:03'
System info: host: 'Admins-MacBook-Pro.local', ip: 'fe80:0:0:0:8f:c148:5c9e:6494%en0', os.name: 'Mac OS X', os.arch: 'x86_64', os.version: '12.4', java.version: '19.0.1'
Driver info: io.appium.java_client.android.AndroidDriver
Capabilities {app: /Users/admin/Desktop/Plai_M..., appPackage: com.app.plaisports, autoAcceptAlerts: true, autoGrantPermissions: true, automationName: UiAutomator2, databaseEnabled: false, desired: {app: /Users/admin/Desktop/Plai_M..., autoAcceptAlerts: true, autoGrantPermissions: true, automationName: UiAutomator2, deviceName: 25e4e5308f0d7ece, platformName: android, platformVersion: 10, resetKeyboard: false, unicodeKeyboard: false}, deviceApiLevel: 29, deviceManufacturer: samsung, deviceModel: SM-N960F, deviceName: 25e4e5308f0d7ece, deviceScreenDensity: 420, deviceScreenSize: 1080x2220, deviceUDID: 25e4e5308f0d7ece, javascriptEnabled: true, locationContextEnabled: false, networkConnectionEnabled: true, pixelRatio: 2.625, platform: LINUX, platformName: android, platformVersion: 10, resetKeyboard: false, statBarHeight: 63, takesScreenshot: true, unicodeKeyboard: false, viewportRect: {height: 2031, left: 0, top: 63, width: 1080}, warnings: {}, webStorageEnabled: false}
Session ID: d24ce82c-d0e7-4ecd-a48e-fa02992f9ad6
*** Element info: {Using=xpath, value=//android.widget.TextView[@text="monday event"]}
	at Tests.EventTabTests.Verify_the_functionality_of_RESPOND_button(EventTabTests.java:732)
]]></failure>
    <system-out><![CDATA[PASS : Verify_the_ADD_TO_CALENDAR_button_for_past_event<br><br>---------------------------------------------------------------------------<br><br>
Application Launched.
Clicked on skip button.
Clicked on next button.
Entered Email :- sagarnandha11+1@gmail.com
Entered Password :- Plai@1234
Clicked On Login Button
App name is verified on login splash screen
Day Greeting is verified on login splash screen
Username with Profile Picture is verified on login splash screen
Welcome Greeting is verified on login splash screen

Scrolling My Club Banners !!!
Clicked On Club Banner in which user is Admin
Event Tab Opened
Add New Event is Displayed
]]></system-out>
    <system-err><![CDATA[Jan 03, 2023 10:15:38 PM io.appium.java_client.remote.AppiumCommandExecutor$1 lambda$0
INFO: Detected dialect: W3C
]]></system-err>
  </testcase>
  <testcase name="Verify_the_fields_of_SUBMIT_A_RESPONSE_screen" classname="Tests.EventTabTests" time="65.347">
    <failure message="An element could not be located on the page using the given search parameters.&#10;For documentation on this error, please visit: https://www.seleniumhq.org/exceptions/no_such_element.html&#10;Build info: version: &apos;3.141.59&apos;, revision: &apos;e82be7d358&apos;, time: &apos;2018-11-14T08:17:03&apos;&#10;System info: host: &apos;Admins-MacBook-Pro.local&apos;, ip: &apos;fe80:0:0:0:8f:c148:5c9e:6494%en0&apos;, os.name: &apos;Mac OS X&apos;, os.arch: &apos;x86_64&apos;, os.version: &apos;12.4&apos;, java.version: &apos;19.0.1&apos;&#10;Driver info: io.appium.java_client.android.AndroidDriver&#10;Capabilities {app: /Users/admin/Desktop/Plai_M..., appPackage: com.app.plaisports, autoAcceptAlerts: true, autoGrantPermissions: true, automationName: UiAutomator2, databaseEnabled: false, desired: {app: /Users/admin/Desktop/Plai_M..., autoAcceptAlerts: true, autoGrantPermissions: true, automationName: UiAutomator2, deviceName: 25e4e5308f0d7ece, platformName: android, platformVersion: 10, resetKeyboard: false, unicodeKeyboard: false}, deviceApiLevel: 29, deviceManufacturer: samsung, deviceModel: SM-N960F, deviceName: 25e4e5308f0d7ece, deviceScreenDensity: 420, deviceScreenSize: 1080x2220, deviceUDID: 25e4e5308f0d7ece, javascriptEnabled: true, locationContextEnabled: false, networkConnectionEnabled: true, pixelRatio: 2.625, platform: LINUX, platformName: android, platformVersion: 10, resetKeyboard: false, statBarHeight: 63, takesScreenshot: true, unicodeKeyboard: false, viewportRect: {height: 2031, left: 0, top: 63, width: 1080}, warnings: {}, webStorageEnabled: false}&#10;Session ID: 96e88208-a7f1-49ad-86e5-39aa8f879773&#10;*** Element info: {Using=xpath, value=//android.widget.TextView[@text=&quot;monday event&quot;]}" type="org.openqa.selenium.NoSuchElementException"><![CDATA[org.openqa.selenium.NoSuchElementException: 
An element could not be located on the page using the given search parameters.
For documentation on this error, please visit: https://www.seleniumhq.org/exceptions/no_such_element.html
Build info: version: '3.141.59', revision: 'e82be7d358', time: '2018-11-14T08:17:03'
System info: host: 'Admins-MacBook-Pro.local', ip: 'fe80:0:0:0:8f:c148:5c9e:6494%en0', os.name: 'Mac OS X', os.arch: 'x86_64', os.version: '12.4', java.version: '19.0.1'
Driver info: io.appium.java_client.android.AndroidDriver
Capabilities {app: /Users/admin/Desktop/Plai_M..., appPackage: com.app.plaisports, autoAcceptAlerts: true, autoGrantPermissions: true, automationName: UiAutomator2, databaseEnabled: false, desired: {app: /Users/admin/Desktop/Plai_M..., autoAcceptAlerts: true, autoGrantPermissions: true, automationName: UiAutomator2, deviceName: 25e4e5308f0d7ece, platformName: android, platformVersion: 10, resetKeyboard: false, unicodeKeyboard: false}, deviceApiLevel: 29, deviceManufacturer: samsung, deviceModel: SM-N960F, deviceName: 25e4e5308f0d7ece, deviceScreenDensity: 420, deviceScreenSize: 1080x2220, deviceUDID: 25e4e5308f0d7ece, javascriptEnabled: true, locationContextEnabled: false, networkConnectionEnabled: true, pixelRatio: 2.625, platform: LINUX, platformName: android, platformVersion: 10, resetKeyboard: false, statBarHeight: 63, takesScreenshot: true, unicodeKeyboard: false, viewportRect: {height: 2031, left: 0, top: 63, width: 1080}, warnings: {}, webStorageEnabled: false}
Session ID: 96e88208-a7f1-49ad-86e5-39aa8f879773
*** Element info: {Using=xpath, value=//android.widget.TextView[@text="monday event"]}
	at Tests.EventTabTests.Verify_the_fields_of_SUBMIT_A_RESPONSE_screen(EventTabTests.java:751)
]]></failure>
    <system-out><![CDATA[Application Launched.
Clicked on skip button.
Clicked on next button.
Entered Email :- sagarnandha11+1@gmail.com
Entered Password :- Plai@1234
Clicked On Login Button
App name is verified on login splash screen
Day Greeting is verified on login splash screen
Username with Profile Picture is verified on login splash screen
Welcome Greeting is verified on login splash screen

Scrolling My Club Banners !!!
Clicked On Club Banner in which user is Admin
Event Tab Opened
Add New Event is Displayed
]]></system-out>
    <system-err><![CDATA[Jan 03, 2023 10:16:43 PM org.openqa.selenium.remote.Augmenter extractRemoteWebDriver
WARNING: Augmenter should be applied to the instances of @Augmentable classes or previously augmented instances only (instance class was: class io.appium.java_client.android.AndroidDriver)
Jan 03, 2023 10:16:53 PM io.appium.java_client.remote.AppiumCommandExecutor$1 lambda$0
INFO: Detected dialect: W3C
]]></system-err>
  </testcase>
  <testcase name="Verify_the_Select_Attendees_field" classname="Tests.EventTabTests" time="64.956">
    <failure message="An element could not be located on the page using the given search parameters.&#10;For documentation on this error, please visit: https://www.seleniumhq.org/exceptions/no_such_element.html&#10;Build info: version: &apos;3.141.59&apos;, revision: &apos;e82be7d358&apos;, time: &apos;2018-11-14T08:17:03&apos;&#10;System info: host: &apos;Admins-MacBook-Pro.local&apos;, ip: &apos;fe80:0:0:0:8f:c148:5c9e:6494%en0&apos;, os.name: &apos;Mac OS X&apos;, os.arch: &apos;x86_64&apos;, os.version: &apos;12.4&apos;, java.version: &apos;19.0.1&apos;&#10;Driver info: io.appium.java_client.android.AndroidDriver&#10;Capabilities {app: /Users/admin/Desktop/Plai_M..., appPackage: com.app.plaisports, autoAcceptAlerts: true, autoGrantPermissions: true, automationName: UiAutomator2, databaseEnabled: false, desired: {app: /Users/admin/Desktop/Plai_M..., autoAcceptAlerts: true, autoGrantPermissions: true, automationName: UiAutomator2, deviceName: 25e4e5308f0d7ece, platformName: android, platformVersion: 10, resetKeyboard: false, unicodeKeyboard: false}, deviceApiLevel: 29, deviceManufacturer: samsung, deviceModel: SM-N960F, deviceName: 25e4e5308f0d7ece, deviceScreenDensity: 420, deviceScreenSize: 1080x2220, deviceUDID: 25e4e5308f0d7ece, javascriptEnabled: true, locationContextEnabled: false, networkConnectionEnabled: true, pixelRatio: 2.625, platform: LINUX, platformName: android, platformVersion: 10, resetKeyboard: false, statBarHeight: 63, takesScreenshot: true, unicodeKeyboard: false, viewportRect: {height: 2031, left: 0, top: 63, width: 1080}, warnings: {}, webStorageEnabled: false}&#10;Session ID: 2b34e38a-b92b-4fa1-b1bd-336892509f59&#10;*** Element info: {Using=xpath, value=//android.widget.TextView[@text=&quot;monday event&quot;]}" type="org.openqa.selenium.NoSuchElementException"><![CDATA[org.openqa.selenium.NoSuchElementException: 
An element could not be located on the page using the given search parameters.
For documentation on this error, please visit: https://www.seleniumhq.org/exceptions/no_such_element.html
Build info: version: '3.141.59', revision: 'e82be7d358', time: '2018-11-14T08:17:03'
System info: host: 'Admins-MacBook-Pro.local', ip: 'fe80:0:0:0:8f:c148:5c9e:6494%en0', os.name: 'Mac OS X', os.arch: 'x86_64', os.version: '12.4', java.version: '19.0.1'
Driver info: io.appium.java_client.android.AndroidDriver
Capabilities {app: /Users/admin/Desktop/Plai_M..., appPackage: com.app.plaisports, autoAcceptAlerts: true, autoGrantPermissions: true, automationName: UiAutomator2, databaseEnabled: false, desired: {app: /Users/admin/Desktop/Plai_M..., autoAcceptAlerts: true, autoGrantPermissions: true, automationName: UiAutomator2, deviceName: 25e4e5308f0d7ece, platformName: android, platformVersion: 10, resetKeyboard: false, unicodeKeyboard: false}, deviceApiLevel: 29, deviceManufacturer: samsung, deviceModel: SM-N960F, deviceName: 25e4e5308f0d7ece, deviceScreenDensity: 420, deviceScreenSize: 1080x2220, deviceUDID: 25e4e5308f0d7ece, javascriptEnabled: true, locationContextEnabled: false, networkConnectionEnabled: true, pixelRatio: 2.625, platform: LINUX, platformName: android, platformVersion: 10, resetKeyboard: false, statBarHeight: 63, takesScreenshot: true, unicodeKeyboard: false, viewportRect: {height: 2031, left: 0, top: 63, width: 1080}, warnings: {}, webStorageEnabled: false}
Session ID: 2b34e38a-b92b-4fa1-b1bd-336892509f59
*** Element info: {Using=xpath, value=//android.widget.TextView[@text="monday event"]}
	at Tests.EventTabTests.Verify_the_Select_Attendees_field(EventTabTests.java:771)
]]></failure>
    <system-out><![CDATA[Application Launched.
Clicked on skip button.
Clicked on next button.
Entered Email :- sagarnandha11+1@gmail.com
Entered Password :- Plai@1234
Clicked On Login Button
App name is verified on login splash screen
Day Greeting is verified on login splash screen
Username with Profile Picture is verified on login splash screen
Welcome Greeting is verified on login splash screen

Scrolling My Club Banners !!!
Clicked On Club Banner in which user is Admin
Event Tab Opened
Add New Event is Displayed
]]></system-out>
    <system-err><![CDATA[Jan 03, 2023 10:17:58 PM org.openqa.selenium.remote.Augmenter extractRemoteWebDriver
WARNING: Augmenter should be applied to the instances of @Augmentable classes or previously augmented instances only (instance class was: class io.appium.java_client.android.AndroidDriver)
Jan 03, 2023 10:18:07 PM io.appium.java_client.remote.AppiumCommandExecutor$1 lambda$0
INFO: Detected dialect: W3C
]]></system-err>
  </testcase>
  <testcase name="Verify_the_functionality_of_Select_all_button" classname="Tests.EventTabTests" time="65.524">
    <failure message="An element could not be located on the page using the given search parameters.&#10;For documentation on this error, please visit: https://www.seleniumhq.org/exceptions/no_such_element.html&#10;Build info: version: &apos;3.141.59&apos;, revision: &apos;e82be7d358&apos;, time: &apos;2018-11-14T08:17:03&apos;&#10;System info: host: &apos;Admins-MacBook-Pro.local&apos;, ip: &apos;fe80:0:0:0:8f:c148:5c9e:6494%en0&apos;, os.name: &apos;Mac OS X&apos;, os.arch: &apos;x86_64&apos;, os.version: &apos;12.4&apos;, java.version: &apos;19.0.1&apos;&#10;Driver info: io.appium.java_client.android.AndroidDriver&#10;Capabilities {app: /Users/admin/Desktop/Plai_M..., appPackage: com.app.plaisports, autoAcceptAlerts: true, autoGrantPermissions: true, automationName: UiAutomator2, databaseEnabled: false, desired: {app: /Users/admin/Desktop/Plai_M..., autoAcceptAlerts: true, autoGrantPermissions: true, automationName: UiAutomator2, deviceName: 25e4e5308f0d7ece, platformName: android, platformVersion: 10, resetKeyboard: false, unicodeKeyboard: false}, deviceApiLevel: 29, deviceManufacturer: samsung, deviceModel: SM-N960F, deviceName: 25e4e5308f0d7ece, deviceScreenDensity: 420, deviceScreenSize: 1080x2220, deviceUDID: 25e4e5308f0d7ece, javascriptEnabled: true, locationContextEnabled: false, networkConnectionEnabled: true, pixelRatio: 2.625, platform: LINUX, platformName: android, platformVersion: 10, resetKeyboard: false, statBarHeight: 63, takesScreenshot: true, unicodeKeyboard: false, viewportRect: {height: 2031, left: 0, top: 63, width: 1080}, warnings: {}, webStorageEnabled: false}&#10;Session ID: 55c03384-b653-497f-afff-695ac940bf80&#10;*** Element info: {Using=xpath, value=//android.widget.TextView[@text=&quot;monday event&quot;]}" type="org.openqa.selenium.NoSuchElementException"><![CDATA[org.openqa.selenium.NoSuchElementException: 
An element could not be located on the page using the given search parameters.
For documentation on this error, please visit: https://www.seleniumhq.org/exceptions/no_such_element.html
Build info: version: '3.141.59', revision: 'e82be7d358', time: '2018-11-14T08:17:03'
System info: host: 'Admins-MacBook-Pro.local', ip: 'fe80:0:0:0:8f:c148:5c9e:6494%en0', os.name: 'Mac OS X', os.arch: 'x86_64', os.version: '12.4', java.version: '19.0.1'
Driver info: io.appium.java_client.android.AndroidDriver
Capabilities {app: /Users/admin/Desktop/Plai_M..., appPackage: com.app.plaisports, autoAcceptAlerts: true, autoGrantPermissions: true, automationName: UiAutomator2, databaseEnabled: false, desired: {app: /Users/admin/Desktop/Plai_M..., autoAcceptAlerts: true, autoGrantPermissions: true, automationName: UiAutomator2, deviceName: 25e4e5308f0d7ece, platformName: android, platformVersion: 10, resetKeyboard: false, unicodeKeyboard: false}, deviceApiLevel: 29, deviceManufacturer: samsung, deviceModel: SM-N960F, deviceName: 25e4e5308f0d7ece, deviceScreenDensity: 420, deviceScreenSize: 1080x2220, deviceUDID: 25e4e5308f0d7ece, javascriptEnabled: true, locationContextEnabled: false, networkConnectionEnabled: true, pixelRatio: 2.625, platform: LINUX, platformName: android, platformVersion: 10, resetKeyboard: false, statBarHeight: 63, takesScreenshot: true, unicodeKeyboard: false, viewportRect: {height: 2031, left: 0, top: 63, width: 1080}, warnings: {}, webStorageEnabled: false}
Session ID: 55c03384-b653-497f-afff-695ac940bf80
*** Element info: {Using=xpath, value=//android.widget.TextView[@text="monday event"]}
	at Tests.EventTabTests.Verify_the_functionality_of_Select_all_button(EventTabTests.java:791)
]]></failure>
    <system-out><![CDATA[Application Launched.
Clicked on skip button.
Clicked on next button.
Entered Email :- sagarnandha11+1@gmail.com
Entered Password :- Plai@1234
Clicked On Login Button
App name is verified on login splash screen
Day Greeting is verified on login splash screen
Username with Profile Picture is verified on login splash screen
Welcome Greeting is verified on login splash screen

Scrolling My Club Banners !!!
Clicked On Club Banner in which user is Admin
Event Tab Opened
Add New Event is Displayed
]]></system-out>
    <system-err><![CDATA[Jan 03, 2023 10:19:12 PM org.openqa.selenium.remote.Augmenter extractRemoteWebDriver
WARNING: Augmenter should be applied to the instances of @Augmentable classes or previously augmented instances only (instance class was: class io.appium.java_client.android.AndroidDriver)
Jan 03, 2023 10:19:21 PM io.appium.java_client.remote.AppiumCommandExecutor$1 lambda$0
INFO: Detected dialect: W3C
]]></system-err>
  </testcase>
  <testcase name="Verify_the_functionality_of_DeSelect_all_button" classname="Tests.EventTabTests" time="65.338">
    <failure message="An element could not be located on the page using the given search parameters.&#10;For documentation on this error, please visit: https://www.seleniumhq.org/exceptions/no_such_element.html&#10;Build info: version: &apos;3.141.59&apos;, revision: &apos;e82be7d358&apos;, time: &apos;2018-11-14T08:17:03&apos;&#10;System info: host: &apos;Admins-MacBook-Pro.local&apos;, ip: &apos;fe80:0:0:0:8f:c148:5c9e:6494%en0&apos;, os.name: &apos;Mac OS X&apos;, os.arch: &apos;x86_64&apos;, os.version: &apos;12.4&apos;, java.version: &apos;19.0.1&apos;&#10;Driver info: io.appium.java_client.android.AndroidDriver&#10;Capabilities {app: /Users/admin/Desktop/Plai_M..., appPackage: com.app.plaisports, autoAcceptAlerts: true, autoGrantPermissions: true, automationName: UiAutomator2, databaseEnabled: false, desired: {app: /Users/admin/Desktop/Plai_M..., autoAcceptAlerts: true, autoGrantPermissions: true, automationName: UiAutomator2, deviceName: 25e4e5308f0d7ece, platformName: android, platformVersion: 10, resetKeyboard: false, unicodeKeyboard: false}, deviceApiLevel: 29, deviceManufacturer: samsung, deviceModel: SM-N960F, deviceName: 25e4e5308f0d7ece, deviceScreenDensity: 420, deviceScreenSize: 1080x2220, deviceUDID: 25e4e5308f0d7ece, javascriptEnabled: true, locationContextEnabled: false, networkConnectionEnabled: true, pixelRatio: 2.625, platform: LINUX, platformName: android, platformVersion: 10, resetKeyboard: false, statBarHeight: 63, takesScreenshot: true, unicodeKeyboard: false, viewportRect: {height: 2031, left: 0, top: 63, width: 1080}, warnings: {}, webStorageEnabled: false}&#10;Session ID: 4f4de38a-b440-4d82-a977-827cfcdf508c&#10;*** Element info: {Using=xpath, value=//android.widget.TextView[@text=&quot;monday event&quot;]}" type="org.openqa.selenium.NoSuchElementException"><![CDATA[org.openqa.selenium.NoSuchElementException: 
An element could not be located on the page using the given search parameters.
For documentation on this error, please visit: https://www.seleniumhq.org/exceptions/no_such_element.html
Build info: version: '3.141.59', revision: 'e82be7d358', time: '2018-11-14T08:17:03'
System info: host: 'Admins-MacBook-Pro.local', ip: 'fe80:0:0:0:8f:c148:5c9e:6494%en0', os.name: 'Mac OS X', os.arch: 'x86_64', os.version: '12.4', java.version: '19.0.1'
Driver info: io.appium.java_client.android.AndroidDriver
Capabilities {app: /Users/admin/Desktop/Plai_M..., appPackage: com.app.plaisports, autoAcceptAlerts: true, autoGrantPermissions: true, automationName: UiAutomator2, databaseEnabled: false, desired: {app: /Users/admin/Desktop/Plai_M..., autoAcceptAlerts: true, autoGrantPermissions: true, automationName: UiAutomator2, deviceName: 25e4e5308f0d7ece, platformName: android, platformVersion: 10, resetKeyboard: false, unicodeKeyboard: false}, deviceApiLevel: 29, deviceManufacturer: samsung, deviceModel: SM-N960F, deviceName: 25e4e5308f0d7ece, deviceScreenDensity: 420, deviceScreenSize: 1080x2220, deviceUDID: 25e4e5308f0d7ece, javascriptEnabled: true, locationContextEnabled: false, networkConnectionEnabled: true, pixelRatio: 2.625, platform: LINUX, platformName: android, platformVersion: 10, resetKeyboard: false, statBarHeight: 63, takesScreenshot: true, unicodeKeyboard: false, viewportRect: {height: 2031, left: 0, top: 63, width: 1080}, warnings: {}, webStorageEnabled: false}
Session ID: 4f4de38a-b440-4d82-a977-827cfcdf508c
*** Element info: {Using=xpath, value=//android.widget.TextView[@text="monday event"]}
	at Tests.EventTabTests.Verify_the_functionality_of_DeSelect_all_button(EventTabTests.java:812)
]]></failure>
    <system-out><![CDATA[Application Launched.
Clicked on skip button.
Clicked on next button.
Entered Email :- sagarnandha11+1@gmail.com
Entered Password :- Plai@1234
Clicked On Login Button
App name is verified on login splash screen
Day Greeting is verified on login splash screen
Username with Profile Picture is verified on login splash screen
Welcome Greeting is verified on login splash screen

Scrolling My Club Banners !!!
Clicked On Club Banner in which user is Admin
Event Tab Opened
Add New Event is Displayed
]]></system-out>
    <system-err><![CDATA[Jan 03, 2023 10:20:26 PM org.openqa.selenium.remote.Augmenter extractRemoteWebDriver
WARNING: Augmenter should be applied to the instances of @Augmentable classes or previously augmented instances only (instance class was: class io.appium.java_client.android.AndroidDriver)
Jan 03, 2023 10:20:36 PM io.appium.java_client.remote.AppiumCommandExecutor$1 lambda$0
INFO: Detected dialect: W3C
]]></system-err>
  </testcase>
  <testcase name="Verify_the_Search_bar_and_Done_link" classname="Tests.EventTabTests" time="65.481">
    <failure message="An element could not be located on the page using the given search parameters.&#10;For documentation on this error, please visit: https://www.seleniumhq.org/exceptions/no_such_element.html&#10;Build info: version: &apos;3.141.59&apos;, revision: &apos;e82be7d358&apos;, time: &apos;2018-11-14T08:17:03&apos;&#10;System info: host: &apos;Admins-MacBook-Pro.local&apos;, ip: &apos;fe80:0:0:0:8f:c148:5c9e:6494%en0&apos;, os.name: &apos;Mac OS X&apos;, os.arch: &apos;x86_64&apos;, os.version: &apos;12.4&apos;, java.version: &apos;19.0.1&apos;&#10;Driver info: io.appium.java_client.android.AndroidDriver&#10;Capabilities {app: /Users/admin/Desktop/Plai_M..., appPackage: com.app.plaisports, autoAcceptAlerts: true, autoGrantPermissions: true, automationName: UiAutomator2, databaseEnabled: false, desired: {app: /Users/admin/Desktop/Plai_M..., autoAcceptAlerts: true, autoGrantPermissions: true, automationName: UiAutomator2, deviceName: 25e4e5308f0d7ece, platformName: android, platformVersion: 10, resetKeyboard: false, unicodeKeyboard: false}, deviceApiLevel: 29, deviceManufacturer: samsung, deviceModel: SM-N960F, deviceName: 25e4e5308f0d7ece, deviceScreenDensity: 420, deviceScreenSize: 1080x2220, deviceUDID: 25e4e5308f0d7ece, javascriptEnabled: true, locationContextEnabled: false, networkConnectionEnabled: true, pixelRatio: 2.625, platform: LINUX, platformName: android, platformVersion: 10, resetKeyboard: false, statBarHeight: 63, takesScreenshot: true, unicodeKeyboard: false, viewportRect: {height: 2031, left: 0, top: 63, width: 1080}, warnings: {}, webStorageEnabled: false}&#10;Session ID: 3993e5e6-6735-4d7d-8a3a-51f7617afde1&#10;*** Element info: {Using=xpath, value=//android.widget.TextView[@text=&quot;monday event&quot;]}" type="org.openqa.selenium.NoSuchElementException"><![CDATA[org.openqa.selenium.NoSuchElementException: 
An element could not be located on the page using the given search parameters.
For documentation on this error, please visit: https://www.seleniumhq.org/exceptions/no_such_element.html
Build info: version: '3.141.59', revision: 'e82be7d358', time: '2018-11-14T08:17:03'
System info: host: 'Admins-MacBook-Pro.local', ip: 'fe80:0:0:0:8f:c148:5c9e:6494%en0', os.name: 'Mac OS X', os.arch: 'x86_64', os.version: '12.4', java.version: '19.0.1'
Driver info: io.appium.java_client.android.AndroidDriver
Capabilities {app: /Users/admin/Desktop/Plai_M..., appPackage: com.app.plaisports, autoAcceptAlerts: true, autoGrantPermissions: true, automationName: UiAutomator2, databaseEnabled: false, desired: {app: /Users/admin/Desktop/Plai_M..., autoAcceptAlerts: true, autoGrantPermissions: true, automationName: UiAutomator2, deviceName: 25e4e5308f0d7ece, platformName: android, platformVersion: 10, resetKeyboard: false, unicodeKeyboard: false}, deviceApiLevel: 29, deviceManufacturer: samsung, deviceModel: SM-N960F, deviceName: 25e4e5308f0d7ece, deviceScreenDensity: 420, deviceScreenSize: 1080x2220, deviceUDID: 25e4e5308f0d7ece, javascriptEnabled: true, locationContextEnabled: false, networkConnectionEnabled: true, pixelRatio: 2.625, platform: LINUX, platformName: android, platformVersion: 10, resetKeyboard: false, statBarHeight: 63, takesScreenshot: true, unicodeKeyboard: false, viewportRect: {height: 2031, left: 0, top: 63, width: 1080}, warnings: {}, webStorageEnabled: false}
Session ID: 3993e5e6-6735-4d7d-8a3a-51f7617afde1
*** Element info: {Using=xpath, value=//android.widget.TextView[@text="monday event"]}
	at Tests.EventTabTests.Verify_the_Search_bar_and_Done_link(EventTabTests.java:833)
]]></failure>
    <system-out><![CDATA[Application Launched.
Clicked on skip button.
Clicked on next button.
Entered Email :- sagarnandha11+1@gmail.com
Entered Password :- Plai@1234
Clicked On Login Button
App name is verified on login splash screen
Day Greeting is verified on login splash screen
Username with Profile Picture is verified on login splash screen
Welcome Greeting is verified on login splash screen

Scrolling My Club Banners !!!
Clicked On Club Banner in which user is Admin
Event Tab Opened
Add New Event is Displayed
]]></system-out>
    <system-err><![CDATA[Jan 03, 2023 10:21:41 PM org.openqa.selenium.remote.Augmenter extractRemoteWebDriver
WARNING: Augmenter should be applied to the instances of @Augmentable classes or previously augmented instances only (instance class was: class io.appium.java_client.android.AndroidDriver)
Jan 03, 2023 10:21:51 PM io.appium.java_client.remote.AppiumCommandExecutor$1 lambda$0
INFO: Detected dialect: W3C
]]></system-err>
  </testcase>
  <testcase name="Verify_Availability_field_by_selecting_option_from_list" classname="Tests.EventTabTests" time="65.94">
    <failure message="An element could not be located on the page using the given search parameters.&#10;For documentation on this error, please visit: https://www.seleniumhq.org/exceptions/no_such_element.html&#10;Build info: version: &apos;3.141.59&apos;, revision: &apos;e82be7d358&apos;, time: &apos;2018-11-14T08:17:03&apos;&#10;System info: host: &apos;Admins-MacBook-Pro.local&apos;, ip: &apos;fe80:0:0:0:8f:c148:5c9e:6494%en0&apos;, os.name: &apos;Mac OS X&apos;, os.arch: &apos;x86_64&apos;, os.version: &apos;12.4&apos;, java.version: &apos;19.0.1&apos;&#10;Driver info: io.appium.java_client.android.AndroidDriver&#10;Capabilities {app: /Users/admin/Desktop/Plai_M..., appPackage: com.app.plaisports, autoAcceptAlerts: true, autoGrantPermissions: true, automationName: UiAutomator2, databaseEnabled: false, desired: {app: /Users/admin/Desktop/Plai_M..., autoAcceptAlerts: true, autoGrantPermissions: true, automationName: UiAutomator2, deviceName: 25e4e5308f0d7ece, platformName: android, platformVersion: 10, resetKeyboard: false, unicodeKeyboard: false}, deviceApiLevel: 29, deviceManufacturer: samsung, deviceModel: SM-N960F, deviceName: 25e4e5308f0d7ece, deviceScreenDensity: 420, deviceScreenSize: 1080x2220, deviceUDID: 25e4e5308f0d7ece, javascriptEnabled: true, locationContextEnabled: false, networkConnectionEnabled: true, pixelRatio: 2.625, platform: LINUX, platformName: android, platformVersion: 10, resetKeyboard: false, statBarHeight: 63, takesScreenshot: true, unicodeKeyboard: false, viewportRect: {height: 2031, left: 0, top: 63, width: 1080}, warnings: {}, webStorageEnabled: false}&#10;Session ID: 5c27d2cc-aaf1-42b0-8385-a8e315fecdc2&#10;*** Element info: {Using=xpath, value=//android.widget.TextView[@text=&quot;monday event&quot;]}" type="org.openqa.selenium.NoSuchElementException"><![CDATA[org.openqa.selenium.NoSuchElementException: 
An element could not be located on the page using the given search parameters.
For documentation on this error, please visit: https://www.seleniumhq.org/exceptions/no_such_element.html
Build info: version: '3.141.59', revision: 'e82be7d358', time: '2018-11-14T08:17:03'
System info: host: 'Admins-MacBook-Pro.local', ip: 'fe80:0:0:0:8f:c148:5c9e:6494%en0', os.name: 'Mac OS X', os.arch: 'x86_64', os.version: '12.4', java.version: '19.0.1'
Driver info: io.appium.java_client.android.AndroidDriver
Capabilities {app: /Users/admin/Desktop/Plai_M..., appPackage: com.app.plaisports, autoAcceptAlerts: true, autoGrantPermissions: true, automationName: UiAutomator2, databaseEnabled: false, desired: {app: /Users/admin/Desktop/Plai_M..., autoAcceptAlerts: true, autoGrantPermissions: true, automationName: UiAutomator2, deviceName: 25e4e5308f0d7ece, platformName: android, platformVersion: 10, resetKeyboard: false, unicodeKeyboard: false}, deviceApiLevel: 29, deviceManufacturer: samsung, deviceModel: SM-N960F, deviceName: 25e4e5308f0d7ece, deviceScreenDensity: 420, deviceScreenSize: 1080x2220, deviceUDID: 25e4e5308f0d7ece, javascriptEnabled: true, locationContextEnabled: false, networkConnectionEnabled: true, pixelRatio: 2.625, platform: LINUX, platformName: android, platformVersion: 10, resetKeyboard: false, statBarHeight: 63, takesScreenshot: true, unicodeKeyboard: false, viewportRect: {height: 2031, left: 0, top: 63, width: 1080}, warnings: {}, webStorageEnabled: false}
Session ID: 5c27d2cc-aaf1-42b0-8385-a8e315fecdc2
*** Element info: {Using=xpath, value=//android.widget.TextView[@text="monday event"]}
	at Tests.EventTabTests.Verify_Availability_field_by_selecting_option_from_list(EventTabTests.java:854)
]]></failure>
    <system-out><![CDATA[Application Launched.
Clicked on skip button.
Clicked on next button.
Entered Email :- sagarnandha11+1@gmail.com
Entered Password :- Plai@1234
Clicked On Login Button
App name is verified on login splash screen
Day Greeting is verified on login splash screen
Username with Profile Picture is verified on login splash screen
Welcome Greeting is verified on login splash screen

Scrolling My Club Banners !!!
Clicked On Club Banner in which user is Admin
Event Tab Opened
Add New Event is Displayed
]]></system-out>
    <system-err><![CDATA[Jan 03, 2023 10:22:56 PM org.openqa.selenium.remote.Augmenter extractRemoteWebDriver
WARNING: Augmenter should be applied to the instances of @Augmentable classes or previously augmented instances only (instance class was: class io.appium.java_client.android.AndroidDriver)
Jan 03, 2023 10:23:05 PM io.appium.java_client.remote.AppiumCommandExecutor$1 lambda$0
INFO: Detected dialect: W3C
]]></system-err>
  </testcase>
  <testcase name="Verify_the_Add_a_note_field" classname="Tests.EventTabTests" time="65.461">
    <failure message="An element could not be located on the page using the given search parameters.&#10;For documentation on this error, please visit: https://www.seleniumhq.org/exceptions/no_such_element.html&#10;Build info: version: &apos;3.141.59&apos;, revision: &apos;e82be7d358&apos;, time: &apos;2018-11-14T08:17:03&apos;&#10;System info: host: &apos;Admins-MacBook-Pro.local&apos;, ip: &apos;fe80:0:0:0:8f:c148:5c9e:6494%en0&apos;, os.name: &apos;Mac OS X&apos;, os.arch: &apos;x86_64&apos;, os.version: &apos;12.4&apos;, java.version: &apos;19.0.1&apos;&#10;Driver info: io.appium.java_client.android.AndroidDriver&#10;Capabilities {app: /Users/admin/Desktop/Plai_M..., appPackage: com.app.plaisports, autoAcceptAlerts: true, autoGrantPermissions: true, automationName: UiAutomator2, databaseEnabled: false, desired: {app: /Users/admin/Desktop/Plai_M..., autoAcceptAlerts: true, autoGrantPermissions: true, automationName: UiAutomator2, deviceName: 25e4e5308f0d7ece, platformName: android, platformVersion: 10, resetKeyboard: false, unicodeKeyboard: false}, deviceApiLevel: 29, deviceManufacturer: samsung, deviceModel: SM-N960F, deviceName: 25e4e5308f0d7ece, deviceScreenDensity: 420, deviceScreenSize: 1080x2220, deviceUDID: 25e4e5308f0d7ece, javascriptEnabled: true, locationContextEnabled: false, networkConnectionEnabled: true, pixelRatio: 2.625, platform: LINUX, platformName: android, platformVersion: 10, resetKeyboard: false, statBarHeight: 63, takesScreenshot: true, unicodeKeyboard: false, viewportRect: {height: 2031, left: 0, top: 63, width: 1080}, warnings: {}, webStorageEnabled: false}&#10;Session ID: 6b77e583-ff1f-4d48-8898-16b1dfea3049&#10;*** Element info: {Using=xpath, value=//android.widget.TextView[@text=&quot;monday event&quot;]}" type="org.openqa.selenium.NoSuchElementException"><![CDATA[org.openqa.selenium.NoSuchElementException: 
An element could not be located on the page using the given search parameters.
For documentation on this error, please visit: https://www.seleniumhq.org/exceptions/no_such_element.html
Build info: version: '3.141.59', revision: 'e82be7d358', time: '2018-11-14T08:17:03'
System info: host: 'Admins-MacBook-Pro.local', ip: 'fe80:0:0:0:8f:c148:5c9e:6494%en0', os.name: 'Mac OS X', os.arch: 'x86_64', os.version: '12.4', java.version: '19.0.1'
Driver info: io.appium.java_client.android.AndroidDriver
Capabilities {app: /Users/admin/Desktop/Plai_M..., appPackage: com.app.plaisports, autoAcceptAlerts: true, autoGrantPermissions: true, automationName: UiAutomator2, databaseEnabled: false, desired: {app: /Users/admin/Desktop/Plai_M..., autoAcceptAlerts: true, autoGrantPermissions: true, automationName: UiAutomator2, deviceName: 25e4e5308f0d7ece, platformName: android, platformVersion: 10, resetKeyboard: false, unicodeKeyboard: false}, deviceApiLevel: 29, deviceManufacturer: samsung, deviceModel: SM-N960F, deviceName: 25e4e5308f0d7ece, deviceScreenDensity: 420, deviceScreenSize: 1080x2220, deviceUDID: 25e4e5308f0d7ece, javascriptEnabled: true, locationContextEnabled: false, networkConnectionEnabled: true, pixelRatio: 2.625, platform: LINUX, platformName: android, platformVersion: 10, resetKeyboard: false, statBarHeight: 63, takesScreenshot: true, unicodeKeyboard: false, viewportRect: {height: 2031, left: 0, top: 63, width: 1080}, warnings: {}, webStorageEnabled: false}
Session ID: 6b77e583-ff1f-4d48-8898-16b1dfea3049
*** Element info: {Using=xpath, value=//android.widget.TextView[@text="monday event"]}
	at Tests.EventTabTests.Verify_the_Add_a_note_field(EventTabTests.java:876)
]]></failure>
    <system-out><![CDATA[Application Launched.
Clicked on skip button.
Clicked on next button.
Entered Email :- sagarnandha11+1@gmail.com
Entered Password :- Plai@1234
Clicked On Login Button
App name is verified on login splash screen
Day Greeting is verified on login splash screen
Username with Profile Picture is verified on login splash screen
Welcome Greeting is verified on login splash screen

Scrolling My Club Banners !!!
Clicked On Club Banner in which user is Admin
Event Tab Opened
Add New Event is Displayed
]]></system-out>
    <system-err><![CDATA[Jan 03, 2023 10:24:11 PM org.openqa.selenium.remote.Augmenter extractRemoteWebDriver
WARNING: Augmenter should be applied to the instances of @Augmentable classes or previously augmented instances only (instance class was: class io.appium.java_client.android.AndroidDriver)
Jan 03, 2023 10:24:21 PM io.appium.java_client.remote.AppiumCommandExecutor$1 lambda$0
INFO: Detected dialect: W3C
]]></system-err>
  </testcase>
  <testcase name="Verify_the_CONFIRM_button_of_SUBMIT_A_RESPONSE_screen" classname="Tests.EventTabTests" time="65.602">
    <failure message="An element could not be located on the page using the given search parameters.&#10;For documentation on this error, please visit: https://www.seleniumhq.org/exceptions/no_such_element.html&#10;Build info: version: &apos;3.141.59&apos;, revision: &apos;e82be7d358&apos;, time: &apos;2018-11-14T08:17:03&apos;&#10;System info: host: &apos;Admins-MacBook-Pro.local&apos;, ip: &apos;fe80:0:0:0:8f:c148:5c9e:6494%en0&apos;, os.name: &apos;Mac OS X&apos;, os.arch: &apos;x86_64&apos;, os.version: &apos;12.4&apos;, java.version: &apos;19.0.1&apos;&#10;Driver info: io.appium.java_client.android.AndroidDriver&#10;Capabilities {app: /Users/admin/Desktop/Plai_M..., appPackage: com.app.plaisports, autoAcceptAlerts: true, autoGrantPermissions: true, automationName: UiAutomator2, databaseEnabled: false, desired: {app: /Users/admin/Desktop/Plai_M..., autoAcceptAlerts: true, autoGrantPermissions: true, automationName: UiAutomator2, deviceName: 25e4e5308f0d7ece, platformName: android, platformVersion: 10, resetKeyboard: false, unicodeKeyboard: false}, deviceApiLevel: 29, deviceManufacturer: samsung, deviceModel: SM-N960F, deviceName: 25e4e5308f0d7ece, deviceScreenDensity: 420, deviceScreenSize: 1080x2220, deviceUDID: 25e4e5308f0d7ece, javascriptEnabled: true, locationContextEnabled: false, networkConnectionEnabled: true, pixelRatio: 2.625, platform: LINUX, platformName: android, platformVersion: 10, resetKeyboard: false, statBarHeight: 63, takesScreenshot: true, unicodeKeyboard: false, viewportRect: {height: 2031, left: 0, top: 63, width: 1080}, warnings: {}, webStorageEnabled: false}&#10;Session ID: 45ddc12b-4e0c-459c-a319-84f1ae2eace8&#10;*** Element info: {Using=xpath, value=//android.widget.TextView[@text=&quot;monday event&quot;]}" type="org.openqa.selenium.NoSuchElementException"><![CDATA[org.openqa.selenium.NoSuchElementException: 
An element could not be located on the page using the given search parameters.
For documentation on this error, please visit: https://www.seleniumhq.org/exceptions/no_such_element.html
Build info: version: '3.141.59', revision: 'e82be7d358', time: '2018-11-14T08:17:03'
System info: host: 'Admins-MacBook-Pro.local', ip: 'fe80:0:0:0:8f:c148:5c9e:6494%en0', os.name: 'Mac OS X', os.arch: 'x86_64', os.version: '12.4', java.version: '19.0.1'
Driver info: io.appium.java_client.android.AndroidDriver
Capabilities {app: /Users/admin/Desktop/Plai_M..., appPackage: com.app.plaisports, autoAcceptAlerts: true, autoGrantPermissions: true, automationName: UiAutomator2, databaseEnabled: false, desired: {app: /Users/admin/Desktop/Plai_M..., autoAcceptAlerts: true, autoGrantPermissions: true, automationName: UiAutomator2, deviceName: 25e4e5308f0d7ece, platformName: android, platformVersion: 10, resetKeyboard: false, unicodeKeyboard: false}, deviceApiLevel: 29, deviceManufacturer: samsung, deviceModel: SM-N960F, deviceName: 25e4e5308f0d7ece, deviceScreenDensity: 420, deviceScreenSize: 1080x2220, deviceUDID: 25e4e5308f0d7ece, javascriptEnabled: true, locationContextEnabled: false, networkConnectionEnabled: true, pixelRatio: 2.625, platform: LINUX, platformName: android, platformVersion: 10, resetKeyboard: false, statBarHeight: 63, takesScreenshot: true, unicodeKeyboard: false, viewportRect: {height: 2031, left: 0, top: 63, width: 1080}, warnings: {}, webStorageEnabled: false}
Session ID: 45ddc12b-4e0c-459c-a319-84f1ae2eace8
*** Element info: {Using=xpath, value=//android.widget.TextView[@text="monday event"]}
	at Tests.EventTabTests.Verify_the_CONFIRM_button_of_SUBMIT_A_RESPONSE_screen(EventTabTests.java:899)
]]></failure>
    <system-out><![CDATA[Application Launched.
Clicked on skip button.
Clicked on next button.
Entered Email :- sagarnandha11+1@gmail.com
Entered Password :- Plai@1234
Clicked On Login Button
App name is verified on login splash screen
Day Greeting is verified on login splash screen
Username with Profile Picture is verified on login splash screen
Welcome Greeting is verified on login splash screen

Scrolling My Club Banners !!!
Clicked On Club Banner in which user is Admin
Event Tab Opened
Add New Event is Displayed
]]></system-out>
    <system-err><![CDATA[Jan 03, 2023 10:25:26 PM org.openqa.selenium.remote.Augmenter extractRemoteWebDriver
WARNING: Augmenter should be applied to the instances of @Augmentable classes or previously augmented instances only (instance class was: class io.appium.java_client.android.AndroidDriver)
Jan 03, 2023 10:25:35 PM io.appium.java_client.remote.AppiumCommandExecutor$1 lambda$0
INFO: Detected dialect: W3C
]]></system-err>
  </testcase>
  <testcase name="Verify_the_Overview_tab_of_EVENT_screen" classname="Tests.EventTabTests" time="66.006">
    <failure message="An element could not be located on the page using the given search parameters.&#10;For documentation on this error, please visit: https://www.seleniumhq.org/exceptions/no_such_element.html&#10;Build info: version: &apos;3.141.59&apos;, revision: &apos;e82be7d358&apos;, time: &apos;2018-11-14T08:17:03&apos;&#10;System info: host: &apos;Admins-MacBook-Pro.local&apos;, ip: &apos;fe80:0:0:0:8f:c148:5c9e:6494%en0&apos;, os.name: &apos;Mac OS X&apos;, os.arch: &apos;x86_64&apos;, os.version: &apos;12.4&apos;, java.version: &apos;19.0.1&apos;&#10;Driver info: io.appium.java_client.android.AndroidDriver&#10;Capabilities {app: /Users/admin/Desktop/Plai_M..., appPackage: com.app.plaisports, autoAcceptAlerts: true, autoGrantPermissions: true, automationName: UiAutomator2, databaseEnabled: false, desired: {app: /Users/admin/Desktop/Plai_M..., autoAcceptAlerts: true, autoGrantPermissions: true, automationName: UiAutomator2, deviceName: 25e4e5308f0d7ece, platformName: android, platformVersion: 10, resetKeyboard: false, unicodeKeyboard: false}, deviceApiLevel: 29, deviceManufacturer: samsung, deviceModel: SM-N960F, deviceName: 25e4e5308f0d7ece, deviceScreenDensity: 420, deviceScreenSize: 1080x2220, deviceUDID: 25e4e5308f0d7ece, javascriptEnabled: true, locationContextEnabled: false, networkConnectionEnabled: true, pixelRatio: 2.625, platform: LINUX, platformName: android, platformVersion: 10, resetKeyboard: false, statBarHeight: 63, takesScreenshot: true, unicodeKeyboard: false, viewportRect: {height: 2031, left: 0, top: 63, width: 1080}, warnings: {}, webStorageEnabled: false}&#10;Session ID: a0620078-ef94-45c2-a03c-2f35e8f9898f&#10;*** Element info: {Using=xpath, value=//android.widget.TextView[@text=&quot;monday event&quot;]}" type="org.openqa.selenium.NoSuchElementException"><![CDATA[org.openqa.selenium.NoSuchElementException: 
An element could not be located on the page using the given search parameters.
For documentation on this error, please visit: https://www.seleniumhq.org/exceptions/no_such_element.html
Build info: version: '3.141.59', revision: 'e82be7d358', time: '2018-11-14T08:17:03'
System info: host: 'Admins-MacBook-Pro.local', ip: 'fe80:0:0:0:8f:c148:5c9e:6494%en0', os.name: 'Mac OS X', os.arch: 'x86_64', os.version: '12.4', java.version: '19.0.1'
Driver info: io.appium.java_client.android.AndroidDriver
Capabilities {app: /Users/admin/Desktop/Plai_M..., appPackage: com.app.plaisports, autoAcceptAlerts: true, autoGrantPermissions: true, automationName: UiAutomator2, databaseEnabled: false, desired: {app: /Users/admin/Desktop/Plai_M..., autoAcceptAlerts: true, autoGrantPermissions: true, automationName: UiAutomator2, deviceName: 25e4e5308f0d7ece, platformName: android, platformVersion: 10, resetKeyboard: false, unicodeKeyboard: false}, deviceApiLevel: 29, deviceManufacturer: samsung, deviceModel: SM-N960F, deviceName: 25e4e5308f0d7ece, deviceScreenDensity: 420, deviceScreenSize: 1080x2220, deviceUDID: 25e4e5308f0d7ece, javascriptEnabled: true, locationContextEnabled: false, networkConnectionEnabled: true, pixelRatio: 2.625, platform: LINUX, platformName: android, platformVersion: 10, resetKeyboard: false, statBarHeight: 63, takesScreenshot: true, unicodeKeyboard: false, viewportRect: {height: 2031, left: 0, top: 63, width: 1080}, warnings: {}, webStorageEnabled: false}
Session ID: a0620078-ef94-45c2-a03c-2f35e8f9898f
*** Element info: {Using=xpath, value=//android.widget.TextView[@text="monday event"]}
	at Tests.EventTabTests.Verify_the_Overview_tab_of_EVENT_screen(EventTabTests.java:923)
]]></failure>
    <system-out><![CDATA[Application Launched.
Clicked on skip button.
Clicked on next button.
Entered Email :- sagarnandha11+1@gmail.com
Entered Password :- Plai@1234
Clicked On Login Button
App name is verified on login splash screen
Day Greeting is verified on login splash screen
Username with Profile Picture is verified on login splash screen
Welcome Greeting is verified on login splash screen

Scrolling My Club Banners !!!
Clicked On Club Banner in which user is Admin
Event Tab Opened
Add New Event is Displayed
]]></system-out>
    <system-err><![CDATA[Jan 03, 2023 10:26:41 PM org.openqa.selenium.remote.Augmenter extractRemoteWebDriver
WARNING: Augmenter should be applied to the instances of @Augmentable classes or previously augmented instances only (instance class was: class io.appium.java_client.android.AndroidDriver)
Jan 03, 2023 10:26:50 PM io.appium.java_client.remote.AppiumCommandExecutor$1 lambda$0
INFO: Detected dialect: W3C
]]></system-err>
  </testcase>
  <testcase name="Verify_the_navigation_of_Back_icon" classname="Tests.EventTabTests" time="51.371">
    <system-out><![CDATA[Application Launched.
Clicked on skip button.
Clicked on next button.
Entered Email :- sagarnandha11+1@gmail.com
Entered Password :- Plai@1234
Clicked On Login Button
App name is verified on login splash screen
Day Greeting is verified on login splash screen
Username with Profile Picture is verified on login splash screen
Welcome Greeting is verified on login splash screen

Scrolling My Club Banners !!!
Clicked On Club Banner in which user is Admin
Event Tab Opened
Add New Event is Displayed
Clicked On Back Button
]]></system-out>
    <system-err><![CDATA[Jan 03, 2023 10:27:56 PM org.openqa.selenium.remote.Augmenter extractRemoteWebDriver
WARNING: Augmenter should be applied to the instances of @Augmentable classes or previously augmented instances only (instance class was: class io.appium.java_client.android.AndroidDriver)
Jan 03, 2023 10:28:05 PM io.appium.java_client.remote.AppiumCommandExecutor$1 lambda$0
INFO: Detected dialect: W3C
]]></system-err>
  </testcase>
  <testcase name="Verify_the_Angle_right_icon_placed_below_the_Edit_button" classname="Tests.EventTabTests" time="50.678">
    <system-out><![CDATA[PASS : Verify_the_navigation_of_Back_icon<br><br>---------------------------------------------------------------------------<br><br>
Application Launched.
Clicked on skip button.
Clicked on next button.
Entered Email :- sagarnandha11+1@gmail.com
Entered Password :- Plai@1234
Clicked On Login Button
App name is verified on login splash screen
Day Greeting is verified on login splash screen
Username with Profile Picture is verified on login splash screen
Welcome Greeting is verified on login splash screen

Scrolling My Club Banners !!!
Clicked On Club Banner in which user is Admin
Clicked On Next Arrow Button for next tab
]]></system-out>
    <system-err><![CDATA[Jan 03, 2023 10:29:05 PM io.appium.java_client.remote.AppiumCommandExecutor$1 lambda$0
INFO: Detected dialect: W3C
]]></system-err>
  </testcase>
  <testcase name="Verify_the_Angle_left_icon" classname="Tests.EventTabTests" time="52.033">
    <system-out><![CDATA[PASS : Verify_the_Angle_right_icon_placed_below_the_Edit_button<br><br>---------------------------------------------------------------------------<br><br>
Application Launched.
Clicked on skip button.
Clicked on next button.
Entered Email :- sagarnandha11+1@gmail.com
Entered Password :- Plai@1234
Clicked On Login Button
App name is verified on login splash screen
Day Greeting is verified on login splash screen
Username with Profile Picture is verified on login splash screen
Welcome Greeting is verified on login splash screen

Scrolling My Club Banners !!!
Clicked On Club Banner in which user is Admin
Clicked On Next Arrow Button for next tab
]]></system-out>
    <system-err><![CDATA[Jan 03, 2023 10:30:05 PM io.appium.java_client.remote.AppiumCommandExecutor$1 lambda$0
INFO: Detected dialect: W3C
]]></system-err>
  </testcase>
  <testcase name="Verify_the_fields_of_the_SHOP_tab" classname="Tests.EventTabTests" time="51.971">
    <system-out><![CDATA[PASS : Verify_the_Angle_left_icon<br><br>---------------------------------------------------------------------------<br><br>
Application Launched.
Clicked on skip button.
Clicked on next button.
Entered Email :- sagarnandha11+1@gmail.com
Entered Password :- Plai@1234
Clicked On Login Button
App name is verified on login splash screen
Day Greeting is verified on login splash screen
Username with Profile Picture is verified on login splash screen
Welcome Greeting is verified on login splash screen

Scrolling My Club Banners !!!
Clicked On Club Banner in which user is Admin
Clicked On Next Arrow Button for next tab
]]></system-out>
    <system-err><![CDATA[Jan 03, 2023 10:31:05 PM io.appium.java_client.remote.AppiumCommandExecutor$1 lambda$0
INFO: Detected dialect: W3C
]]></system-err>
  </testcase>
  <testcase name="Verify_the_NEWS_tab_for_Admin_banner" classname="Tests.NewsTabTests" time="51.946">
    <system-out><![CDATA[PASS : Verify_the_fields_of_the_SHOP_tab<br><br>---------------------------------------------------------------------------<br><br>
PASSED: Verify_Send_an_email_field_by_clicking_on_NO_button_Create_Event
PASSED: Verify_the_OK_button_of_Time_picker
PASSED: Verify_the_EVENT_tab_for_Admin_banner
PASSED: Verify_Start_Date_and_End_Date_fields
PASSED: Verify_the_PREVIEW_button
PASSED: Verify_the_option_of_Filter_list
PASSED: Verify_the_Sort_by_filter_of_event_tab
PASSED: Verify_the_Angle_right_icon_placed_below_the_Edit_button
PASSED: Verify_the_navigation_of_Back_icon
PASSED: Verify_the_Past_option
PASSED: Verify_the_Unlimited_Capacity_field_by_selecting_No_option
PASSED: Verify_Start_Time_and_End_Time_field_after_entering_Date
PASSED: Verify_the_ADD_NEW_EVENT_button
PASSED: Verify_the_Search_bar
PASSED: Verify_the_Angle_left_icon
PASSED: Verify_the_Search_bar_for_EVENT_tab
PASSED: Verify_the_Repeats_field_by_selecting_menu_option
PASSED: Verify_the_How_many_times_field
PASSED: Verify_Start_Time_and_End_Time_field_before_entering_Date
PASSED: Verify_Send_an_notification_field_by_clicking_on_NO_button_Create_Event
PASSED: Verify_the_fields_of_the_SHOP_tab
PASSED: Verify_the_NEXT_button_of_CREATE_EVENT
PASSED: Verify_the_Location_field
PASSED: Verify_the_RESET_button
PASSED: Verify_the_first_screen_of_CREATE_EVENT
PASSED: Verify_the_Close_button_of_calendar_Create_Event
PASSED: Verify_the_OK_button_of_calendar_Create_Event
PASSED: Verify_the_ADD_TO_CALENDAR_button_for_past_event
PASSED: Verify_the_fields_for_second_screen_of_CREATE_EVENT
PASSED: Verify_the_CONFIRM_button
PASSED: Verify_the_Capacity_field
PASSED: Verify_the_calendar_for_End_Date
FAILED: Verify_the_functionality_of_DeSelect_all_button
org.openqa.selenium.NoSuchElementException: An element could not be located on the page using the given search parameters.
For documentation on this error, please visit: https://www.seleniumhq.org/exceptions/no_such_element.html
Build info: version: '3.141.59', revision: 'e82be7d358', time: '2018-11-14T08:17:03'
System info: host: 'Admins-MacBook-Pro.local', ip: 'fe80:0:0:0:8f:c148:5c9e:6494%en0', os.name: 'Mac OS X', os.arch: 'x86_64', os.version: '12.4', java.version: '19.0.1'
Driver info: io.appium.java_client.android.AndroidDriver
Capabilities {app: /Users/admin/Desktop/Plai_M..., appPackage: com.app.plaisports, autoAcceptAlerts: true, autoGrantPermissions: true, automationName: UiAutomator2, databaseEnabled: false, desired: {app: /Users/admin/Desktop/Plai_M..., autoAcceptAlerts: true, autoGrantPermissions: true, automationName: UiAutomator2, deviceName: 25e4e5308f0d7ece, platformName: android, platformVersion: 10, resetKeyboard: false, unicodeKeyboard: false}, deviceApiLevel: 29, deviceManufacturer: samsung, deviceModel: SM-N960F, deviceName: 25e4e5308f0d7ece, deviceScreenDensity: 420, deviceScreenSize: 1080x2220, deviceUDID: 25e4e5308f0d7ece, javascriptEnabled: true, locationContextEnabled: false, networkConnectionEnabled: true, pixelRatio: 2.625, platform: LINUX, platformName: android, platformVersion: 10, resetKeyboard: false, statBarHeight: 63, takesScreenshot: true, unicodeKeyboard: false, viewportRect: {height: 2031, left: 0, top: 63, width: 1080}, warnings: {}, webStorageEnabled: false}
Session ID: 4f4de38a-b440-4d82-a977-827cfcdf508c
*** Element info: {Using=xpath, value=//android.widget.TextView[@text="monday event"]}
	at java.base/jdk.internal.reflect.DirectConstructorHandleAccessor.newInstance(DirectConstructorHandleAccessor.java:67)
	at java.base/java.lang.reflect.Constructor.newInstanceWithCaller(Constructor.java:500)
	at java.base/java.lang.reflect.Constructor.newInstance(Constructor.java:484)
	at org.openqa.selenium.remote.http.W3CHttpResponseCodec.createException(W3CHttpResponseCodec.java:187)
	at org.openqa.selenium.remote.http.W3CHttpResponseCodec.decode(W3CHttpResponseCodec.java:122)
	at org.openqa.selenium.remote.http.W3CHttpResponseCodec.decode(W3CHttpResponseCodec.java:49)
	at org.openqa.selenium.remote.HttpCommandExecutor.execute(HttpCommandExecutor.java:158)
	at io.appium.java_client.remote.AppiumCommandExecutor.execute(AppiumCommandExecutor.java:247)
	at org.openqa.selenium.remote.RemoteWebDriver.execute(RemoteWebDriver.java:552)
	at io.appium.java_client.DefaultGenericMobileDriver.execute(DefaultGenericMobileDriver.java:41)
	at io.appium.java_client.AppiumDriver.execute(AppiumDriver.java:1)
	at io.appium.java_client.android.AndroidDriver.execute(AndroidDriver.java:1)
	at org.openqa.selenium.remote.RemoteWebDriver.findElement(RemoteWebDriver.java:323)
	at io.appium.java_client.DefaultGenericMobileDriver.findElement(DefaultGenericMobileDriver.java:61)
	at io.appium.java_client.AppiumDriver.findElement(AppiumDriver.java:1)
	at io.appium.java_client.android.AndroidDriver.findElement(AndroidDriver.java:1)
	at org.openqa.selenium.remote.RemoteWebDriver.findElementByXPath(RemoteWebDriver.java:428)
	at io.appium.java_client.DefaultGenericMobileDriver.findElementByXPath(DefaultGenericMobileDriver.java:151)
	at io.appium.java_client.AppiumDriver.findElementByXPath(AppiumDriver.java:1)
	at io.appium.java_client.android.AndroidDriver.findElementByXPath(AndroidDriver.java:1)
	at org.openqa.selenium.By$ByXPath.findElement(By.java:353)
	at org.openqa.selenium.remote.RemoteWebDriver.findElement(RemoteWebDriver.java:315)
	at io.appium.java_client.DefaultGenericMobileDriver.findElement(DefaultGenericMobileDriver.java:57)
	at io.appium.java_client.AppiumDriver.findElement(AppiumDriver.java:1)
	at io.appium.java_client.android.AndroidDriver.findElement(AndroidDriver.java:1)
	at Pages.EventTabPage.Open_An_Event(EventTabPage.java:319)
	at Tests.EventTabTests.Verify_the_functionality_of_DeSelect_all_button(EventTabTests.java:812)
	at java.base/jdk.internal.reflect.DirectMethodHandleAccessor.invoke(DirectMethodHandleAccessor.java:104)
	at java.base/java.lang.reflect.Method.invoke(Method.java:578)
	at org.testng.internal.MethodInvocationHelper.invokeMethod(MethodInvocationHelper.java:133)
	at org.testng.internal.TestInvoker.invokeMethod(TestInvoker.java:598)
	at org.testng.internal.TestInvoker.invokeTestMethod(TestInvoker.java:173)
	at org.testng.internal.MethodRunner.runInSequence(MethodRunner.java:46)
	at org.testng.internal.TestInvoker$MethodInvocationAgent.invoke(TestInvoker.java:824)
	at org.testng.internal.TestInvoker.invokeTestMethods(TestInvoker.java:146)
	at org.testng.internal.TestMethodWorker.invokeTestMethods(TestMethodWorker.java:146)
	at org.testng.internal.TestMethodWorker.run(TestMethodWorker.java:128)
	at java.base/java.util.ArrayList.forEach(ArrayList.java:1511)
	at org.testng.TestRunner.privateRun(TestRunner.java:794)
	at org.testng.TestRunner.run(TestRunner.java:596)
	at org.testng.SuiteRunner.runTest(SuiteRunner.java:377)
	at org.testng.SuiteRunner.runSequentially(SuiteRunner.java:371)
	at org.testng.SuiteRunner.privateRun(SuiteRunner.java:332)
	at org.testng.SuiteRunner.run(SuiteRunner.java:276)
	at org.testng.SuiteRunnerWorker.runSuite(SuiteRunnerWorker.java:53)
	at org.testng.SuiteRunnerWorker.run(SuiteRunnerWorker.java:96)
	at org.testng.TestNG.runSuitesSequentially(TestNG.java:1212)
	at org.testng.TestNG.runSuitesLocally(TestNG.java:1134)
	at org.testng.TestNG.runSuites(TestNG.java:1063)
	at org.testng.TestNG.run(TestNG.java:1031)
	at org.apache.maven.surefire.testng.TestNGExecutor.run(TestNGExecutor.java:284)
	at org.apache.maven.surefire.testng.TestNGXmlTestSuite.execute(TestNGXmlTestSuite.java:75)
	at org.apache.maven.surefire.testng.TestNGProvider.invoke(TestNGProvider.java:119)
	at org.apache.maven.surefire.booter.ForkedBooter.runSuitesInProcess(ForkedBooter.java:428)
	at org.apache.maven.surefire.booter.ForkedBooter.execute(ForkedBooter.java:162)
	at org.apache.maven.surefire.booter.ForkedBooter.run(ForkedBooter.java:562)
	at org.apache.maven.surefire.booter.ForkedBooter.main(ForkedBooter.java:548)

FAILED: Verify_the_Search_bar_and_Done_link
org.openqa.selenium.NoSuchElementException: An element could not be located on the page using the given search parameters.
For documentation on this error, please visit: https://www.seleniumhq.org/exceptions/no_such_element.html
Build info: version: '3.141.59', revision: 'e82be7d358', time: '2018-11-14T08:17:03'
System info: host: 'Admins-MacBook-Pro.local', ip: 'fe80:0:0:0:8f:c148:5c9e:6494%en0', os.name: 'Mac OS X', os.arch: 'x86_64', os.version: '12.4', java.version: '19.0.1'
Driver info: io.appium.java_client.android.AndroidDriver
Capabilities {app: /Users/admin/Desktop/Plai_M..., appPackage: com.app.plaisports, autoAcceptAlerts: true, autoGrantPermissions: true, automationName: UiAutomator2, databaseEnabled: false, desired: {app: /Users/admin/Desktop/Plai_M..., autoAcceptAlerts: true, autoGrantPermissions: true, automationName: UiAutomator2, deviceName: 25e4e5308f0d7ece, platformName: android, platformVersion: 10, resetKeyboard: false, unicodeKeyboard: false}, deviceApiLevel: 29, deviceManufacturer: samsung, deviceModel: SM-N960F, deviceName: 25e4e5308f0d7ece, deviceScreenDensity: 420, deviceScreenSize: 1080x2220, deviceUDID: 25e4e5308f0d7ece, javascriptEnabled: true, locationContextEnabled: false, networkConnectionEnabled: true, pixelRatio: 2.625, platform: LINUX, platformName: android, platformVersion: 10, resetKeyboard: false, statBarHeight: 63, takesScreenshot: true, unicodeKeyboard: false, viewportRect: {height: 2031, left: 0, top: 63, width: 1080}, warnings: {}, webStorageEnabled: false}
Session ID: 3993e5e6-6735-4d7d-8a3a-51f7617afde1
*** Element info: {Using=xpath, value=//android.widget.TextView[@text="monday event"]}
	at java.base/jdk.internal.reflect.DirectConstructorHandleAccessor.newInstance(DirectConstructorHandleAccessor.java:67)
	at java.base/java.lang.reflect.Constructor.newInstanceWithCaller(Constructor.java:500)
	at java.base/java.lang.reflect.Constructor.newInstance(Constructor.java:484)
	at org.openqa.selenium.remote.http.W3CHttpResponseCodec.createException(W3CHttpResponseCodec.java:187)
	at org.openqa.selenium.remote.http.W3CHttpResponseCodec.decode(W3CHttpResponseCodec.java:122)
	at org.openqa.selenium.remote.http.W3CHttpResponseCodec.decode(W3CHttpResponseCodec.java:49)
	at org.openqa.selenium.remote.HttpCommandExecutor.execute(HttpCommandExecutor.java:158)
	at io.appium.java_client.remote.AppiumCommandExecutor.execute(AppiumCommandExecutor.java:247)
	at org.openqa.selenium.remote.RemoteWebDriver.execute(RemoteWebDriver.java:552)
	at io.appium.java_client.DefaultGenericMobileDriver.execute(DefaultGenericMobileDriver.java:41)
	at io.appium.java_client.AppiumDriver.execute(AppiumDriver.java:1)
	at io.appium.java_client.android.AndroidDriver.execute(AndroidDriver.java:1)
	at org.openqa.selenium.remote.RemoteWebDriver.findElement(RemoteWebDriver.java:323)
	at io.appium.java_client.DefaultGenericMobileDriver.findElement(DefaultGenericMobileDriver.java:61)
	at io.appium.java_client.AppiumDriver.findElement(AppiumDriver.java:1)
	at io.appium.java_client.android.AndroidDriver.findElement(AndroidDriver.java:1)
	at org.openqa.selenium.remote.RemoteWebDriver.findElementByXPath(RemoteWebDriver.java:428)
	at io.appium.java_client.DefaultGenericMobileDriver.findElementByXPath(DefaultGenericMobileDriver.java:151)
	at io.appium.java_client.AppiumDriver.findElementByXPath(AppiumDriver.java:1)
	at io.appium.java_client.android.AndroidDriver.findElementByXPath(AndroidDriver.java:1)
	at org.openqa.selenium.By$ByXPath.findElement(By.java:353)
	at org.openqa.selenium.remote.RemoteWebDriver.findElement(RemoteWebDriver.java:315)
	at io.appium.java_client.DefaultGenericMobileDriver.findElement(DefaultGenericMobileDriver.java:57)
	at io.appium.java_client.AppiumDriver.findElement(AppiumDriver.java:1)
	at io.appium.java_client.android.AndroidDriver.findElement(AndroidDriver.java:1)
	at Pages.EventTabPage.Open_An_Event(EventTabPage.java:319)
	at Tests.EventTabTests.Verify_the_Search_bar_and_Done_link(EventTabTests.java:833)
	at java.base/jdk.internal.reflect.DirectMethodHandleAccessor.invoke(DirectMethodHandleAccessor.java:104)
	at java.base/java.lang.reflect.Method.invoke(Method.java:578)
	at org.testng.internal.MethodInvocationHelper.invokeMethod(MethodInvocationHelper.java:133)
	at org.testng.internal.TestInvoker.invokeMethod(TestInvoker.java:598)
	at org.testng.internal.TestInvoker.invokeTestMethod(TestInvoker.java:173)
	at org.testng.internal.MethodRunner.runInSequence(MethodRunner.java:46)
	at org.testng.internal.TestInvoker$MethodInvocationAgent.invoke(TestInvoker.java:824)
	at org.testng.internal.TestInvoker.invokeTestMethods(TestInvoker.java:146)
	at org.testng.internal.TestMethodWorker.invokeTestMethods(TestMethodWorker.java:146)
	at org.testng.internal.TestMethodWorker.run(TestMethodWorker.java:128)
	at java.base/java.util.ArrayList.forEach(ArrayList.java:1511)
	at org.testng.TestRunner.privateRun(TestRunner.java:794)
	at org.testng.TestRunner.run(TestRunner.java:596)
	at org.testng.SuiteRunner.runTest(SuiteRunner.java:377)
	at org.testng.SuiteRunner.runSequentially(SuiteRunner.java:371)
	at org.testng.SuiteRunner.privateRun(SuiteRunner.java:332)
	at org.testng.SuiteRunner.run(SuiteRunner.java:276)
	at org.testng.SuiteRunnerWorker.runSuite(SuiteRunnerWorker.java:53)
	at org.testng.SuiteRunnerWorker.run(SuiteRunnerWorker.java:96)
	at org.testng.TestNG.runSuitesSequentially(TestNG.java:1212)
	at org.testng.TestNG.runSuitesLocally(TestNG.java:1134)
	at org.testng.TestNG.runSuites(TestNG.java:1063)
	at org.testng.TestNG.run(TestNG.java:1031)
	at org.apache.maven.surefire.testng.TestNGExecutor.run(TestNGExecutor.java:284)
	at org.apache.maven.surefire.testng.TestNGXmlTestSuite.execute(TestNGXmlTestSuite.java:75)
	at org.apache.maven.surefire.testng.TestNGProvider.invoke(TestNGProvider.java:119)
	at org.apache.maven.surefire.booter.ForkedBooter.runSuitesInProcess(ForkedBooter.java:428)
	at org.apache.maven.surefire.booter.ForkedBooter.execute(ForkedBooter.java:162)
	at org.apache.maven.surefire.booter.ForkedBooter.run(ForkedBooter.java:562)
	at org.apache.maven.surefire.booter.ForkedBooter.main(ForkedBooter.java:548)

FAILED: Verify_Availability_field_by_selecting_option_from_list
org.openqa.selenium.NoSuchElementException: An element could not be located on the page using the given search parameters.
For documentation on this error, please visit: https://www.seleniumhq.org/exceptions/no_such_element.html
Build info: version: '3.141.59', revision: 'e82be7d358', time: '2018-11-14T08:17:03'
System info: host: 'Admins-MacBook-Pro.local', ip: 'fe80:0:0:0:8f:c148:5c9e:6494%en0', os.name: 'Mac OS X', os.arch: 'x86_64', os.version: '12.4', java.version: '19.0.1'
Driver info: io.appium.java_client.android.AndroidDriver
Capabilities {app: /Users/admin/Desktop/Plai_M..., appPackage: com.app.plaisports, autoAcceptAlerts: true, autoGrantPermissions: true, automationName: UiAutomator2, databaseEnabled: false, desired: {app: /Users/admin/Desktop/Plai_M..., autoAcceptAlerts: true, autoGrantPermissions: true, automationName: UiAutomator2, deviceName: 25e4e5308f0d7ece, platformName: android, platformVersion: 10, resetKeyboard: false, unicodeKeyboard: false}, deviceApiLevel: 29, deviceManufacturer: samsung, deviceModel: SM-N960F, deviceName: 25e4e5308f0d7ece, deviceScreenDensity: 420, deviceScreenSize: 1080x2220, deviceUDID: 25e4e5308f0d7ece, javascriptEnabled: true, locationContextEnabled: false, networkConnectionEnabled: true, pixelRatio: 2.625, platform: LINUX, platformName: android, platformVersion: 10, resetKeyboard: false, statBarHeight: 63, takesScreenshot: true, unicodeKeyboard: false, viewportRect: {height: 2031, left: 0, top: 63, width: 1080}, warnings: {}, webStorageEnabled: false}
Session ID: 5c27d2cc-aaf1-42b0-8385-a8e315fecdc2
*** Element info: {Using=xpath, value=//android.widget.TextView[@text="monday event"]}
	at java.base/jdk.internal.reflect.DirectConstructorHandleAccessor.newInstance(DirectConstructorHandleAccessor.java:67)
	at java.base/java.lang.reflect.Constructor.newInstanceWithCaller(Constructor.java:500)
	at java.base/java.lang.reflect.Constructor.newInstance(Constructor.java:484)
	at org.openqa.selenium.remote.http.W3CHttpResponseCodec.createException(W3CHttpResponseCodec.java:187)
	at org.openqa.selenium.remote.http.W3CHttpResponseCodec.decode(W3CHttpResponseCodec.java:122)
	at org.openqa.selenium.remote.http.W3CHttpResponseCodec.decode(W3CHttpResponseCodec.java:49)
	at org.openqa.selenium.remote.HttpCommandExecutor.execute(HttpCommandExecutor.java:158)
	at io.appium.java_client.remote.AppiumCommandExecutor.execute(AppiumCommandExecutor.java:247)
	at org.openqa.selenium.remote.RemoteWebDriver.execute(RemoteWebDriver.java:552)
	at io.appium.java_client.DefaultGenericMobileDriver.execute(DefaultGenericMobileDriver.java:41)
	at io.appium.java_client.AppiumDriver.execute(AppiumDriver.java:1)
	at io.appium.java_client.android.AndroidDriver.execute(AndroidDriver.java:1)
	at org.openqa.selenium.remote.RemoteWebDriver.findElement(RemoteWebDriver.java:323)
	at io.appium.java_client.DefaultGenericMobileDriver.findElement(DefaultGenericMobileDriver.java:61)
	at io.appium.java_client.AppiumDriver.findElement(AppiumDriver.java:1)
	at io.appium.java_client.android.AndroidDriver.findElement(AndroidDriver.java:1)
	at org.openqa.selenium.remote.RemoteWebDriver.findElementByXPath(RemoteWebDriver.java:428)
	at io.appium.java_client.DefaultGenericMobileDriver.findElementByXPath(DefaultGenericMobileDriver.java:151)
	at io.appium.java_client.AppiumDriver.findElementByXPath(AppiumDriver.java:1)
	at io.appium.java_client.android.AndroidDriver.findElementByXPath(AndroidDriver.java:1)
	at org.openqa.selenium.By$ByXPath.findElement(By.java:353)
	at org.openqa.selenium.remote.RemoteWebDriver.findElement(RemoteWebDriver.java:315)
	at io.appium.java_client.DefaultGenericMobileDriver.findElement(DefaultGenericMobileDriver.java:57)
	at io.appium.java_client.AppiumDriver.findElement(AppiumDriver.java:1)
	at io.appium.java_client.android.AndroidDriver.findElement(AndroidDriver.java:1)
	at Pages.EventTabPage.Open_An_Event(EventTabPage.java:319)
	at Tests.EventTabTests.Verify_Availability_field_by_selecting_option_from_list(EventTabTests.java:854)
	at java.base/jdk.internal.reflect.DirectMethodHandleAccessor.invoke(DirectMethodHandleAccessor.java:104)
	at java.base/java.lang.reflect.Method.invoke(Method.java:578)
	at org.testng.internal.MethodInvocationHelper.invokeMethod(MethodInvocationHelper.java:133)
	at org.testng.internal.TestInvoker.invokeMethod(TestInvoker.java:598)
	at org.testng.internal.TestInvoker.invokeTestMethod(TestInvoker.java:173)
	at org.testng.internal.MethodRunner.runInSequence(MethodRunner.java:46)
	at org.testng.internal.TestInvoker$MethodInvocationAgent.invoke(TestInvoker.java:824)
	at org.testng.internal.TestInvoker.invokeTestMethods(TestInvoker.java:146)
	at org.testng.internal.TestMethodWorker.invokeTestMethods(TestMethodWorker.java:146)
	at org.testng.internal.TestMethodWorker.run(TestMethodWorker.java:128)
	at java.base/java.util.ArrayList.forEach(ArrayList.java:1511)
	at org.testng.TestRunner.privateRun(TestRunner.java:794)
	at org.testng.TestRunner.run(TestRunner.java:596)
	at org.testng.SuiteRunner.runTest(SuiteRunner.java:377)
	at org.testng.SuiteRunner.runSequentially(SuiteRunner.java:371)
	at org.testng.SuiteRunner.privateRun(SuiteRunner.java:332)
	at org.testng.SuiteRunner.run(SuiteRunner.java:276)
	at org.testng.SuiteRunnerWorker.runSuite(SuiteRunnerWorker.java:53)
	at org.testng.SuiteRunnerWorker.run(SuiteRunnerWorker.java:96)
	at org.testng.TestNG.runSuitesSequentially(TestNG.java:1212)
	at org.testng.TestNG.runSuitesLocally(TestNG.java:1134)
	at org.testng.TestNG.runSuites(TestNG.java:1063)
	at org.testng.TestNG.run(TestNG.java:1031)
	at org.apache.maven.surefire.testng.TestNGExecutor.run(TestNGExecutor.java:284)
	at org.apache.maven.surefire.testng.TestNGXmlTestSuite.execute(TestNGXmlTestSuite.java:75)
	at org.apache.maven.surefire.testng.TestNGProvider.invoke(TestNGProvider.java:119)
	at org.apache.maven.surefire.booter.ForkedBooter.runSuitesInProcess(ForkedBooter.java:428)
	at org.apache.maven.surefire.booter.ForkedBooter.execute(ForkedBooter.java:162)
	at org.apache.maven.surefire.booter.ForkedBooter.run(ForkedBooter.java:562)
	at org.apache.maven.surefire.booter.ForkedBooter.main(ForkedBooter.java:548)

FAILED: Verify_the_banner_for_event_display_in_EVENT_tab
org.openqa.selenium.StaleElementReferenceException: The element 'By.xpath: //android.widget.TextView[@text="EVENT"]' is not linked to the same object in DOM anymore
For documentation on this error, please visit: https://www.seleniumhq.org/exceptions/stale_element_reference.html
Build info: version: '3.141.59', revision: 'e82be7d358', time: '2018-11-14T08:17:03'
System info: host: 'Admins-MacBook-Pro.local', ip: 'fe80:0:0:0:8f:c148:5c9e:6494%en0', os.name: 'Mac OS X', os.arch: 'x86_64', os.version: '12.4', java.version: '19.0.1'
Driver info: io.appium.java_client.android.AndroidDriver
Capabilities {app: /Users/admin/Desktop/Plai_M..., appPackage: com.app.plaisports, autoAcceptAlerts: true, autoGrantPermissions: true, automationName: UiAutomator2, databaseEnabled: false, desired: {app: /Users/admin/Desktop/Plai_M..., autoAcceptAlerts: true, autoGrantPermissions: true, automationName: UiAutomator2, deviceName: 25e4e5308f0d7ece, platformName: android, platformVersion: 10, resetKeyboard: false, unicodeKeyboard: false}, deviceApiLevel: 29, deviceManufacturer: samsung, deviceModel: SM-N960F, deviceName: 25e4e5308f0d7ece, deviceScreenDensity: 420, deviceScreenSize: 1080x2220, deviceUDID: 25e4e5308f0d7ece, javascriptEnabled: true, locationContextEnabled: false, networkConnectionEnabled: true, pixelRatio: 2.625, platform: LINUX, platformName: android, platformVersion: 10, resetKeyboard: false, statBarHeight: 63, takesScreenshot: true, unicodeKeyboard: false, viewportRect: {height: 2031, left: 0, top: 63, width: 1080}, warnings: {}, webStorageEnabled: false}
Session ID: ed8726ae-3252-4785-a307-d1fb7b28f49b
	at java.base/jdk.internal.reflect.DirectConstructorHandleAccessor.newInstance(DirectConstructorHandleAccessor.java:67)
	at java.base/java.lang.reflect.Constructor.newInstanceWithCaller(Constructor.java:500)
	at java.base/java.lang.reflect.Constructor.newInstance(Constructor.java:484)
	at org.openqa.selenium.remote.http.W3CHttpResponseCodec.createException(W3CHttpResponseCodec.java:187)
	at org.openqa.selenium.remote.http.W3CHttpResponseCodec.decode(W3CHttpResponseCodec.java:122)
	at org.openqa.selenium.remote.http.W3CHttpResponseCodec.decode(W3CHttpResponseCodec.java:49)
	at org.openqa.selenium.remote.HttpCommandExecutor.execute(HttpCommandExecutor.java:158)
	at io.appium.java_client.remote.AppiumCommandExecutor.execute(AppiumCommandExecutor.java:247)
	at org.openqa.selenium.remote.RemoteWebDriver.execute(RemoteWebDriver.java:552)
	at io.appium.java_client.DefaultGenericMobileDriver.execute(DefaultGenericMobileDriver.java:41)
	at io.appium.java_client.AppiumDriver.execute(AppiumDriver.java:1)
	at io.appium.java_client.android.AndroidDriver.execute(AndroidDriver.java:1)
	at org.openqa.selenium.remote.RemoteWebElement.execute(RemoteWebElement.java:285)
	at io.appium.java_client.DefaultGenericMobileElement.execute(DefaultGenericMobileElement.java:45)
	at io.appium.java_client.MobileElement.execute(MobileElement.java:1)
	at io.appium.java_client.android.AndroidElement.execute(AndroidElement.java:1)
	at org.openqa.selenium.remote.RemoteWebElement.click(RemoteWebElement.java:84)
	at Pages.EventTabPage.Click_On_Event_Tab_And_Verify(EventTabPage.java:17)
	at Tests.EventTabTests.Verify_the_banner_for_event_display_in_EVENT_tab(EventTabTests.java:690)
	at java.base/jdk.internal.reflect.DirectMethodHandleAccessor.invoke(DirectMethodHandleAccessor.java:104)
	at java.base/java.lang.reflect.Method.invoke(Method.java:578)
	at org.testng.internal.MethodInvocationHelper.invokeMethod(MethodInvocationHelper.java:133)
	at org.testng.internal.TestInvoker.invokeMethod(TestInvoker.java:598)
	at org.testng.internal.TestInvoker.invokeTestMethod(TestInvoker.java:173)
	at org.testng.internal.MethodRunner.runInSequence(MethodRunner.java:46)
	at org.testng.internal.TestInvoker$MethodInvocationAgent.invoke(TestInvoker.java:824)
	at org.testng.internal.TestInvoker.invokeTestMethods(TestInvoker.java:146)
	at org.testng.internal.TestMethodWorker.invokeTestMethods(TestMethodWorker.java:146)
	at org.testng.internal.TestMethodWorker.run(TestMethodWorker.java:128)
	at java.base/java.util.ArrayList.forEach(ArrayList.java:1511)
	at org.testng.TestRunner.privateRun(TestRunner.java:794)
	at org.testng.TestRunner.run(TestRunner.java:596)
	at org.testng.SuiteRunner.runTest(SuiteRunner.java:377)
	at org.testng.SuiteRunner.runSequentially(SuiteRunner.java:371)
	at org.testng.SuiteRunner.privateRun(SuiteRunner.java:332)
	at org.testng.SuiteRunner.run(SuiteRunner.java:276)
	at org.testng.SuiteRunnerWorker.runSuite(SuiteRunnerWorker.java:53)
	at org.testng.SuiteRunnerWorker.run(SuiteRunnerWorker.java:96)
	at org.testng.TestNG.runSuitesSequentially(TestNG.java:1212)
	at org.testng.TestNG.runSuitesLocally(TestNG.java:1134)
	at org.testng.TestNG.runSuites(TestNG.java:1063)
	at org.testng.TestNG.run(TestNG.java:1031)
	at org.apache.maven.surefire.testng.TestNGExecutor.run(TestNGExecutor.java:284)
	at org.apache.maven.surefire.testng.TestNGXmlTestSuite.execute(TestNGXmlTestSuite.java:75)
	at org.apache.maven.surefire.testng.TestNGProvider.invoke(TestNGProvider.java:119)
	at org.apache.maven.surefire.booter.ForkedBooter.runSuitesInProcess(ForkedBooter.java:428)
	at org.apache.maven.surefire.booter.ForkedBooter.execute(ForkedBooter.java:162)
	at org.apache.maven.surefire.booter.ForkedBooter.run(ForkedBooter.java:562)
	at org.apache.maven.surefire.booter.ForkedBooter.main(ForkedBooter.java:548)

FAILED: Verify_the_Cancel_button_of_Time_picker
org.openqa.selenium.WebDriverException: An unknown server-side error occurred while processing the command. Original error: java.lang.IllegalArgumentException: Namespace with prefix 'android' has not been declared.
Build info: version: '3.141.59', revision: 'e82be7d358', time: '2018-11-14T08:17:03'
System info: host: 'Admins-MacBook-Pro.local', ip: 'fe80:0:0:0:8f:c148:5c9e:6494%en0', os.name: 'Mac OS X', os.arch: 'x86_64', os.version: '12.4', java.version: '19.0.1'
Driver info: io.appium.java_client.android.AndroidDriver
Capabilities {app: /Users/admin/Desktop/Plai_M..., appPackage: com.app.plaisports, autoAcceptAlerts: true, autoGrantPermissions: true, automationName: UiAutomator2, databaseEnabled: false, desired: {app: /Users/admin/Desktop/Plai_M..., autoAcceptAlerts: true, autoGrantPermissions: true, automationName: UiAutomator2, deviceName: 25e4e5308f0d7ece, platformName: android, platformVersion: 10, resetKeyboard: false, unicodeKeyboard: false}, deviceApiLevel: 29, deviceManufacturer: samsung, deviceModel: SM-N960F, deviceName: 25e4e5308f0d7ece, deviceScreenDensity: 420, deviceScreenSize: 1080x2220, deviceUDID: 25e4e5308f0d7ece, javascriptEnabled: true, locationContextEnabled: false, networkConnectionEnabled: true, pixelRatio: 2.625, platform: LINUX, platformName: android, platformVersion: 10, resetKeyboard: false, statBarHeight: 63, takesScreenshot: true, unicodeKeyboard: false, viewportRect: {height: 2031, left: 0, top: 63, width: 1080}, warnings: {}, webStorageEnabled: false}
Session ID: 635dcc8c-efb6-475f-9eca-4bebdc94e0d7
*** Element info: {Using=xpath, value=android:id/toggle_mode}
	at java.base/jdk.internal.reflect.DirectConstructorHandleAccessor.newInstance(DirectConstructorHandleAccessor.java:67)
	at java.base/java.lang.reflect.Constructor.newInstanceWithCaller(Constructor.java:500)
	at java.base/java.lang.reflect.Constructor.newInstance(Constructor.java:484)
	at org.openqa.selenium.remote.http.W3CHttpResponseCodec.createException(W3CHttpResponseCodec.java:187)
	at org.openqa.selenium.remote.http.W3CHttpResponseCodec.decode(W3CHttpResponseCodec.java:122)
	at org.openqa.selenium.remote.http.W3CHttpResponseCodec.decode(W3CHttpResponseCodec.java:49)
	at org.openqa.selenium.remote.HttpCommandExecutor.execute(HttpCommandExecutor.java:158)
	at io.appium.java_client.remote.AppiumCommandExecutor.execute(AppiumCommandExecutor.java:247)
	at org.openqa.selenium.remote.RemoteWebDriver.execute(RemoteWebDriver.java:552)
	at io.appium.java_client.DefaultGenericMobileDriver.execute(DefaultGenericMobileDriver.java:41)
	at io.appium.java_client.AppiumDriver.execute(AppiumDriver.java:1)
	at io.appium.java_client.android.AndroidDriver.execute(AndroidDriver.java:1)
	at org.openqa.selenium.remote.RemoteWebDriver.findElement(RemoteWebDriver.java:323)
	at io.appium.java_client.DefaultGenericMobileDriver.findElement(DefaultGenericMobileDriver.java:61)
	at io.appium.java_client.AppiumDriver.findElement(AppiumDriver.java:1)
	at io.appium.java_client.android.AndroidDriver.findElement(AndroidDriver.java:1)
	at org.openqa.selenium.remote.RemoteWebDriver.findElementByXPath(RemoteWebDriver.java:428)
	at io.appium.java_client.DefaultGenericMobileDriver.findElementByXPath(DefaultGenericMobileDriver.java:151)
	at io.appium.java_client.AppiumDriver.findElementByXPath(AppiumDriver.java:1)
	at io.appium.java_client.android.AndroidDriver.findElementByXPath(AndroidDriver.java:1)
	at org.openqa.selenium.By$ByXPath.findElement(By.java:353)
	at org.openqa.selenium.remote.RemoteWebDriver.findElement(RemoteWebDriver.java:315)
	at io.appium.java_client.DefaultGenericMobileDriver.findElement(DefaultGenericMobileDriver.java:57)
	at io.appium.java_client.AppiumDriver.findElement(AppiumDriver.java:1)
	at io.appium.java_client.android.AndroidDriver.findElement(AndroidDriver.java:1)
	at Pages.EventTabPage.Click_Keyboard_Icon_Time_Picker(EventTabPage.java:164)
	at Pages.EventTabPage.Verify_Keyboard_Input_popup_Time(EventTabPage.java:169)
	at Tests.EventTabTests.Verify_the_Cancel_button_of_Time_picker(EventTabTests.java:399)
	at java.base/jdk.internal.reflect.DirectMethodHandleAccessor.invoke(DirectMethodHandleAccessor.java:104)
	at java.base/java.lang.reflect.Method.invoke(Method.java:578)
	at org.testng.internal.MethodInvocationHelper.invokeMethod(MethodInvocationHelper.java:133)
	at org.testng.internal.TestInvoker.invokeMethod(TestInvoker.java:598)
	at org.testng.internal.TestInvoker.invokeTestMethod(TestInvoker.java:173)
	at org.testng.internal.MethodRunner.runInSequence(MethodRunner.java:46)
	at org.testng.internal.TestInvoker$MethodInvocationAgent.invoke(TestInvoker.java:824)
	at org.testng.internal.TestInvoker.invokeTestMethods(TestInvoker.java:146)
	at org.testng.internal.TestMethodWorker.invokeTestMethods(TestMethodWorker.java:146)
	at org.testng.internal.TestMethodWorker.run(TestMethodWorker.java:128)
	at java.base/java.util.ArrayList.forEach(ArrayList.java:1511)
	at org.testng.TestRunner.privateRun(TestRunner.java:794)
	at org.testng.TestRunner.run(TestRunner.java:596)
	at org.testng.SuiteRunner.runTest(SuiteRunner.java:377)
	at org.testng.SuiteRunner.runSequentially(SuiteRunner.java:371)
	at org.testng.SuiteRunner.privateRun(SuiteRunner.java:332)
	at org.testng.SuiteRunner.run(SuiteRunner.java:276)
	at org.testng.SuiteRunnerWorker.runSuite(SuiteRunnerWorker.java:53)
	at org.testng.SuiteRunnerWorker.run(SuiteRunnerWorker.java:96)
	at org.testng.TestNG.runSuitesSequentially(TestNG.java:1212)
	at org.testng.TestNG.runSuitesLocally(TestNG.java:1134)
	at org.testng.TestNG.runSuites(TestNG.java:1063)
	at org.testng.TestNG.run(TestNG.java:1031)
	at org.apache.maven.surefire.testng.TestNGExecutor.run(TestNGExecutor.java:284)
	at org.apache.maven.surefire.testng.TestNGXmlTestSuite.execute(TestNGXmlTestSuite.java:75)
	at org.apache.maven.surefire.testng.TestNGProvider.invoke(TestNGProvider.java:119)
	at org.apache.maven.surefire.booter.ForkedBooter.runSuitesInProcess(ForkedBooter.java:428)
	at org.apache.maven.surefire.booter.ForkedBooter.execute(ForkedBooter.java:162)
	at org.apache.maven.surefire.booter.ForkedBooter.run(ForkedBooter.java:562)
	at org.apache.maven.surefire.booter.ForkedBooter.main(ForkedBooter.java:548)

FAILED: Verify_the_Close_button_Create_Event
org.openqa.selenium.StaleElementReferenceException: The element 'By.xpath: //android.widget.TextView[@text="EVENT"]' is not linked to the same object in DOM anymore
For documentation on this error, please visit: https://www.seleniumhq.org/exceptions/stale_element_reference.html
Build info: version: '3.141.59', revision: 'e82be7d358', time: '2018-11-14T08:17:03'
System info: host: 'Admins-MacBook-Pro.local', ip: 'fe80:0:0:0:8f:c148:5c9e:6494%en0', os.name: 'Mac OS X', os.arch: 'x86_64', os.version: '12.4', java.version: '19.0.1'
Driver info: io.appium.java_client.android.AndroidDriver
Capabilities {app: /Users/admin/Desktop/Plai_M..., appPackage: com.app.plaisports, autoAcceptAlerts: true, autoGrantPermissions: true, automationName: UiAutomator2, databaseEnabled: false, desired: {app: /Users/admin/Desktop/Plai_M..., autoAcceptAlerts: true, autoGrantPermissions: true, automationName: UiAutomator2, deviceName: 25e4e5308f0d7ece, platformName: android, platformVersion: 10, resetKeyboard: false, unicodeKeyboard: false}, deviceApiLevel: 29, deviceManufacturer: samsung, deviceModel: SM-N960F, deviceName: 25e4e5308f0d7ece, deviceScreenDensity: 420, deviceScreenSize: 1080x2220, deviceUDID: 25e4e5308f0d7ece, javascriptEnabled: true, locationContextEnabled: false, networkConnectionEnabled: true, pixelRatio: 2.625, platform: LINUX, platformName: android, platformVersion: 10, resetKeyboard: false, statBarHeight: 63, takesScreenshot: true, unicodeKeyboard: false, viewportRect: {height: 2031, left: 0, top: 63, width: 1080}, warnings: {}, webStorageEnabled: false}
Session ID: 6c12f6d9-edc1-4d1d-b30b-b9d913a802d7
	at java.base/jdk.internal.reflect.DirectConstructorHandleAccessor.newInstance(DirectConstructorHandleAccessor.java:67)
	at java.base/java.lang.reflect.Constructor.newInstanceWithCaller(Constructor.java:500)
	at java.base/java.lang.reflect.Constructor.newInstance(Constructor.java:484)
	at org.openqa.selenium.remote.http.W3CHttpResponseCodec.createException(W3CHttpResponseCodec.java:187)
	at org.openqa.selenium.remote.http.W3CHttpResponseCodec.decode(W3CHttpResponseCodec.java:122)
	at org.openqa.selenium.remote.http.W3CHttpResponseCodec.decode(W3CHttpResponseCodec.java:49)
	at org.openqa.selenium.remote.HttpCommandExecutor.execute(HttpCommandExecutor.java:158)
	at io.appium.java_client.remote.AppiumCommandExecutor.execute(AppiumCommandExecutor.java:247)
	at org.openqa.selenium.remote.RemoteWebDriver.execute(RemoteWebDriver.java:552)
	at io.appium.java_client.DefaultGenericMobileDriver.execute(DefaultGenericMobileDriver.java:41)
	at io.appium.java_client.AppiumDriver.execute(AppiumDriver.java:1)
	at io.appium.java_client.android.AndroidDriver.execute(AndroidDriver.java:1)
	at org.openqa.selenium.remote.RemoteWebElement.execute(RemoteWebElement.java:285)
	at io.appium.java_client.DefaultGenericMobileElement.execute(DefaultGenericMobileElement.java:45)
	at io.appium.java_client.MobileElement.execute(MobileElement.java:1)
	at io.appium.java_client.android.AndroidElement.execute(AndroidElement.java:1)
	at org.openqa.selenium.remote.RemoteWebElement.click(RemoteWebElement.java:84)
	at Pages.EventTabPage.Click_On_Event_Tab_And_Verify(EventTabPage.java:17)
	at Tests.EventTabTests.Verify_the_Close_button_Create_Event(EventTabTests.java:666)
	at java.base/jdk.internal.reflect.DirectMethodHandleAccessor.invoke(DirectMethodHandleAccessor.java:104)
	at java.base/java.lang.reflect.Method.invoke(Method.java:578)
	at org.testng.internal.MethodInvocationHelper.invokeMethod(MethodInvocationHelper.java:133)
	at org.testng.internal.TestInvoker.invokeMethod(TestInvoker.java:598)
	at org.testng.internal.TestInvoker.invokeTestMethod(TestInvoker.java:173)
	at org.testng.internal.MethodRunner.runInSequence(MethodRunner.java:46)
	at org.testng.internal.TestInvoker$MethodInvocationAgent.invoke(TestInvoker.java:824)
	at org.testng.internal.TestInvoker.invokeTestMethods(TestInvoker.java:146)
	at org.testng.internal.TestMethodWorker.invokeTestMethods(TestMethodWorker.java:146)
	at org.testng.internal.TestMethodWorker.run(TestMethodWorker.java:128)
	at java.base/java.util.ArrayList.forEach(ArrayList.java:1511)
	at org.testng.TestRunner.privateRun(TestRunner.java:794)
	at org.testng.TestRunner.run(TestRunner.java:596)
	at org.testng.SuiteRunner.runTest(SuiteRunner.java:377)
	at org.testng.SuiteRunner.runSequentially(SuiteRunner.java:371)
	at org.testng.SuiteRunner.privateRun(SuiteRunner.java:332)
	at org.testng.SuiteRunner.run(SuiteRunner.java:276)
	at org.testng.SuiteRunnerWorker.runSuite(SuiteRunnerWorker.java:53)
	at org.testng.SuiteRunnerWorker.run(SuiteRunnerWorker.java:96)
	at org.testng.TestNG.runSuitesSequentially(TestNG.java:1212)
	at org.testng.TestNG.runSuitesLocally(TestNG.java:1134)
	at org.testng.TestNG.runSuites(TestNG.java:1063)
	at org.testng.TestNG.run(TestNG.java:1031)
	at org.apache.maven.surefire.testng.TestNGExecutor.run(TestNGExecutor.java:284)
	at org.apache.maven.surefire.testng.TestNGXmlTestSuite.execute(TestNGXmlTestSuite.java:75)
	at org.apache.maven.surefire.testng.TestNGProvider.invoke(TestNGProvider.java:119)
	at org.apache.maven.surefire.booter.ForkedBooter.runSuitesInProcess(ForkedBooter.java:428)
	at org.apache.maven.surefire.booter.ForkedBooter.execute(ForkedBooter.java:162)
	at org.apache.maven.surefire.booter.ForkedBooter.run(ForkedBooter.java:562)
	at org.apache.maven.surefire.booter.ForkedBooter.main(ForkedBooter.java:548)

FAILED: Verify_the_functionality_of_Select_all_button
org.openqa.selenium.NoSuchElementException: An element could not be located on the page using the given search parameters.
For documentation on this error, please visit: https://www.seleniumhq.org/exceptions/no_such_element.html
Build info: version: '3.141.59', revision: 'e82be7d358', time: '2018-11-14T08:17:03'
System info: host: 'Admins-MacBook-Pro.local', ip: 'fe80:0:0:0:8f:c148:5c9e:6494%en0', os.name: 'Mac OS X', os.arch: 'x86_64', os.version: '12.4', java.version: '19.0.1'
Driver info: io.appium.java_client.android.AndroidDriver
Capabilities {app: /Users/admin/Desktop/Plai_M..., appPackage: com.app.plaisports, autoAcceptAlerts: true, autoGrantPermissions: true, automationName: UiAutomator2, databaseEnabled: false, desired: {app: /Users/admin/Desktop/Plai_M..., autoAcceptAlerts: true, autoGrantPermissions: true, automationName: UiAutomator2, deviceName: 25e4e5308f0d7ece, platformName: android, platformVersion: 10, resetKeyboard: false, unicodeKeyboard: false}, deviceApiLevel: 29, deviceManufacturer: samsung, deviceModel: SM-N960F, deviceName: 25e4e5308f0d7ece, deviceScreenDensity: 420, deviceScreenSize: 1080x2220, deviceUDID: 25e4e5308f0d7ece, javascriptEnabled: true, locationContextEnabled: false, networkConnectionEnabled: true, pixelRatio: 2.625, platform: LINUX, platformName: android, platformVersion: 10, resetKeyboard: false, statBarHeight: 63, takesScreenshot: true, unicodeKeyboard: false, viewportRect: {height: 2031, left: 0, top: 63, width: 1080}, warnings: {}, webStorageEnabled: false}
Session ID: 55c03384-b653-497f-afff-695ac940bf80
*** Element info: {Using=xpath, value=//android.widget.TextView[@text="monday event"]}
	at java.base/jdk.internal.reflect.DirectConstructorHandleAccessor.newInstance(DirectConstructorHandleAccessor.java:67)
	at java.base/java.lang.reflect.Constructor.newInstanceWithCaller(Constructor.java:500)
	at java.base/java.lang.reflect.Constructor.newInstance(Constructor.java:484)
	at org.openqa.selenium.remote.http.W3CHttpResponseCodec.createException(W3CHttpResponseCodec.java:187)
	at org.openqa.selenium.remote.http.W3CHttpResponseCodec.decode(W3CHttpResponseCodec.java:122)
	at org.openqa.selenium.remote.http.W3CHttpResponseCodec.decode(W3CHttpResponseCodec.java:49)
	at org.openqa.selenium.remote.HttpCommandExecutor.execute(HttpCommandExecutor.java:158)
	at io.appium.java_client.remote.AppiumCommandExecutor.execute(AppiumCommandExecutor.java:247)
	at org.openqa.selenium.remote.RemoteWebDriver.execute(RemoteWebDriver.java:552)
	at io.appium.java_client.DefaultGenericMobileDriver.execute(DefaultGenericMobileDriver.java:41)
	at io.appium.java_client.AppiumDriver.execute(AppiumDriver.java:1)
	at io.appium.java_client.android.AndroidDriver.execute(AndroidDriver.java:1)
	at org.openqa.selenium.remote.RemoteWebDriver.findElement(RemoteWebDriver.java:323)
	at io.appium.java_client.DefaultGenericMobileDriver.findElement(DefaultGenericMobileDriver.java:61)
	at io.appium.java_client.AppiumDriver.findElement(AppiumDriver.java:1)
	at io.appium.java_client.android.AndroidDriver.findElement(AndroidDriver.java:1)
	at org.openqa.selenium.remote.RemoteWebDriver.findElementByXPath(RemoteWebDriver.java:428)
	at io.appium.java_client.DefaultGenericMobileDriver.findElementByXPath(DefaultGenericMobileDriver.java:151)
	at io.appium.java_client.AppiumDriver.findElementByXPath(AppiumDriver.java:1)
	at io.appium.java_client.android.AndroidDriver.findElementByXPath(AndroidDriver.java:1)
	at org.openqa.selenium.By$ByXPath.findElement(By.java:353)
	at org.openqa.selenium.remote.RemoteWebDriver.findElement(RemoteWebDriver.java:315)
	at io.appium.java_client.DefaultGenericMobileDriver.findElement(DefaultGenericMobileDriver.java:57)
	at io.appium.java_client.AppiumDriver.findElement(AppiumDriver.java:1)
	at io.appium.java_client.android.AndroidDriver.findElement(AndroidDriver.java:1)
	at Pages.EventTabPage.Open_An_Event(EventTabPage.java:319)
	at Tests.EventTabTests.Verify_the_functionality_of_Select_all_button(EventTabTests.java:791)
	at java.base/jdk.internal.reflect.DirectMethodHandleAccessor.invoke(DirectMethodHandleAccessor.java:104)
	at java.base/java.lang.reflect.Method.invoke(Method.java:578)
	at org.testng.internal.MethodInvocationHelper.invokeMethod(MethodInvocationHelper.java:133)
	at org.testng.internal.TestInvoker.invokeMethod(TestInvoker.java:598)
	at org.testng.internal.TestInvoker.invokeTestMethod(TestInvoker.java:173)
	at org.testng.internal.MethodRunner.runInSequence(MethodRunner.java:46)
	at org.testng.internal.TestInvoker$MethodInvocationAgent.invoke(TestInvoker.java:824)
	at org.testng.internal.TestInvoker.invokeTestMethods(TestInvoker.java:146)
	at org.testng.internal.TestMethodWorker.invokeTestMethods(TestMethodWorker.java:146)
	at org.testng.internal.TestMethodWorker.run(TestMethodWorker.java:128)
	at java.base/java.util.ArrayList.forEach(ArrayList.java:1511)
	at org.testng.TestRunner.privateRun(TestRunner.java:794)
	at org.testng.TestRunner.run(TestRunner.java:596)
	at org.testng.SuiteRunner.runTest(SuiteRunner.java:377)
	at org.testng.SuiteRunner.runSequentially(SuiteRunner.java:371)
	at org.testng.SuiteRunner.privateRun(SuiteRunner.java:332)
	at org.testng.SuiteRunner.run(SuiteRunner.java:276)
	at org.testng.SuiteRunnerWorker.runSuite(SuiteRunnerWorker.java:53)
	at org.testng.SuiteRunnerWorker.run(SuiteRunnerWorker.java:96)
	at org.testng.TestNG.runSuitesSequentially(TestNG.java:1212)
	at org.testng.TestNG.runSuitesLocally(TestNG.java:1134)
	at org.testng.TestNG.runSuites(TestNG.java:1063)
	at org.testng.TestNG.run(TestNG.java:1031)
	at org.apache.maven.surefire.testng.TestNGExecutor.run(TestNGExecutor.java:284)
	at org.apache.maven.surefire.testng.TestNGXmlTestSuite.execute(TestNGXmlTestSuite.java:75)
	at org.apache.maven.surefire.testng.TestNGProvider.invoke(TestNGProvider.java:119)
	at org.apache.maven.surefire.booter.ForkedBooter.runSuitesInProcess(ForkedBooter.java:428)
	at org.apache.maven.surefire.booter.ForkedBooter.execute(ForkedBooter.java:162)
	at org.apache.maven.surefire.booter.ForkedBooter.run(ForkedBooter.java:562)
	at org.apache.maven.surefire.booter.ForkedBooter.main(ForkedBooter.java:548)

FAILED: Verify_the_CONFIRM_button_of_SUBMIT_A_RESPONSE_screen
org.openqa.selenium.NoSuchElementException: An element could not be located on the page using the given search parameters.
For documentation on this error, please visit: https://www.seleniumhq.org/exceptions/no_such_element.html
Build info: version: '3.141.59', revision: 'e82be7d358', time: '2018-11-14T08:17:03'
System info: host: 'Admins-MacBook-Pro.local', ip: 'fe80:0:0:0:8f:c148:5c9e:6494%en0', os.name: 'Mac OS X', os.arch: 'x86_64', os.version: '12.4', java.version: '19.0.1'
Driver info: io.appium.java_client.android.AndroidDriver
Capabilities {app: /Users/admin/Desktop/Plai_M..., appPackage: com.app.plaisports, autoAcceptAlerts: true, autoGrantPermissions: true, automationName: UiAutomator2, databaseEnabled: false, desired: {app: /Users/admin/Desktop/Plai_M..., autoAcceptAlerts: true, autoGrantPermissions: true, automationName: UiAutomator2, deviceName: 25e4e5308f0d7ece, platformName: android, platformVersion: 10, resetKeyboard: false, unicodeKeyboard: false}, deviceApiLevel: 29, deviceManufacturer: samsung, deviceModel: SM-N960F, deviceName: 25e4e5308f0d7ece, deviceScreenDensity: 420, deviceScreenSize: 1080x2220, deviceUDID: 25e4e5308f0d7ece, javascriptEnabled: true, locationContextEnabled: false, networkConnectionEnabled: true, pixelRatio: 2.625, platform: LINUX, platformName: android, platformVersion: 10, resetKeyboard: false, statBarHeight: 63, takesScreenshot: true, unicodeKeyboard: false, viewportRect: {height: 2031, left: 0, top: 63, width: 1080}, warnings: {}, webStorageEnabled: false}
Session ID: 45ddc12b-4e0c-459c-a319-84f1ae2eace8
*** Element info: {Using=xpath, value=//android.widget.TextView[@text="monday event"]}
	at java.base/jdk.internal.reflect.DirectConstructorHandleAccessor.newInstance(DirectConstructorHandleAccessor.java:67)
	at java.base/java.lang.reflect.Constructor.newInstanceWithCaller(Constructor.java:500)
	at java.base/java.lang.reflect.Constructor.newInstance(Constructor.java:484)
	at org.openqa.selenium.remote.http.W3CHttpResponseCodec.createException(W3CHttpResponseCodec.java:187)
	at org.openqa.selenium.remote.http.W3CHttpResponseCodec.decode(W3CHttpResponseCodec.java:122)
	at org.openqa.selenium.remote.http.W3CHttpResponseCodec.decode(W3CHttpResponseCodec.java:49)
	at org.openqa.selenium.remote.HttpCommandExecutor.execute(HttpCommandExecutor.java:158)
	at io.appium.java_client.remote.AppiumCommandExecutor.execute(AppiumCommandExecutor.java:247)
	at org.openqa.selenium.remote.RemoteWebDriver.execute(RemoteWebDriver.java:552)
	at io.appium.java_client.DefaultGenericMobileDriver.execute(DefaultGenericMobileDriver.java:41)
	at io.appium.java_client.AppiumDriver.execute(AppiumDriver.java:1)
	at io.appium.java_client.android.AndroidDriver.execute(AndroidDriver.java:1)
	at org.openqa.selenium.remote.RemoteWebDriver.findElement(RemoteWebDriver.java:323)
	at io.appium.java_client.DefaultGenericMobileDriver.findElement(DefaultGenericMobileDriver.java:61)
	at io.appium.java_client.AppiumDriver.findElement(AppiumDriver.java:1)
	at io.appium.java_client.android.AndroidDriver.findElement(AndroidDriver.java:1)
	at org.openqa.selenium.remote.RemoteWebDriver.findElementByXPath(RemoteWebDriver.java:428)
	at io.appium.java_client.DefaultGenericMobileDriver.findElementByXPath(DefaultGenericMobileDriver.java:151)
	at io.appium.java_client.AppiumDriver.findElementByXPath(AppiumDriver.java:1)
	at io.appium.java_client.android.AndroidDriver.findElementByXPath(AndroidDriver.java:1)
	at org.openqa.selenium.By$ByXPath.findElement(By.java:353)
	at org.openqa.selenium.remote.RemoteWebDriver.findElement(RemoteWebDriver.java:315)
	at io.appium.java_client.DefaultGenericMobileDriver.findElement(DefaultGenericMobileDriver.java:57)
	at io.appium.java_client.AppiumDriver.findElement(AppiumDriver.java:1)
	at io.appium.java_client.android.AndroidDriver.findElement(AndroidDriver.java:1)
	at Pages.EventTabPage.Open_An_Event(EventTabPage.java:319)
	at Tests.EventTabTests.Verify_the_CONFIRM_button_of_SUBMIT_A_RESPONSE_screen(EventTabTests.java:899)
	at java.base/jdk.internal.reflect.DirectMethodHandleAccessor.invoke(DirectMethodHandleAccessor.java:104)
	at java.base/java.lang.reflect.Method.invoke(Method.java:578)
	at org.testng.internal.MethodInvocationHelper.invokeMethod(MethodInvocationHelper.java:133)
	at org.testng.internal.TestInvoker.invokeMethod(TestInvoker.java:598)
	at org.testng.internal.TestInvoker.invokeTestMethod(TestInvoker.java:173)
	at org.testng.internal.MethodRunner.runInSequence(MethodRunner.java:46)
	at org.testng.internal.TestInvoker$MethodInvocationAgent.invoke(TestInvoker.java:824)
	at org.testng.internal.TestInvoker.invokeTestMethods(TestInvoker.java:146)
	at org.testng.internal.TestMethodWorker.invokeTestMethods(TestMethodWorker.java:146)
	at org.testng.internal.TestMethodWorker.run(TestMethodWorker.java:128)
	at java.base/java.util.ArrayList.forEach(ArrayList.java:1511)
	at org.testng.TestRunner.privateRun(TestRunner.java:794)
	at org.testng.TestRunner.run(TestRunner.java:596)
	at org.testng.SuiteRunner.runTest(SuiteRunner.java:377)
	at org.testng.SuiteRunner.runSequentially(SuiteRunner.java:371)
	at org.testng.SuiteRunner.privateRun(SuiteRunner.java:332)
	at org.testng.SuiteRunner.run(SuiteRunner.java:276)
	at org.testng.SuiteRunnerWorker.runSuite(SuiteRunnerWorker.java:53)
	at org.testng.SuiteRunnerWorker.run(SuiteRunnerWorker.java:96)
	at org.testng.TestNG.runSuitesSequentially(TestNG.java:1212)
	at org.testng.TestNG.runSuitesLocally(TestNG.java:1134)
	at org.testng.TestNG.runSuites(TestNG.java:1063)
	at org.testng.TestNG.run(TestNG.java:1031)
	at org.apache.maven.surefire.testng.TestNGExecutor.run(TestNGExecutor.java:284)
	at org.apache.maven.surefire.testng.TestNGXmlTestSuite.execute(TestNGXmlTestSuite.java:75)
	at org.apache.maven.surefire.testng.TestNGProvider.invoke(TestNGProvider.java:119)
	at org.apache.maven.surefire.booter.ForkedBooter.runSuitesInProcess(ForkedBooter.java:428)
	at org.apache.maven.surefire.booter.ForkedBooter.execute(ForkedBooter.java:162)
	at org.apache.maven.surefire.booter.ForkedBooter.run(ForkedBooter.java:562)
	at org.apache.maven.surefire.booter.ForkedBooter.main(ForkedBooter.java:548)

FAILED: Verify_fields_of_Set_Time_popup
org.openqa.selenium.WebDriverException: An unknown server-side error occurred while processing the command. Original error: java.lang.IllegalArgumentException: Namespace with prefix 'android' has not been declared.
Build info: version: '3.141.59', revision: 'e82be7d358', time: '2018-11-14T08:17:03'
System info: host: 'Admins-MacBook-Pro.local', ip: 'fe80:0:0:0:8f:c148:5c9e:6494%en0', os.name: 'Mac OS X', os.arch: 'x86_64', os.version: '12.4', java.version: '19.0.1'
Driver info: io.appium.java_client.android.AndroidDriver
Capabilities {app: /Users/admin/Desktop/Plai_M..., appPackage: com.app.plaisports, autoAcceptAlerts: true, autoGrantPermissions: true, automationName: UiAutomator2, databaseEnabled: false, desired: {app: /Users/admin/Desktop/Plai_M..., autoAcceptAlerts: true, autoGrantPermissions: true, automationName: UiAutomator2, deviceName: 25e4e5308f0d7ece, platformName: android, platformVersion: 10, resetKeyboard: false, unicodeKeyboard: false}, deviceApiLevel: 29, deviceManufacturer: samsung, deviceModel: SM-N960F, deviceName: 25e4e5308f0d7ece, deviceScreenDensity: 420, deviceScreenSize: 1080x2220, deviceUDID: 25e4e5308f0d7ece, javascriptEnabled: true, locationContextEnabled: false, networkConnectionEnabled: true, pixelRatio: 2.625, platform: LINUX, platformName: android, platformVersion: 10, resetKeyboard: false, statBarHeight: 63, takesScreenshot: true, unicodeKeyboard: false, viewportRect: {height: 2031, left: 0, top: 63, width: 1080}, warnings: {}, webStorageEnabled: false}
Session ID: 32c214e8-c256-42f3-acb4-bf9c483786c7
*** Element info: {Using=xpath, value=android:id/toggle_mode}
	at java.base/jdk.internal.reflect.DirectConstructorHandleAccessor.newInstance(DirectConstructorHandleAccessor.java:67)
	at java.base/java.lang.reflect.Constructor.newInstanceWithCaller(Constructor.java:500)
	at java.base/java.lang.reflect.Constructor.newInstance(Constructor.java:484)
	at org.openqa.selenium.remote.http.W3CHttpResponseCodec.createException(W3CHttpResponseCodec.java:187)
	at org.openqa.selenium.remote.http.W3CHttpResponseCodec.decode(W3CHttpResponseCodec.java:122)
	at org.openqa.selenium.remote.http.W3CHttpResponseCodec.decode(W3CHttpResponseCodec.java:49)
	at org.openqa.selenium.remote.HttpCommandExecutor.execute(HttpCommandExecutor.java:158)
	at io.appium.java_client.remote.AppiumCommandExecutor.execute(AppiumCommandExecutor.java:247)
	at org.openqa.selenium.remote.RemoteWebDriver.execute(RemoteWebDriver.java:552)
	at io.appium.java_client.DefaultGenericMobileDriver.execute(DefaultGenericMobileDriver.java:41)
	at io.appium.java_client.AppiumDriver.execute(AppiumDriver.java:1)
	at io.appium.java_client.android.AndroidDriver.execute(AndroidDriver.java:1)
	at org.openqa.selenium.remote.RemoteWebDriver.findElement(RemoteWebDriver.java:323)
	at io.appium.java_client.DefaultGenericMobileDriver.findElement(DefaultGenericMobileDriver.java:61)
	at io.appium.java_client.AppiumDriver.findElement(AppiumDriver.java:1)
	at io.appium.java_client.android.AndroidDriver.findElement(AndroidDriver.java:1)
	at org.openqa.selenium.remote.RemoteWebDriver.findElementByXPath(RemoteWebDriver.java:428)
	at io.appium.java_client.DefaultGenericMobileDriver.findElementByXPath(DefaultGenericMobileDriver.java:151)
	at io.appium.java_client.AppiumDriver.findElementByXPath(AppiumDriver.java:1)
	at io.appium.java_client.android.AndroidDriver.findElementByXPath(AndroidDriver.java:1)
	at org.openqa.selenium.By$ByXPath.findElement(By.java:353)
	at org.openqa.selenium.remote.RemoteWebDriver.findElement(RemoteWebDriver.java:315)
	at io.appium.java_client.DefaultGenericMobileDriver.findElement(DefaultGenericMobileDriver.java:57)
	at io.appium.java_client.AppiumDriver.findElement(AppiumDriver.java:1)
	at io.appium.java_client.android.AndroidDriver.findElement(AndroidDriver.java:1)
	at Pages.EventTabPage.Click_Keyboard_Icon_Time_Picker(EventTabPage.java:164)
	at Pages.EventTabPage.Verify_Keyboard_Input_popup_Time(EventTabPage.java:169)
	at Tests.EventTabTests.Verify_fields_of_Set_Time_popup(EventTabTests.java:357)
	at java.base/jdk.internal.reflect.DirectMethodHandleAccessor.invoke(DirectMethodHandleAccessor.java:104)
	at java.base/java.lang.reflect.Method.invoke(Method.java:578)
	at org.testng.internal.MethodInvocationHelper.invokeMethod(MethodInvocationHelper.java:133)
	at org.testng.internal.TestInvoker.invokeMethod(TestInvoker.java:598)
	at org.testng.internal.TestInvoker.invokeTestMethod(TestInvoker.java:173)
	at org.testng.internal.MethodRunner.runInSequence(MethodRunner.java:46)
	at org.testng.internal.TestInvoker$MethodInvocationAgent.invoke(TestInvoker.java:824)
	at org.testng.internal.TestInvoker.invokeTestMethods(TestInvoker.java:146)
	at org.testng.internal.TestMethodWorker.invokeTestMethods(TestMethodWorker.java:146)
	at org.testng.internal.TestMethodWorker.run(TestMethodWorker.java:128)
	at java.base/java.util.ArrayList.forEach(ArrayList.java:1511)
	at org.testng.TestRunner.privateRun(TestRunner.java:794)
	at org.testng.TestRunner.run(TestRunner.java:596)
	at org.testng.SuiteRunner.runTest(SuiteRunner.java:377)
	at org.testng.SuiteRunner.runSequentially(SuiteRunner.java:371)
	at org.testng.SuiteRunner.privateRun(SuiteRunner.java:332)
	at org.testng.SuiteRunner.run(SuiteRunner.java:276)
	at org.testng.SuiteRunnerWorker.runSuite(SuiteRunnerWorker.java:53)
	at org.testng.SuiteRunnerWorker.run(SuiteRunnerWorker.java:96)
	at org.testng.TestNG.runSuitesSequentially(TestNG.java:1212)
	at org.testng.TestNG.runSuitesLocally(TestNG.java:1134)
	at org.testng.TestNG.runSuites(TestNG.java:1063)
	at org.testng.TestNG.run(TestNG.java:1031)
	at org.apache.maven.surefire.testng.TestNGExecutor.run(TestNGExecutor.java:284)
	at org.apache.maven.surefire.testng.TestNGXmlTestSuite.execute(TestNGXmlTestSuite.java:75)
	at org.apache.maven.surefire.testng.TestNGProvider.invoke(TestNGProvider.java:119)
	at org.apache.maven.surefire.booter.ForkedBooter.runSuitesInProcess(ForkedBooter.java:428)
	at org.apache.maven.surefire.booter.ForkedBooter.execute(ForkedBooter.java:162)
	at org.apache.maven.surefire.booter.ForkedBooter.run(ForkedBooter.java:562)
	at org.apache.maven.surefire.booter.ForkedBooter.main(ForkedBooter.java:548)

FAILED: Verify_Keyboard_icon_time_picker
org.openqa.selenium.WebDriverException: An unknown server-side error occurred while processing the command. Original error: java.lang.IllegalArgumentException: Namespace with prefix 'android' has not been declared.
Build info: version: '3.141.59', revision: 'e82be7d358', time: '2018-11-14T08:17:03'
System info: host: 'Admins-MacBook-Pro.local', ip: 'fe80:0:0:0:8f:c148:5c9e:6494%en0', os.name: 'Mac OS X', os.arch: 'x86_64', os.version: '12.4', java.version: '19.0.1'
Driver info: io.appium.java_client.android.AndroidDriver
Capabilities {app: /Users/admin/Desktop/Plai_M..., appPackage: com.app.plaisports, autoAcceptAlerts: true, autoGrantPermissions: true, automationName: UiAutomator2, databaseEnabled: false, desired: {app: /Users/admin/Desktop/Plai_M..., autoAcceptAlerts: true, autoGrantPermissions: true, automationName: UiAutomator2, deviceName: 25e4e5308f0d7ece, platformName: android, platformVersion: 10, resetKeyboard: false, unicodeKeyboard: false}, deviceApiLevel: 29, deviceManufacturer: samsung, deviceModel: SM-N960F, deviceName: 25e4e5308f0d7ece, deviceScreenDensity: 420, deviceScreenSize: 1080x2220, deviceUDID: 25e4e5308f0d7ece, javascriptEnabled: true, locationContextEnabled: false, networkConnectionEnabled: true, pixelRatio: 2.625, platform: LINUX, platformName: android, platformVersion: 10, resetKeyboard: false, statBarHeight: 63, takesScreenshot: true, unicodeKeyboard: false, viewportRect: {height: 2031, left: 0, top: 63, width: 1080}, warnings: {}, webStorageEnabled: false}
Session ID: 733e9367-a843-4d9b-9448-4867578116c0
*** Element info: {Using=xpath, value=android:id/toggle_mode}
	at java.base/jdk.internal.reflect.DirectConstructorHandleAccessor.newInstance(DirectConstructorHandleAccessor.java:67)
	at java.base/java.lang.reflect.Constructor.newInstanceWithCaller(Constructor.java:500)
	at java.base/java.lang.reflect.Constructor.newInstance(Constructor.java:484)
	at org.openqa.selenium.remote.http.W3CHttpResponseCodec.createException(W3CHttpResponseCodec.java:187)
	at org.openqa.selenium.remote.http.W3CHttpResponseCodec.decode(W3CHttpResponseCodec.java:122)
	at org.openqa.selenium.remote.http.W3CHttpResponseCodec.decode(W3CHttpResponseCodec.java:49)
	at org.openqa.selenium.remote.HttpCommandExecutor.execute(HttpCommandExecutor.java:158)
	at io.appium.java_client.remote.AppiumCommandExecutor.execute(AppiumCommandExecutor.java:247)
	at org.openqa.selenium.remote.RemoteWebDriver.execute(RemoteWebDriver.java:552)
	at io.appium.java_client.DefaultGenericMobileDriver.execute(DefaultGenericMobileDriver.java:41)
	at io.appium.java_client.AppiumDriver.execute(AppiumDriver.java:1)
	at io.appium.java_client.android.AndroidDriver.execute(AndroidDriver.java:1)
	at org.openqa.selenium.remote.RemoteWebDriver.findElement(RemoteWebDriver.java:323)
	at io.appium.java_client.DefaultGenericMobileDriver.findElement(DefaultGenericMobileDriver.java:61)
	at io.appium.java_client.AppiumDriver.findElement(AppiumDriver.java:1)
	at io.appium.java_client.android.AndroidDriver.findElement(AndroidDriver.java:1)
	at org.openqa.selenium.remote.RemoteWebDriver.findElementByXPath(RemoteWebDriver.java:428)
	at io.appium.java_client.DefaultGenericMobileDriver.findElementByXPath(DefaultGenericMobileDriver.java:151)
	at io.appium.java_client.AppiumDriver.findElementByXPath(AppiumDriver.java:1)
	at io.appium.java_client.android.AndroidDriver.findElementByXPath(AndroidDriver.java:1)
	at org.openqa.selenium.By$ByXPath.findElement(By.java:353)
	at org.openqa.selenium.remote.RemoteWebDriver.findElement(RemoteWebDriver.java:315)
	at io.appium.java_client.DefaultGenericMobileDriver.findElement(DefaultGenericMobileDriver.java:57)
	at io.appium.java_client.AppiumDriver.findElement(AppiumDriver.java:1)
	at io.appium.java_client.android.AndroidDriver.findElement(AndroidDriver.java:1)
	at Pages.EventTabPage.Click_Keyboard_Icon_Time_Picker(EventTabPage.java:164)
	at Tests.EventTabTests.Verify_Keyboard_icon_time_picker(EventTabTests.java:336)
	at java.base/jdk.internal.reflect.DirectMethodHandleAccessor.invoke(DirectMethodHandleAccessor.java:104)
	at java.base/java.lang.reflect.Method.invoke(Method.java:578)
	at org.testng.internal.MethodInvocationHelper.invokeMethod(MethodInvocationHelper.java:133)
	at org.testng.internal.TestInvoker.invokeMethod(TestInvoker.java:598)
	at org.testng.internal.TestInvoker.invokeTestMethod(TestInvoker.java:173)
	at org.testng.internal.MethodRunner.runInSequence(MethodRunner.java:46)
	at org.testng.internal.TestInvoker$MethodInvocationAgent.invoke(TestInvoker.java:824)
	at org.testng.internal.TestInvoker.invokeTestMethods(TestInvoker.java:146)
	at org.testng.internal.TestMethodWorker.invokeTestMethods(TestMethodWorker.java:146)
	at org.testng.internal.TestMethodWorker.run(TestMethodWorker.java:128)
	at java.base/java.util.ArrayList.forEach(ArrayList.java:1511)
	at org.testng.TestRunner.privateRun(TestRunner.java:794)
	at org.testng.TestRunner.run(TestRunner.java:596)
	at org.testng.SuiteRunner.runTest(SuiteRunner.java:377)
	at org.testng.SuiteRunner.runSequentially(SuiteRunner.java:371)
	at org.testng.SuiteRunner.privateRun(SuiteRunner.java:332)
	at org.testng.SuiteRunner.run(SuiteRunner.java:276)
	at org.testng.SuiteRunnerWorker.runSuite(SuiteRunnerWorker.java:53)
	at org.testng.SuiteRunnerWorker.run(SuiteRunnerWorker.java:96)
	at org.testng.TestNG.runSuitesSequentially(TestNG.java:1212)
	at org.testng.TestNG.runSuitesLocally(TestNG.java:1134)
	at org.testng.TestNG.runSuites(TestNG.java:1063)
	at org.testng.TestNG.run(TestNG.java:1031)
	at org.apache.maven.surefire.testng.TestNGExecutor.run(TestNGExecutor.java:284)
	at org.apache.maven.surefire.testng.TestNGXmlTestSuite.execute(TestNGXmlTestSuite.java:75)
	at org.apache.maven.surefire.testng.TestNGProvider.invoke(TestNGProvider.java:119)
	at org.apache.maven.surefire.booter.ForkedBooter.runSuitesInProcess(ForkedBooter.java:428)
	at org.apache.maven.surefire.booter.ForkedBooter.execute(ForkedBooter.java:162)
	at org.apache.maven.surefire.booter.ForkedBooter.run(ForkedBooter.java:562)
	at org.apache.maven.surefire.booter.ForkedBooter.main(ForkedBooter.java:548)

FAILED: Verify_the_fields_of_SUBMIT_A_RESPONSE_screen
org.openqa.selenium.NoSuchElementException: An element could not be located on the page using the given search parameters.
For documentation on this error, please visit: https://www.seleniumhq.org/exceptions/no_such_element.html
Build info: version: '3.141.59', revision: 'e82be7d358', time: '2018-11-14T08:17:03'
System info: host: 'Admins-MacBook-Pro.local', ip: 'fe80:0:0:0:8f:c148:5c9e:6494%en0', os.name: 'Mac OS X', os.arch: 'x86_64', os.version: '12.4', java.version: '19.0.1'
Driver info: io.appium.java_client.android.AndroidDriver
Capabilities {app: /Users/admin/Desktop/Plai_M..., appPackage: com.app.plaisports, autoAcceptAlerts: true, autoGrantPermissions: true, automationName: UiAutomator2, databaseEnabled: false, desired: {app: /Users/admin/Desktop/Plai_M..., autoAcceptAlerts: true, autoGrantPermissions: true, automationName: UiAutomator2, deviceName: 25e4e5308f0d7ece, platformName: android, platformVersion: 10, resetKeyboard: false, unicodeKeyboard: false}, deviceApiLevel: 29, deviceManufacturer: samsung, deviceModel: SM-N960F, deviceName: 25e4e5308f0d7ece, deviceScreenDensity: 420, deviceScreenSize: 1080x2220, deviceUDID: 25e4e5308f0d7ece, javascriptEnabled: true, locationContextEnabled: false, networkConnectionEnabled: true, pixelRatio: 2.625, platform: LINUX, platformName: android, platformVersion: 10, resetKeyboard: false, statBarHeight: 63, takesScreenshot: true, unicodeKeyboard: false, viewportRect: {height: 2031, left: 0, top: 63, width: 1080}, warnings: {}, webStorageEnabled: false}
Session ID: 96e88208-a7f1-49ad-86e5-39aa8f879773
*** Element info: {Using=xpath, value=//android.widget.TextView[@text="monday event"]}
	at java.base/jdk.internal.reflect.DirectConstructorHandleAccessor.newInstance(DirectConstructorHandleAccessor.java:67)
	at java.base/java.lang.reflect.Constructor.newInstanceWithCaller(Constructor.java:500)
	at java.base/java.lang.reflect.Constructor.newInstance(Constructor.java:484)
	at org.openqa.selenium.remote.http.W3CHttpResponseCodec.createException(W3CHttpResponseCodec.java:187)
	at org.openqa.selenium.remote.http.W3CHttpResponseCodec.decode(W3CHttpResponseCodec.java:122)
	at org.openqa.selenium.remote.http.W3CHttpResponseCodec.decode(W3CHttpResponseCodec.java:49)
	at org.openqa.selenium.remote.HttpCommandExecutor.execute(HttpCommandExecutor.java:158)
	at io.appium.java_client.remote.AppiumCommandExecutor.execute(AppiumCommandExecutor.java:247)
	at org.openqa.selenium.remote.RemoteWebDriver.execute(RemoteWebDriver.java:552)
	at io.appium.java_client.DefaultGenericMobileDriver.execute(DefaultGenericMobileDriver.java:41)
	at io.appium.java_client.AppiumDriver.execute(AppiumDriver.java:1)
	at io.appium.java_client.android.AndroidDriver.execute(AndroidDriver.java:1)
	at org.openqa.selenium.remote.RemoteWebDriver.findElement(RemoteWebDriver.java:323)
	at io.appium.java_client.DefaultGenericMobileDriver.findElement(DefaultGenericMobileDriver.java:61)
	at io.appium.java_client.AppiumDriver.findElement(AppiumDriver.java:1)
	at io.appium.java_client.android.AndroidDriver.findElement(AndroidDriver.java:1)
	at org.openqa.selenium.remote.RemoteWebDriver.findElementByXPath(RemoteWebDriver.java:428)
	at io.appium.java_client.DefaultGenericMobileDriver.findElementByXPath(DefaultGenericMobileDriver.java:151)
	at io.appium.java_client.AppiumDriver.findElementByXPath(AppiumDriver.java:1)
	at io.appium.java_client.android.AndroidDriver.findElementByXPath(AndroidDriver.java:1)
	at org.openqa.selenium.By$ByXPath.findElement(By.java:353)
	at org.openqa.selenium.remote.RemoteWebDriver.findElement(RemoteWebDriver.java:315)
	at io.appium.java_client.DefaultGenericMobileDriver.findElement(DefaultGenericMobileDriver.java:57)
	at io.appium.java_client.AppiumDriver.findElement(AppiumDriver.java:1)
	at io.appium.java_client.android.AndroidDriver.findElement(AndroidDriver.java:1)
	at Pages.EventTabPage.Open_An_Event(EventTabPage.java:319)
	at Tests.EventTabTests.Verify_the_fields_of_SUBMIT_A_RESPONSE_screen(EventTabTests.java:751)
	at java.base/jdk.internal.reflect.DirectMethodHandleAccessor.invoke(DirectMethodHandleAccessor.java:104)
	at java.base/java.lang.reflect.Method.invoke(Method.java:578)
	at org.testng.internal.MethodInvocationHelper.invokeMethod(MethodInvocationHelper.java:133)
	at org.testng.internal.TestInvoker.invokeMethod(TestInvoker.java:598)
	at org.testng.internal.TestInvoker.invokeTestMethod(TestInvoker.java:173)
	at org.testng.internal.MethodRunner.runInSequence(MethodRunner.java:46)
	at org.testng.internal.TestInvoker$MethodInvocationAgent.invoke(TestInvoker.java:824)
	at org.testng.internal.TestInvoker.invokeTestMethods(TestInvoker.java:146)
	at org.testng.internal.TestMethodWorker.invokeTestMethods(TestMethodWorker.java:146)
	at org.testng.internal.TestMethodWorker.run(TestMethodWorker.java:128)
	at java.base/java.util.ArrayList.forEach(ArrayList.java:1511)
	at org.testng.TestRunner.privateRun(TestRunner.java:794)
	at org.testng.TestRunner.run(TestRunner.java:596)
	at org.testng.SuiteRunner.runTest(SuiteRunner.java:377)
	at org.testng.SuiteRunner.runSequentially(SuiteRunner.java:371)
	at org.testng.SuiteRunner.privateRun(SuiteRunner.java:332)
	at org.testng.SuiteRunner.run(SuiteRunner.java:276)
	at org.testng.SuiteRunnerWorker.runSuite(SuiteRunnerWorker.java:53)
	at org.testng.SuiteRunnerWorker.run(SuiteRunnerWorker.java:96)
	at org.testng.TestNG.runSuitesSequentially(TestNG.java:1212)
	at org.testng.TestNG.runSuitesLocally(TestNG.java:1134)
	at org.testng.TestNG.runSuites(TestNG.java:1063)
	at org.testng.TestNG.run(TestNG.java:1031)
	at org.apache.maven.surefire.testng.TestNGExecutor.run(TestNGExecutor.java:284)
	at org.apache.maven.surefire.testng.TestNGXmlTestSuite.execute(TestNGXmlTestSuite.java:75)
	at org.apache.maven.surefire.testng.TestNGProvider.invoke(TestNGProvider.java:119)
	at org.apache.maven.surefire.booter.ForkedBooter.runSuitesInProcess(ForkedBooter.java:428)
	at org.apache.maven.surefire.booter.ForkedBooter.execute(ForkedBooter.java:162)
	at org.apache.maven.surefire.booter.ForkedBooter.run(ForkedBooter.java:562)
	at org.apache.maven.surefire.booter.ForkedBooter.main(ForkedBooter.java:548)

FAILED: Verify_the_Overview_tab_of_EVENT_screen
org.openqa.selenium.NoSuchElementException: An element could not be located on the page using the given search parameters.
For documentation on this error, please visit: https://www.seleniumhq.org/exceptions/no_such_element.html
Build info: version: '3.141.59', revision: 'e82be7d358', time: '2018-11-14T08:17:03'
System info: host: 'Admins-MacBook-Pro.local', ip: 'fe80:0:0:0:8f:c148:5c9e:6494%en0', os.name: 'Mac OS X', os.arch: 'x86_64', os.version: '12.4', java.version: '19.0.1'
Driver info: io.appium.java_client.android.AndroidDriver
Capabilities {app: /Users/admin/Desktop/Plai_M..., appPackage: com.app.plaisports, autoAcceptAlerts: true, autoGrantPermissions: true, automationName: UiAutomator2, databaseEnabled: false, desired: {app: /Users/admin/Desktop/Plai_M..., autoAcceptAlerts: true, autoGrantPermissions: true, automationName: UiAutomator2, deviceName: 25e4e5308f0d7ece, platformName: android, platformVersion: 10, resetKeyboard: false, unicodeKeyboard: false}, deviceApiLevel: 29, deviceManufacturer: samsung, deviceModel: SM-N960F, deviceName: 25e4e5308f0d7ece, deviceScreenDensity: 420, deviceScreenSize: 1080x2220, deviceUDID: 25e4e5308f0d7ece, javascriptEnabled: true, locationContextEnabled: false, networkConnectionEnabled: true, pixelRatio: 2.625, platform: LINUX, platformName: android, platformVersion: 10, resetKeyboard: false, statBarHeight: 63, takesScreenshot: true, unicodeKeyboard: false, viewportRect: {height: 2031, left: 0, top: 63, width: 1080}, warnings: {}, webStorageEnabled: false}
Session ID: a0620078-ef94-45c2-a03c-2f35e8f9898f
*** Element info: {Using=xpath, value=//android.widget.TextView[@text="monday event"]}
	at java.base/jdk.internal.reflect.DirectConstructorHandleAccessor.newInstance(DirectConstructorHandleAccessor.java:67)
	at java.base/java.lang.reflect.Constructor.newInstanceWithCaller(Constructor.java:500)
	at java.base/java.lang.reflect.Constructor.newInstance(Constructor.java:484)
	at org.openqa.selenium.remote.http.W3CHttpResponseCodec.createException(W3CHttpResponseCodec.java:187)
	at org.openqa.selenium.remote.http.W3CHttpResponseCodec.decode(W3CHttpResponseCodec.java:122)
	at org.openqa.selenium.remote.http.W3CHttpResponseCodec.decode(W3CHttpResponseCodec.java:49)
	at org.openqa.selenium.remote.HttpCommandExecutor.execute(HttpCommandExecutor.java:158)
	at io.appium.java_client.remote.AppiumCommandExecutor.execute(AppiumCommandExecutor.java:247)
	at org.openqa.selenium.remote.RemoteWebDriver.execute(RemoteWebDriver.java:552)
	at io.appium.java_client.DefaultGenericMobileDriver.execute(DefaultGenericMobileDriver.java:41)
	at io.appium.java_client.AppiumDriver.execute(AppiumDriver.java:1)
	at io.appium.java_client.android.AndroidDriver.execute(AndroidDriver.java:1)
	at org.openqa.selenium.remote.RemoteWebDriver.findElement(RemoteWebDriver.java:323)
	at io.appium.java_client.DefaultGenericMobileDriver.findElement(DefaultGenericMobileDriver.java:61)
	at io.appium.java_client.AppiumDriver.findElement(AppiumDriver.java:1)
	at io.appium.java_client.android.AndroidDriver.findElement(AndroidDriver.java:1)
	at org.openqa.selenium.remote.RemoteWebDriver.findElementByXPath(RemoteWebDriver.java:428)
	at io.appium.java_client.DefaultGenericMobileDriver.findElementByXPath(DefaultGenericMobileDriver.java:151)
	at io.appium.java_client.AppiumDriver.findElementByXPath(AppiumDriver.java:1)
	at io.appium.java_client.android.AndroidDriver.findElementByXPath(AndroidDriver.java:1)
	at org.openqa.selenium.By$ByXPath.findElement(By.java:353)
	at org.openqa.selenium.remote.RemoteWebDriver.findElement(RemoteWebDriver.java:315)
	at io.appium.java_client.DefaultGenericMobileDriver.findElement(DefaultGenericMobileDriver.java:57)
	at io.appium.java_client.AppiumDriver.findElement(AppiumDriver.java:1)
	at io.appium.java_client.android.AndroidDriver.findElement(AndroidDriver.java:1)
	at Pages.EventTabPage.Open_An_Event(EventTabPage.java:319)
	at Tests.EventTabTests.Verify_the_Overview_tab_of_EVENT_screen(EventTabTests.java:923)
	at java.base/jdk.internal.reflect.DirectMethodHandleAccessor.invoke(DirectMethodHandleAccessor.java:104)
	at java.base/java.lang.reflect.Method.invoke(Method.java:578)
	at org.testng.internal.MethodInvocationHelper.invokeMethod(MethodInvocationHelper.java:133)
	at org.testng.internal.TestInvoker.invokeMethod(TestInvoker.java:598)
	at org.testng.internal.TestInvoker.invokeTestMethod(TestInvoker.java:173)
	at org.testng.internal.MethodRunner.runInSequence(MethodRunner.java:46)
	at org.testng.internal.TestInvoker$MethodInvocationAgent.invoke(TestInvoker.java:824)
	at org.testng.internal.TestInvoker.invokeTestMethods(TestInvoker.java:146)
	at org.testng.internal.TestMethodWorker.invokeTestMethods(TestMethodWorker.java:146)
	at org.testng.internal.TestMethodWorker.run(TestMethodWorker.java:128)
	at java.base/java.util.ArrayList.forEach(ArrayList.java:1511)
	at org.testng.TestRunner.privateRun(TestRunner.java:794)
	at org.testng.TestRunner.run(TestRunner.java:596)
	at org.testng.SuiteRunner.runTest(SuiteRunner.java:377)
	at org.testng.SuiteRunner.runSequentially(SuiteRunner.java:371)
	at org.testng.SuiteRunner.privateRun(SuiteRunner.java:332)
	at org.testng.SuiteRunner.run(SuiteRunner.java:276)
	at org.testng.SuiteRunnerWorker.runSuite(SuiteRunnerWorker.java:53)
	at org.testng.SuiteRunnerWorker.run(SuiteRunnerWorker.java:96)
	at org.testng.TestNG.runSuitesSequentially(TestNG.java:1212)
	at org.testng.TestNG.runSuitesLocally(TestNG.java:1134)
	at org.testng.TestNG.runSuites(TestNG.java:1063)
	at org.testng.TestNG.run(TestNG.java:1031)
	at org.apache.maven.surefire.testng.TestNGExecutor.run(TestNGExecutor.java:284)
	at org.apache.maven.surefire.testng.TestNGXmlTestSuite.execute(TestNGXmlTestSuite.java:75)
	at org.apache.maven.surefire.testng.TestNGProvider.invoke(TestNGProvider.java:119)
	at org.apache.maven.surefire.booter.ForkedBooter.runSuitesInProcess(ForkedBooter.java:428)
	at org.apache.maven.surefire.booter.ForkedBooter.execute(ForkedBooter.java:162)
	at org.apache.maven.surefire.booter.ForkedBooter.run(ForkedBooter.java:562)
	at org.apache.maven.surefire.booter.ForkedBooter.main(ForkedBooter.java:548)

FAILED: Verify_the_functionality_of_RESPOND_button
org.openqa.selenium.NoSuchElementException: An element could not be located on the page using the given search parameters.
For documentation on this error, please visit: https://www.seleniumhq.org/exceptions/no_such_element.html
Build info: version: '3.141.59', revision: 'e82be7d358', time: '2018-11-14T08:17:03'
System info: host: 'Admins-MacBook-Pro.local', ip: 'fe80:0:0:0:8f:c148:5c9e:6494%en0', os.name: 'Mac OS X', os.arch: 'x86_64', os.version: '12.4', java.version: '19.0.1'
Driver info: io.appium.java_client.android.AndroidDriver
Capabilities {app: /Users/admin/Desktop/Plai_M..., appPackage: com.app.plaisports, autoAcceptAlerts: true, autoGrantPermissions: true, automationName: UiAutomator2, databaseEnabled: false, desired: {app: /Users/admin/Desktop/Plai_M..., autoAcceptAlerts: true, autoGrantPermissions: true, automationName: UiAutomator2, deviceName: 25e4e5308f0d7ece, platformName: android, platformVersion: 10, resetKeyboard: false, unicodeKeyboard: false}, deviceApiLevel: 29, deviceManufacturer: samsung, deviceModel: SM-N960F, deviceName: 25e4e5308f0d7ece, deviceScreenDensity: 420, deviceScreenSize: 1080x2220, deviceUDID: 25e4e5308f0d7ece, javascriptEnabled: true, locationContextEnabled: false, networkConnectionEnabled: true, pixelRatio: 2.625, platform: LINUX, platformName: android, platformVersion: 10, resetKeyboard: false, statBarHeight: 63, takesScreenshot: true, unicodeKeyboard: false, viewportRect: {height: 2031, left: 0, top: 63, width: 1080}, warnings: {}, webStorageEnabled: false}
Session ID: d24ce82c-d0e7-4ecd-a48e-fa02992f9ad6
*** Element info: {Using=xpath, value=//android.widget.TextView[@text="monday event"]}
	at java.base/jdk.internal.reflect.DirectConstructorHandleAccessor.newInstance(DirectConstructorHandleAccessor.java:67)
	at java.base/java.lang.reflect.Constructor.newInstanceWithCaller(Constructor.java:500)
	at java.base/java.lang.reflect.Constructor.newInstance(Constructor.java:484)
	at org.openqa.selenium.remote.http.W3CHttpResponseCodec.createException(W3CHttpResponseCodec.java:187)
	at org.openqa.selenium.remote.http.W3CHttpResponseCodec.decode(W3CHttpResponseCodec.java:122)
	at org.openqa.selenium.remote.http.W3CHttpResponseCodec.decode(W3CHttpResponseCodec.java:49)
	at org.openqa.selenium.remote.HttpCommandExecutor.execute(HttpCommandExecutor.java:158)
	at io.appium.java_client.remote.AppiumCommandExecutor.execute(AppiumCommandExecutor.java:247)
	at org.openqa.selenium.remote.RemoteWebDriver.execute(RemoteWebDriver.java:552)
	at io.appium.java_client.DefaultGenericMobileDriver.execute(DefaultGenericMobileDriver.java:41)
	at io.appium.java_client.AppiumDriver.execute(AppiumDriver.java:1)
	at io.appium.java_client.android.AndroidDriver.execute(AndroidDriver.java:1)
	at org.openqa.selenium.remote.RemoteWebDriver.findElement(RemoteWebDriver.java:323)
	at io.appium.java_client.DefaultGenericMobileDriver.findElement(DefaultGenericMobileDriver.java:61)
	at io.appium.java_client.AppiumDriver.findElement(AppiumDriver.java:1)
	at io.appium.java_client.android.AndroidDriver.findElement(AndroidDriver.java:1)
	at org.openqa.selenium.remote.RemoteWebDriver.findElementByXPath(RemoteWebDriver.java:428)
	at io.appium.java_client.DefaultGenericMobileDriver.findElementByXPath(DefaultGenericMobileDriver.java:151)
	at io.appium.java_client.AppiumDriver.findElementByXPath(AppiumDriver.java:1)
	at io.appium.java_client.android.AndroidDriver.findElementByXPath(AndroidDriver.java:1)
	at org.openqa.selenium.By$ByXPath.findElement(By.java:353)
	at org.openqa.selenium.remote.RemoteWebDriver.findElement(RemoteWebDriver.java:315)
	at io.appium.java_client.DefaultGenericMobileDriver.findElement(DefaultGenericMobileDriver.java:57)
	at io.appium.java_client.AppiumDriver.findElement(AppiumDriver.java:1)
	at io.appium.java_client.android.AndroidDriver.findElement(AndroidDriver.java:1)
	at Pages.EventTabPage.Open_An_Event(EventTabPage.java:319)
	at Tests.EventTabTests.Verify_the_functionality_of_RESPOND_button(EventTabTests.java:732)
	at java.base/jdk.internal.reflect.DirectMethodHandleAccessor.invoke(DirectMethodHandleAccessor.java:104)
	at java.base/java.lang.reflect.Method.invoke(Method.java:578)
	at org.testng.internal.MethodInvocationHelper.invokeMethod(MethodInvocationHelper.java:133)
	at org.testng.internal.TestInvoker.invokeMethod(TestInvoker.java:598)
	at org.testng.internal.TestInvoker.invokeTestMethod(TestInvoker.java:173)
	at org.testng.internal.MethodRunner.runInSequence(MethodRunner.java:46)
	at org.testng.internal.TestInvoker$MethodInvocationAgent.invoke(TestInvoker.java:824)
	at org.testng.internal.TestInvoker.invokeTestMethods(TestInvoker.java:146)
	at org.testng.internal.TestMethodWorker.invokeTestMethods(TestMethodWorker.java:146)
	at org.testng.internal.TestMethodWorker.run(TestMethodWorker.java:128)
	at java.base/java.util.ArrayList.forEach(ArrayList.java:1511)
	at org.testng.TestRunner.privateRun(TestRunner.java:794)
	at org.testng.TestRunner.run(TestRunner.java:596)
	at org.testng.SuiteRunner.runTest(SuiteRunner.java:377)
	at org.testng.SuiteRunner.runSequentially(SuiteRunner.java:371)
	at org.testng.SuiteRunner.privateRun(SuiteRunner.java:332)
	at org.testng.SuiteRunner.run(SuiteRunner.java:276)
	at org.testng.SuiteRunnerWorker.runSuite(SuiteRunnerWorker.java:53)
	at org.testng.SuiteRunnerWorker.run(SuiteRunnerWorker.java:96)
	at org.testng.TestNG.runSuitesSequentially(TestNG.java:1212)
	at org.testng.TestNG.runSuitesLocally(TestNG.java:1134)
	at org.testng.TestNG.runSuites(TestNG.java:1063)
	at org.testng.TestNG.run(TestNG.java:1031)
	at org.apache.maven.surefire.testng.TestNGExecutor.run(TestNGExecutor.java:284)
	at org.apache.maven.surefire.testng.TestNGXmlTestSuite.execute(TestNGXmlTestSuite.java:75)
	at org.apache.maven.surefire.testng.TestNGProvider.invoke(TestNGProvider.java:119)
	at org.apache.maven.surefire.booter.ForkedBooter.runSuitesInProcess(ForkedBooter.java:428)
	at org.apache.maven.surefire.booter.ForkedBooter.execute(ForkedBooter.java:162)
	at org.apache.maven.surefire.booter.ForkedBooter.run(ForkedBooter.java:562)
	at org.apache.maven.surefire.booter.ForkedBooter.main(ForkedBooter.java:548)

FAILED: Verify_Clock_icon_of_Set_Time_popup
org.openqa.selenium.NoSuchElementException: An element could not be located on the page using the given search parameters.
For documentation on this error, please visit: https://www.seleniumhq.org/exceptions/no_such_element.html
Build info: version: '3.141.59', revision: 'e82be7d358', time: '2018-11-14T08:17:03'
System info: host: 'Admins-MacBook-Pro.local', ip: 'fe80:0:0:0:8f:c148:5c9e:6494%en0', os.name: 'Mac OS X', os.arch: 'x86_64', os.version: '12.4', java.version: '19.0.1'
Driver info: io.appium.java_client.android.AndroidDriver
Capabilities {app: /Users/admin/Desktop/Plai_M..., appPackage: com.app.plaisports, autoAcceptAlerts: true, autoGrantPermissions: true, automationName: UiAutomator2, databaseEnabled: false, desired: {app: /Users/admin/Desktop/Plai_M..., autoAcceptAlerts: true, autoGrantPermissions: true, automationName: UiAutomator2, deviceName: 25e4e5308f0d7ece, platformName: android, platformVersion: 10, resetKeyboard: false, unicodeKeyboard: false}, deviceApiLevel: 29, deviceManufacturer: samsung, deviceModel: SM-N960F, deviceName: 25e4e5308f0d7ece, deviceScreenDensity: 420, deviceScreenSize: 1080x2220, deviceUDID: 25e4e5308f0d7ece, javascriptEnabled: true, locationContextEnabled: false, networkConnectionEnabled: true, pixelRatio: 2.625, platform: LINUX, platformName: android, platformVersion: 10, resetKeyboard: false, statBarHeight: 63, takesScreenshot: true, unicodeKeyboard: false, viewportRect: {height: 2031, left: 0, top: 63, width: 1080}, warnings: {}, webStorageEnabled: false}
Session ID: 1455bec7-95d4-4813-9e9d-e1bb1f423436
*** Element info: {Using=xpath, value=//android.widget.TextView[@text="Admin"]}
	at java.base/jdk.internal.reflect.DirectConstructorHandleAccessor.newInstance(DirectConstructorHandleAccessor.java:67)
	at java.base/java.lang.reflect.Constructor.newInstanceWithCaller(Constructor.java:500)
	at java.base/java.lang.reflect.Constructor.newInstance(Constructor.java:484)
	at org.openqa.selenium.remote.http.W3CHttpResponseCodec.createException(W3CHttpResponseCodec.java:187)
	at org.openqa.selenium.remote.http.W3CHttpResponseCodec.decode(W3CHttpResponseCodec.java:122)
	at org.openqa.selenium.remote.http.W3CHttpResponseCodec.decode(W3CHttpResponseCodec.java:49)
	at org.openqa.selenium.remote.HttpCommandExecutor.execute(HttpCommandExecutor.java:158)
	at io.appium.java_client.remote.AppiumCommandExecutor.execute(AppiumCommandExecutor.java:247)
	at org.openqa.selenium.remote.RemoteWebDriver.execute(RemoteWebDriver.java:552)
	at io.appium.java_client.DefaultGenericMobileDriver.execute(DefaultGenericMobileDriver.java:41)
	at io.appium.java_client.AppiumDriver.execute(AppiumDriver.java:1)
	at io.appium.java_client.android.AndroidDriver.execute(AndroidDriver.java:1)
	at org.openqa.selenium.remote.RemoteWebDriver.findElement(RemoteWebDriver.java:323)
	at io.appium.java_client.DefaultGenericMobileDriver.findElement(DefaultGenericMobileDriver.java:61)
	at io.appium.java_client.AppiumDriver.findElement(AppiumDriver.java:1)
	at io.appium.java_client.android.AndroidDriver.findElement(AndroidDriver.java:1)
	at org.openqa.selenium.remote.RemoteWebDriver.findElementByXPath(RemoteWebDriver.java:428)
	at io.appium.java_client.DefaultGenericMobileDriver.findElementByXPath(DefaultGenericMobileDriver.java:151)
	at io.appium.java_client.AppiumDriver.findElementByXPath(AppiumDriver.java:1)
	at io.appium.java_client.android.AndroidDriver.findElementByXPath(AndroidDriver.java:1)
	at org.openqa.selenium.By$ByXPath.findElement(By.java:353)
	at org.openqa.selenium.remote.RemoteWebDriver.findElement(RemoteWebDriver.java:315)
	at io.appium.java_client.DefaultGenericMobileDriver.findElement(DefaultGenericMobileDriver.java:57)
	at io.appium.java_client.AppiumDriver.findElement(AppiumDriver.java:1)
	at io.appium.java_client.android.AndroidDriver.findElement(AndroidDriver.java:1)
	at Pages.HomePage.Click_Test27_Admin_Club_Banner(HomePage.java:377)
	at Tests.EventTabTests.Verify_Clock_icon_of_Set_Time_popup(EventTabTests.java:373)
	at java.base/jdk.internal.reflect.DirectMethodHandleAccessor.invoke(DirectMethodHandleAccessor.java:104)
	at java.base/java.lang.reflect.Method.invoke(Method.java:578)
	at org.testng.internal.MethodInvocationHelper.invokeMethod(MethodInvocationHelper.java:133)
	at org.testng.internal.TestInvoker.invokeMethod(TestInvoker.java:598)
	at org.testng.internal.TestInvoker.invokeTestMethod(TestInvoker.java:173)
	at org.testng.internal.MethodRunner.runInSequence(MethodRunner.java:46)
	at org.testng.internal.TestInvoker$MethodInvocationAgent.invoke(TestInvoker.java:824)
	at org.testng.internal.TestInvoker.invokeTestMethods(TestInvoker.java:146)
	at org.testng.internal.TestMethodWorker.invokeTestMethods(TestMethodWorker.java:146)
	at org.testng.internal.TestMethodWorker.run(TestMethodWorker.java:128)
	at java.base/java.util.ArrayList.forEach(ArrayList.java:1511)
	at org.testng.TestRunner.privateRun(TestRunner.java:794)
	at org.testng.TestRunner.run(TestRunner.java:596)
	at org.testng.SuiteRunner.runTest(SuiteRunner.java:377)
	at org.testng.SuiteRunner.runSequentially(SuiteRunner.java:371)
	at org.testng.SuiteRunner.privateRun(SuiteRunner.java:332)
	at org.testng.SuiteRunner.run(SuiteRunner.java:276)
	at org.testng.SuiteRunnerWorker.runSuite(SuiteRunnerWorker.java:53)
	at org.testng.SuiteRunnerWorker.run(SuiteRunnerWorker.java:96)
	at org.testng.TestNG.runSuitesSequentially(TestNG.java:1212)
	at org.testng.TestNG.runSuitesLocally(TestNG.java:1134)
	at org.testng.TestNG.runSuites(TestNG.java:1063)
	at org.testng.TestNG.run(TestNG.java:1031)
	at org.apache.maven.surefire.testng.TestNGExecutor.run(TestNGExecutor.java:284)
	at org.apache.maven.surefire.testng.TestNGXmlTestSuite.execute(TestNGXmlTestSuite.java:75)
	at org.apache.maven.surefire.testng.TestNGProvider.invoke(TestNGProvider.java:119)
	at org.apache.maven.surefire.booter.ForkedBooter.runSuitesInProcess(ForkedBooter.java:428)
	at org.apache.maven.surefire.booter.ForkedBooter.execute(ForkedBooter.java:162)
	at org.apache.maven.surefire.booter.ForkedBooter.run(ForkedBooter.java:562)
	at org.apache.maven.surefire.booter.ForkedBooter.main(ForkedBooter.java:548)

FAILED: Verify_the_Select_Attendees_field
org.openqa.selenium.NoSuchElementException: An element could not be located on the page using the given search parameters.
For documentation on this error, please visit: https://www.seleniumhq.org/exceptions/no_such_element.html
Build info: version: '3.141.59', revision: 'e82be7d358', time: '2018-11-14T08:17:03'
System info: host: 'Admins-MacBook-Pro.local', ip: 'fe80:0:0:0:8f:c148:5c9e:6494%en0', os.name: 'Mac OS X', os.arch: 'x86_64', os.version: '12.4', java.version: '19.0.1'
Driver info: io.appium.java_client.android.AndroidDriver
Capabilities {app: /Users/admin/Desktop/Plai_M..., appPackage: com.app.plaisports, autoAcceptAlerts: true, autoGrantPermissions: true, automationName: UiAutomator2, databaseEnabled: false, desired: {app: /Users/admin/Desktop/Plai_M..., autoAcceptAlerts: true, autoGrantPermissions: true, automationName: UiAutomator2, deviceName: 25e4e5308f0d7ece, platformName: android, platformVersion: 10, resetKeyboard: false, unicodeKeyboard: false}, deviceApiLevel: 29, deviceManufacturer: samsung, deviceModel: SM-N960F, deviceName: 25e4e5308f0d7ece, deviceScreenDensity: 420, deviceScreenSize: 1080x2220, deviceUDID: 25e4e5308f0d7ece, javascriptEnabled: true, locationContextEnabled: false, networkConnectionEnabled: true, pixelRatio: 2.625, platform: LINUX, platformName: android, platformVersion: 10, resetKeyboard: false, statBarHeight: 63, takesScreenshot: true, unicodeKeyboard: false, viewportRect: {height: 2031, left: 0, top: 63, width: 1080}, warnings: {}, webStorageEnabled: false}
Session ID: 2b34e38a-b92b-4fa1-b1bd-336892509f59
*** Element info: {Using=xpath, value=//android.widget.TextView[@text="monday event"]}
	at java.base/jdk.internal.reflect.DirectConstructorHandleAccessor.newInstance(DirectConstructorHandleAccessor.java:67)
	at java.base/java.lang.reflect.Constructor.newInstanceWithCaller(Constructor.java:500)
	at java.base/java.lang.reflect.Constructor.newInstance(Constructor.java:484)
	at org.openqa.selenium.remote.http.W3CHttpResponseCodec.createException(W3CHttpResponseCodec.java:187)
	at org.openqa.selenium.remote.http.W3CHttpResponseCodec.decode(W3CHttpResponseCodec.java:122)
	at org.openqa.selenium.remote.http.W3CHttpResponseCodec.decode(W3CHttpResponseCodec.java:49)
	at org.openqa.selenium.remote.HttpCommandExecutor.execute(HttpCommandExecutor.java:158)
	at io.appium.java_client.remote.AppiumCommandExecutor.execute(AppiumCommandExecutor.java:247)
	at org.openqa.selenium.remote.RemoteWebDriver.execute(RemoteWebDriver.java:552)
	at io.appium.java_client.DefaultGenericMobileDriver.execute(DefaultGenericMobileDriver.java:41)
	at io.appium.java_client.AppiumDriver.execute(AppiumDriver.java:1)
	at io.appium.java_client.android.AndroidDriver.execute(AndroidDriver.java:1)
	at org.openqa.selenium.remote.RemoteWebDriver.findElement(RemoteWebDriver.java:323)
	at io.appium.java_client.DefaultGenericMobileDriver.findElement(DefaultGenericMobileDriver.java:61)
	at io.appium.java_client.AppiumDriver.findElement(AppiumDriver.java:1)
	at io.appium.java_client.android.AndroidDriver.findElement(AndroidDriver.java:1)
	at org.openqa.selenium.remote.RemoteWebDriver.findElementByXPath(RemoteWebDriver.java:428)
	at io.appium.java_client.DefaultGenericMobileDriver.findElementByXPath(DefaultGenericMobileDriver.java:151)
	at io.appium.java_client.AppiumDriver.findElementByXPath(AppiumDriver.java:1)
	at io.appium.java_client.android.AndroidDriver.findElementByXPath(AndroidDriver.java:1)
	at org.openqa.selenium.By$ByXPath.findElement(By.java:353)
	at org.openqa.selenium.remote.RemoteWebDriver.findElement(RemoteWebDriver.java:315)
	at io.appium.java_client.DefaultGenericMobileDriver.findElement(DefaultGenericMobileDriver.java:57)
	at io.appium.java_client.AppiumDriver.findElement(AppiumDriver.java:1)
	at io.appium.java_client.android.AndroidDriver.findElement(AndroidDriver.java:1)
	at Pages.EventTabPage.Open_An_Event(EventTabPage.java:319)
	at Tests.EventTabTests.Verify_the_Select_Attendees_field(EventTabTests.java:771)
	at java.base/jdk.internal.reflect.DirectMethodHandleAccessor.invoke(DirectMethodHandleAccessor.java:104)
	at java.base/java.lang.reflect.Method.invoke(Method.java:578)
	at org.testng.internal.MethodInvocationHelper.invokeMethod(MethodInvocationHelper.java:133)
	at org.testng.internal.TestInvoker.invokeMethod(TestInvoker.java:598)
	at org.testng.internal.TestInvoker.invokeTestMethod(TestInvoker.java:173)
	at org.testng.internal.MethodRunner.runInSequence(MethodRunner.java:46)
	at org.testng.internal.TestInvoker$MethodInvocationAgent.invoke(TestInvoker.java:824)
	at org.testng.internal.TestInvoker.invokeTestMethods(TestInvoker.java:146)
	at org.testng.internal.TestMethodWorker.invokeTestMethods(TestMethodWorker.java:146)
	at org.testng.internal.TestMethodWorker.run(TestMethodWorker.java:128)
	at java.base/java.util.ArrayList.forEach(ArrayList.java:1511)
	at org.testng.TestRunner.privateRun(TestRunner.java:794)
	at org.testng.TestRunner.run(TestRunner.java:596)
	at org.testng.SuiteRunner.runTest(SuiteRunner.java:377)
	at org.testng.SuiteRunner.runSequentially(SuiteRunner.java:371)
	at org.testng.SuiteRunner.privateRun(SuiteRunner.java:332)
	at org.testng.SuiteRunner.run(SuiteRunner.java:276)
	at org.testng.SuiteRunnerWorker.runSuite(SuiteRunnerWorker.java:53)
	at org.testng.SuiteRunnerWorker.run(SuiteRunnerWorker.java:96)
	at org.testng.TestNG.runSuitesSequentially(TestNG.java:1212)
	at org.testng.TestNG.runSuitesLocally(TestNG.java:1134)
	at org.testng.TestNG.runSuites(TestNG.java:1063)
	at org.testng.TestNG.run(TestNG.java:1031)
	at org.apache.maven.surefire.testng.TestNGExecutor.run(TestNGExecutor.java:284)
	at org.apache.maven.surefire.testng.TestNGXmlTestSuite.execute(TestNGXmlTestSuite.java:75)
	at org.apache.maven.surefire.testng.TestNGProvider.invoke(TestNGProvider.java:119)
	at org.apache.maven.surefire.booter.ForkedBooter.runSuitesInProcess(ForkedBooter.java:428)
	at org.apache.maven.surefire.booter.ForkedBooter.execute(ForkedBooter.java:162)
	at org.apache.maven.surefire.booter.ForkedBooter.run(ForkedBooter.java:562)
	at org.apache.maven.surefire.booter.ForkedBooter.main(ForkedBooter.java:548)

FAILED: Verify_the_Add_a_note_field
org.openqa.selenium.NoSuchElementException: An element could not be located on the page using the given search parameters.
For documentation on this error, please visit: https://www.seleniumhq.org/exceptions/no_such_element.html
Build info: version: '3.141.59', revision: 'e82be7d358', time: '2018-11-14T08:17:03'
System info: host: 'Admins-MacBook-Pro.local', ip: 'fe80:0:0:0:8f:c148:5c9e:6494%en0', os.name: 'Mac OS X', os.arch: 'x86_64', os.version: '12.4', java.version: '19.0.1'
Driver info: io.appium.java_client.android.AndroidDriver
Capabilities {app: /Users/admin/Desktop/Plai_M..., appPackage: com.app.plaisports, autoAcceptAlerts: true, autoGrantPermissions: true, automationName: UiAutomator2, databaseEnabled: false, desired: {app: /Users/admin/Desktop/Plai_M..., autoAcceptAlerts: true, autoGrantPermissions: true, automationName: UiAutomator2, deviceName: 25e4e5308f0d7ece, platformName: android, platformVersion: 10, resetKeyboard: false, unicodeKeyboard: false}, deviceApiLevel: 29, deviceManufacturer: samsung, deviceModel: SM-N960F, deviceName: 25e4e5308f0d7ece, deviceScreenDensity: 420, deviceScreenSize: 1080x2220, deviceUDID: 25e4e5308f0d7ece, javascriptEnabled: true, locationContextEnabled: false, networkConnectionEnabled: true, pixelRatio: 2.625, platform: LINUX, platformName: android, platformVersion: 10, resetKeyboard: false, statBarHeight: 63, takesScreenshot: true, unicodeKeyboard: false, viewportRect: {height: 2031, left: 0, top: 63, width: 1080}, warnings: {}, webStorageEnabled: false}
Session ID: 6b77e583-ff1f-4d48-8898-16b1dfea3049
*** Element info: {Using=xpath, value=//android.widget.TextView[@text="monday event"]}
	at java.base/jdk.internal.reflect.DirectConstructorHandleAccessor.newInstance(DirectConstructorHandleAccessor.java:67)
	at java.base/java.lang.reflect.Constructor.newInstanceWithCaller(Constructor.java:500)
	at java.base/java.lang.reflect.Constructor.newInstance(Constructor.java:484)
	at org.openqa.selenium.remote.http.W3CHttpResponseCodec.createException(W3CHttpResponseCodec.java:187)
	at org.openqa.selenium.remote.http.W3CHttpResponseCodec.decode(W3CHttpResponseCodec.java:122)
	at org.openqa.selenium.remote.http.W3CHttpResponseCodec.decode(W3CHttpResponseCodec.java:49)
	at org.openqa.selenium.remote.HttpCommandExecutor.execute(HttpCommandExecutor.java:158)
	at io.appium.java_client.remote.AppiumCommandExecutor.execute(AppiumCommandExecutor.java:247)
	at org.openqa.selenium.remote.RemoteWebDriver.execute(RemoteWebDriver.java:552)
	at io.appium.java_client.DefaultGenericMobileDriver.execute(DefaultGenericMobileDriver.java:41)
	at io.appium.java_client.AppiumDriver.execute(AppiumDriver.java:1)
	at io.appium.java_client.android.AndroidDriver.execute(AndroidDriver.java:1)
	at org.openqa.selenium.remote.RemoteWebDriver.findElement(RemoteWebDriver.java:323)
	at io.appium.java_client.DefaultGenericMobileDriver.findElement(DefaultGenericMobileDriver.java:61)
	at io.appium.java_client.AppiumDriver.findElement(AppiumDriver.java:1)
	at io.appium.java_client.android.AndroidDriver.findElement(AndroidDriver.java:1)
	at org.openqa.selenium.remote.RemoteWebDriver.findElementByXPath(RemoteWebDriver.java:428)
	at io.appium.java_client.DefaultGenericMobileDriver.findElementByXPath(DefaultGenericMobileDriver.java:151)
	at io.appium.java_client.AppiumDriver.findElementByXPath(AppiumDriver.java:1)
	at io.appium.java_client.android.AndroidDriver.findElementByXPath(AndroidDriver.java:1)
	at org.openqa.selenium.By$ByXPath.findElement(By.java:353)
	at org.openqa.selenium.remote.RemoteWebDriver.findElement(RemoteWebDriver.java:315)
	at io.appium.java_client.DefaultGenericMobileDriver.findElement(DefaultGenericMobileDriver.java:57)
	at io.appium.java_client.AppiumDriver.findElement(AppiumDriver.java:1)
	at io.appium.java_client.android.AndroidDriver.findElement(AndroidDriver.java:1)
	at Pages.EventTabPage.Open_An_Event(EventTabPage.java:319)
	at Tests.EventTabTests.Verify_the_Add_a_note_field(EventTabTests.java:876)
	at java.base/jdk.internal.reflect.DirectMethodHandleAccessor.invoke(DirectMethodHandleAccessor.java:104)
	at java.base/java.lang.reflect.Method.invoke(Method.java:578)
	at org.testng.internal.MethodInvocationHelper.invokeMethod(MethodInvocationHelper.java:133)
	at org.testng.internal.TestInvoker.invokeMethod(TestInvoker.java:598)
	at org.testng.internal.TestInvoker.invokeTestMethod(TestInvoker.java:173)
	at org.testng.internal.MethodRunner.runInSequence(MethodRunner.java:46)
	at org.testng.internal.TestInvoker$MethodInvocationAgent.invoke(TestInvoker.java:824)
	at org.testng.internal.TestInvoker.invokeTestMethods(TestInvoker.java:146)
	at org.testng.internal.TestMethodWorker.invokeTestMethods(TestMethodWorker.java:146)
	at org.testng.internal.TestMethodWorker.run(TestMethodWorker.java:128)
	at java.base/java.util.ArrayList.forEach(ArrayList.java:1511)
	at org.testng.TestRunner.privateRun(TestRunner.java:794)
	at org.testng.TestRunner.run(TestRunner.java:596)
	at org.testng.SuiteRunner.runTest(SuiteRunner.java:377)
	at org.testng.SuiteRunner.runSequentially(SuiteRunner.java:371)
	at org.testng.SuiteRunner.privateRun(SuiteRunner.java:332)
	at org.testng.SuiteRunner.run(SuiteRunner.java:276)
	at org.testng.SuiteRunnerWorker.runSuite(SuiteRunnerWorker.java:53)
	at org.testng.SuiteRunnerWorker.run(SuiteRunnerWorker.java:96)
	at org.testng.TestNG.runSuitesSequentially(TestNG.java:1212)
	at org.testng.TestNG.runSuitesLocally(TestNG.java:1134)
	at org.testng.TestNG.runSuites(TestNG.java:1063)
	at org.testng.TestNG.run(TestNG.java:1031)
	at org.apache.maven.surefire.testng.TestNGExecutor.run(TestNGExecutor.java:284)
	at org.apache.maven.surefire.testng.TestNGXmlTestSuite.execute(TestNGXmlTestSuite.java:75)
	at org.apache.maven.surefire.testng.TestNGProvider.invoke(TestNGProvider.java:119)
	at org.apache.maven.surefire.booter.ForkedBooter.runSuitesInProcess(ForkedBooter.java:428)
	at org.apache.maven.surefire.booter.ForkedBooter.execute(ForkedBooter.java:162)
	at org.apache.maven.surefire.booter.ForkedBooter.run(ForkedBooter.java:562)
	at org.apache.maven.surefire.booter.ForkedBooter.main(ForkedBooter.java:548)


===============================================
    Verify EventTab Functionality
    Tests run: 48, Failures: 16, Skips: 0
===============================================

Application Launched.
Clicked on skip button.
Clicked on next button.
Entered Email :- sagarnandha11+1@gmail.com
Entered Password :- Plai@1234
Clicked On Login Button
App name is verified on login splash screen
Day Greeting is verified on login splash screen
Username with Profile Picture is verified on login splash screen
Welcome Greeting is verified on login splash screen

Scrolling My Club Banners !!!
Clicked On Club Banner in which user is Admin
Sort Button is visible
Add New Article Button Is visible
]]></system-out>
    <system-err><![CDATA[Jan 03, 2023 10:32:06 PM io.appium.java_client.remote.AppiumCommandExecutor$1 lambda$0
INFO: Detected dialect: W3C
]]></system-err>
  </testcase>
  <testcase name="Verify_the_Search_bar_for_NEWS_tab" classname="Tests.NewsTabTests" time="54.876">
    <system-out><![CDATA[PASS : Verify_the_NEWS_tab_for_Admin_banner<br><br>---------------------------------------------------------------------------<br><br>
Application Launched.
Clicked on skip button.
Clicked on next button.
Entered Email :- sagarnandha11+1@gmail.com
Entered Password :- Plai@1234
Clicked On Login Button
App name is verified on login splash screen
Day Greeting is verified on login splash screen
Username with Profile Picture is verified on login splash screen
Welcome Greeting is verified on login splash screen

Scrolling My Club Banners !!!
Clicked On Club Banner in which user is Admin
Sort Button is visible
Add New Article Button Is visible
Searched Article
]]></system-out>
    <system-err><![CDATA[Jan 03, 2023 10:33:07 PM io.appium.java_client.remote.AppiumCommandExecutor$1 lambda$0
INFO: Detected dialect: W3C
]]></system-err>
  </testcase>
  <testcase name="Verify_the_Sort_by_filter_of_NEWS_tab" classname="Tests.NewsTabTests" time="52.377">
    <system-out><![CDATA[PASS : Verify_the_Search_bar_for_NEWS_tab<br><br>---------------------------------------------------------------------------<br><br>
Application Launched.
Clicked on skip button.
Clicked on next button.
Entered Email :- sagarnandha11+1@gmail.com
Entered Password :- Plai@1234
Clicked On Login Button
App name is verified on login splash screen
Day Greeting is verified on login splash screen
Username with Profile Picture is verified on login splash screen
Welcome Greeting is verified on login splash screen

Scrolling My Club Banners !!!
Clicked On Club Banner in which user is Admin
Sort Button is visible
Add New Article Button Is visible
Sort Button is visible
Sort Panel Opened
]]></system-out>
    <system-err><![CDATA[Jan 03, 2023 10:34:10 PM io.appium.java_client.remote.AppiumCommandExecutor$1 lambda$0
INFO: Detected dialect: W3C
]]></system-err>
  </testcase>
  <testcase name="Verify_the_Bookmark_icon_of_Article_banner_of_NEWS_tab" classname="Tests.NewsTabTests" time="51.934">
    <system-out><![CDATA[PASS : Verify_the_Sort_by_filter_of_NEWS_tab<br><br>---------------------------------------------------------------------------<br><br>
Application Launched.
Clicked on skip button.
Clicked on next button.
Entered Email :- sagarnandha11+1@gmail.com
Entered Password :- Plai@1234
Clicked On Login Button
App name is verified on login splash screen
Day Greeting is verified on login splash screen
Username with Profile Picture is verified on login splash screen
Welcome Greeting is verified on login splash screen

Scrolling My Club Banners !!!
Clicked On Club Banner in which user is Admin
Sort Button is visible
Add New Article Button Is visible
Bookmark Icon is visible
]]></system-out>
    <system-err><![CDATA[Jan 03, 2023 10:35:11 PM io.appium.java_client.remote.AppiumCommandExecutor$1 lambda$0
INFO: Detected dialect: W3C
]]></system-err>
  </testcase>
  <testcase name="Verify_the_Share_icon_of_Article_banner_of_NEWS_tab" classname="Tests.NewsTabTests" time="52.435">
    <system-out><![CDATA[PASS : Verify_the_Bookmark_icon_of_Article_banner_of_NEWS_tab<br><br>---------------------------------------------------------------------------<br><br>
Application Launched.
Clicked on skip button.
Clicked on next button.
Entered Email :- sagarnandha11+1@gmail.com
Entered Password :- Plai@1234
Clicked On Login Button
App name is verified on login splash screen
Day Greeting is verified on login splash screen
Username with Profile Picture is verified on login splash screen
Welcome Greeting is verified on login splash screen

Scrolling My Club Banners !!!
Clicked On Club Banner in which user is Admin
Sort Button is visible
Add New Article Button Is visible
Share Icon is visible
Clicked On Share Icon
Share Panel is visible
]]></system-out>
    <system-err><![CDATA[Jan 03, 2023 10:36:12 PM io.appium.java_client.remote.AppiumCommandExecutor$1 lambda$0
INFO: Detected dialect: W3C
]]></system-err>
  </testcase>
  <testcase name="Verify_the_functionality_of_Article_banners_News_Tab" classname="Tests.NewsTabTests" time="57.72">
    <system-out><![CDATA[PASS : Verify_the_Share_icon_of_Article_banner_of_NEWS_tab<br><br>---------------------------------------------------------------------------<br><br>
Application Launched.
Clicked on skip button.
Clicked on next button.
Entered Email :- sagarnandha11+1@gmail.com
Entered Password :- Plai@1234
Clicked On Login Button
App name is verified on login splash screen
Day Greeting is verified on login splash screen
Username with Profile Picture is verified on login splash screen
Welcome Greeting is verified on login splash screen

Scrolling My Club Banners !!!
Clicked On Club Banner in which user is Admin
Sort Button is visible
Add New Article Button Is visible
Sort Button is visible
Sort Panel Opened
Clicked On News Article
]]></system-out>
    <system-err><![CDATA[Jan 03, 2023 10:37:13 PM io.appium.java_client.remote.AppiumCommandExecutor$1 lambda$0
INFO: Detected dialect: W3C
]]></system-err>
  </testcase>
  <testcase name="Verify_the_functionality_of_Edit_icon_News_Article" classname="Tests.NewsTabTests" time="58.154">
    <system-out><![CDATA[PASS : Verify_the_functionality_of_Article_banners_News_Tab<br><br>---------------------------------------------------------------------------<br><br>
Application Launched.
Clicked on skip button.
Clicked on next button.
Entered Email :- sagarnandha11+1@gmail.com
Entered Password :- Plai@1234
Clicked On Login Button
App name is verified on login splash screen
Day Greeting is verified on login splash screen
Username with Profile Picture is verified on login splash screen
Welcome Greeting is verified on login splash screen

Scrolling My Club Banners !!!
Clicked On Club Banner in which user is Admin
Sort Button is visible
Add New Article Button Is visible
Sort Button is visible
Sort Panel Opened
Clicked On News Article
]]></system-out>
    <system-err><![CDATA[Jan 03, 2023 10:38:20 PM io.appium.java_client.remote.AppiumCommandExecutor$1 lambda$0
INFO: Detected dialect: W3C
]]></system-err>
  </testcase>
  <testcase name="Verify_the_fields_display_in_NEW_ARTICLE_screen" classname="Tests.NewsTabTests" time="62.116">
    <failure message="An element could not be located on the page using the given search parameters.&#10;For documentation on this error, please visit: https://www.seleniumhq.org/exceptions/no_such_element.html&#10;Build info: version: &apos;3.141.59&apos;, revision: &apos;e82be7d358&apos;, time: &apos;2018-11-14T08:17:03&apos;&#10;System info: host: &apos;Admins-MacBook-Pro.local&apos;, ip: &apos;fe80:0:0:0:8f:c148:5c9e:6494%en0&apos;, os.name: &apos;Mac OS X&apos;, os.arch: &apos;x86_64&apos;, os.version: &apos;12.4&apos;, java.version: &apos;19.0.1&apos;&#10;Driver info: io.appium.java_client.android.AndroidDriver&#10;Capabilities {app: /Users/admin/Desktop/Plai_M..., appPackage: com.app.plaisports, autoAcceptAlerts: true, autoGrantPermissions: true, automationName: UiAutomator2, databaseEnabled: false, desired: {app: /Users/admin/Desktop/Plai_M..., autoAcceptAlerts: true, autoGrantPermissions: true, automationName: UiAutomator2, deviceName: 25e4e5308f0d7ece, platformName: android, platformVersion: 10, resetKeyboard: false, unicodeKeyboard: false}, deviceApiLevel: 29, deviceManufacturer: samsung, deviceModel: SM-N960F, deviceName: 25e4e5308f0d7ece, deviceScreenDensity: 420, deviceScreenSize: 1080x2220, deviceUDID: 25e4e5308f0d7ece, javascriptEnabled: true, locationContextEnabled: false, networkConnectionEnabled: true, pixelRatio: 2.625, platform: LINUX, platformName: android, platformVersion: 10, resetKeyboard: false, statBarHeight: 63, takesScreenshot: true, unicodeKeyboard: false, viewportRect: {height: 2031, left: 0, top: 63, width: 1080}, warnings: {}, webStorageEnabled: false}&#10;Session ID: db7ef931-8502-49f6-a912-3e3da1a7ce11&#10;*** Element info: {Using=xpath, value=//android.widget.TextView[@text=&quot;Admin&quot;]}" type="org.openqa.selenium.NoSuchElementException"><![CDATA[org.openqa.selenium.NoSuchElementException: 
An element could not be located on the page using the given search parameters.
For documentation on this error, please visit: https://www.seleniumhq.org/exceptions/no_such_element.html
Build info: version: '3.141.59', revision: 'e82be7d358', time: '2018-11-14T08:17:03'
System info: host: 'Admins-MacBook-Pro.local', ip: 'fe80:0:0:0:8f:c148:5c9e:6494%en0', os.name: 'Mac OS X', os.arch: 'x86_64', os.version: '12.4', java.version: '19.0.1'
Driver info: io.appium.java_client.android.AndroidDriver
Capabilities {app: /Users/admin/Desktop/Plai_M..., appPackage: com.app.plaisports, autoAcceptAlerts: true, autoGrantPermissions: true, automationName: UiAutomator2, databaseEnabled: false, desired: {app: /Users/admin/Desktop/Plai_M..., autoAcceptAlerts: true, autoGrantPermissions: true, automationName: UiAutomator2, deviceName: 25e4e5308f0d7ece, platformName: android, platformVersion: 10, resetKeyboard: false, unicodeKeyboard: false}, deviceApiLevel: 29, deviceManufacturer: samsung, deviceModel: SM-N960F, deviceName: 25e4e5308f0d7ece, deviceScreenDensity: 420, deviceScreenSize: 1080x2220, deviceUDID: 25e4e5308f0d7ece, javascriptEnabled: true, locationContextEnabled: false, networkConnectionEnabled: true, pixelRatio: 2.625, platform: LINUX, platformName: android, platformVersion: 10, resetKeyboard: false, statBarHeight: 63, takesScreenshot: true, unicodeKeyboard: false, viewportRect: {height: 2031, left: 0, top: 63, width: 1080}, warnings: {}, webStorageEnabled: false}
Session ID: db7ef931-8502-49f6-a912-3e3da1a7ce11
*** Element info: {Using=xpath, value=//android.widget.TextView[@text="Admin"]}
	at Tests.NewsTabTests.Verify_the_fields_display_in_NEW_ARTICLE_screen(NewsTabTests.java:148)
]]></failure>
    <system-out><![CDATA[PASS : Verify_the_functionality_of_Edit_icon_News_Article<br><br>---------------------------------------------------------------------------<br><br>
Application Launched.
Clicked on skip button.
Clicked on next button.
Entered Email :- sagarnandha11+1@gmail.com
Entered Password :- Plai@1234
Clicked On Login Button
App name is verified on login splash screen
Day Greeting is verified on login splash screen
Username with Profile Picture is verified on login splash screen
Welcome Greeting is verified on login splash screen

Scrolling My Club Banners !!!
]]></system-out>
    <system-err><![CDATA[Jan 03, 2023 10:39:27 PM io.appium.java_client.remote.AppiumCommandExecutor$1 lambda$0
INFO: Detected dialect: W3C
]]></system-err>
  </testcase>
  <testcase name="Verify_the_PREVIEW_button_after_entering_data_in_mandatory_field_Edit_Article" classname="Tests.NewsTabTests" time="58.187">
    <system-out><![CDATA[Application Launched.
Clicked on skip button.
Clicked on next button.
Entered Email :- sagarnandha11+1@gmail.com
Entered Password :- Plai@1234
Clicked On Login Button
App name is verified on login splash screen
Day Greeting is verified on login splash screen
Username with Profile Picture is verified on login splash screen
Welcome Greeting is verified on login splash screen

Scrolling My Club Banners !!!
Clicked On Club Banner in which user is Admin
Sort Button is visible
Add New Article Button Is visible
Sort Button is visible
Sort Panel Opened
Clicked On News Article
Clicked On Edit Article
Update Article Screen is visible
Title Field is visible
Preview is Displayed
]]></system-out>
    <system-err><![CDATA[Jan 03, 2023 10:40:29 PM org.openqa.selenium.remote.Augmenter extractRemoteWebDriver
WARNING: Augmenter should be applied to the instances of @Augmentable classes or previously augmented instances only (instance class was: class io.appium.java_client.android.AndroidDriver)
Jan 03, 2023 10:40:38 PM io.appium.java_client.remote.AppiumCommandExecutor$1 lambda$0
INFO: Detected dialect: W3C
]]></system-err>
  </testcase>
  <testcase name="Verify_the_functionality_of_CONFIRM_button_Edit_Article" classname="Tests.NewsTabTests" time="75.598">
    <failure message="An element could not be located on the page using the given search parameters.&#10;For documentation on this error, please visit: https://www.seleniumhq.org/exceptions/no_such_element.html&#10;Build info: version: &apos;3.141.59&apos;, revision: &apos;e82be7d358&apos;, time: &apos;2018-11-14T08:17:03&apos;&#10;System info: host: &apos;Admins-MacBook-Pro.local&apos;, ip: &apos;fe80:0:0:0:8f:c148:5c9e:6494%en0&apos;, os.name: &apos;Mac OS X&apos;, os.arch: &apos;x86_64&apos;, os.version: &apos;12.4&apos;, java.version: &apos;19.0.1&apos;&#10;Driver info: io.appium.java_client.android.AndroidDriver&#10;Capabilities {app: /Users/admin/Desktop/Plai_M..., appPackage: com.app.plaisports, autoAcceptAlerts: true, autoGrantPermissions: true, automationName: UiAutomator2, databaseEnabled: false, desired: {app: /Users/admin/Desktop/Plai_M..., autoAcceptAlerts: true, autoGrantPermissions: true, automationName: UiAutomator2, deviceName: 25e4e5308f0d7ece, platformName: android, platformVersion: 10, resetKeyboard: false, unicodeKeyboard: false}, deviceApiLevel: 29, deviceManufacturer: samsung, deviceModel: SM-N960F, deviceName: 25e4e5308f0d7ece, deviceScreenDensity: 420, deviceScreenSize: 1080x2220, deviceUDID: 25e4e5308f0d7ece, javascriptEnabled: true, locationContextEnabled: false, networkConnectionEnabled: true, pixelRatio: 2.625, platform: LINUX, platformName: android, platformVersion: 10, resetKeyboard: false, statBarHeight: 63, takesScreenshot: true, unicodeKeyboard: false, viewportRect: {height: 2031, left: 0, top: 63, width: 1080}, warnings: {}, webStorageEnabled: false}&#10;Session ID: f6be0375-2077-40ee-9df8-a05b53606a40&#10;*** Element info: {Using=xpath, value=//android.widget.TextView[@text=&quot;CONFIRM&quot;]}" type="org.openqa.selenium.NoSuchElementException"><![CDATA[org.openqa.selenium.NoSuchElementException: 
An element could not be located on the page using the given search parameters.
For documentation on this error, please visit: https://www.seleniumhq.org/exceptions/no_such_element.html
Build info: version: '3.141.59', revision: 'e82be7d358', time: '2018-11-14T08:17:03'
System info: host: 'Admins-MacBook-Pro.local', ip: 'fe80:0:0:0:8f:c148:5c9e:6494%en0', os.name: 'Mac OS X', os.arch: 'x86_64', os.version: '12.4', java.version: '19.0.1'
Driver info: io.appium.java_client.android.AndroidDriver
Capabilities {app: /Users/admin/Desktop/Plai_M..., appPackage: com.app.plaisports, autoAcceptAlerts: true, autoGrantPermissions: true, automationName: UiAutomator2, databaseEnabled: false, desired: {app: /Users/admin/Desktop/Plai_M..., autoAcceptAlerts: true, autoGrantPermissions: true, automationName: UiAutomator2, deviceName: 25e4e5308f0d7ece, platformName: android, platformVersion: 10, resetKeyboard: false, unicodeKeyboard: false}, deviceApiLevel: 29, deviceManufacturer: samsung, deviceModel: SM-N960F, deviceName: 25e4e5308f0d7ece, deviceScreenDensity: 420, deviceScreenSize: 1080x2220, deviceUDID: 25e4e5308f0d7ece, javascriptEnabled: true, locationContextEnabled: false, networkConnectionEnabled: true, pixelRatio: 2.625, platform: LINUX, platformName: android, platformVersion: 10, resetKeyboard: false, statBarHeight: 63, takesScreenshot: true, unicodeKeyboard: false, viewportRect: {height: 2031, left: 0, top: 63, width: 1080}, warnings: {}, webStorageEnabled: false}
Session ID: f6be0375-2077-40ee-9df8-a05b53606a40
*** Element info: {Using=xpath, value=//android.widget.TextView[@text="CONFIRM"]}
	at Tests.NewsTabTests.Verify_the_functionality_of_CONFIRM_button_Edit_Article(NewsTabTests.java:193)
]]></failure>
    <system-out><![CDATA[PASS : Verify_the_PREVIEW_button_after_entering_data_in_mandatory_field_Edit_Article<br><br>---------------------------------------------------------------------------<br><br>
Application Launched.
Clicked on skip button.
Clicked on next button.
Entered Email :- sagarnandha11+1@gmail.com
Entered Password :- Plai@1234
Clicked On Login Button
App name is verified on login splash screen
Day Greeting is verified on login splash screen
Username with Profile Picture is verified on login splash screen
Welcome Greeting is verified on login splash screen

Scrolling My Club Banners !!!
Clicked On Club Banner in which user is Admin
Sort Button is visible
Add New Article Button Is visible
Sort Button is visible
Sort Panel Opened
Clicked On News Article
Clicked On Edit Article
Update Article Screen is visible
Title Field is visible
]]></system-out>
    <system-err><![CDATA[Jan 03, 2023 10:41:45 PM io.appium.java_client.remote.AppiumCommandExecutor$1 lambda$0
INFO: Detected dialect: W3C
]]></system-err>
  </testcase>
  <testcase name="Verify_the_functionality_of_Delete_icon" classname="Tests.NewsTabTests" time="58.775">
    <system-out><![CDATA[Application Launched.
Clicked on skip button.
Clicked on next button.
Entered Email :- sagarnandha11+1@gmail.com
Entered Password :- Plai@1234
Clicked On Login Button
App name is verified on login splash screen
Day Greeting is verified on login splash screen
Username with Profile Picture is verified on login splash screen
Welcome Greeting is verified on login splash screen

Scrolling My Club Banners !!!
Clicked On Club Banner in which user is Admin
Sort Button is visible
Add New Article Button Is visible
Sort Button is visible
Sort Panel Opened
Clicked On News Article
Clicked On Delete Icon
]]></system-out>
    <system-err><![CDATA[Jan 03, 2023 10:43:00 PM org.openqa.selenium.remote.Augmenter extractRemoteWebDriver
WARNING: Augmenter should be applied to the instances of @Augmentable classes or previously augmented instances only (instance class was: class io.appium.java_client.android.AndroidDriver)
Jan 03, 2023 10:43:09 PM io.appium.java_client.remote.AppiumCommandExecutor$1 lambda$0
INFO: Detected dialect: W3C
]]></system-err>
  </testcase>
  <testcase name="Verify_the_functionality_of_Dismiss_button_of_confirmation_popup" classname="Tests.NewsTabTests" time="57.613">
    <system-out><![CDATA[PASS : Verify_the_functionality_of_Delete_icon<br><br>---------------------------------------------------------------------------<br><br>
Application Launched.
Clicked on skip button.
Clicked on next button.
Entered Email :- sagarnandha11+1@gmail.com
Entered Password :- Plai@1234
Clicked On Login Button
App name is verified on login splash screen
Day Greeting is verified on login splash screen
Username with Profile Picture is verified on login splash screen
Welcome Greeting is verified on login splash screen

Scrolling My Club Banners !!!
Clicked On Club Banner in which user is Admin
Clicked On News Article
Clicked On Delete Icon
Clicked ON Dismiss Icon
]]></system-out>
    <system-err><![CDATA[Jan 03, 2023 10:44:16 PM io.appium.java_client.remote.AppiumCommandExecutor$1 lambda$0
INFO: Detected dialect: W3C
]]></system-err>
  </testcase>
  <testcase name="Verify_the_functionality_of_Confirm_button_of_confirmation_popup" classname="Tests.NewsTabTests" time="80.644">
    <failure message="An element could not be located on the page using the given search parameters.&#10;For documentation on this error, please visit: https://www.seleniumhq.org/exceptions/no_such_element.html&#10;Build info: version: &apos;3.141.59&apos;, revision: &apos;e82be7d358&apos;, time: &apos;2018-11-14T08:17:03&apos;&#10;System info: host: &apos;Admins-MacBook-Pro.local&apos;, ip: &apos;fe80:0:0:0:8f:c148:5c9e:6494%en0&apos;, os.name: &apos;Mac OS X&apos;, os.arch: &apos;x86_64&apos;, os.version: &apos;12.4&apos;, java.version: &apos;19.0.1&apos;&#10;Driver info: io.appium.java_client.android.AndroidDriver&#10;Capabilities {app: /Users/admin/Desktop/Plai_M..., appPackage: com.app.plaisports, autoAcceptAlerts: true, autoGrantPermissions: true, automationName: UiAutomator2, databaseEnabled: false, desired: {app: /Users/admin/Desktop/Plai_M..., autoAcceptAlerts: true, autoGrantPermissions: true, automationName: UiAutomator2, deviceName: 25e4e5308f0d7ece, platformName: android, platformVersion: 10, resetKeyboard: false, unicodeKeyboard: false}, deviceApiLevel: 29, deviceManufacturer: samsung, deviceModel: SM-N960F, deviceName: 25e4e5308f0d7ece, deviceScreenDensity: 420, deviceScreenSize: 1080x2220, deviceUDID: 25e4e5308f0d7ece, javascriptEnabled: true, locationContextEnabled: false, networkConnectionEnabled: true, pixelRatio: 2.625, platform: LINUX, platformName: android, platformVersion: 10, resetKeyboard: false, statBarHeight: 63, takesScreenshot: true, unicodeKeyboard: false, viewportRect: {height: 2031, left: 0, top: 63, width: 1080}, warnings: {}, webStorageEnabled: false}&#10;Session ID: 49d0981d-82e3-4920-9660-ae337842b4e0&#10;*** Element info: {Using=xpath, value=//android.widget.TextView[@text=&quot;CONFIRM&quot;]}" type="org.openqa.selenium.NoSuchElementException"><![CDATA[org.openqa.selenium.NoSuchElementException: 
An element could not be located on the page using the given search parameters.
For documentation on this error, please visit: https://www.seleniumhq.org/exceptions/no_such_element.html
Build info: version: '3.141.59', revision: 'e82be7d358', time: '2018-11-14T08:17:03'
System info: host: 'Admins-MacBook-Pro.local', ip: 'fe80:0:0:0:8f:c148:5c9e:6494%en0', os.name: 'Mac OS X', os.arch: 'x86_64', os.version: '12.4', java.version: '19.0.1'
Driver info: io.appium.java_client.android.AndroidDriver
Capabilities {app: /Users/admin/Desktop/Plai_M..., appPackage: com.app.plaisports, autoAcceptAlerts: true, autoGrantPermissions: true, automationName: UiAutomator2, databaseEnabled: false, desired: {app: /Users/admin/Desktop/Plai_M..., autoAcceptAlerts: true, autoGrantPermissions: true, automationName: UiAutomator2, deviceName: 25e4e5308f0d7ece, platformName: android, platformVersion: 10, resetKeyboard: false, unicodeKeyboard: false}, deviceApiLevel: 29, deviceManufacturer: samsung, deviceModel: SM-N960F, deviceName: 25e4e5308f0d7ece, deviceScreenDensity: 420, deviceScreenSize: 1080x2220, deviceUDID: 25e4e5308f0d7ece, javascriptEnabled: true, locationContextEnabled: false, networkConnectionEnabled: true, pixelRatio: 2.625, platform: LINUX, platformName: android, platformVersion: 10, resetKeyboard: false, statBarHeight: 63, takesScreenshot: true, unicodeKeyboard: false, viewportRect: {height: 2031, left: 0, top: 63, width: 1080}, warnings: {}, webStorageEnabled: false}
Session ID: 49d0981d-82e3-4920-9660-ae337842b4e0
*** Element info: {Using=xpath, value=//android.widget.TextView[@text="CONFIRM"]}
	at Tests.NewsTabTests.Verify_the_functionality_of_Confirm_button_of_confirmation_popup(NewsTabTests.java:255)
]]></failure>
    <system-out><![CDATA[PASS : Verify_the_functionality_of_Dismiss_button_of_confirmation_popup<br><br>---------------------------------------------------------------------------<br><br>
Application Launched.
Clicked on skip button.
Clicked on next button.
Entered Email :- sagarnandha11+1@gmail.com
Entered Password :- Plai@1234
Clicked On Login Button
App name is verified on login splash screen
Day Greeting is verified on login splash screen
Username with Profile Picture is verified on login splash screen
Welcome Greeting is verified on login splash screen

Scrolling My Club Banners !!!
Clicked On Club Banner in which user is Admin
Sort Button is visible
Add New Article Button Is visible
Sort Button is visible
Sort Panel Opened
Clicked On News Article
Clicked On Delete Icon
]]></system-out>
    <system-err><![CDATA[Jan 03, 2023 10:45:23 PM io.appium.java_client.remote.AppiumCommandExecutor$1 lambda$0
INFO: Detected dialect: W3C
]]></system-err>
  </testcase>
  <testcase name="Verify_the_navigation_of_Add_New_Article_button" classname="Tests.NewsTabTests" time="54.25">
    <system-out><![CDATA[Application Launched.
Clicked on skip button.
Clicked on next button.
Entered Email :- sagarnandha11+1@gmail.com
Entered Password :- Plai@1234
Clicked On Login Button
App name is verified on login splash screen
Day Greeting is verified on login splash screen
Username with Profile Picture is verified on login splash screen
Welcome Greeting is verified on login splash screen

Scrolling My Club Banners !!!
Clicked On Club Banner in which user is Admin
Clicked On Add New Article Button
New Article Page is Displayed
]]></system-out>
    <system-err><![CDATA[Jan 03, 2023 10:46:43 PM org.openqa.selenium.remote.Augmenter extractRemoteWebDriver
WARNING: Augmenter should be applied to the instances of @Augmentable classes or previously augmented instances only (instance class was: class io.appium.java_client.android.AndroidDriver)
Jan 03, 2023 10:46:52 PM io.appium.java_client.remote.AppiumCommandExecutor$1 lambda$0
INFO: Detected dialect: W3C
]]></system-err>
  </testcase>
  <testcase name="Verify_the_fields_display_on_NEW_ARTICLE_screen" classname="Tests.NewsTabTests" time="54.504">
    <system-out><![CDATA[PASS : Verify_the_navigation_of_Add_New_Article_button<br><br>---------------------------------------------------------------------------<br><br>
Application Launched.
Clicked on skip button.
Clicked on next button.
Entered Email :- sagarnandha11+1@gmail.com
Entered Password :- Plai@1234
Clicked On Login Button
App name is verified on login splash screen
Day Greeting is verified on login splash screen
Username with Profile Picture is verified on login splash screen
Welcome Greeting is verified on login splash screen

Scrolling My Club Banners !!!
Clicked On Club Banner in which user is Admin
Clicked On Add New Article Button
New Article Page is Displayed
Title Text Field is Displayed
Article Description Field is Displayed
Publish Now Dropdown is Displayed
Send Email is Displayed
Send Notification is Displayed
Groups Dropdown is Displayed
]]></system-out>
    <system-err><![CDATA[Jan 03, 2023 10:47:55 PM io.appium.java_client.remote.AppiumCommandExecutor$1 lambda$0
INFO: Detected dialect: W3C
]]></system-err>
  </testcase>
  <testcase name="Verify_the_PREVIEW_button_without_entering_data_in_mandatory_field" classname="Tests.NewsTabTests" time="61.05">
    <system-out><![CDATA[PASS : Verify_the_fields_display_on_NEW_ARTICLE_screen<br><br>---------------------------------------------------------------------------<br><br>
Application Launched.
Clicked on skip button.
Clicked on next button.
Entered Email :- sagarnandha11+1@gmail.com
Entered Password :- Plai@1234
Clicked On Login Button
App name is verified on login splash screen
Day Greeting is verified on login splash screen
Username with Profile Picture is verified on login splash screen
Welcome Greeting is verified on login splash screen

Scrolling My Club Banners !!!
Clicked On Club Banner in which user is Admin
Clicked On Add New Article Button
New Article Page is Displayed

Scrolling the screen downwards !!!
Clicked On Preview Button
Preview without entering data alert : 
Alert :- Please enter title
]]></system-out>
    <system-err><![CDATA[Jan 03, 2023 10:48:59 PM io.appium.java_client.remote.AppiumCommandExecutor$1 lambda$0
INFO: Detected dialect: W3C
]]></system-err>
  </testcase>
  <testcase name="Verify_Send_an_email_field_by_clicking_on_NO_button" classname="Tests.NewsTabTests" time="56.367">
    <system-out><![CDATA[PASS : Verify_the_PREVIEW_button_without_entering_data_in_mandatory_field<br><br>---------------------------------------------------------------------------<br><br>
Application Launched.
Clicked on skip button.
Clicked on next button.
Entered Email :- sagarnandha11+1@gmail.com
Entered Password :- Plai@1234
Clicked On Login Button
App name is verified on login splash screen
Day Greeting is verified on login splash screen
Username with Profile Picture is verified on login splash screen
Welcome Greeting is verified on login splash screen

Scrolling My Club Banners !!!
Clicked On Club Banner in which user is Admin
Clicked On Add New Article Button
New Article Page is Displayed
Clicked On No Button to Send Email
]]></system-out>
    <system-err><![CDATA[Jan 03, 2023 10:50:08 PM io.appium.java_client.remote.AppiumCommandExecutor$1 lambda$0
INFO: Detected dialect: W3C
]]></system-err>
  </testcase>
  <testcase name="Verify_Send_an_Notification_field_by_clicking_on_NO_button" classname="Tests.NewsTabTests" time="54.473">
    <system-out><![CDATA[PASS : Verify_Send_an_email_field_by_clicking_on_NO_button<br><br>---------------------------------------------------------------------------<br><br>
Application Launched.
Clicked on skip button.
Clicked on next button.
Entered Email :- sagarnandha11+1@gmail.com
Entered Password :- Plai@1234
Clicked On Login Button
App name is verified on login splash screen
Day Greeting is verified on login splash screen
Username with Profile Picture is verified on login splash screen
Welcome Greeting is verified on login splash screen

Scrolling My Club Banners !!!
Clicked On Club Banner in which user is Admin
Clicked On Add New Article Button
New Article Page is Displayed
Clicked On No Button to Send Notification
]]></system-out>
    <system-err><![CDATA[Jan 03, 2023 10:51:13 PM io.appium.java_client.remote.AppiumCommandExecutor$1 lambda$0
INFO: Detected dialect: W3C
]]></system-err>
  </testcase>
  <testcase name="Verify_Allow_Comments_field_by_clicking_on_NO_button" classname="Tests.NewsTabTests" time="60.878">
    <failure message="An element could not be located on the page using the given search parameters.&#10;For documentation on this error, please visit: https://www.seleniumhq.org/exceptions/no_such_element.html&#10;Build info: version: &apos;3.141.59&apos;, revision: &apos;e82be7d358&apos;, time: &apos;2018-11-14T08:17:03&apos;&#10;System info: host: &apos;Admins-MacBook-Pro.local&apos;, ip: &apos;fe80:0:0:0:8f:c148:5c9e:6494%en0&apos;, os.name: &apos;Mac OS X&apos;, os.arch: &apos;x86_64&apos;, os.version: &apos;12.4&apos;, java.version: &apos;19.0.1&apos;&#10;Driver info: io.appium.java_client.android.AndroidDriver&#10;Capabilities {app: /Users/admin/Desktop/Plai_M..., appPackage: com.app.plaisports, autoAcceptAlerts: true, autoGrantPermissions: true, automationName: UiAutomator2, databaseEnabled: false, desired: {app: /Users/admin/Desktop/Plai_M..., autoAcceptAlerts: true, autoGrantPermissions: true, automationName: UiAutomator2, deviceName: 25e4e5308f0d7ece, platformName: android, platformVersion: 10, resetKeyboard: false, unicodeKeyboard: false}, deviceApiLevel: 29, deviceManufacturer: samsung, deviceModel: SM-N960F, deviceName: 25e4e5308f0d7ece, deviceScreenDensity: 420, deviceScreenSize: 1080x2220, deviceUDID: 25e4e5308f0d7ece, javascriptEnabled: true, locationContextEnabled: false, networkConnectionEnabled: true, pixelRatio: 2.625, platform: LINUX, platformName: android, platformVersion: 10, resetKeyboard: false, statBarHeight: 63, takesScreenshot: true, unicodeKeyboard: false, viewportRect: {height: 2031, left: 0, top: 63, width: 1080}, warnings: {}, webStorageEnabled: false}&#10;Session ID: ee019065-3b38-4151-ab88-f1827affde46&#10;*** Element info: {Using=xpath, value=//android.widget.TextView[@text=&quot;Admin&quot;]}" type="org.openqa.selenium.NoSuchElementException"><![CDATA[org.openqa.selenium.NoSuchElementException: 
An element could not be located on the page using the given search parameters.
For documentation on this error, please visit: https://www.seleniumhq.org/exceptions/no_such_element.html
Build info: version: '3.141.59', revision: 'e82be7d358', time: '2018-11-14T08:17:03'
System info: host: 'Admins-MacBook-Pro.local', ip: 'fe80:0:0:0:8f:c148:5c9e:6494%en0', os.name: 'Mac OS X', os.arch: 'x86_64', os.version: '12.4', java.version: '19.0.1'
Driver info: io.appium.java_client.android.AndroidDriver
Capabilities {app: /Users/admin/Desktop/Plai_M..., appPackage: com.app.plaisports, autoAcceptAlerts: true, autoGrantPermissions: true, automationName: UiAutomator2, databaseEnabled: false, desired: {app: /Users/admin/Desktop/Plai_M..., autoAcceptAlerts: true, autoGrantPermissions: true, automationName: UiAutomator2, deviceName: 25e4e5308f0d7ece, platformName: android, platformVersion: 10, resetKeyboard: false, unicodeKeyboard: false}, deviceApiLevel: 29, deviceManufacturer: samsung, deviceModel: SM-N960F, deviceName: 25e4e5308f0d7ece, deviceScreenDensity: 420, deviceScreenSize: 1080x2220, deviceUDID: 25e4e5308f0d7ece, javascriptEnabled: true, locationContextEnabled: false, networkConnectionEnabled: true, pixelRatio: 2.625, platform: LINUX, platformName: android, platformVersion: 10, resetKeyboard: false, statBarHeight: 63, takesScreenshot: true, unicodeKeyboard: false, viewportRect: {height: 2031, left: 0, top: 63, width: 1080}, warnings: {}, webStorageEnabled: false}
Session ID: ee019065-3b38-4151-ab88-f1827affde46
*** Element info: {Using=xpath, value=//android.widget.TextView[@text="Admin"]}
	at Tests.NewsTabTests.Verify_Allow_Comments_field_by_clicking_on_NO_button(NewsTabTests.java:361)
]]></failure>
    <system-out><![CDATA[PASS : Verify_Send_an_Notification_field_by_clicking_on_NO_button<br><br>---------------------------------------------------------------------------<br><br>
Application Launched.
Clicked on skip button.
Clicked on next button.
Entered Email :- sagarnandha11+1@gmail.com
Entered Password :- Plai@1234
Clicked On Login Button
App name is verified on login splash screen
Day Greeting is verified on login splash screen
Username with Profile Picture is verified on login splash screen
Welcome Greeting is verified on login splash screen

Scrolling My Club Banners !!!
]]></system-out>
    <system-err><![CDATA[Jan 03, 2023 10:52:17 PM io.appium.java_client.remote.AppiumCommandExecutor$1 lambda$0
INFO: Detected dialect: W3C
]]></system-err>
  </testcase>
  <testcase name="Verify_the_Publish_Now_field_by_clicking_on_NO_menu_option" classname="Tests.NewsTabTests" time="60.818">
    <system-out><![CDATA[Application Launched.
Clicked on skip button.
Clicked on next button.
Entered Email :- sagarnandha11+1@gmail.com
Entered Password :- Plai@1234
Clicked On Login Button
App name is verified on login splash screen
Day Greeting is verified on login splash screen
Username with Profile Picture is verified on login splash screen
Welcome Greeting is verified on login splash screen

Scrolling My Club Banners !!!
Clicked On Club Banner in which user is Admin
Clicked On Add New Article Button
New Article Page is Displayed
Clicked On Publish Now Button
Clicked On No Option to Publish
Publish Date is Displayed
Publish Time is Displayed
]]></system-out>
    <system-err><![CDATA[Jan 03, 2023 10:53:17 PM org.openqa.selenium.remote.Augmenter extractRemoteWebDriver
WARNING: Augmenter should be applied to the instances of @Augmentable classes or previously augmented instances only (instance class was: class io.appium.java_client.android.AndroidDriver)
Jan 03, 2023 10:53:27 PM io.appium.java_client.remote.AppiumCommandExecutor$1 lambda$0
INFO: Detected dialect: W3C
]]></system-err>
  </testcase>
  <testcase name="Verify_the_functionality_of_Publish_Date_field" classname="Tests.NewsTabTests" time="62.097">
    <system-out><![CDATA[PASS : Verify_the_Publish_Now_field_by_clicking_on_NO_menu_option<br><br>---------------------------------------------------------------------------<br><br>
Application Launched.
Clicked on skip button.
Clicked on next button.
Entered Email :- sagarnandha11+1@gmail.com
Entered Password :- Plai@1234
Clicked On Login Button
App name is verified on login splash screen
Day Greeting is verified on login splash screen
Username with Profile Picture is verified on login splash screen
Welcome Greeting is verified on login splash screen

Scrolling My Club Banners !!!
Clicked On Club Banner in which user is Admin
Clicked On Add New Article Button
New Article Page is Displayed
Clicked On Publish Now Button
Clicked On No Option to Publish
Publish Date is Displayed
Publish Time is Displayed
Current Date Verified
Clicked On Publish Date Field
Date Calender Opened
]]></system-out>
    <system-err><![CDATA[Jan 03, 2023 10:54:36 PM io.appium.java_client.remote.AppiumCommandExecutor$1 lambda$0
INFO: Detected dialect: W3C
]]></system-err>
  </testcase>
  <testcase name="Verify_the_Close_button_of_calendar" classname="Tests.NewsTabTests" time="64.966">
    <system-out><![CDATA[PASS : Verify_the_functionality_of_Publish_Date_field<br><br>---------------------------------------------------------------------------<br><br>
Application Launched.
Clicked on skip button.
Clicked on next button.
Entered Email :- sagarnandha11+1@gmail.com
Entered Password :- Plai@1234
Clicked On Login Button
App name is verified on login splash screen
Day Greeting is verified on login splash screen
Username with Profile Picture is verified on login splash screen
Welcome Greeting is verified on login splash screen

Scrolling My Club Banners !!!
Clicked On Club Banner in which user is Admin
Clicked On Add New Article Button
New Article Page is Displayed
Clicked On Publish Now Button
Clicked On No Option to Publish
Publish Date is Displayed
Publish Time is Displayed
Current Date Verified
Clicked On Publish Date Field
Date Calender Opened
Clicked On Cancel Button of Calender
]]></system-out>
    <system-err><![CDATA[Jan 03, 2023 10:55:47 PM io.appium.java_client.remote.AppiumCommandExecutor$1 lambda$0
INFO: Detected dialect: W3C
]]></system-err>
  </testcase>
  <testcase name="Verify_the_Ok_button_of_Calendar" classname="Tests.NewsTabTests" time="70.665">
    <system-out><![CDATA[PASS : Verify_the_Close_button_of_calendar<br><br>---------------------------------------------------------------------------<br><br>
Application Launched.
Clicked on skip button.
Clicked on next button.
Entered Email :- sagarnandha11+1@gmail.com
Entered Password :- Plai@1234
Clicked On Login Button
App name is verified on login splash screen
Day Greeting is verified on login splash screen
Username with Profile Picture is verified on login splash screen
Welcome Greeting is verified on login splash screen

Scrolling My Club Banners !!!
Clicked On Club Banner in which user is Admin
Clicked On Add New Article Button
New Article Page is Displayed
Clicked On Publish Now Button
Clicked On No Option to Publish
Publish Date is Displayed
Publish Time is Displayed
Current Date Verified
Clicked On Publish Date Field
Date Calender Opened
Clicked On Next Month Button of Calender
Selected Date 28th Feb
Clicked On Ok
Date updated to New Selected Date
]]></system-out>
    <system-err><![CDATA[Jan 03, 2023 10:57:01 PM io.appium.java_client.remote.AppiumCommandExecutor$1 lambda$0
INFO: Detected dialect: W3C
]]></system-err>
  </testcase>
  <testcase name="Verify_the_functionality_of_Time_field" classname="Tests.NewsTabTests" time="65.217">
    <system-out><![CDATA[PASS : Verify_the_Ok_button_of_Calendar<br><br>---------------------------------------------------------------------------<br><br>
Application Launched.
Clicked on skip button.
Clicked on next button.
Entered Email :- sagarnandha11+1@gmail.com
Entered Password :- Plai@1234
Clicked On Login Button
App name is verified on login splash screen
Day Greeting is verified on login splash screen
Username with Profile Picture is verified on login splash screen
Welcome Greeting is verified on login splash screen

Scrolling My Club Banners !!!
Clicked On Club Banner in which user is Admin
Clicked On Add New Article Button
New Article Page is Displayed
Clicked On Publish Now Button
Clicked On No Option to Publish
Publish Date is Displayed
Publish Time is Displayed
Clicked On Publish Date Field
Selected Times as 8 
Selected Times is updated 
]]></system-out>
    <system-err><![CDATA[Jan 03, 2023 10:58:20 PM io.appium.java_client.remote.AppiumCommandExecutor$1 lambda$0
INFO: Detected dialect: W3C
]]></system-err>
  </testcase>
  <testcase name="Verify_the_PREVIEW_button_after_entering_data_in_mandatory_field__Add_New_Article" classname="Tests.NewsTabTests" time="71.677">
    <system-out><![CDATA[PASS : Verify_the_functionality_of_Time_field<br><br>---------------------------------------------------------------------------<br><br>
Application Launched.
Clicked on skip button.
Clicked on next button.
Entered Email :- sagarnandha11+1@gmail.com
Entered Password :- Plai@1234
Clicked On Login Button
App name is verified on login splash screen
Day Greeting is verified on login splash screen
Username with Profile Picture is verified on login splash screen
Welcome Greeting is verified on login splash screen

Scrolling My Club Banners !!!
Clicked On Club Banner in which user is Admin
Clicked On Add New Article Button
New Article Page is Displayed
Entered Article Title
Entered Article Description
Selected No for Send Email
Selected No for Send Notification
Groups Dropdown is Clicked
Selected All Groups
Clicked On Done Button

Scrolling the screen downwards !!!
Selected No to Allow Notifications

Scrolling the screen downwards !!!
Clicked On Preview Button
Preview Screen is Displayed
]]></system-out>
    <system-err><![CDATA[Jan 03, 2023 10:59:34 PM io.appium.java_client.remote.AppiumCommandExecutor$1 lambda$0
INFO: Detected dialect: W3C
]]></system-err>
  </testcase>
  <testcase name="Verify_the_functionality_of_CONFIRM_button_Add_New_Article" classname="Tests.NewsTabTests" time="72.772">
    <system-out><![CDATA[PASS : Verify_the_PREVIEW_button_after_entering_data_in_mandatory_field__Add_New_Article<br><br>---------------------------------------------------------------------------<br><br>
Application Launched.
Clicked on skip button.
Clicked on next button.
Entered Email :- sagarnandha11+1@gmail.com
Entered Password :- Plai@1234
Clicked On Login Button
App name is verified on login splash screen
Day Greeting is verified on login splash screen
Username with Profile Picture is verified on login splash screen
Welcome Greeting is verified on login splash screen

Scrolling My Club Banners !!!
Clicked On Club Banner in which user is Admin
Clicked On Add New Article Button
New Article Page is Displayed
Entered Article Title
Entered Article Description
Selected No for Send Email
Selected No for Send Notification
Groups Dropdown is Clicked
Selected All Groups
Clicked On Done Button

Scrolling the screen downwards !!!
Selected No to Allow Notifications

Scrolling the screen downwards !!!
Clicked On Preview Button
Preview Screen is Displayed
Clicked on confirm button
]]></system-out>
    <system-err><![CDATA[Jan 03, 2023 11:00:54 PM io.appium.java_client.remote.AppiumCommandExecutor$1 lambda$0
INFO: Detected dialect: W3C
]]></system-err>
  </testcase>
  <testcase name="Verify_Close_button_Add_New_Article" classname="Tests.NewsTabTests" time="74.462">
    <system-out><![CDATA[PASS : Verify_the_functionality_of_CONFIRM_button_Add_New_Article<br><br>---------------------------------------------------------------------------<br><br>
Application Launched.
Clicked on skip button.
Clicked on next button.
Entered Email :- sagarnandha11+1@gmail.com
Entered Password :- Plai@1234
Clicked On Login Button
App name is verified on login splash screen
Day Greeting is verified on login splash screen
Username with Profile Picture is verified on login splash screen
Welcome Greeting is verified on login splash screen

Scrolling My Club Banners !!!
Clicked On Club Banner in which user is Admin
Clicked On Add New Article Button
New Article Page is Displayed
Entered Article Title
Entered Article Description
Selected No for Send Email
Selected No for Send Notification
Groups Dropdown is Clicked
Selected All Groups
Clicked On Done Button

Scrolling the screen downwards !!!
Selected No to Allow Notifications

Scrolling the screen downwards !!!
Clicked On Preview Button
Preview Screen is Displayed
Clicked on confirm button
Clicked on close button.
]]></system-out>
    <system-err><![CDATA[Jan 03, 2023 11:02:16 PM io.appium.java_client.remote.AppiumCommandExecutor$1 lambda$0
INFO: Detected dialect: W3C
]]></system-err>
  </testcase>
  <testcase name="Verify_the_EVENT_tab_for_Admin_banner" classname="Tests.ShopTabTests" time="47.842">
    <system-out><![CDATA[PASS : Verify_Close_button_Add_New_Article<br><br>---------------------------------------------------------------------------<br><br>
PASSED: Verify_the_functionality_of_Dismiss_button_of_confirmation_popup
PASSED: Verify_the_Close_button_of_calendar
PASSED: Verify_the_PREVIEW_button_after_entering_data_in_mandatory_field_Edit_Article
PASSED: Verify_the_NEWS_tab_for_Admin_banner
PASSED: Verify_Send_an_Notification_field_by_clicking_on_NO_button
PASSED: Verify_Close_button_Add_New_Article
PASSED: Verify_the_functionality_of_Article_banners_News_Tab
PASSED: Verify_the_functionality_of_Delete_icon
PASSED: Verify_the_Search_bar_for_NEWS_tab
PASSED: Verify_Send_an_email_field_by_clicking_on_NO_button
PASSED: Verify_the_functionality_of_Time_field
PASSED: Verify_the_Sort_by_filter_of_NEWS_tab
PASSED: Verify_the_Publish_Now_field_by_clicking_on_NO_menu_option
PASSED: Verify_the_functionality_of_Publish_Date_field
PASSED: Verify_the_fields_display_on_NEW_ARTICLE_screen
PASSED: Verify_the_PREVIEW_button_after_entering_data_in_mandatory_field__Add_New_Article
PASSED: Verify_the_PREVIEW_button_without_entering_data_in_mandatory_field
PASSED: Verify_the_functionality_of_CONFIRM_button_Add_New_Article
PASSED: Verify_the_Bookmark_icon_of_Article_banner_of_NEWS_tab
PASSED: Verify_the_navigation_of_Add_New_Article_button
PASSED: Verify_the_functionality_of_Edit_icon_News_Article
PASSED: Verify_the_Ok_button_of_Calendar
PASSED: Verify_the_Share_icon_of_Article_banner_of_NEWS_tab
FAILED: Verify_Allow_Comments_field_by_clicking_on_NO_button
org.openqa.selenium.NoSuchElementException: An element could not be located on the page using the given search parameters.
For documentation on this error, please visit: https://www.seleniumhq.org/exceptions/no_such_element.html
Build info: version: '3.141.59', revision: 'e82be7d358', time: '2018-11-14T08:17:03'
System info: host: 'Admins-MacBook-Pro.local', ip: 'fe80:0:0:0:8f:c148:5c9e:6494%en0', os.name: 'Mac OS X', os.arch: 'x86_64', os.version: '12.4', java.version: '19.0.1'
Driver info: io.appium.java_client.android.AndroidDriver
Capabilities {app: /Users/admin/Desktop/Plai_M..., appPackage: com.app.plaisports, autoAcceptAlerts: true, autoGrantPermissions: true, automationName: UiAutomator2, databaseEnabled: false, desired: {app: /Users/admin/Desktop/Plai_M..., autoAcceptAlerts: true, autoGrantPermissions: true, automationName: UiAutomator2, deviceName: 25e4e5308f0d7ece, platformName: android, platformVersion: 10, resetKeyboard: false, unicodeKeyboard: false}, deviceApiLevel: 29, deviceManufacturer: samsung, deviceModel: SM-N960F, deviceName: 25e4e5308f0d7ece, deviceScreenDensity: 420, deviceScreenSize: 1080x2220, deviceUDID: 25e4e5308f0d7ece, javascriptEnabled: true, locationContextEnabled: false, networkConnectionEnabled: true, pixelRatio: 2.625, platform: LINUX, platformName: android, platformVersion: 10, resetKeyboard: false, statBarHeight: 63, takesScreenshot: true, unicodeKeyboard: false, viewportRect: {height: 2031, left: 0, top: 63, width: 1080}, warnings: {}, webStorageEnabled: false}
Session ID: ee019065-3b38-4151-ab88-f1827affde46
*** Element info: {Using=xpath, value=//android.widget.TextView[@text="Admin"]}
	at java.base/jdk.internal.reflect.DirectConstructorHandleAccessor.newInstance(DirectConstructorHandleAccessor.java:67)
	at java.base/java.lang.reflect.Constructor.newInstanceWithCaller(Constructor.java:500)
	at java.base/java.lang.reflect.Constructor.newInstance(Constructor.java:484)
	at org.openqa.selenium.remote.http.W3CHttpResponseCodec.createException(W3CHttpResponseCodec.java:187)
	at org.openqa.selenium.remote.http.W3CHttpResponseCodec.decode(W3CHttpResponseCodec.java:122)
	at org.openqa.selenium.remote.http.W3CHttpResponseCodec.decode(W3CHttpResponseCodec.java:49)
	at org.openqa.selenium.remote.HttpCommandExecutor.execute(HttpCommandExecutor.java:158)
	at io.appium.java_client.remote.AppiumCommandExecutor.execute(AppiumCommandExecutor.java:247)
	at org.openqa.selenium.remote.RemoteWebDriver.execute(RemoteWebDriver.java:552)
	at io.appium.java_client.DefaultGenericMobileDriver.execute(DefaultGenericMobileDriver.java:41)
	at io.appium.java_client.AppiumDriver.execute(AppiumDriver.java:1)
	at io.appium.java_client.android.AndroidDriver.execute(AndroidDriver.java:1)
	at org.openqa.selenium.remote.RemoteWebDriver.findElement(RemoteWebDriver.java:323)
	at io.appium.java_client.DefaultGenericMobileDriver.findElement(DefaultGenericMobileDriver.java:61)
	at io.appium.java_client.AppiumDriver.findElement(AppiumDriver.java:1)
	at io.appium.java_client.android.AndroidDriver.findElement(AndroidDriver.java:1)
	at org.openqa.selenium.remote.RemoteWebDriver.findElementByXPath(RemoteWebDriver.java:428)
	at io.appium.java_client.DefaultGenericMobileDriver.findElementByXPath(DefaultGenericMobileDriver.java:151)
	at io.appium.java_client.AppiumDriver.findElementByXPath(AppiumDriver.java:1)
	at io.appium.java_client.android.AndroidDriver.findElementByXPath(AndroidDriver.java:1)
	at org.openqa.selenium.By$ByXPath.findElement(By.java:353)
	at org.openqa.selenium.remote.RemoteWebDriver.findElement(RemoteWebDriver.java:315)
	at io.appium.java_client.DefaultGenericMobileDriver.findElement(DefaultGenericMobileDriver.java:57)
	at io.appium.java_client.AppiumDriver.findElement(AppiumDriver.java:1)
	at io.appium.java_client.android.AndroidDriver.findElement(AndroidDriver.java:1)
	at Pages.HomePage.Click_Test27_Admin_Club_Banner(HomePage.java:377)
	at Tests.NewsTabTests.Verify_Allow_Comments_field_by_clicking_on_NO_button(NewsTabTests.java:361)
	at java.base/jdk.internal.reflect.DirectMethodHandleAccessor.invoke(DirectMethodHandleAccessor.java:104)
	at java.base/java.lang.reflect.Method.invoke(Method.java:578)
	at org.testng.internal.MethodInvocationHelper.invokeMethod(MethodInvocationHelper.java:133)
	at org.testng.internal.TestInvoker.invokeMethod(TestInvoker.java:598)
	at org.testng.internal.TestInvoker.invokeTestMethod(TestInvoker.java:173)
	at org.testng.internal.MethodRunner.runInSequence(MethodRunner.java:46)
	at org.testng.internal.TestInvoker$MethodInvocationAgent.invoke(TestInvoker.java:824)
	at org.testng.internal.TestInvoker.invokeTestMethods(TestInvoker.java:146)
	at org.testng.internal.TestMethodWorker.invokeTestMethods(TestMethodWorker.java:146)
	at org.testng.internal.TestMethodWorker.run(TestMethodWorker.java:128)
	at java.base/java.util.ArrayList.forEach(ArrayList.java:1511)
	at org.testng.TestRunner.privateRun(TestRunner.java:794)
	at org.testng.TestRunner.run(TestRunner.java:596)
	at org.testng.SuiteRunner.runTest(SuiteRunner.java:377)
	at org.testng.SuiteRunner.runSequentially(SuiteRunner.java:371)
	at org.testng.SuiteRunner.privateRun(SuiteRunner.java:332)
	at org.testng.SuiteRunner.run(SuiteRunner.java:276)
	at org.testng.SuiteRunnerWorker.runSuite(SuiteRunnerWorker.java:53)
	at org.testng.SuiteRunnerWorker.run(SuiteRunnerWorker.java:96)
	at org.testng.TestNG.runSuitesSequentially(TestNG.java:1212)
	at org.testng.TestNG.runSuitesLocally(TestNG.java:1134)
	at org.testng.TestNG.runSuites(TestNG.java:1063)
	at org.testng.TestNG.run(TestNG.java:1031)
	at org.apache.maven.surefire.testng.TestNGExecutor.run(TestNGExecutor.java:284)
	at org.apache.maven.surefire.testng.TestNGXmlTestSuite.execute(TestNGXmlTestSuite.java:75)
	at org.apache.maven.surefire.testng.TestNGProvider.invoke(TestNGProvider.java:119)
	at org.apache.maven.surefire.booter.ForkedBooter.runSuitesInProcess(ForkedBooter.java:428)
	at org.apache.maven.surefire.booter.ForkedBooter.execute(ForkedBooter.java:162)
	at org.apache.maven.surefire.booter.ForkedBooter.run(ForkedBooter.java:562)
	at org.apache.maven.surefire.booter.ForkedBooter.main(ForkedBooter.java:548)

FAILED: Verify_the_fields_display_in_NEW_ARTICLE_screen
org.openqa.selenium.NoSuchElementException: An element could not be located on the page using the given search parameters.
For documentation on this error, please visit: https://www.seleniumhq.org/exceptions/no_such_element.html
Build info: version: '3.141.59', revision: 'e82be7d358', time: '2018-11-14T08:17:03'
System info: host: 'Admins-MacBook-Pro.local', ip: 'fe80:0:0:0:8f:c148:5c9e:6494%en0', os.name: 'Mac OS X', os.arch: 'x86_64', os.version: '12.4', java.version: '19.0.1'
Driver info: io.appium.java_client.android.AndroidDriver
Capabilities {app: /Users/admin/Desktop/Plai_M..., appPackage: com.app.plaisports, autoAcceptAlerts: true, autoGrantPermissions: true, automationName: UiAutomator2, databaseEnabled: false, desired: {app: /Users/admin/Desktop/Plai_M..., autoAcceptAlerts: true, autoGrantPermissions: true, automationName: UiAutomator2, deviceName: 25e4e5308f0d7ece, platformName: android, platformVersion: 10, resetKeyboard: false, unicodeKeyboard: false}, deviceApiLevel: 29, deviceManufacturer: samsung, deviceModel: SM-N960F, deviceName: 25e4e5308f0d7ece, deviceScreenDensity: 420, deviceScreenSize: 1080x2220, deviceUDID: 25e4e5308f0d7ece, javascriptEnabled: true, locationContextEnabled: false, networkConnectionEnabled: true, pixelRatio: 2.625, platform: LINUX, platformName: android, platformVersion: 10, resetKeyboard: false, statBarHeight: 63, takesScreenshot: true, unicodeKeyboard: false, viewportRect: {height: 2031, left: 0, top: 63, width: 1080}, warnings: {}, webStorageEnabled: false}
Session ID: db7ef931-8502-49f6-a912-3e3da1a7ce11
*** Element info: {Using=xpath, value=//android.widget.TextView[@text="Admin"]}
	at java.base/jdk.internal.reflect.DirectConstructorHandleAccessor.newInstance(DirectConstructorHandleAccessor.java:67)
	at java.base/java.lang.reflect.Constructor.newInstanceWithCaller(Constructor.java:500)
	at java.base/java.lang.reflect.Constructor.newInstance(Constructor.java:484)
	at org.openqa.selenium.remote.http.W3CHttpResponseCodec.createException(W3CHttpResponseCodec.java:187)
	at org.openqa.selenium.remote.http.W3CHttpResponseCodec.decode(W3CHttpResponseCodec.java:122)
	at org.openqa.selenium.remote.http.W3CHttpResponseCodec.decode(W3CHttpResponseCodec.java:49)
	at org.openqa.selenium.remote.HttpCommandExecutor.execute(HttpCommandExecutor.java:158)
	at io.appium.java_client.remote.AppiumCommandExecutor.execute(AppiumCommandExecutor.java:247)
	at org.openqa.selenium.remote.RemoteWebDriver.execute(RemoteWebDriver.java:552)
	at io.appium.java_client.DefaultGenericMobileDriver.execute(DefaultGenericMobileDriver.java:41)
	at io.appium.java_client.AppiumDriver.execute(AppiumDriver.java:1)
	at io.appium.java_client.android.AndroidDriver.execute(AndroidDriver.java:1)
	at org.openqa.selenium.remote.RemoteWebDriver.findElement(RemoteWebDriver.java:323)
	at io.appium.java_client.DefaultGenericMobileDriver.findElement(DefaultGenericMobileDriver.java:61)
	at io.appium.java_client.AppiumDriver.findElement(AppiumDriver.java:1)
	at io.appium.java_client.android.AndroidDriver.findElement(AndroidDriver.java:1)
	at org.openqa.selenium.remote.RemoteWebDriver.findElementByXPath(RemoteWebDriver.java:428)
	at io.appium.java_client.DefaultGenericMobileDriver.findElementByXPath(DefaultGenericMobileDriver.java:151)
	at io.appium.java_client.AppiumDriver.findElementByXPath(AppiumDriver.java:1)
	at io.appium.java_client.android.AndroidDriver.findElementByXPath(AndroidDriver.java:1)
	at org.openqa.selenium.By$ByXPath.findElement(By.java:353)
	at org.openqa.selenium.remote.RemoteWebDriver.findElement(RemoteWebDriver.java:315)
	at io.appium.java_client.DefaultGenericMobileDriver.findElement(DefaultGenericMobileDriver.java:57)
	at io.appium.java_client.AppiumDriver.findElement(AppiumDriver.java:1)
	at io.appium.java_client.android.AndroidDriver.findElement(AndroidDriver.java:1)
	at Pages.HomePage.Click_Test27_Admin_Club_Banner(HomePage.java:377)
	at Tests.NewsTabTests.Verify_the_fields_display_in_NEW_ARTICLE_screen(NewsTabTests.java:148)
	at java.base/jdk.internal.reflect.DirectMethodHandleAccessor.invoke(DirectMethodHandleAccessor.java:104)
	at java.base/java.lang.reflect.Method.invoke(Method.java:578)
	at org.testng.internal.MethodInvocationHelper.invokeMethod(MethodInvocationHelper.java:133)
	at org.testng.internal.TestInvoker.invokeMethod(TestInvoker.java:598)
	at org.testng.internal.TestInvoker.invokeTestMethod(TestInvoker.java:173)
	at org.testng.internal.MethodRunner.runInSequence(MethodRunner.java:46)
	at org.testng.internal.TestInvoker$MethodInvocationAgent.invoke(TestInvoker.java:824)
	at org.testng.internal.TestInvoker.invokeTestMethods(TestInvoker.java:146)
	at org.testng.internal.TestMethodWorker.invokeTestMethods(TestMethodWorker.java:146)
	at org.testng.internal.TestMethodWorker.run(TestMethodWorker.java:128)
	at java.base/java.util.ArrayList.forEach(ArrayList.java:1511)
	at org.testng.TestRunner.privateRun(TestRunner.java:794)
	at org.testng.TestRunner.run(TestRunner.java:596)
	at org.testng.SuiteRunner.runTest(SuiteRunner.java:377)
	at org.testng.SuiteRunner.runSequentially(SuiteRunner.java:371)
	at org.testng.SuiteRunner.privateRun(SuiteRunner.java:332)
	at org.testng.SuiteRunner.run(SuiteRunner.java:276)
	at org.testng.SuiteRunnerWorker.runSuite(SuiteRunnerWorker.java:53)
	at org.testng.SuiteRunnerWorker.run(SuiteRunnerWorker.java:96)
	at org.testng.TestNG.runSuitesSequentially(TestNG.java:1212)
	at org.testng.TestNG.runSuitesLocally(TestNG.java:1134)
	at org.testng.TestNG.runSuites(TestNG.java:1063)
	at org.testng.TestNG.run(TestNG.java:1031)
	at org.apache.maven.surefire.testng.TestNGExecutor.run(TestNGExecutor.java:284)
	at org.apache.maven.surefire.testng.TestNGXmlTestSuite.execute(TestNGXmlTestSuite.java:75)
	at org.apache.maven.surefire.testng.TestNGProvider.invoke(TestNGProvider.java:119)
	at org.apache.maven.surefire.booter.ForkedBooter.runSuitesInProcess(ForkedBooter.java:428)
	at org.apache.maven.surefire.booter.ForkedBooter.execute(ForkedBooter.java:162)
	at org.apache.maven.surefire.booter.ForkedBooter.run(ForkedBooter.java:562)
	at org.apache.maven.surefire.booter.ForkedBooter.main(ForkedBooter.java:548)

FAILED: Verify_the_functionality_of_Confirm_button_of_confirmation_popup
org.openqa.selenium.NoSuchElementException: An element could not be located on the page using the given search parameters.
For documentation on this error, please visit: https://www.seleniumhq.org/exceptions/no_such_element.html
Build info: version: '3.141.59', revision: 'e82be7d358', time: '2018-11-14T08:17:03'
System info: host: 'Admins-MacBook-Pro.local', ip: 'fe80:0:0:0:8f:c148:5c9e:6494%en0', os.name: 'Mac OS X', os.arch: 'x86_64', os.version: '12.4', java.version: '19.0.1'
Driver info: io.appium.java_client.android.AndroidDriver
Capabilities {app: /Users/admin/Desktop/Plai_M..., appPackage: com.app.plaisports, autoAcceptAlerts: true, autoGrantPermissions: true, automationName: UiAutomator2, databaseEnabled: false, desired: {app: /Users/admin/Desktop/Plai_M..., autoAcceptAlerts: true, autoGrantPermissions: true, automationName: UiAutomator2, deviceName: 25e4e5308f0d7ece, platformName: android, platformVersion: 10, resetKeyboard: false, unicodeKeyboard: false}, deviceApiLevel: 29, deviceManufacturer: samsung, deviceModel: SM-N960F, deviceName: 25e4e5308f0d7ece, deviceScreenDensity: 420, deviceScreenSize: 1080x2220, deviceUDID: 25e4e5308f0d7ece, javascriptEnabled: true, locationContextEnabled: false, networkConnectionEnabled: true, pixelRatio: 2.625, platform: LINUX, platformName: android, platformVersion: 10, resetKeyboard: false, statBarHeight: 63, takesScreenshot: true, unicodeKeyboard: false, viewportRect: {height: 2031, left: 0, top: 63, width: 1080}, warnings: {}, webStorageEnabled: false}
Session ID: 49d0981d-82e3-4920-9660-ae337842b4e0
*** Element info: {Using=xpath, value=//android.widget.TextView[@text="CONFIRM"]}
	at java.base/jdk.internal.reflect.DirectConstructorHandleAccessor.newInstance(DirectConstructorHandleAccessor.java:67)
	at java.base/java.lang.reflect.Constructor.newInstanceWithCaller(Constructor.java:500)
	at java.base/java.lang.reflect.Constructor.newInstance(Constructor.java:484)
	at org.openqa.selenium.remote.http.W3CHttpResponseCodec.createException(W3CHttpResponseCodec.java:187)
	at org.openqa.selenium.remote.http.W3CHttpResponseCodec.decode(W3CHttpResponseCodec.java:122)
	at org.openqa.selenium.remote.http.W3CHttpResponseCodec.decode(W3CHttpResponseCodec.java:49)
	at org.openqa.selenium.remote.HttpCommandExecutor.execute(HttpCommandExecutor.java:158)
	at io.appium.java_client.remote.AppiumCommandExecutor.execute(AppiumCommandExecutor.java:247)
	at org.openqa.selenium.remote.RemoteWebDriver.execute(RemoteWebDriver.java:552)
	at io.appium.java_client.DefaultGenericMobileDriver.execute(DefaultGenericMobileDriver.java:41)
	at io.appium.java_client.AppiumDriver.execute(AppiumDriver.java:1)
	at io.appium.java_client.android.AndroidDriver.execute(AndroidDriver.java:1)
	at org.openqa.selenium.remote.RemoteWebDriver.findElement(RemoteWebDriver.java:323)
	at io.appium.java_client.DefaultGenericMobileDriver.findElement(DefaultGenericMobileDriver.java:61)
	at io.appium.java_client.AppiumDriver.findElement(AppiumDriver.java:1)
	at io.appium.java_client.android.AndroidDriver.findElement(AndroidDriver.java:1)
	at org.openqa.selenium.remote.RemoteWebDriver.findElementByXPath(RemoteWebDriver.java:428)
	at io.appium.java_client.DefaultGenericMobileDriver.findElementByXPath(DefaultGenericMobileDriver.java:151)
	at io.appium.java_client.AppiumDriver.findElementByXPath(AppiumDriver.java:1)
	at io.appium.java_client.android.AndroidDriver.findElementByXPath(AndroidDriver.java:1)
	at org.openqa.selenium.By$ByXPath.findElement(By.java:353)
	at org.openqa.selenium.remote.RemoteWebDriver.findElement(RemoteWebDriver.java:315)
	at io.appium.java_client.DefaultGenericMobileDriver.findElement(DefaultGenericMobileDriver.java:57)
	at io.appium.java_client.AppiumDriver.findElement(AppiumDriver.java:1)
	at io.appium.java_client.android.AndroidDriver.findElement(AndroidDriver.java:1)
	at Pages.HomePage.Click_Confirm_Button(HomePage.java:525)
	at Tests.NewsTabTests.Verify_the_functionality_of_Confirm_button_of_confirmation_popup(NewsTabTests.java:255)
	at java.base/jdk.internal.reflect.DirectMethodHandleAccessor.invoke(DirectMethodHandleAccessor.java:104)
	at java.base/java.lang.reflect.Method.invoke(Method.java:578)
	at org.testng.internal.MethodInvocationHelper.invokeMethod(MethodInvocationHelper.java:133)
	at org.testng.internal.TestInvoker.invokeMethod(TestInvoker.java:598)
	at org.testng.internal.TestInvoker.invokeTestMethod(TestInvoker.java:173)
	at org.testng.internal.MethodRunner.runInSequence(MethodRunner.java:46)
	at org.testng.internal.TestInvoker$MethodInvocationAgent.invoke(TestInvoker.java:824)
	at org.testng.internal.TestInvoker.invokeTestMethods(TestInvoker.java:146)
	at org.testng.internal.TestMethodWorker.invokeTestMethods(TestMethodWorker.java:146)
	at org.testng.internal.TestMethodWorker.run(TestMethodWorker.java:128)
	at java.base/java.util.ArrayList.forEach(ArrayList.java:1511)
	at org.testng.TestRunner.privateRun(TestRunner.java:794)
	at org.testng.TestRunner.run(TestRunner.java:596)
	at org.testng.SuiteRunner.runTest(SuiteRunner.java:377)
	at org.testng.SuiteRunner.runSequentially(SuiteRunner.java:371)
	at org.testng.SuiteRunner.privateRun(SuiteRunner.java:332)
	at org.testng.SuiteRunner.run(SuiteRunner.java:276)
	at org.testng.SuiteRunnerWorker.runSuite(SuiteRunnerWorker.java:53)
	at org.testng.SuiteRunnerWorker.run(SuiteRunnerWorker.java:96)
	at org.testng.TestNG.runSuitesSequentially(TestNG.java:1212)
	at org.testng.TestNG.runSuitesLocally(TestNG.java:1134)
	at org.testng.TestNG.runSuites(TestNG.java:1063)
	at org.testng.TestNG.run(TestNG.java:1031)
	at org.apache.maven.surefire.testng.TestNGExecutor.run(TestNGExecutor.java:284)
	at org.apache.maven.surefire.testng.TestNGXmlTestSuite.execute(TestNGXmlTestSuite.java:75)
	at org.apache.maven.surefire.testng.TestNGProvider.invoke(TestNGProvider.java:119)
	at org.apache.maven.surefire.booter.ForkedBooter.runSuitesInProcess(ForkedBooter.java:428)
	at org.apache.maven.surefire.booter.ForkedBooter.execute(ForkedBooter.java:162)
	at org.apache.maven.surefire.booter.ForkedBooter.run(ForkedBooter.java:562)
	at org.apache.maven.surefire.booter.ForkedBooter.main(ForkedBooter.java:548)

FAILED: Verify_the_functionality_of_CONFIRM_button_Edit_Article
org.openqa.selenium.NoSuchElementException: An element could not be located on the page using the given search parameters.
For documentation on this error, please visit: https://www.seleniumhq.org/exceptions/no_such_element.html
Build info: version: '3.141.59', revision: 'e82be7d358', time: '2018-11-14T08:17:03'
System info: host: 'Admins-MacBook-Pro.local', ip: 'fe80:0:0:0:8f:c148:5c9e:6494%en0', os.name: 'Mac OS X', os.arch: 'x86_64', os.version: '12.4', java.version: '19.0.1'
Driver info: io.appium.java_client.android.AndroidDriver
Capabilities {app: /Users/admin/Desktop/Plai_M..., appPackage: com.app.plaisports, autoAcceptAlerts: true, autoGrantPermissions: true, automationName: UiAutomator2, databaseEnabled: false, desired: {app: /Users/admin/Desktop/Plai_M..., autoAcceptAlerts: true, autoGrantPermissions: true, automationName: UiAutomator2, deviceName: 25e4e5308f0d7ece, platformName: android, platformVersion: 10, resetKeyboard: false, unicodeKeyboard: false}, deviceApiLevel: 29, deviceManufacturer: samsung, deviceModel: SM-N960F, deviceName: 25e4e5308f0d7ece, deviceScreenDensity: 420, deviceScreenSize: 1080x2220, deviceUDID: 25e4e5308f0d7ece, javascriptEnabled: true, locationContextEnabled: false, networkConnectionEnabled: true, pixelRatio: 2.625, platform: LINUX, platformName: android, platformVersion: 10, resetKeyboard: false, statBarHeight: 63, takesScreenshot: true, unicodeKeyboard: false, viewportRect: {height: 2031, left: 0, top: 63, width: 1080}, warnings: {}, webStorageEnabled: false}
Session ID: f6be0375-2077-40ee-9df8-a05b53606a40
*** Element info: {Using=xpath, value=//android.widget.TextView[@text="CONFIRM"]}
	at java.base/jdk.internal.reflect.DirectConstructorHandleAccessor.newInstance(DirectConstructorHandleAccessor.java:67)
	at java.base/java.lang.reflect.Constructor.newInstanceWithCaller(Constructor.java:500)
	at java.base/java.lang.reflect.Constructor.newInstance(Constructor.java:484)
	at org.openqa.selenium.remote.http.W3CHttpResponseCodec.createException(W3CHttpResponseCodec.java:187)
	at org.openqa.selenium.remote.http.W3CHttpResponseCodec.decode(W3CHttpResponseCodec.java:122)
	at org.openqa.selenium.remote.http.W3CHttpResponseCodec.decode(W3CHttpResponseCodec.java:49)
	at org.openqa.selenium.remote.HttpCommandExecutor.execute(HttpCommandExecutor.java:158)
	at io.appium.java_client.remote.AppiumCommandExecutor.execute(AppiumCommandExecutor.java:247)
	at org.openqa.selenium.remote.RemoteWebDriver.execute(RemoteWebDriver.java:552)
	at io.appium.java_client.DefaultGenericMobileDriver.execute(DefaultGenericMobileDriver.java:41)
	at io.appium.java_client.AppiumDriver.execute(AppiumDriver.java:1)
	at io.appium.java_client.android.AndroidDriver.execute(AndroidDriver.java:1)
	at org.openqa.selenium.remote.RemoteWebDriver.findElement(RemoteWebDriver.java:323)
	at io.appium.java_client.DefaultGenericMobileDriver.findElement(DefaultGenericMobileDriver.java:61)
	at io.appium.java_client.AppiumDriver.findElement(AppiumDriver.java:1)
	at io.appium.java_client.android.AndroidDriver.findElement(AndroidDriver.java:1)
	at org.openqa.selenium.remote.RemoteWebDriver.findElementByXPath(RemoteWebDriver.java:428)
	at io.appium.java_client.DefaultGenericMobileDriver.findElementByXPath(DefaultGenericMobileDriver.java:151)
	at io.appium.java_client.AppiumDriver.findElementByXPath(AppiumDriver.java:1)
	at io.appium.java_client.android.AndroidDriver.findElementByXPath(AndroidDriver.java:1)
	at org.openqa.selenium.By$ByXPath.findElement(By.java:353)
	at org.openqa.selenium.remote.RemoteWebDriver.findElement(RemoteWebDriver.java:315)
	at io.appium.java_client.DefaultGenericMobileDriver.findElement(DefaultGenericMobileDriver.java:57)
	at io.appium.java_client.AppiumDriver.findElement(AppiumDriver.java:1)
	at io.appium.java_client.android.AndroidDriver.findElement(AndroidDriver.java:1)
	at Pages.HomePage.Click_Confirm_Button(HomePage.java:525)
	at Tests.NewsTabTests.Verify_the_functionality_of_CONFIRM_button_Edit_Article(NewsTabTests.java:193)
	at java.base/jdk.internal.reflect.DirectMethodHandleAccessor.invoke(DirectMethodHandleAccessor.java:104)
	at java.base/java.lang.reflect.Method.invoke(Method.java:578)
	at org.testng.internal.MethodInvocationHelper.invokeMethod(MethodInvocationHelper.java:133)
	at org.testng.internal.TestInvoker.invokeMethod(TestInvoker.java:598)
	at org.testng.internal.TestInvoker.invokeTestMethod(TestInvoker.java:173)
	at org.testng.internal.MethodRunner.runInSequence(MethodRunner.java:46)
	at org.testng.internal.TestInvoker$MethodInvocationAgent.invoke(TestInvoker.java:824)
	at org.testng.internal.TestInvoker.invokeTestMethods(TestInvoker.java:146)
	at org.testng.internal.TestMethodWorker.invokeTestMethods(TestMethodWorker.java:146)
	at org.testng.internal.TestMethodWorker.run(TestMethodWorker.java:128)
	at java.base/java.util.ArrayList.forEach(ArrayList.java:1511)
	at org.testng.TestRunner.privateRun(TestRunner.java:794)
	at org.testng.TestRunner.run(TestRunner.java:596)
	at org.testng.SuiteRunner.runTest(SuiteRunner.java:377)
	at org.testng.SuiteRunner.runSequentially(SuiteRunner.java:371)
	at org.testng.SuiteRunner.privateRun(SuiteRunner.java:332)
	at org.testng.SuiteRunner.run(SuiteRunner.java:276)
	at org.testng.SuiteRunnerWorker.runSuite(SuiteRunnerWorker.java:53)
	at org.testng.SuiteRunnerWorker.run(SuiteRunnerWorker.java:96)
	at org.testng.TestNG.runSuitesSequentially(TestNG.java:1212)
	at org.testng.TestNG.runSuitesLocally(TestNG.java:1134)
	at org.testng.TestNG.runSuites(TestNG.java:1063)
	at org.testng.TestNG.run(TestNG.java:1031)
	at org.apache.maven.surefire.testng.TestNGExecutor.run(TestNGExecutor.java:284)
	at org.apache.maven.surefire.testng.TestNGXmlTestSuite.execute(TestNGXmlTestSuite.java:75)
	at org.apache.maven.surefire.testng.TestNGProvider.invoke(TestNGProvider.java:119)
	at org.apache.maven.surefire.booter.ForkedBooter.runSuitesInProcess(ForkedBooter.java:428)
	at org.apache.maven.surefire.booter.ForkedBooter.execute(ForkedBooter.java:162)
	at org.apache.maven.surefire.booter.ForkedBooter.run(ForkedBooter.java:562)
	at org.apache.maven.surefire.booter.ForkedBooter.main(ForkedBooter.java:548)


===============================================
    Verify NewsTab Functionality
    Tests run: 27, Failures: 4, Skips: 0
===============================================

Application Launched.
Clicked on skip button.
Clicked on next button.
Entered Email :- sagarnandha11+1@gmail.com
Entered Password :- Plai@1234
Clicked On Login Button
App name is verified on login splash screen
Day Greeting is verified on login splash screen
Username with Profile Picture is verified on login splash screen
Welcome Greeting is verified on login splash screen
Clicked On PLAIers Snooker Club Banner
PLAIers Snooker Club Opened
Shop Tab Opened
Search Bar Is Displayed
Burger Menu Is Displayed
Product Banner Is Displayed
Product Price Is Displayed
View All Button Is Displayed
]]></system-out>
    <system-err><![CDATA[Jan 03, 2023 11:03:39 PM io.appium.java_client.remote.AppiumCommandExecutor$1 lambda$0
INFO: Detected dialect: W3C
]]></system-err>
  </testcase>
  <testcase name="Verify_the_Search_bar_of_SHOP_tab" classname="Tests.ShopTabTests" time="48.308">
    <failure message="Cannot set the element to &apos;Test Product&apos;. Did you interact with the correct element?&#10;Build info: version: &apos;3.141.59&apos;, revision: &apos;e82be7d358&apos;, time: &apos;2018-11-14T08:17:03&apos;&#10;System info: host: &apos;Admins-MacBook-Pro.local&apos;, ip: &apos;fe80:0:0:0:8f:c148:5c9e:6494%en0&apos;, os.name: &apos;Mac OS X&apos;, os.arch: &apos;x86_64&apos;, os.version: &apos;12.4&apos;, java.version: &apos;19.0.1&apos;&#10;Driver info: io.appium.java_client.android.AndroidDriver&#10;Capabilities {app: /Users/admin/Desktop/Plai_M..., appPackage: com.app.plaisports, autoAcceptAlerts: true, autoGrantPermissions: true, automationName: UiAutomator2, databaseEnabled: false, desired: {app: /Users/admin/Desktop/Plai_M..., autoAcceptAlerts: true, autoGrantPermissions: true, automationName: UiAutomator2, deviceName: 25e4e5308f0d7ece, platformName: android, platformVersion: 10, resetKeyboard: false, unicodeKeyboard: false}, deviceApiLevel: 29, deviceManufacturer: samsung, deviceModel: SM-N960F, deviceName: 25e4e5308f0d7ece, deviceScreenDensity: 420, deviceScreenSize: 1080x2220, deviceUDID: 25e4e5308f0d7ece, javascriptEnabled: true, locationContextEnabled: false, networkConnectionEnabled: true, pixelRatio: 2.625, platform: LINUX, platformName: android, platformVersion: 10, resetKeyboard: false, statBarHeight: 63, takesScreenshot: true, unicodeKeyboard: false, viewportRect: {height: 2031, left: 0, top: 63, width: 1080}, warnings: {}, webStorageEnabled: false}&#10;Session ID: a3864054-83ca-4b2d-85e1-52ce91c26547" type="org.openqa.selenium.InvalidElementStateException"><![CDATA[org.openqa.selenium.InvalidElementStateException: 
Cannot set the element to 'Test Product'. Did you interact with the correct element?
Build info: version: '3.141.59', revision: 'e82be7d358', time: '2018-11-14T08:17:03'
System info: host: 'Admins-MacBook-Pro.local', ip: 'fe80:0:0:0:8f:c148:5c9e:6494%en0', os.name: 'Mac OS X', os.arch: 'x86_64', os.version: '12.4', java.version: '19.0.1'
Driver info: io.appium.java_client.android.AndroidDriver
Capabilities {app: /Users/admin/Desktop/Plai_M..., appPackage: com.app.plaisports, autoAcceptAlerts: true, autoGrantPermissions: true, automationName: UiAutomator2, databaseEnabled: false, desired: {app: /Users/admin/Desktop/Plai_M..., autoAcceptAlerts: true, autoGrantPermissions: true, automationName: UiAutomator2, deviceName: 25e4e5308f0d7ece, platformName: android, platformVersion: 10, resetKeyboard: false, unicodeKeyboard: false}, deviceApiLevel: 29, deviceManufacturer: samsung, deviceModel: SM-N960F, deviceName: 25e4e5308f0d7ece, deviceScreenDensity: 420, deviceScreenSize: 1080x2220, deviceUDID: 25e4e5308f0d7ece, javascriptEnabled: true, locationContextEnabled: false, networkConnectionEnabled: true, pixelRatio: 2.625, platform: LINUX, platformName: android, platformVersion: 10, resetKeyboard: false, statBarHeight: 63, takesScreenshot: true, unicodeKeyboard: false, viewportRect: {height: 2031, left: 0, top: 63, width: 1080}, warnings: {}, webStorageEnabled: false}
Session ID: a3864054-83ca-4b2d-85e1-52ce91c26547
	at Tests.ShopTabTests.Verify_the_Search_bar_of_SHOP_tab(ShopTabTests.java:44)
]]></failure>
    <system-out><![CDATA[PASS : Verify_the_EVENT_tab_for_Admin_banner<br><br>---------------------------------------------------------------------------<br><br>
Application Launched.
Clicked on skip button.
Clicked on next button.
Entered Email :- sagarnandha11+1@gmail.com
Entered Password :- Plai@1234
Clicked On Login Button
App name is verified on login splash screen
Day Greeting is verified on login splash screen
Username with Profile Picture is verified on login splash screen
Welcome Greeting is verified on login splash screen
Clicked On PLAIers Snooker Club Banner
PLAIers Snooker Club Opened
Shop Tab Opened
]]></system-out>
    <system-err><![CDATA[Jan 03, 2023 11:04:35 PM io.appium.java_client.remote.AppiumCommandExecutor$1 lambda$0
INFO: Detected dialect: W3C
]]></system-err>
  </testcase>
  <testcase name="Verify_the_Hamburger_menu_icon" classname="Tests.ShopTabTests" time="53.365">
    <system-out><![CDATA[Application Launched.
Clicked on skip button.
Clicked on next button.
Entered Email :- sagarnandha11+1@gmail.com
Entered Password :- Plai@1234
Clicked On Login Button
App name is verified on login splash screen
Day Greeting is verified on login splash screen
Username with Profile Picture is verified on login splash screen
Welcome Greeting is verified on login splash screen
Clicked On PLAIers Snooker Club Banner
PLAIers Snooker Club Opened
Shop Tab Opened
Product View Switched to List
Product View Switched to Tiles
]]></system-out>
    <system-err><![CDATA[Jan 03, 2023 11:05:24 PM org.openqa.selenium.remote.Augmenter extractRemoteWebDriver
WARNING: Augmenter should be applied to the instances of @Augmentable classes or previously augmented instances only (instance class was: class io.appium.java_client.android.AndroidDriver)
Jan 03, 2023 11:05:33 PM io.appium.java_client.remote.AppiumCommandExecutor$1 lambda$0
INFO: Detected dialect: W3C
]]></system-err>
  </testcase>
  <testcase name="Verify_the_View_All_Link_of_category" classname="Tests.ShopTabTests" time="55.459">
    <system-out><![CDATA[PASS : Verify_the_Hamburger_menu_icon<br><br>---------------------------------------------------------------------------<br><br>
Application Launched.
Clicked on skip button.
Clicked on next button.
Entered Email :- sagarnandha11+1@gmail.com
Entered Password :- Plai@1234
Clicked On Login Button
App name is verified on login splash screen
Day Greeting is verified on login splash screen
Username with Profile Picture is verified on login splash screen
Welcome Greeting is verified on login splash screen
Clicked On PLAIers Snooker Club Banner
PLAIers Snooker Club Opened
Shop Tab Opened
Clicked On View All Button Of Clothing
Clothing List Page Is Displayed
]]></system-out>
    <system-err><![CDATA[Jan 03, 2023 11:06:36 PM io.appium.java_client.remote.AppiumCommandExecutor$1 lambda$0
INFO: Detected dialect: W3C
]]></system-err>
  </testcase>
  <testcase name="Verify_the_Search_bar_of_CLOTHING_screen" classname="Tests.ShopTabTests" time="56.155">
    <system-out><![CDATA[PASS : Verify_the_View_All_Link_of_category<br><br>---------------------------------------------------------------------------<br><br>
Application Launched.
Clicked on skip button.
Clicked on next button.
Entered Email :- sagarnandha11+1@gmail.com
Entered Password :- Plai@1234
Clicked On Login Button
App name is verified on login splash screen
Day Greeting is verified on login splash screen
Username with Profile Picture is verified on login splash screen
Welcome Greeting is verified on login splash screen
Clicked On PLAIers Snooker Club Banner
PLAIers Snooker Club Opened
Shop Tab Opened
Clicked On View All Button Of Clothing
Clothing List Page Is Displayed
Searched T-Shirt in CLP
Searched Product Is Displayed
]]></system-out>
    <system-err><![CDATA[Jan 03, 2023 11:07:40 PM io.appium.java_client.remote.AppiumCommandExecutor$1 lambda$0
INFO: Detected dialect: W3C
]]></system-err>
  </testcase>
  <testcase name="Verify_the_banners_for_product" classname="Tests.ShopTabTests" time="56.641">
    <system-out><![CDATA[PASS : Verify_the_Search_bar_of_CLOTHING_screen<br><br>---------------------------------------------------------------------------<br><br>
Application Launched.
Clicked on skip button.
Clicked on next button.
Entered Email :- sagarnandha11+1@gmail.com
Entered Password :- Plai@1234
Clicked On Login Button
App name is verified on login splash screen
Day Greeting is verified on login splash screen
Username with Profile Picture is verified on login splash screen
Welcome Greeting is verified on login splash screen
Clicked On PLAIers Snooker Club Banner
PLAIers Snooker Club Opened
Shop Tab Opened
Clicked On View All Button Of Clothing
Clothing List Page Is Displayed
Searched T-Shirt in CLP
Searched Product Is Displayed
Clicked On T-Shirt Product_Banner
Back Button Is Displayed
Product Price Is Displayed
BUy Now button Is Displayed
]]></system-out>
    <system-err><![CDATA[Jan 03, 2023 11:08:44 PM io.appium.java_client.remote.AppiumCommandExecutor$1 lambda$0
INFO: Detected dialect: W3C
]]></system-err>
  </testcase>
  <testcase name="Verify_the_Back_icon" classname="Tests.ShopTabTests" time="58.464">
    <failure message="The element &apos;By.xpath: //android.widget.ImageView&apos; is not linked to the same object in DOM anymore&#10;For documentation on this error, please visit: https://www.seleniumhq.org/exceptions/stale_element_reference.html&#10;Build info: version: &apos;3.141.59&apos;, revision: &apos;e82be7d358&apos;, time: &apos;2018-11-14T08:17:03&apos;&#10;System info: host: &apos;Admins-MacBook-Pro.local&apos;, ip: &apos;fe80:0:0:0:8f:c148:5c9e:6494%en0&apos;, os.name: &apos;Mac OS X&apos;, os.arch: &apos;x86_64&apos;, os.version: &apos;12.4&apos;, java.version: &apos;19.0.1&apos;&#10;Driver info: io.appium.java_client.android.AndroidDriver&#10;Capabilities {app: /Users/admin/Desktop/Plai_M..., appPackage: com.app.plaisports, autoAcceptAlerts: true, autoGrantPermissions: true, automationName: UiAutomator2, databaseEnabled: false, desired: {app: /Users/admin/Desktop/Plai_M..., autoAcceptAlerts: true, autoGrantPermissions: true, automationName: UiAutomator2, deviceName: 25e4e5308f0d7ece, platformName: android, platformVersion: 10, resetKeyboard: false, unicodeKeyboard: false}, deviceApiLevel: 29, deviceManufacturer: samsung, deviceModel: SM-N960F, deviceName: 25e4e5308f0d7ece, deviceScreenDensity: 420, deviceScreenSize: 1080x2220, deviceUDID: 25e4e5308f0d7ece, javascriptEnabled: true, locationContextEnabled: false, networkConnectionEnabled: true, pixelRatio: 2.625, platform: LINUX, platformName: android, platformVersion: 10, resetKeyboard: false, statBarHeight: 63, takesScreenshot: true, unicodeKeyboard: false, viewportRect: {height: 2031, left: 0, top: 63, width: 1080}, warnings: {}, webStorageEnabled: false}&#10;Session ID: c421823e-c36f-4a7a-97b8-6e9945aa3ea6" type="org.openqa.selenium.StaleElementReferenceException"><![CDATA[org.openqa.selenium.StaleElementReferenceException: 
The element 'By.xpath: //android.widget.ImageView' is not linked to the same object in DOM anymore
For documentation on this error, please visit: https://www.seleniumhq.org/exceptions/stale_element_reference.html
Build info: version: '3.141.59', revision: 'e82be7d358', time: '2018-11-14T08:17:03'
System info: host: 'Admins-MacBook-Pro.local', ip: 'fe80:0:0:0:8f:c148:5c9e:6494%en0', os.name: 'Mac OS X', os.arch: 'x86_64', os.version: '12.4', java.version: '19.0.1'
Driver info: io.appium.java_client.android.AndroidDriver
Capabilities {app: /Users/admin/Desktop/Plai_M..., appPackage: com.app.plaisports, autoAcceptAlerts: true, autoGrantPermissions: true, automationName: UiAutomator2, databaseEnabled: false, desired: {app: /Users/admin/Desktop/Plai_M..., autoAcceptAlerts: true, autoGrantPermissions: true, automationName: UiAutomator2, deviceName: 25e4e5308f0d7ece, platformName: android, platformVersion: 10, resetKeyboard: false, unicodeKeyboard: false}, deviceApiLevel: 29, deviceManufacturer: samsung, deviceModel: SM-N960F, deviceName: 25e4e5308f0d7ece, deviceScreenDensity: 420, deviceScreenSize: 1080x2220, deviceUDID: 25e4e5308f0d7ece, javascriptEnabled: true, locationContextEnabled: false, networkConnectionEnabled: true, pixelRatio: 2.625, platform: LINUX, platformName: android, platformVersion: 10, resetKeyboard: false, statBarHeight: 63, takesScreenshot: true, unicodeKeyboard: false, viewportRect: {height: 2031, left: 0, top: 63, width: 1080}, warnings: {}, webStorageEnabled: false}
Session ID: c421823e-c36f-4a7a-97b8-6e9945aa3ea6
	at Tests.ShopTabTests.Verify_the_Back_icon(ShopTabTests.java:132)
]]></failure>
    <system-out><![CDATA[PASS : Verify_the_banners_for_product<br><br>---------------------------------------------------------------------------<br><br>
Application Launched.
Clicked on skip button.
Clicked on next button.
Entered Email :- sagarnandha11+1@gmail.com
Entered Password :- Plai@1234
Clicked On Login Button
App name is verified on login splash screen
Day Greeting is verified on login splash screen
Username with Profile Picture is verified on login splash screen
Welcome Greeting is verified on login splash screen
Clicked On PLAIers Snooker Club Banner
PLAIers Snooker Club Opened
Shop Tab Opened
Clicked On View All Button Of Clothing
Clothing List Page Is Displayed
Searched T-Shirt in CLP
Searched Product Is Displayed
Clicked On T-Shirt Product_Banner
]]></system-out>
    <system-err><![CDATA[Jan 03, 2023 11:09:50 PM io.appium.java_client.remote.AppiumCommandExecutor$1 lambda$0
INFO: Detected dialect: W3C
]]></system-err>
  </testcase>
  <testcase name="Verify_the_functionality_of_BUY_NOW_button" classname="Tests.ShopTabTests" time="64.016">
    <system-out><![CDATA[Application Launched.
Clicked on skip button.
Clicked on next button.
Entered Email :- sagarnandha11+1@gmail.com
Entered Password :- Plai@1234
Clicked On Login Button
App name is verified on login splash screen
Day Greeting is verified on login splash screen
Username with Profile Picture is verified on login splash screen
Welcome Greeting is verified on login splash screen
Clicked On PLAIers Snooker Club Banner
PLAIers Snooker Club Opened
Shop Tab Opened
Clicked On View All Button Of Clothing
Clothing List Page Is Displayed
Searched T-Shirt in CLP
Searched Product Is Displayed
Clicked On T-Shirt Product_Banner
Clicked On Buy Now Button
Checkout Page is Displayed
Clothing List Page Is Displayed
Clothing List Page Is Displayed
Name in Checkout Is Displayed : Sagar Nandha
Address in Checkout Is Displayed : 8 Floor, North Plaza, 801, Motera, Ahmedabad, Gujarat 380005, India
Proceed To Payment Button Is Displayed
]]></system-out>
    <system-err><![CDATA[Jan 03, 2023 11:10:48 PM org.openqa.selenium.remote.Augmenter extractRemoteWebDriver
WARNING: Augmenter should be applied to the instances of @Augmentable classes or previously augmented instances only (instance class was: class io.appium.java_client.android.AndroidDriver)
Jan 03, 2023 11:10:58 PM io.appium.java_client.remote.AppiumCommandExecutor$1 lambda$0
INFO: Detected dialect: W3C
]]></system-err>
  </testcase>
  <testcase name="Verify_the_functionality_of_PROCEED_TO_PAYMENT_button" classname="Tests.ShopTabTests" time="68.388">
    <system-out><![CDATA[PASS : Verify_the_functionality_of_BUY_NOW_button<br><br>---------------------------------------------------------------------------<br><br>
Application Launched.
Clicked on skip button.
Clicked on next button.
Entered Email :- sagarnandha11+1@gmail.com
Entered Password :- Plai@1234
Clicked On Login Button
App name is verified on login splash screen
Day Greeting is verified on login splash screen
Username with Profile Picture is verified on login splash screen
Welcome Greeting is verified on login splash screen
Clicked On PLAIers Snooker Club Banner
PLAIers Snooker Club Opened
Shop Tab Opened
Clicked On View All Button Of Clothing
Clothing List Page Is Displayed
Searched T-Shirt in CLP
Searched Product Is Displayed
Clicked On T-Shirt Product_Banner
Clicked On Buy Now Button
Checkout Page is Displayed
Clothing List Page Is Displayed
Clothing List Page Is Displayed
Name in Checkout Is Displayed : Sagar Nandha
Address in Checkout Is Displayed : 8 Floor, North Plaza, 801, Motera, Ahmedabad, Gujarat 380005, India
Proceed To Payment Button Is Displayed
Clicked On Proceed To Payment button
Card Number Field Is Displayed
Expiration Dropdown Is Displayed
CVV Field Is Displayed
Country Dropdown Is Displayed
Confirm Purchase Displayed
]]></system-out>
    <system-err><![CDATA[Jan 03, 2023 11:12:10 PM io.appium.java_client.remote.AppiumCommandExecutor$1 lambda$0
INFO: Detected dialect: W3C
]]></system-err>
  </testcase>
  <testcase name="Verify_the_Card_Number_field_of_CHECKOUT_screen" classname="Tests.ShopTabTests" time="68.722">
    <system-out><![CDATA[PASS : Verify_the_functionality_of_PROCEED_TO_PAYMENT_button<br><br>---------------------------------------------------------------------------<br><br>
Application Launched.
Clicked on skip button.
Clicked on next button.
Entered Email :- sagarnandha11+1@gmail.com
Entered Password :- Plai@1234
Clicked On Login Button
App name is verified on login splash screen
Day Greeting is verified on login splash screen
Username with Profile Picture is verified on login splash screen
Welcome Greeting is verified on login splash screen
Clicked On PLAIers Snooker Club Banner
PLAIers Snooker Club Opened
Shop Tab Opened
Clicked On View All Button Of Clothing
Clothing List Page Is Displayed
Searched T-Shirt in CLP
Searched Product Is Displayed
Clicked On T-Shirt Product_Banner
Clicked On Buy Now Button
Checkout Page is Displayed
Clothing List Page Is Displayed
Clothing List Page Is Displayed
Name in Checkout Is Displayed : Sagar Nandha
Address in Checkout Is Displayed : 8 Floor, North Plaza, 801, Motera, Ahmedabad, Gujarat 380005, India
Proceed To Payment Button Is Displayed
Clicked On Proceed To Payment button
Clicked On Card Number Field
]]></system-out>
    <system-err><![CDATA[Jan 03, 2023 11:13:27 PM io.appium.java_client.remote.AppiumCommandExecutor$1 lambda$0
INFO: Detected dialect: W3C
]]></system-err>
  </testcase>
  <testcase name="Verify_the_Expiration_field_of_CHECKOUT_screen" classname="Tests.ShopTabTests" time="68.065">
    <system-out><![CDATA[PASS : Verify_the_Card_Number_field_of_CHECKOUT_screen<br><br>---------------------------------------------------------------------------<br><br>
Application Launched.
Clicked on skip button.
Clicked on next button.
Entered Email :- sagarnandha11+1@gmail.com
Entered Password :- Plai@1234
Clicked On Login Button
App name is verified on login splash screen
Day Greeting is verified on login splash screen
Username with Profile Picture is verified on login splash screen
Welcome Greeting is verified on login splash screen
Clicked On PLAIers Snooker Club Banner
PLAIers Snooker Club Opened
Shop Tab Opened
Clicked On View All Button Of Clothing
Clothing List Page Is Displayed
Searched T-Shirt in CLP
Searched Product Is Displayed
Clicked On T-Shirt Product_Banner
Clicked On Buy Now Button
Checkout Page is Displayed
Clothing List Page Is Displayed
Clothing List Page Is Displayed
Name in Checkout Is Displayed : Sagar Nandha
Address in Checkout Is Displayed : 8 Floor, North Plaza, 801, Motera, Ahmedabad, Gujarat 380005, India
Proceed To Payment Button Is Displayed
Clicked On Proceed To Payment button
Clicked On Card Number Field
Date Panel for month and Year Opened
]]></system-out>
    <system-err><![CDATA[Jan 03, 2023 11:14:44 PM io.appium.java_client.remote.AppiumCommandExecutor$1 lambda$0
INFO: Detected dialect: W3C
]]></system-err>
  </testcase>
  <testcase name="Verify_the_Expiration_field_by_entering_invalid_value" classname="Tests.ShopTabTests" time="69.808">
    <system-out><![CDATA[PASS : Verify_the_Expiration_field_of_CHECKOUT_screen<br><br>---------------------------------------------------------------------------<br><br>
Application Launched.
Clicked on skip button.
Clicked on next button.
Entered Email :- sagarnandha11+1@gmail.com
Entered Password :- Plai@1234
Clicked On Login Button
App name is verified on login splash screen
Day Greeting is verified on login splash screen
Username with Profile Picture is verified on login splash screen
Welcome Greeting is verified on login splash screen
Clicked On PLAIers Snooker Club Banner
PLAIers Snooker Club Opened
Shop Tab Opened
Clicked On View All Button Of Clothing
Clothing List Page Is Displayed
Searched T-Shirt in CLP
Searched Product Is Displayed
Clicked On T-Shirt Product_Banner
Clicked On Buy Now Button
Checkout Page is Displayed
Clothing List Page Is Displayed
Clothing List Page Is Displayed
Name in Checkout Is Displayed : Sagar Nandha
Address in Checkout Is Displayed : 8 Floor, North Plaza, 801, Motera, Ahmedabad, Gujarat 380005, India
Proceed To Payment Button Is Displayed
Clicked On Proceed To Payment button
Clicked On Card Number Field
Date Panel for month and Year Opened
Clicked on confirm button
]]></system-out>
    <system-err><![CDATA[Jan 03, 2023 11:16:01 PM io.appium.java_client.remote.AppiumCommandExecutor$1 lambda$0
INFO: Detected dialect: W3C
]]></system-err>
  </testcase>
  <testcase name="Verify_the_CVC_field_by_entering_2_digit_CVC_Code" classname="Tests.ShopTabTests" time="96.736">
    <failure message="An element could not be located on the page using the given search parameters.&#10;For documentation on this error, please visit: https://www.seleniumhq.org/exceptions/no_such_element.html&#10;Build info: version: &apos;3.141.59&apos;, revision: &apos;e82be7d358&apos;, time: &apos;2018-11-14T08:17:03&apos;&#10;System info: host: &apos;Admins-MacBook-Pro.local&apos;, ip: &apos;fe80:0:0:0:8f:c148:5c9e:6494%en0&apos;, os.name: &apos;Mac OS X&apos;, os.arch: &apos;x86_64&apos;, os.version: &apos;12.4&apos;, java.version: &apos;19.0.1&apos;&#10;Driver info: io.appium.java_client.android.AndroidDriver&#10;Capabilities {app: /Users/admin/Desktop/Plai_M..., appPackage: com.app.plaisports, autoAcceptAlerts: true, autoGrantPermissions: true, automationName: UiAutomator2, databaseEnabled: false, desired: {app: /Users/admin/Desktop/Plai_M..., autoAcceptAlerts: true, autoGrantPermissions: true, automationName: UiAutomator2, deviceName: 25e4e5308f0d7ece, platformName: android, platformVersion: 10, resetKeyboard: false, unicodeKeyboard: false}, deviceApiLevel: 29, deviceManufacturer: samsung, deviceModel: SM-N960F, deviceName: 25e4e5308f0d7ece, deviceScreenDensity: 420, deviceScreenSize: 1080x2220, deviceUDID: 25e4e5308f0d7ece, javascriptEnabled: true, locationContextEnabled: false, networkConnectionEnabled: true, pixelRatio: 2.625, platform: LINUX, platformName: android, platformVersion: 10, resetKeyboard: false, statBarHeight: 63, takesScreenshot: true, unicodeKeyboard: false, viewportRect: {height: 2031, left: 0, top: 63, width: 1080}, warnings: {}, webStorageEnabled: false}&#10;Session ID: bb91e820-eb52-4c6c-9ea1-47cb3b8e20a9&#10;*** Element info: {Using=xpath, value=/hierarchy/android.widget.Toast}" type="org.openqa.selenium.NoSuchElementException"><![CDATA[org.openqa.selenium.NoSuchElementException: 
An element could not be located on the page using the given search parameters.
For documentation on this error, please visit: https://www.seleniumhq.org/exceptions/no_such_element.html
Build info: version: '3.141.59', revision: 'e82be7d358', time: '2018-11-14T08:17:03'
System info: host: 'Admins-MacBook-Pro.local', ip: 'fe80:0:0:0:8f:c148:5c9e:6494%en0', os.name: 'Mac OS X', os.arch: 'x86_64', os.version: '12.4', java.version: '19.0.1'
Driver info: io.appium.java_client.android.AndroidDriver
Capabilities {app: /Users/admin/Desktop/Plai_M..., appPackage: com.app.plaisports, autoAcceptAlerts: true, autoGrantPermissions: true, automationName: UiAutomator2, databaseEnabled: false, desired: {app: /Users/admin/Desktop/Plai_M..., autoAcceptAlerts: true, autoGrantPermissions: true, automationName: UiAutomator2, deviceName: 25e4e5308f0d7ece, platformName: android, platformVersion: 10, resetKeyboard: false, unicodeKeyboard: false}, deviceApiLevel: 29, deviceManufacturer: samsung, deviceModel: SM-N960F, deviceName: 25e4e5308f0d7ece, deviceScreenDensity: 420, deviceScreenSize: 1080x2220, deviceUDID: 25e4e5308f0d7ece, javascriptEnabled: true, locationContextEnabled: false, networkConnectionEnabled: true, pixelRatio: 2.625, platform: LINUX, platformName: android, platformVersion: 10, resetKeyboard: false, statBarHeight: 63, takesScreenshot: true, unicodeKeyboard: false, viewportRect: {height: 2031, left: 0, top: 63, width: 1080}, warnings: {}, webStorageEnabled: false}
Session ID: bb91e820-eb52-4c6c-9ea1-47cb3b8e20a9
*** Element info: {Using=xpath, value=/hierarchy/android.widget.Toast}
	at Tests.ShopTabTests.Verify_the_CVC_field_by_entering_2_digit_CVC_Code(ShopTabTests.java:275)
]]></failure>
    <system-out><![CDATA[PASS : Verify_the_Expiration_field_by_entering_invalid_value<br><br>---------------------------------------------------------------------------<br><br>
Application Launched.
Clicked on skip button.
Clicked on next button.
Entered Email :- sagarnandha11+1@gmail.com
Entered Password :- Plai@1234
Clicked On Login Button
App name is verified on login splash screen
Day Greeting is verified on login splash screen
Username with Profile Picture is verified on login splash screen
Welcome Greeting is verified on login splash screen
Clicked On PLAIers Snooker Club Banner
PLAIers Snooker Club Opened
Shop Tab Opened
Clicked On View All Button Of Clothing
Clothing List Page Is Displayed
Searched T-Shirt in CLP
Searched Product Is Displayed
Clicked On T-Shirt Product_Banner
Clicked On Buy Now Button
Checkout Page is Displayed
Clothing List Page Is Displayed
Clothing List Page Is Displayed
Name in Checkout Is Displayed : Sagar Nandha
Address in Checkout Is Displayed : 8 Floor, North Plaza, 801, Motera, Ahmedabad, Gujarat 380005, India
Proceed To Payment Button Is Displayed
Clicked On Proceed To Payment button
Searched T-Shirt in CLP
Clicked On Card Number Field
Date Panel for month and Year Opened
Clicked on confirm button
Entered 2 digits CVV
Clicked On Country Dropdown
Selected Second Country as UAE
Clicked On Done BButton
Clicked On Confirm_Purchase Button
]]></system-out>
    <system-err><![CDATA[Jan 03, 2023 11:17:20 PM io.appium.java_client.remote.AppiumCommandExecutor$1 lambda$0
INFO: Detected dialect: W3C
]]></system-err>
  </testcase>
  <testcase name="Verify_the_CVC_field_by_entering_4_digit_CVC_Code" classname="Tests.ShopTabTests" time="70.514">
    <system-out><![CDATA[Application Launched.
Clicked on skip button.
Clicked on next button.
Entered Email :- sagarnandha11+1@gmail.com
Entered Password :- Plai@1234
Clicked On Login Button
App name is verified on login splash screen
Day Greeting is verified on login splash screen
Username with Profile Picture is verified on login splash screen
Welcome Greeting is verified on login splash screen
Clicked On PLAIers Snooker Club Banner
PLAIers Snooker Club Opened
Shop Tab Opened
Clicked On View All Button Of Clothing
Clothing List Page Is Displayed
Searched T-Shirt in CLP
Searched Product Is Displayed
Clicked On T-Shirt Product_Banner
Clicked On Buy Now Button
Checkout Page is Displayed
Clothing List Page Is Displayed
Clothing List Page Is Displayed
Name in Checkout Is Displayed : Sagar Nandha
Address in Checkout Is Displayed : 8 Floor, North Plaza, 801, Motera, Ahmedabad, Gujarat 380005, India
Proceed To Payment Button Is Displayed
Clicked On Proceed To Payment button
Sent 4 digits CVV
User is not able to Enter more than 3 digits
]]></system-out>
    <system-err><![CDATA[Jan 03, 2023 11:18:57 PM org.openqa.selenium.remote.Augmenter extractRemoteWebDriver
WARNING: Augmenter should be applied to the instances of @Augmentable classes or previously augmented instances only (instance class was: class io.appium.java_client.android.AndroidDriver)
Jan 03, 2023 11:19:06 PM io.appium.java_client.remote.AppiumCommandExecutor$1 lambda$0
INFO: Detected dialect: W3C
]]></system-err>
  </testcase>
  <testcase name="Verify_the_Country_field_of_CHECKOUT_screen" classname="Tests.ShopTabTests" time="71.029">
    <system-out><![CDATA[PASS : Verify_the_CVC_field_by_entering_4_digit_CVC_Code<br><br>---------------------------------------------------------------------------<br><br>
Application Launched.
Clicked on skip button.
Clicked on next button.
Entered Email :- sagarnandha11+1@gmail.com
Entered Password :- Plai@1234
Clicked On Login Button
App name is verified on login splash screen
Day Greeting is verified on login splash screen
Username with Profile Picture is verified on login splash screen
Welcome Greeting is verified on login splash screen
Clicked On PLAIers Snooker Club Banner
PLAIers Snooker Club Opened
Shop Tab Opened
Clicked On View All Button Of Clothing
Clothing List Page Is Displayed
Searched T-Shirt in CLP
Searched Product Is Displayed
Clicked On T-Shirt Product_Banner
Clicked On Buy Now Button
Checkout Page is Displayed
Clothing List Page Is Displayed
Clothing List Page Is Displayed
Name in Checkout Is Displayed : Sagar Nandha
Address in Checkout Is Displayed : 8 Floor, North Plaza, 801, Motera, Ahmedabad, Gujarat 380005, India
Proceed To Payment Button Is Displayed
Clicked On Proceed To Payment button
Clicked On Country Dropdown
Selected Second Country as UAE
Clicked On Done BButton
]]></system-out>
    <system-err><![CDATA[Jan 03, 2023 11:20:25 PM io.appium.java_client.remote.AppiumCommandExecutor$1 lambda$0
INFO: Detected dialect: W3C
]]></system-err>
  </testcase>
  <testcase name="Verify_the_Search_bar_with_Done_link_of_Country_field" classname="Tests.ShopTabTests" time="70.947">
    <system-out><![CDATA[PASS : Verify_the_Country_field_of_CHECKOUT_screen<br><br>---------------------------------------------------------------------------<br><br>
Application Launched.
Clicked on skip button.
Clicked on next button.
Entered Email :- sagarnandha11+1@gmail.com
Entered Password :- Plai@1234
Clicked On Login Button
App name is verified on login splash screen
Day Greeting is verified on login splash screen
Username with Profile Picture is verified on login splash screen
Welcome Greeting is verified on login splash screen
Clicked On PLAIers Snooker Club Banner
PLAIers Snooker Club Opened
Shop Tab Opened
Clicked On View All Button Of Clothing
Clothing List Page Is Displayed
Searched T-Shirt in CLP
Searched Product Is Displayed
Clicked On T-Shirt Product_Banner
Clicked On Buy Now Button
Checkout Page is Displayed
Clothing List Page Is Displayed
Clothing List Page Is Displayed
Name in Checkout Is Displayed : Sagar Nandha
Address in Checkout Is Displayed : 8 Floor, North Plaza, 801, Motera, Ahmedabad, Gujarat 380005, India
Proceed To Payment Button Is Displayed
Clicked On Proceed To Payment button
Clicked On Country Dropdown
Selected Second Country as UAE
Clicked On Done BButton
Selected country is displayed
]]></system-out>
    <system-err><![CDATA[Jan 03, 2023 11:21:45 PM io.appium.java_client.remote.AppiumCommandExecutor$1 lambda$0
INFO: Detected dialect: W3C
]]></system-err>
  </testcase>
  <testcase name="Verify_the_CONFIRM_PURCHASE_button" classname="Tests.ShopTabTests" time="97.064">
    <failure message="An element could not be located on the page using the given search parameters.&#10;For documentation on this error, please visit: https://www.seleniumhq.org/exceptions/no_such_element.html&#10;Build info: version: &apos;3.141.59&apos;, revision: &apos;e82be7d358&apos;, time: &apos;2018-11-14T08:17:03&apos;&#10;System info: host: &apos;Admins-MacBook-Pro.local&apos;, ip: &apos;fe80:0:0:0:8f:c148:5c9e:6494%en0&apos;, os.name: &apos;Mac OS X&apos;, os.arch: &apos;x86_64&apos;, os.version: &apos;12.4&apos;, java.version: &apos;19.0.1&apos;&#10;Driver info: io.appium.java_client.android.AndroidDriver&#10;Capabilities {app: /Users/admin/Desktop/Plai_M..., appPackage: com.app.plaisports, autoAcceptAlerts: true, autoGrantPermissions: true, automationName: UiAutomator2, databaseEnabled: false, desired: {app: /Users/admin/Desktop/Plai_M..., autoAcceptAlerts: true, autoGrantPermissions: true, automationName: UiAutomator2, deviceName: 25e4e5308f0d7ece, platformName: android, platformVersion: 10, resetKeyboard: false, unicodeKeyboard: false}, deviceApiLevel: 29, deviceManufacturer: samsung, deviceModel: SM-N960F, deviceName: 25e4e5308f0d7ece, deviceScreenDensity: 420, deviceScreenSize: 1080x2220, deviceUDID: 25e4e5308f0d7ece, javascriptEnabled: true, locationContextEnabled: false, networkConnectionEnabled: true, pixelRatio: 2.625, platform: LINUX, platformName: android, platformVersion: 10, resetKeyboard: false, statBarHeight: 63, takesScreenshot: true, unicodeKeyboard: false, viewportRect: {height: 2031, left: 0, top: 63, width: 1080}, warnings: {}, webStorageEnabled: false}&#10;Session ID: c5441169-d80c-44b3-9d4e-330ade930db1&#10;*** Element info: {Using=xpath, value=/hierarchy/android.widget.Toast}" type="org.openqa.selenium.NoSuchElementException"><![CDATA[org.openqa.selenium.NoSuchElementException: 
An element could not be located on the page using the given search parameters.
For documentation on this error, please visit: https://www.seleniumhq.org/exceptions/no_such_element.html
Build info: version: '3.141.59', revision: 'e82be7d358', time: '2018-11-14T08:17:03'
System info: host: 'Admins-MacBook-Pro.local', ip: 'fe80:0:0:0:8f:c148:5c9e:6494%en0', os.name: 'Mac OS X', os.arch: 'x86_64', os.version: '12.4', java.version: '19.0.1'
Driver info: io.appium.java_client.android.AndroidDriver
Capabilities {app: /Users/admin/Desktop/Plai_M..., appPackage: com.app.plaisports, autoAcceptAlerts: true, autoGrantPermissions: true, automationName: UiAutomator2, databaseEnabled: false, desired: {app: /Users/admin/Desktop/Plai_M..., autoAcceptAlerts: true, autoGrantPermissions: true, automationName: UiAutomator2, deviceName: 25e4e5308f0d7ece, platformName: android, platformVersion: 10, resetKeyboard: false, unicodeKeyboard: false}, deviceApiLevel: 29, deviceManufacturer: samsung, deviceModel: SM-N960F, deviceName: 25e4e5308f0d7ece, deviceScreenDensity: 420, deviceScreenSize: 1080x2220, deviceUDID: 25e4e5308f0d7ece, javascriptEnabled: true, locationContextEnabled: false, networkConnectionEnabled: true, pixelRatio: 2.625, platform: LINUX, platformName: android, platformVersion: 10, resetKeyboard: false, statBarHeight: 63, takesScreenshot: true, unicodeKeyboard: false, viewportRect: {height: 2031, left: 0, top: 63, width: 1080}, warnings: {}, webStorageEnabled: false}
Session ID: c5441169-d80c-44b3-9d4e-330ade930db1
*** Element info: {Using=xpath, value=/hierarchy/android.widget.Toast}
	at Tests.ShopTabTests.Verify_the_CONFIRM_PURCHASE_button(ShopTabTests.java:374)
]]></failure>
    <system-out><![CDATA[PASS : Verify_the_Search_bar_with_Done_link_of_Country_field<br><br>---------------------------------------------------------------------------<br><br>
Application Launched.
Clicked on skip button.
Clicked on next button.
Entered Email :- sagarnandha11+1@gmail.com
Entered Password :- Plai@1234
Clicked On Login Button
App name is verified on login splash screen
Day Greeting is verified on login splash screen
Username with Profile Picture is verified on login splash screen
Welcome Greeting is verified on login splash screen
Clicked On PLAIers Snooker Club Banner
PLAIers Snooker Club Opened
Shop Tab Opened
Clicked On View All Button Of Clothing
Clothing List Page Is Displayed
Searched T-Shirt in CLP
Searched Product Is Displayed
Clicked On T-Shirt Product_Banner
Clicked On Buy Now Button
Checkout Page is Displayed
Clothing List Page Is Displayed
Clothing List Page Is Displayed
Name in Checkout Is Displayed : Sagar Nandha
Address in Checkout Is Displayed : 8 Floor, North Plaza, 801, Motera, Ahmedabad, Gujarat 380005, India
Proceed To Payment Button Is Displayed
Clicked On Proceed To Payment button
Searched T-Shirt in CLP
Clicked On Card Number Field
Date Panel for month and Year Opened
Clicked on confirm button
Sent 4 digits CVV
User is not able to Enter more than 3 digits
Clicked On Country Dropdown
Selected Second Country as UAE
Clicked On Done BButton
Clicked On Confirm_Purchase Button
]]></system-out>
    <system-err><![CDATA[Jan 03, 2023 11:23:04 PM io.appium.java_client.remote.AppiumCommandExecutor$1 lambda$0
INFO: Detected dialect: W3C
]]></system-err>
  </testcase>
</testsuite>